Godot Engine v4.5.1.stable.mono.official.f62fdbde1 - https://godotengine.org
OpenGL API 3.3.0 Core Profile Context 25.11.1.251104 - Compatibility - Using Device: ATI Technologies Inc. - AMD Radeon RX 6700 XT

[FieldSource3D] /root/TestGrinBasicVisualHarness/FixtureGrinBasicVisual/FieldSource3D shape=SphereRadial curve=Power amp=1 a=1 b=0 c=0 r=[0,2] sigma=0 edge=0 beta=override(beta_scale=1) custom=n/a source=canonical
[DBG] dbgMesh inTree=True parent=RayBeamRenderer world=(0, 0, 0)
✅ GrinFilmCamera READY: /root/TestGrinBasicVisualHarness/GrinFilmCamera
[RBRRef][Startup] configured path=../FixtureGrinBasicVisual/RayBeamRenderer
[RBRRef] resolved ok name=RayBeamRenderer
[RBRRef][Startup] resolved=True
RayBeamRenderer found? True
[BroadphaseEffective] mode=Policy policy=OverlapOnly quick=False overlap=True reason=policy
[SharedSnap] steps=500 stepLen=0.05 minStep=0.05 maxStep=0.2 collEvery=1 collRad=0.03 mask=0x0000FFFF debug=Off
[EffectiveCfg] broadphase=Policy(policy) policy=OverlapOnly quick=0 overlap=1 softgate=0 score=1 minSeg=0.1 attempts=5000 sub=10000 stride=1 resScale=0.75 rows=8 stepLen=0.05 collRad=0.03 mask=0x0000FFFF envRadScale=1.1 envAabbExpand=0 geomPrune=1 maxDist=50
FilmView found? True
[RBRRef][Startup] HasRenderer(after mirror)=True
✅ GrinFilmCamera ready. Rendering film.
[LaunchAudit] requested_launcher=run_grin_basic_visual actual_scene=res://test-grin-basic-visual.tscn actual_fixture=grin_basic_visual mode=FULL_RENDER expected_scene=res://test-grin-basic-visual.tscn expected_fixture=grin_basic_visual scene_match=1 fixture_match=1 status=ok
[GrinBasicVisual] fixture=grin_basic_visual enabled=1 resolve=canonical transport=GRIN_Optical curve=Power rInner=0 rOuter=6.5 amp=1.35 gamma=2 betaMode=override betaScale=1
[GrinBasicVisual][CaptureConfig] fixture=grin_basic_visual path=C:\godot\godot_xPRIMEray\screenshots\grin_basic_visual_sweep\2026-03-14\stronger_gamma_2p0.png settleFrames=12 timeoutFrames=240 minRhStep=12 minRows=0 filmOpacity=1 exitAfterCapture=1
[GrinBasicVisual][Startup] fixture=grin_basic_visual delaying_full_render=1 physicsFrames=2
Rebuild ENTER
Rebuild on node: /root/TestGrinBasicVisualHarness/FixtureGrinBasicVisual/RayBeamRenderer  TerminateTrailOnHit=True StopOnHit=False RequireHitToRender=False
READY node: /root/TestGrinBasicVisualHarness/FixtureGrinBasicVisual/RayBeamRenderer  Script=<CSharpScript#-9223372011336628869>  TerminateTrailOnHit=True
RayBeamRenderer: field sources in group = 1
[Transport] active=GRIN_Optical
[GrinBasicVisual][Startup] fixture=grin_basic_visual full_render_enabled=1 physicsFrames=2
Toggles: AdaptiveSubsteps=0 SingleProbeSubdivide=0 BandHitSkip=0 RequireHit=0 StopOnHit=0 TerminateTrailOnHit=1 UpdateEveryFrame=1
[Cfg] Pass2SoftGateEnableQuickRayMiss=0 Pass2SoftGateScoringEnabled=1 Pass2SoftGateMinSegmentLength=0.1 Pass2SoftGateScoreThreshold=1 Pass2SoftGateScoreTurnAngleWeight=1 Pass2SoftGateScorePrevHitLostBonus=0.75 Pass2SoftGateRandomProbeChance=0.01 Pass2SoftGateScoreBudgetPerFrame=32 Pass2SoftGateMaxAttemptsPerPixel=2 Pass2SoftGateMaxAttemptsPerFrame=5000 Pass2SoftGateMaxSubdividedCallsPerFrame=10000 UpdateEveryFrame=1
[RenderStep][Yield] reason=max_ms_after_pass1 frame=1 rowStart=0 bandH=8 committed=0 pendingPass2=1 ms=1317
[RenderStep][Finalize] reason=max_ms_after_pass1 phase=enter y=[0,8) rowCursor=0->8 elapsedMs=1317 attempts=0/5000 sub=0/10000 hits=0 pendingPass2=1
[HUDMeta] fixture=grin_basic_visual transport=GRIN_Optical sourcePattern=dot_grid MODE=FULL_RENDER FILM_ACCUM=ON
[RuntimeMode] scene=test-grin-basic-visual fixture=grin_basic_visual transport=GRIN_Optical mode=FULL_RENDER filmAccum=ON
[BudgetExit] frame=1 row=5 reason=update_every_frame_budget elapsedMs=508 rowsDoneThisStep=0 hitsThisBand=64 attempts=0/5000 subdiv=0/10000 px=3840/2000000
[RenderStep][Yield] reason=update_every_frame_budget frame=1 rowCursor=5 rowsDone=5 pendingPass2=1 bandH=8 pass1RerunAvoided=1 ms=509 p1ms=0.00 p2ms=508.76 p2SegTestedStep=57485 softGate{attemptUsed=0 subdivUsed=0}
[RenderStep][Yield] reason=max_ms_after_pass1 frame=1 rowStart=8 bandH=4 committed=0 pendingPass2=1 ms=561
[RenderStep][Finalize] reason=max_ms_after_pass1 phase=enter y=[8,12) rowCursor=8->12 elapsedMs=561 attempts=0/5000 sub=0/10000 hits=0 pendingPass2=1
[BudgetExit] frame=1 row=16 reason=guard_progress elapsedMs=387 rowsDoneThisStep=4 hitsThisBand=54 attempts=0/5000 subdiv=0/10000 px=1920/2000000
[RenderStep][YieldAbort] reason=end startRow=12 endRow=16 forcedAdvance=1 elapsedMs=388 budgetStop=0 hitsInBand=54
[RenderStep][Yield] reason=max_ms_after_pass1 frame=1 rowStart=16 bandH=4 committed=0 pendingPass2=1 ms=639
[RenderStep][Finalize] reason=max_ms_after_pass1 phase=enter y=[16,20) rowCursor=16->20 elapsedMs=639 attempts=0/5000 sub=0/10000 hits=0 pendingPass2=1
[BudgetExit] frame=1 row=24 reason=guard_progress elapsedMs=382 rowsDoneThisStep=4 hitsThisBand=52 attempts=0/5000 subdiv=0/10000 px=1920/2000000
[RenderStep][YieldAbort] reason=end startRow=20 endRow=24 forcedAdvance=1 elapsedMs=382 budgetStop=0 hitsInBand=52
[RenderStep][Yield] reason=max_ms_after_pass1 frame=1 rowStart=24 bandH=4 committed=0 pendingPass2=1 ms=546
[RenderStep][Finalize] reason=max_ms_after_pass1 phase=enter y=[24,28) rowCursor=24->28 elapsedMs=546 attempts=0/5000 sub=0/10000 hits=0 pendingPass2=1
[BUS SET] frameId=8 grid=OK fields=1
SceneSnapshot: Instances=0, Fields=1, Geometry=18, FieldParams=8, FieldTLASNodes=1, GeometryTLASNodes=11, MetricModel(GRIN=1, GordonMetric=0), CurvatureGrid: OK dim=32x16x32 cell=1, FirstFields=[0:(rInner=0, rOuter=6.5, amp=1.35, curveType=1, shapeType=0)]
[BudgetExit] frame=1 row=32 reason=guard_progress elapsedMs=432 rowsDoneThisStep=4 hitsThisBand=48 attempts=0/5000 subdiv=0/10000 px=1920/2000000
[RenderStep][YieldAbort] reason=end startRow=28 endRow=32 forcedAdvance=1 elapsedMs=432 budgetStop=0 hitsInBand=48
[BudgetExit] frame=1 row=32 reason=update_every_frame_budget elapsedMs=501 rowsDoneThisStep=0 hitsThisBand=5 attempts=0/5000 subdiv=0/10000 px=1920/2000000
[RenderStep][Yield] reason=update_every_frame_budget frame=1 rowCursor=32 rowsDone=0 pendingPass2=0 bandH=4 pass1RerunAvoided=0 ms=501 p1ms=486.09 p2ms=15.66 p2SegTestedStep=3762 softGate{attemptUsed=0 subdivUsed=0}
[RenderStep][Yield] reason=max_ms_after_pass1 frame=1 rowStart=36 bandH=4 committed=0 pendingPass2=1 ms=576
[RenderStep][Finalize] reason=max_ms_after_pass1 phase=enter y=[36,40) rowCursor=36->40 elapsedMs=576 attempts=0/5000 sub=0/10000 hits=0 pendingPass2=1
[BudgetExit] frame=1 row=44 reason=guard_progress elapsedMs=388 rowsDoneThisStep=4 hitsThisBand=24 attempts=0/5000 subdiv=0/10000 px=1920/2000000
[RenderStep][YieldAbort] reason=end startRow=40 endRow=44 forcedAdvance=1 elapsedMs=389 budgetStop=0 hitsInBand=24
[RenderStep][Yield] reason=max_ms_after_pass1 frame=1 rowStart=44 bandH=4 committed=0 pendingPass2=1 ms=569
[RenderStep][Finalize] reason=max_ms_after_pass1 phase=enter y=[44,48) rowCursor=44->48 elapsedMs=569 attempts=0/5000 sub=0/10000 hits=0 pendingPass2=1
[BudgetExit] frame=1 row=52 reason=guard_progress elapsedMs=437 rowsDoneThisStep=4 hitsThisBand=16 attempts=0/5000 subdiv=0/10000 px=1920/2000000
[RenderStep][YieldAbort] reason=end startRow=48 endRow=52 forcedAdvance=1 elapsedMs=437 budgetStop=0 hitsInBand=16
[BudgetExit] frame=1 row=52 reason=update_every_frame_budget elapsedMs=502 rowsDoneThisStep=0 hitsThisBand=2 attempts=0/5000 subdiv=0/10000 px=1920/2000000
[RenderStep][Yield] reason=update_every_frame_budget frame=1 rowCursor=52 rowsDone=0 pendingPass2=0 bandH=4 pass1RerunAvoided=0 ms=502 p1ms=486.86 p2ms=15.78 p2SegTestedStep=3088 softGate{attemptUsed=0 subdivUsed=0}
[BUS SET] frameId=15 grid=OK fields=1
SceneSnapshot: Instances=0, Fields=1, Geometry=18, FieldParams=8, FieldTLASNodes=1, GeometryTLASNodes=11, MetricModel(GRIN=1, GordonMetric=0), CurvatureGrid: OK dim=32x16x32 cell=1, FirstFields=[0:(rInner=0, rOuter=6.5, amp=1.35, curveType=1, shapeType=0)]
[RenderStep][Yield] reason=max_ms_after_pass1 frame=1 rowStart=56 bandH=4 committed=0 pendingPass2=1 ms=611
[RenderStep][Finalize] reason=max_ms_after_pass1 phase=enter y=[56,60) rowCursor=56->60 elapsedMs=611 attempts=0/5000 sub=0/10000 hits=0 pendingPass2=1
[BudgetExit] frame=1 row=64 reason=guard_progress elapsedMs=433 rowsDoneThisStep=4 hitsThisBand=18 attempts=0/5000 subdiv=0/10000 px=1920/2000000
[RenderStep][YieldAbort] reason=end startRow=60 endRow=64 forcedAdvance=1 elapsedMs=433 budgetStop=0 hitsInBand=18
[BudgetExit] frame=1 row=64 reason=update_every_frame_budget elapsedMs=507 rowsDoneThisStep=0 hitsThisBand=2 attempts=0/5000 subdiv=0/10000 px=1920/2000000
[RenderStep][Yield] reason=update_every_frame_budget frame=1 rowCursor=64 rowsDone=0 pendingPass2=0 bandH=4 pass1RerunAvoided=0 ms=507 p1ms=486.45 p2ms=20.68 p2SegTestedStep=2913 softGate{attemptUsed=0 subdivUsed=0}
[RenderStep][Yield] reason=max_ms_after_pass1 frame=1 rowStart=68 bandH=4 committed=0 pendingPass2=1 ms=607
[RenderStep][Finalize] reason=max_ms_after_pass1 phase=enter y=[68,72) rowCursor=68->72 elapsedMs=607 attempts=0/5000 sub=0/10000 hits=0 pendingPass2=1
[BudgetExit] frame=1 row=76 reason=guard_progress elapsedMs=378 rowsDoneThisStep=4 hitsThisBand=16 attempts=0/5000 subdiv=0/10000 px=1920/2000000
[RenderStep][YieldAbort] reason=end startRow=72 endRow=76 forcedAdvance=1 elapsedMs=378 budgetStop=0 hitsInBand=16
[RenderStep][Yield] reason=max_ms_after_pass1 frame=1 rowStart=76 bandH=4 committed=0 pendingPass2=1 ms=548
[RenderStep][Finalize] reason=max_ms_after_pass1 phase=enter y=[76,80) rowCursor=76->80 elapsedMs=548 attempts=0/5000 sub=0/10000 hits=0 pendingPass2=1
[BudgetExit] frame=1 row=84 reason=guard_progress elapsedMs=373 rowsDoneThisStep=4 hitsThisBand=22 attempts=0/5000 subdiv=0/10000 px=1920/2000000
[RenderStep][YieldAbort] reason=end startRow=80 endRow=84 forcedAdvance=1 elapsedMs=374 budgetStop=0 hitsInBand=22
[RenderStep][Yield] reason=max_ms_after_pass1 frame=1 rowStart=84 bandH=4 committed=0 pendingPass2=1 ms=550
[RenderStep][Finalize] reason=max_ms_after_pass1 phase=enter y=[84,88) rowCursor=84->88 elapsedMs=550 attempts=0/5000 sub=0/10000 hits=0 pendingPass2=1
[BUS SET] frameId=23 grid=OK fields=1
SceneSnapshot: Instances=0, Fields=1, Geometry=18, FieldParams=8, FieldTLASNodes=1, GeometryTLASNodes=11, MetricModel(GRIN=1, GordonMetric=0), CurvatureGrid: OK dim=32x16x32 cell=1, FirstFields=[0:(rInner=0, rOuter=6.5, amp=1.35, curveType=1, shapeType=0)]
[BudgetExit] frame=1 row=92 reason=guard_progress elapsedMs=374 rowsDoneThisStep=4 hitsThisBand=18 attempts=0/5000 subdiv=0/10000 px=1920/2000000
[RenderStep][YieldAbort] reason=end startRow=88 endRow=92 forcedAdvance=1 elapsedMs=374 budgetStop=0 hitsInBand=18
[BudgetExit] frame=1 row=92 reason=update_every_frame_budget elapsedMs=505 rowsDoneThisStep=0 hitsThisBand=2 attempts=0/5000 subdiv=0/10000 px=1920/2000000
[RenderStep][Yield] reason=update_every_frame_budget frame=1 rowCursor=92 rowsDone=0 pendingPass2=0 bandH=4 pass1RerunAvoided=0 ms=505 p1ms=479.52 p2ms=26.14 p2SegTestedStep=2875 softGate{attemptUsed=0 subdivUsed=0}
[RenderStep][Yield] reason=max_ms_after_pass1 frame=1 rowStart=96 bandH=4 committed=0 pendingPass2=1 ms=645
[RenderStep][Finalize] reason=max_ms_after_pass1 phase=enter y=[96,100) rowCursor=96->100 elapsedMs=645 attempts=0/5000 sub=0/10000 hits=0 pendingPass2=1
[BudgetExit] frame=1 row=104 reason=guard_progress elapsedMs=375 rowsDoneThisStep=4 hitsThisBand=16 attempts=0/5000 subdiv=0/10000 px=1920/2000000
[RenderStep][YieldAbort] reason=end startRow=100 endRow=104 forcedAdvance=1 elapsedMs=375 budgetStop=0 hitsInBand=16
[RenderStep][Yield] reason=max_ms_after_pass1 frame=1 rowStart=104 bandH=4 committed=0 pendingPass2=1 ms=563
[RenderStep][Finalize] reason=max_ms_after_pass1 phase=enter y=[104,108) rowCursor=104->108 elapsedMs=563 attempts=0/5000 sub=0/10000 hits=0 pendingPass2=1
[BudgetExit] frame=1 row=112 reason=guard_progress elapsedMs=411 rowsDoneThisStep=4 hitsThisBand=20 attempts=0/5000 subdiv=0/10000 px=1920/2000000
[RenderStep][YieldAbort] reason=end startRow=108 endRow=112 forcedAdvance=1 elapsedMs=411 budgetStop=0 hitsInBand=20
[RenderStep][Yield] reason=max_ms_after_pass1 frame=1 rowStart=112 bandH=4 committed=0 pendingPass2=1 ms=523
[RenderStep][Finalize] reason=max_ms_after_pass1 phase=enter y=[112,116) rowCursor=112->116 elapsedMs=523 attempts=0/5000 sub=0/10000 hits=0 pendingPass2=1
[BUS SET] frameId=30 grid=OK fields=1
SceneSnapshot: Instances=0, Fields=1, Geometry=18, FieldParams=8, FieldTLASNodes=1, GeometryTLASNodes=11, MetricModel(GRIN=1, GordonMetric=0), CurvatureGrid: OK dim=32x16x32 cell=1, FirstFields=[0:(rInner=0, rOuter=6.5, amp=1.35, curveType=1, shapeType=0)]
[BudgetExit] frame=1 row=120 reason=guard_progress elapsedMs=378 rowsDoneThisStep=4 hitsThisBand=22 attempts=0/5000 subdiv=0/10000 px=1920/2000000
[RenderStep][YieldAbort] reason=end startRow=116 endRow=120 forcedAdvance=1 elapsedMs=378 budgetStop=0 hitsInBand=22
[RenderHealth] step=30 lastRow=120 rowsAdv=4 bands=1 stalledSteps=0 exit=none topExit=update_every_frame_budget hitRate=0.01 avgSteps=0 qray0=0 hybridFallback=0 hybridFallbackHit=0 hybridFallbackMiss=0 noCandidates=0 geomCandAvg=0.147 geomSegQueried=4552394 geomSegWithCandidates=227004 geomSegZero=4325390 geomSegZeroRatePct=95.01 geomPixProcessed=9728 geomPixHadAnyCandidates=9728 geomPixNoCand=0 geomPixNoCandRatePct=0.00 geomHitOk=100 geomHitReject=0 geomPrune=on geomPruneRequested=1 geomPruneEffective=on geomRayTestsTotal=227004 geomRayTestsAccepted=100 geomRayTestsRejected=0 geomRayTestsPerPxOn=23.335 geomRayTestsPerPxOff=na geomRayTestsSavedPct=na geomPruneSwitched=0 geomTrusted=1 geomHealthPartial=0 geomHealthModeSamples=10 geomTrustReason=ok geomRejectSampleMissing=0 geomRejectSampleInList=0 geomRejectSampleCandHit=0 geomRejectSampleDominant=none p2Samp=1111 radAvg=0.014 radMax=0.022 envDiagAvg=0.133 envDiagMax=0.177 envInflAvg=0.001 envInflMax=0.002 cand0=1059 cand1to2=9 cand3to8=42 cand9to32=1 cand33p=0 geomPruneAuditSamp=0 geomPruneAuditFalseNeg=0 geomPruneAuditFalsePos=0 geomPruneAuditCand0Hit=0 geomPruneAuditFalseNegRate=0
[RenderStep][Yield] reason=max_ms_after_pass1 frame=1 rowStart=120 bandH=4 committed=0 pendingPass2=1 ms=521
[RenderStep][Finalize] reason=max_ms_after_pass1 phase=enter y=[120,124) rowCursor=120->124 elapsedMs=521 attempts=0/5000 sub=0/10000 hits=0 pendingPass2=1
[BudgetExit] frame=1 row=128 reason=guard_progress elapsedMs=439 rowsDoneThisStep=4 hitsThisBand=20 attempts=0/5000 subdiv=0/10000 px=1920/2000000
[RenderStep][YieldAbort] reason=end startRow=124 endRow=128 forcedAdvance=1 elapsedMs=439 budgetStop=0 hitsInBand=20
[RenderStep][Yield] reason=max_ms_after_pass1 frame=1 rowStart=128 bandH=4 committed=0 pendingPass2=1 ms=519
[RenderStep][Finalize] reason=max_ms_after_pass1 phase=enter y=[128,132) rowCursor=128->132 elapsedMs=519 attempts=0/5000 sub=0/10000 hits=0 pendingPass2=1
[BudgetExit] frame=1 row=136 reason=guard_progress elapsedMs=426 rowsDoneThisStep=4 hitsThisBand=128 attempts=0/5000 subdiv=0/10000 px=1920/2000000
[RenderStep][YieldAbort] reason=end startRow=132 endRow=136 forcedAdvance=1 elapsedMs=426 budgetStop=0 hitsInBand=128
[RenderStep][Yield] reason=max_ms_after_pass1 frame=1 rowStart=136 bandH=4 committed=0 pendingPass2=1 ms=512
[RenderStep][Finalize] reason=max_ms_after_pass1 phase=enter y=[136,140) rowCursor=136->140 elapsedMs=512 attempts=0/5000 sub=0/10000 hits=0 pendingPass2=1
[BudgetExit] frame=1 row=144 reason=guard_progress elapsedMs=432 rowsDoneThisStep=4 hitsThisBand=128 attempts=0/5000 subdiv=0/10000 px=1920/2000000
[RenderStep][YieldAbort] reason=end startRow=140 endRow=144 forcedAdvance=1 elapsedMs=433 budgetStop=0 hitsInBand=128
[BudgetExit] frame=1 row=144 reason=update_every_frame_budget elapsedMs=501 rowsDoneThisStep=0 hitsThisBand=2 attempts=0/5000 subdiv=0/10000 px=1920/2000000
[RenderStep][Yield] reason=update_every_frame_budget frame=1 rowCursor=144 rowsDone=0 pendingPass2=0 bandH=4 pass1RerunAvoided=0 ms=501 p1ms=476.30 p2ms=25.24 p2SegTestedStep=2197 softGate{attemptUsed=0 subdivUsed=0}
[BUS SET] frameId=38 grid=OK fields=1
SceneSnapshot: Instances=0, Fields=1, Geometry=18, FieldParams=8, FieldTLASNodes=1, GeometryTLASNodes=11, MetricModel(GRIN=1, GordonMetric=0), CurvatureGrid: OK dim=32x16x32 cell=1, FirstFields=[0:(rInner=0, rOuter=6.5, amp=1.35, curveType=1, shapeType=0)]
[RenderStep][Yield] reason=max_ms_after_pass1 frame=1 rowStart=148 bandH=4 committed=0 pendingPass2=1 ms=587
[RenderStep][Finalize] reason=max_ms_after_pass1 phase=enter y=[148,152) rowCursor=148->152 elapsedMs=587 attempts=0/5000 sub=0/10000 hits=0 pendingPass2=1
[BudgetExit] frame=1 row=156 reason=guard_progress elapsedMs=362 rowsDoneThisStep=4 hitsThisBand=24 attempts=0/5000 subdiv=0/10000 px=1920/2000000
[RenderStep][YieldAbort] reason=end startRow=152 endRow=156 forcedAdvance=1 elapsedMs=362 budgetStop=0 hitsInBand=24
[RenderStep][Yield] reason=max_ms_after_pass1 frame=1 rowStart=156 bandH=4 committed=0 pendingPass2=1 ms=532
[RenderStep][Finalize] reason=max_ms_after_pass1 phase=enter y=[156,160) rowCursor=156->160 elapsedMs=533 attempts=0/5000 sub=0/10000 hits=0 pendingPass2=1
[BudgetExit] frame=1 row=164 reason=guard_progress elapsedMs=355 rowsDoneThisStep=4 hitsThisBand=18 attempts=0/5000 subdiv=0/10000 px=1920/2000000
[RenderStep][YieldAbort] reason=end startRow=160 endRow=164 forcedAdvance=1 elapsedMs=355 budgetStop=0 hitsInBand=18
[GrinBasicVisual][Capture] fixture=grin_basic_visual path=C:\godot\godot_xPRIMEray\screenshots\grin_basic_visual_sweep\2026-03-14\stronger_gamma_2p0.png tracedPixels=35552 readyFrames=12 rhStep=41 processedRows=164
[HUDMeta] fixture=grin_basic_visual transport=GRIN_Optical sourcePattern=dot_grid MODE=FIXTURE_PROBE FILM_ACCUM=OFF
[RuntimeMode] scene=test-grin-basic-visual fixture=grin_basic_visual transport=GRIN_Optical mode=FIXTURE_PROBE filmAccum=OFF

WARNING: [FieldSource3D][Warn] canonical+legacy both set; using canonical. (legacy ignored, reason=legacy Strength)
   at: void FieldSource3D.WarnIfCanonicalAndLegacyBothSet() (res://FieldSource3D.cs:887)
   C# backtrace (most recent call first):
       [0] void Godot.GD.PushWarning(string) (/root/godot/modules/mono/glue/GodotSharp/GodotSharp/Core/GD.cs:396)
       [1] void FieldSource3D.WarnIfCanonicalAndLegacyBothSet() (C:\godot\godot_xPRIMEray\FieldSource3D.cs:887)
       [2] void FieldSource3D._Ready() (C:\godot\godot_xPRIMEray\FieldSource3D.cs:373)
       [3] bool Godot.Node.InvokeGodotClassMethod(Godot.NativeInterop.godot_string_name&, Godot.NativeInterop.NativeVariantPtrArgs, Godot.NativeInterop.godot_variant&) (/root/godot/modules/mono/glue/GodotSharp/GodotSharp/Generated/GodotObjects/Node.cs:2660)
       [4] bool Godot.Node3D.InvokeGodotClassMethod(Godot.NativeInterop.godot_string_name&, Godot.NativeInterop.NativeVariantPtrArgs, Godot.NativeInterop.godot_variant&) (/root/godot/modules/mono/glue/GodotSharp/GodotSharp/Generated/GodotObjects/Node3D.cs:1126)
       [5] bool FieldSource3D.InvokeGodotClassMethod(Godot.NativeInterop.godot_string_name&, Godot.NativeInterop.NativeVariantPtrArgs, Godot.NativeInterop.godot_variant&) (C:\godot\godot_xPRIMEray\.godot\mono\temp\obj\Debug\Godot.SourceGenerators\Godot.SourceGenerators.ScriptMethodsGenerator\FieldSource3D_ScriptMethods.generated.cs:388)
       [6] Godot.NativeInterop.godot_bool Godot.Bridge.CSharpInstanceBridge.Call(nint, Godot.NativeInterop.godot_string_name*, Godot.NativeInterop.godot_variant**, int, Godot.NativeInterop.godot_variant_call_error*, Godot.NativeInterop.godot_variant*) (/root/godot/modules/mono/glue/GodotSharp/GodotSharp/Core/Bridge/CSharpInstanceBridge.cs:24)
[RenderStep][STOP] reason=max_ms_after_pass1 phase=enter y=[0,8) rowCursor=0 elapsedMs=1317 attempts=0/5000 sub=0/10000 hits=0
[RenderStep][STOP] reason=update_every_frame_budget phase=enter y=[0,8) rowCursor=8 elapsedMs=508 attempts=0/5000 sub=0/10000 hits=64
[RenderStep][STOP] reason=max_ms_after_pass1 phase=enter y=[8,12) rowCursor=8 elapsedMs=561 attempts=0/5000 sub=0/10000 hits=0
[RenderStep][WARN] progress-guard forced advance reason=end startRow=12 endRow=16 bandH=4 rowsPerFrame=4 ms=387
[RenderStep][STOP] reason=max_ms_after_pass1 phase=enter y=[16,20) rowCursor=16 elapsedMs=639 attempts=0/5000 sub=0/10000 hits=0
[RenderStep][WARN] progress-guard forced advance reason=end startRow=20 endRow=24 bandH=4 rowsPerFrame=4 ms=382
[RenderStep][STOP] reason=max_ms_after_pass1 phase=enter y=[24,28) rowCursor=24 elapsedMs=546 attempts=0/5000 sub=0/10000 hits=0
[RenderStep][WARN] progress-guard forced advance reason=end startRow=28 endRow=32 bandH=4 rowsPerFrame=4 ms=432
[RenderStep][STOP] reason=update_every_frame_budget phase=enter y=[32,36) rowCursor=32 elapsedMs=501 attempts=0/5000 sub=0/10000 hits=5
[RenderStep][STOP] reason=max_ms_after_pass1 phase=enter y=[36,40) rowCursor=36 elapsedMs=576 attempts=0/5000 sub=0/10000 hits=0
[RenderStep][WARN] progress-guard forced advance reason=end startRow=40 endRow=44 bandH=4 rowsPerFrame=4 ms=389
[RenderStep][STOP] reason=max_ms_after_pass1 phase=enter y=[44,48) rowCursor=44 elapsedMs=569 attempts=0/5000 sub=0/10000 hits=0
[RenderStep][WARN] progress-guard forced advance reason=end startRow=48 endRow=52 bandH=4 rowsPerFrame=4 ms=437
[RenderStep][STOP] reason=update_every_frame_budget phase=enter y=[52,56) rowCursor=52 elapsedMs=502 attempts=0/5000 sub=0/10000 hits=2
[RenderStep][STOP] reason=max_ms_after_pass1 phase=enter y=[56,60) rowCursor=56 elapsedMs=611 attempts=0/5000 sub=0/10000 hits=0
[RenderStep][WARN] progress-guard forced advance reason=end startRow=60 endRow=64 bandH=4 rowsPerFrame=4 ms=433
[RenderStep][STOP] reason=update_every_frame_budget phase=enter y=[64,68) rowCursor=64 elapsedMs=507 attempts=0/5000 sub=0/10000 hits=2
[RenderStep][STOP] reason=max_ms_after_pass1 phase=enter y=[68,72) rowCursor=68 elapsedMs=607 attempts=0/5000 sub=0/10000 hits=0
[RenderStep][WARN] progress-guard forced advance reason=end startRow=72 endRow=76 bandH=4 rowsPerFrame=4 ms=378
[RenderStep][STOP] reason=max_ms_after_pass1 phase=enter y=[76,80) rowCursor=76 elapsedMs=548 attempts=0/5000 sub=0/10000 hits=0
[RenderStep][WARN] progress-guard forced advance reason=end startRow=80 endRow=84 bandH=4 rowsPerFrame=4 ms=374
[RenderStep][STOP] reason=max_ms_after_pass1 phase=enter y=[84,88) rowCursor=84 elapsedMs=550 attempts=0/5000 sub=0/10000 hits=0
[RenderStep][WARN] progress-guard forced advance reason=end startRow=88 endRow=92 bandH=4 rowsPerFrame=4 ms=374
[RenderStep][STOP] reason=update_every_frame_budget phase=enter y=[92,96) rowCursor=92 elapsedMs=505 attempts=0/5000 sub=0/10000 hits=2
[RenderStep][STOP] reason=max_ms_after_pass1 phase=enter y=[96,100) rowCursor=96 elapsedMs=645 attempts=0/5000 sub=0/10000 hits=0
[RenderStep][WARN] progress-guard forced advance reason=end startRow=100 endRow=104 bandH=4 rowsPerFrame=4 ms=375
[RenderStep][STOP] reason=max_ms_after_pass1 phase=enter y=[104,108) rowCursor=104 elapsedMs=563 attempts=0/5000 sub=0/10000 hits=0
[RenderStep][WARN] progress-guard forced advance reason=end startRow=108 endRow=112 bandH=4 rowsPerFrame=4 ms=411
[RenderStep][STOP] reason=max_ms_after_pass1 phase=enter y=[112,116) rowCursor=112 elapsedMs=523 attempts=0/5000 sub=0/10000 hits=0
[RenderStep][WARN] progress-guard forced advance reason=end startRow=116 endRow=120 bandH=4 rowsPerFrame=4 ms=378
[RenderStep][STOP] reason=max_ms_after_pass1 phase=enter y=[120,124) rowCursor=120 elapsedMs=521 attempts=0/5000 sub=0/10000 hits=0
[RenderStep][WARN] progress-guard forced advance reason=end startRow=124 endRow=128 bandH=4 rowsPerFrame=4 ms=439
[RenderStep][STOP] reason=max_ms_after_pass1 phase=enter y=[128,132) rowCursor=128 elapsedMs=519 attempts=0/5000 sub=0/10000 hits=0
[RenderStep][WARN] progress-guard forced advance reason=end startRow=132 endRow=136 bandH=4 rowsPerFrame=4 ms=426
[RenderStep][STOP] reason=max_ms_after_pass1 phase=enter y=[136,140) rowCursor=136 elapsedMs=512 attempts=0/5000 sub=0/10000 hits=0
[RenderStep][WARN] progress-guard forced advance reason=end startRow=140 endRow=144 bandH=4 rowsPerFrame=4 ms=433
[RenderStep][STOP] reason=update_every_frame_budget phase=enter y=[144,148) rowCursor=144 elapsedMs=501 attempts=0/5000 sub=0/10000 hits=2
[RenderStep][STOP] reason=max_ms_after_pass1 phase=enter y=[148,152) rowCursor=148 elapsedMs=587 attempts=0/5000 sub=0/10000 hits=0
[RenderStep][WARN] progress-guard forced advance reason=end startRow=152 endRow=156 bandH=4 rowsPerFrame=4 ms=362
[RenderStep][STOP] reason=max_ms_after_pass1 phase=enter y=[156,160) rowCursor=156 elapsedMs=533 attempts=0/5000 sub=0/10000 hits=0
[RenderStep][WARN] progress-guard forced advance reason=end startRow=160 endRow=164 bandH=4 rowsPerFrame=4 ms=355
