Godot Engine v4.5.1.stable.mono.official.f62fdbde1 - https://godotengine.org
OpenGL API 3.3.0 Core Profile Context 25.11.1.251104 - Compatibility - Using Device: ATI Technologies Inc. - AMD Radeon RX 6700 XT

[FieldSource3D] /root/TestGrinBasicVisualHarness/FixtureGrinBasicVisual/FieldSource3D shape=SphereRadial curve=Power amp=1 a=1 b=0 c=0 r=[0,2] sigma=0 edge=0 beta=override(beta_scale=1) custom=n/a source=canonical
[DBG] dbgMesh inTree=True parent=RayBeamRenderer world=(0, 0, 0)
✅ GrinFilmCamera READY: /root/TestGrinBasicVisualHarness/GrinFilmCamera
[RBRRef][Startup] configured path=../FixtureGrinBasicVisual/RayBeamRenderer
[RBRRef] resolved ok name=RayBeamRenderer
[RBRRef][Startup] resolved=True
RayBeamRenderer found? True
[BroadphaseEffective] mode=Policy policy=OverlapOnly quick=False overlap=True reason=policy
[SharedSnap] steps=500 stepLen=0.05 minStep=0.05 maxStep=0.2 collEvery=1 collRad=0.03 mask=0x0000FFFF debug=Off
[EffectiveCfg] broadphase=Policy(policy) policy=OverlapOnly quick=0 overlap=1 softgate=0 score=1 minSeg=0.1 attempts=5000 sub=10000 stride=1 resScale=0.75 rows=8 stepLen=0.05 collRad=0.03 mask=0x0000FFFF envRadScale=1.1 envAabbExpand=0 geomPrune=1 maxDist=50
FilmView found? True
[RBRRef][Startup] HasRenderer(after mirror)=True
✅ GrinFilmCamera ready. Rendering film.
[LaunchAudit] requested_launcher=run_grin_basic_visual actual_scene=res://test-grin-basic-visual.tscn actual_fixture=grin_basic_visual mode=FULL_RENDER expected_scene=res://test-grin-basic-visual.tscn expected_fixture=grin_basic_visual scene_match=1 fixture_match=1 status=ok
[GrinBasicVisual] fixture=grin_basic_visual enabled=1 resolve=canonical transport=GRIN_Optical curve=Power rInner=0 rOuter=6.5 amp=1.55 gamma=2.4 betaMode=override betaScale=1
[GrinBasicVisual][CaptureConfig] fixture=grin_basic_visual path=C:\godot\godot_xPRIMEray\screenshots\grin_basic_visual_sweep\2026-03-14\stronger_amp_1p55.png settleFrames=12 timeoutFrames=240 minRhStep=12 minRows=0 filmOpacity=1 exitAfterCapture=1
[GrinBasicVisual][Startup] fixture=grin_basic_visual delaying_full_render=1 physicsFrames=2
Rebuild ENTER
Rebuild on node: /root/TestGrinBasicVisualHarness/FixtureGrinBasicVisual/RayBeamRenderer  TerminateTrailOnHit=True StopOnHit=False RequireHitToRender=False
READY node: /root/TestGrinBasicVisualHarness/FixtureGrinBasicVisual/RayBeamRenderer  Script=<CSharpScript#-9223372011336628869>  TerminateTrailOnHit=True
RayBeamRenderer: field sources in group = 1
[Transport] active=GRIN_Optical
[GrinBasicVisual][Startup] fixture=grin_basic_visual full_render_enabled=1 physicsFrames=2
Toggles: AdaptiveSubsteps=0 SingleProbeSubdivide=0 BandHitSkip=0 RequireHit=0 StopOnHit=0 TerminateTrailOnHit=1 UpdateEveryFrame=1
[Cfg] Pass2SoftGateEnableQuickRayMiss=0 Pass2SoftGateScoringEnabled=1 Pass2SoftGateMinSegmentLength=0.1 Pass2SoftGateScoreThreshold=1 Pass2SoftGateScoreTurnAngleWeight=1 Pass2SoftGateScorePrevHitLostBonus=0.75 Pass2SoftGateRandomProbeChance=0.01 Pass2SoftGateScoreBudgetPerFrame=32 Pass2SoftGateMaxAttemptsPerPixel=2 Pass2SoftGateMaxAttemptsPerFrame=5000 Pass2SoftGateMaxSubdividedCallsPerFrame=10000 UpdateEveryFrame=1
[RenderStep][Yield] reason=max_ms_after_pass1 frame=1 rowStart=0 bandH=8 committed=0 pendingPass2=1 ms=1316
[RenderStep][Finalize] reason=max_ms_after_pass1 phase=enter y=[0,8) rowCursor=0->8 elapsedMs=1317 attempts=0/5000 sub=0/10000 hits=0 pendingPass2=1
[HUDMeta] fixture=grin_basic_visual transport=GRIN_Optical sourcePattern=dot_grid MODE=FULL_RENDER FILM_ACCUM=ON
[RuntimeMode] scene=test-grin-basic-visual fixture=grin_basic_visual transport=GRIN_Optical mode=FULL_RENDER filmAccum=ON
[BudgetExit] frame=1 row=4 reason=update_every_frame_budget elapsedMs=506 rowsDoneThisStep=0 hitsThisBand=26 attempts=0/5000 subdiv=0/10000 px=3840/2000000
[RenderStep][Yield] reason=update_every_frame_budget frame=1 rowCursor=4 rowsDone=4 pendingPass2=1 bandH=8 pass1RerunAvoided=1 ms=507 p1ms=0.00 p2ms=506.45 p2SegTestedStep=72803 softGate{attemptUsed=0 subdivUsed=0}
[RenderStep][Yield] reason=max_ms_after_pass1 frame=1 rowStart=8 bandH=4 committed=0 pendingPass2=1 ms=578
[RenderStep][Finalize] reason=max_ms_after_pass1 phase=enter y=[8,12) rowCursor=8->12 elapsedMs=578 attempts=0/5000 sub=0/10000 hits=0 pendingPass2=1
[BudgetExit] frame=1 row=16 reason=guard_progress elapsedMs=414 rowsDoneThisStep=4 hitsThisBand=28 attempts=0/5000 subdiv=0/10000 px=1920/2000000
[RenderStep][YieldAbort] reason=end startRow=12 endRow=16 forcedAdvance=1 elapsedMs=414 budgetStop=0 hitsInBand=28
[RenderStep][Yield] reason=max_ms_after_pass1 frame=1 rowStart=16 bandH=4 committed=0 pendingPass2=1 ms=645
[RenderStep][Finalize] reason=max_ms_after_pass1 phase=enter y=[16,20) rowCursor=16->20 elapsedMs=645 attempts=0/5000 sub=0/10000 hits=0 pendingPass2=1
[BudgetExit] frame=1 row=24 reason=guard_progress elapsedMs=437 rowsDoneThisStep=4 hitsThisBand=42 attempts=0/5000 subdiv=0/10000 px=1920/2000000
[RenderStep][YieldAbort] reason=end startRow=20 endRow=24 forcedAdvance=1 elapsedMs=437 budgetStop=0 hitsInBand=42
[RenderStep][Yield] reason=max_ms_after_pass1 frame=1 rowStart=24 bandH=4 committed=0 pendingPass2=1 ms=564
[RenderStep][Finalize] reason=max_ms_after_pass1 phase=enter y=[24,28) rowCursor=24->28 elapsedMs=564 attempts=0/5000 sub=0/10000 hits=0 pendingPass2=1
[BUS SET] frameId=8 grid=OK fields=1
SceneSnapshot: Instances=0, Fields=1, Geometry=18, FieldParams=8, FieldTLASNodes=1, GeometryTLASNodes=11, MetricModel(GRIN=1, GordonMetric=0), CurvatureGrid: OK dim=32x16x32 cell=1, FirstFields=[0:(rInner=0, rOuter=6.5, amp=1.55, curveType=1, shapeType=0)]
[BudgetExit] frame=1 row=32 reason=guard_progress elapsedMs=459 rowsDoneThisStep=4 hitsThisBand=42 attempts=0/5000 subdiv=0/10000 px=1920/2000000
[RenderStep][YieldAbort] reason=end startRow=28 endRow=32 forcedAdvance=1 elapsedMs=459 budgetStop=0 hitsInBand=42
[BudgetExit] frame=1 row=32 reason=update_every_frame_budget elapsedMs=504 rowsDoneThisStep=0 hitsThisBand=4 attempts=0/5000 subdiv=0/10000 px=1920/2000000
[RenderStep][Yield] reason=update_every_frame_budget frame=1 rowCursor=32 rowsDone=0 pendingPass2=0 bandH=4 pass1RerunAvoided=0 ms=504 p1ms=484.21 p2ms=20.49 p2SegTestedStep=6912 softGate{attemptUsed=0 subdivUsed=0}
[RenderStep][Yield] reason=max_ms_after_pass1 frame=1 rowStart=36 bandH=4 committed=0 pendingPass2=1 ms=685
[RenderStep][Finalize] reason=max_ms_after_pass1 phase=enter y=[36,40) rowCursor=36->40 elapsedMs=686 attempts=0/5000 sub=0/10000 hits=0 pendingPass2=1
[BudgetExit] frame=1 row=44 reason=guard_progress elapsedMs=402 rowsDoneThisStep=4 hitsThisBand=44 attempts=0/5000 subdiv=0/10000 px=1920/2000000
[RenderStep][YieldAbort] reason=end startRow=40 endRow=44 forcedAdvance=1 elapsedMs=402 budgetStop=0 hitsInBand=44
[RenderStep][Yield] reason=max_ms_after_pass1 frame=1 rowStart=44 bandH=4 committed=0 pendingPass2=1 ms=568
[RenderStep][Finalize] reason=max_ms_after_pass1 phase=enter y=[44,48) rowCursor=44->48 elapsedMs=568 attempts=0/5000 sub=0/10000 hits=0 pendingPass2=1
[BudgetExit] frame=1 row=52 reason=guard_progress elapsedMs=453 rowsDoneThisStep=4 hitsThisBand=28 attempts=0/5000 subdiv=0/10000 px=1920/2000000
[RenderStep][YieldAbort] reason=end startRow=48 endRow=52 forcedAdvance=1 elapsedMs=453 budgetStop=0 hitsInBand=28
[RenderStep][Yield] reason=max_ms_after_pass1 frame=1 rowStart=52 bandH=4 committed=0 pendingPass2=1 ms=512
[RenderStep][Finalize] reason=max_ms_after_pass1 phase=enter y=[52,56) rowCursor=52->56 elapsedMs=512 attempts=0/5000 sub=0/10000 hits=0 pendingPass2=1
[BUS SET] frameId=15 grid=OK fields=1
SceneSnapshot: Instances=0, Fields=1, Geometry=18, FieldParams=8, FieldTLASNodes=1, GeometryTLASNodes=11, MetricModel(GRIN=1, GordonMetric=0), CurvatureGrid: OK dim=32x16x32 cell=1, FirstFields=[0:(rInner=0, rOuter=6.5, amp=1.55, curveType=1, shapeType=0)]
[BudgetExit] frame=1 row=60 reason=guard_progress elapsedMs=400 rowsDoneThisStep=4 hitsThisBand=14 attempts=0/5000 subdiv=0/10000 px=1920/2000000
[RenderStep][YieldAbort] reason=end startRow=56 endRow=60 forcedAdvance=1 elapsedMs=400 budgetStop=0 hitsInBand=14
[RenderStep][Yield] reason=max_ms_after_pass1 frame=1 rowStart=60 bandH=4 committed=0 pendingPass2=1 ms=599
[RenderStep][Finalize] reason=max_ms_after_pass1 phase=enter y=[60,64) rowCursor=60->64 elapsedMs=599 attempts=0/5000 sub=0/10000 hits=0 pendingPass2=1
[BudgetExit] frame=1 row=68 reason=guard_progress elapsedMs=394 rowsDoneThisStep=4 hitsThisBand=14 attempts=0/5000 subdiv=0/10000 px=1920/2000000
[RenderStep][YieldAbort] reason=end startRow=64 endRow=68 forcedAdvance=1 elapsedMs=394 budgetStop=0 hitsInBand=14
[BudgetExit] frame=1 row=68 reason=update_every_frame_budget elapsedMs=547 rowsDoneThisStep=0 hitsThisBand=0 attempts=0/5000 subdiv=0/10000 px=1920/2000000
[RenderStep][Yield] reason=update_every_frame_budget frame=1 rowCursor=68 rowsDone=0 pendingPass2=0 bandH=4 pass1RerunAvoided=0 ms=547 p1ms=479.66 p2ms=67.75 p2SegTestedStep=3447 softGate{attemptUsed=0 subdivUsed=0}
[RenderStep][Yield] reason=max_ms_after_pass1 frame=1 rowStart=72 bandH=4 committed=0 pendingPass2=1 ms=618
[RenderStep][Finalize] reason=max_ms_after_pass1 phase=enter y=[72,76) rowCursor=72->76 elapsedMs=618 attempts=0/5000 sub=0/10000 hits=0 pendingPass2=1
[BudgetExit] frame=1 row=80 reason=guard_progress elapsedMs=397 rowsDoneThisStep=4 hitsThisBand=12 attempts=0/5000 subdiv=0/10000 px=1920/2000000
[RenderStep][YieldAbort] reason=end startRow=76 endRow=80 forcedAdvance=1 elapsedMs=397 budgetStop=0 hitsInBand=12
[RenderStep][Yield] reason=max_ms_after_pass1 frame=1 rowStart=80 bandH=4 committed=0 pendingPass2=1 ms=627
[RenderStep][Finalize] reason=max_ms_after_pass1 phase=enter y=[80,84) rowCursor=80->84 elapsedMs=627 attempts=0/5000 sub=0/10000 hits=0 pendingPass2=1
[BudgetExit] frame=1 row=88 reason=guard_progress elapsedMs=391 rowsDoneThisStep=4 hitsThisBand=18 attempts=0/5000 subdiv=0/10000 px=1920/2000000
[RenderStep][YieldAbort] reason=end startRow=84 endRow=88 forcedAdvance=1 elapsedMs=391 budgetStop=0 hitsInBand=18
[BUS SET] frameId=23 grid=OK fields=1
SceneSnapshot: Instances=0, Fields=1, Geometry=18, FieldParams=8, FieldTLASNodes=1, GeometryTLASNodes=11, MetricModel(GRIN=1, GordonMetric=0), CurvatureGrid: OK dim=32x16x32 cell=1, FirstFields=[0:(rInner=0, rOuter=6.5, amp=1.55, curveType=1, shapeType=0)]
[RenderStep][Yield] reason=max_ms_after_pass1 frame=1 rowStart=88 bandH=4 committed=0 pendingPass2=1 ms=557
[RenderStep][Finalize] reason=max_ms_after_pass1 phase=enter y=[88,92) rowCursor=88->92 elapsedMs=557 attempts=0/5000 sub=0/10000 hits=0 pendingPass2=1
[BudgetExit] frame=1 row=96 reason=guard_progress elapsedMs=434 rowsDoneThisStep=4 hitsThisBand=32 attempts=0/5000 subdiv=0/10000 px=1920/2000000
[RenderStep][YieldAbort] reason=end startRow=92 endRow=96 forcedAdvance=1 elapsedMs=434 budgetStop=0 hitsInBand=32
[BudgetExit] frame=1 row=96 reason=update_every_frame_budget elapsedMs=505 rowsDoneThisStep=0 hitsThisBand=4 attempts=0/5000 subdiv=0/10000 px=1920/2000000
[RenderStep][Yield] reason=update_every_frame_budget frame=1 rowCursor=96 rowsDone=0 pendingPass2=0 bandH=4 pass1RerunAvoided=0 ms=505 p1ms=488.40 p2ms=17.32 p2SegTestedStep=4803 softGate{attemptUsed=0 subdivUsed=0}
[RenderStep][Yield] reason=max_ms_after_pass1 frame=1 rowStart=100 bandH=4 committed=0 pendingPass2=1 ms=529
[RenderStep][Finalize] reason=max_ms_after_pass1 phase=enter y=[100,104) rowCursor=100->104 elapsedMs=529 attempts=0/5000 sub=0/10000 hits=0 pendingPass2=1
[BudgetExit] frame=1 row=108 reason=guard_progress elapsedMs=489 rowsDoneThisStep=4 hitsThisBand=34 attempts=0/5000 subdiv=0/10000 px=1920/2000000
[RenderStep][YieldAbort] reason=end startRow=104 endRow=108 forcedAdvance=1 elapsedMs=489 budgetStop=0 hitsInBand=34
[BudgetExit] frame=1 row=108 reason=update_every_frame_budget elapsedMs=503 rowsDoneThisStep=0 hitsThisBand=5 attempts=0/5000 subdiv=0/10000 px=1920/2000000
[RenderStep][Yield] reason=update_every_frame_budget frame=1 rowCursor=108 rowsDone=0 pendingPass2=0 bandH=4 pass1RerunAvoided=0 ms=503 p1ms=485.71 p2ms=17.34 p2SegTestedStep=4509 softGate{attemptUsed=0 subdivUsed=0}
[RenderStep][Yield] reason=max_ms_after_pass1 frame=1 rowStart=112 bandH=4 committed=0 pendingPass2=1 ms=544
[RenderStep][Finalize] reason=max_ms_after_pass1 phase=enter y=[112,116) rowCursor=112->116 elapsedMs=544 attempts=0/5000 sub=0/10000 hits=0 pendingPass2=1
[BUS SET] frameId=30 grid=OK fields=1
SceneSnapshot: Instances=0, Fields=1, Geometry=18, FieldParams=8, FieldTLASNodes=1, GeometryTLASNodes=11, MetricModel(GRIN=1, GordonMetric=0), CurvatureGrid: OK dim=32x16x32 cell=1, FirstFields=[0:(rInner=0, rOuter=6.5, amp=1.55, curveType=1, shapeType=0)]
[BudgetExit] frame=1 row=120 reason=guard_progress elapsedMs=383 rowsDoneThisStep=4 hitsThisBand=58 attempts=0/5000 subdiv=0/10000 px=1920/2000000
[RenderStep][YieldAbort] reason=end startRow=116 endRow=120 forcedAdvance=1 elapsedMs=383 budgetStop=0 hitsInBand=58
[RenderHealth] step=30 lastRow=120 rowsAdv=4 bands=1 stalledSteps=0 exit=none topExit=update_every_frame_budget hitRate=0.019 avgSteps=0 qray0=0 hybridFallback=0 hybridFallbackHit=0 hybridFallbackMiss=0 noCandidates=0 geomCandAvg=0.19 geomSegQueried=3588027 geomSegWithCandidates=230745 geomSegZero=3357282 geomSegZeroRatePct=93.57 geomPixProcessed=7808 geomPixHadAnyCandidates=7808 geomPixNoCand=0 geomPixNoCandRatePct=0.00 geomHitOk=151 geomHitReject=0 geomPrune=on geomPruneRequested=1 geomPruneEffective=on geomRayTestsTotal=230745 geomRayTestsAccepted=151 geomRayTestsRejected=0 geomRayTestsPerPxOn=29.552 geomRayTestsPerPxOff=na geomRayTestsSavedPct=na geomPruneSwitched=0 geomTrusted=1 geomHealthPartial=0 geomHealthModeSamples=10 geomTrustReason=ok geomRejectSampleMissing=0 geomRejectSampleInList=0 geomRejectSampleCandHit=0 geomRejectSampleDominant=none p2Samp=876 radAvg=0.015 radMax=0.026 envDiagAvg=0.134 envDiagMax=0.188 envInflAvg=0.001 envInflMax=0.002 cand0=823 cand1to2=11 cand3to8=41 cand9to32=1 cand33p=0 geomPruneAuditSamp=0 geomPruneAuditFalseNeg=0 geomPruneAuditFalsePos=0 geomPruneAuditCand0Hit=0 geomPruneAuditFalseNegRate=0
[RenderStep][Yield] reason=max_ms_after_pass1 frame=1 rowStart=120 bandH=4 committed=0 pendingPass2=1 ms=536
[RenderStep][Finalize] reason=max_ms_after_pass1 phase=enter y=[120,124) rowCursor=120->124 elapsedMs=536 attempts=0/5000 sub=0/10000 hits=0 pendingPass2=1
[BudgetExit] frame=1 row=128 reason=guard_progress elapsedMs=393 rowsDoneThisStep=4 hitsThisBand=52 attempts=0/5000 subdiv=0/10000 px=1920/2000000
[RenderStep][YieldAbort] reason=end startRow=124 endRow=128 forcedAdvance=1 elapsedMs=393 budgetStop=0 hitsInBand=52
[BudgetExit] frame=1 row=128 reason=update_every_frame_budget elapsedMs=506 rowsDoneThisStep=0 hitsThisBand=6 attempts=0/5000 subdiv=0/10000 px=1920/2000000
[RenderStep][Yield] reason=update_every_frame_budget frame=1 rowCursor=128 rowsDone=0 pendingPass2=0 bandH=4 pass1RerunAvoided=0 ms=506 p1ms=497.65 p2ms=8.69 p2SegTestedStep=2886 softGate{attemptUsed=0 subdivUsed=0}
[RenderStep][Yield] reason=max_ms_after_pass1 frame=1 rowStart=132 bandH=4 committed=0 pendingPass2=1 ms=696
[RenderStep][Finalize] reason=max_ms_after_pass1 phase=enter y=[132,136) rowCursor=132->136 elapsedMs=696 attempts=0/5000 sub=0/10000 hits=0 pendingPass2=1
[BudgetExit] frame=1 row=140 reason=guard_progress elapsedMs=389 rowsDoneThisStep=4 hitsThisBand=160 attempts=0/5000 subdiv=0/10000 px=1920/2000000
[RenderStep][YieldAbort] reason=end startRow=136 endRow=140 forcedAdvance=1 elapsedMs=390 budgetStop=0 hitsInBand=160
[RenderStep][Yield] reason=max_ms_after_pass1 frame=1 rowStart=140 bandH=4 committed=0 pendingPass2=1 ms=555
[RenderStep][Finalize] reason=max_ms_after_pass1 phase=enter y=[140,144) rowCursor=140->144 elapsedMs=555 attempts=0/5000 sub=0/10000 hits=0 pendingPass2=1
[BudgetExit] frame=1 row=148 reason=guard_progress elapsedMs=410 rowsDoneThisStep=4 hitsThisBand=128 attempts=0/5000 subdiv=0/10000 px=1920/2000000
[RenderStep][YieldAbort] reason=end startRow=144 endRow=148 forcedAdvance=1 elapsedMs=410 budgetStop=0 hitsInBand=128
[BUS SET] frameId=38 grid=OK fields=1
SceneSnapshot: Instances=0, Fields=1, Geometry=18, FieldParams=8, FieldTLASNodes=1, GeometryTLASNodes=11, MetricModel(GRIN=1, GordonMetric=0), CurvatureGrid: OK dim=32x16x32 cell=1, FirstFields=[0:(rInner=0, rOuter=6.5, amp=1.55, curveType=1, shapeType=0)]
[BudgetExit] frame=1 row=148 reason=update_every_frame_budget elapsedMs=501 rowsDoneThisStep=0 hitsThisBand=6 attempts=0/5000 subdiv=0/10000 px=1920/2000000
[RenderStep][Yield] reason=update_every_frame_budget frame=1 rowCursor=148 rowsDone=0 pendingPass2=0 bandH=4 pass1RerunAvoided=0 ms=502 p1ms=470.88 p2ms=30.99 p2SegTestedStep=3176 softGate{attemptUsed=0 subdivUsed=0}
[RenderStep][Yield] reason=max_ms_after_pass1 frame=1 rowStart=152 bandH=4 committed=0 pendingPass2=1 ms=558
[RenderStep][Finalize] reason=max_ms_after_pass1 phase=enter y=[152,156) rowCursor=152->156 elapsedMs=558 attempts=0/5000 sub=0/10000 hits=0 pendingPass2=1
[BudgetExit] frame=1 row=160 reason=guard_progress elapsedMs=418 rowsDoneThisStep=4 hitsThisBand=58 attempts=0/5000 subdiv=0/10000 px=1920/2000000
[RenderStep][YieldAbort] reason=end startRow=156 endRow=160 forcedAdvance=1 elapsedMs=418 budgetStop=0 hitsInBand=58
[BudgetExit] frame=1 row=160 reason=update_every_frame_budget elapsedMs=502 rowsDoneThisStep=0 hitsThisBand=5 attempts=0/5000 subdiv=0/10000 px=1920/2000000
[RenderStep][Yield] reason=update_every_frame_budget frame=1 rowCursor=160 rowsDone=0 pendingPass2=0 bandH=4 pass1RerunAvoided=0 ms=502 p1ms=476.29 p2ms=25.84 p2SegTestedStep=2435 softGate{attemptUsed=0 subdivUsed=0}
[GrinBasicVisual][Capture] fixture=grin_basic_visual path=C:\godot\godot_xPRIMEray\screenshots\grin_basic_visual_sweep\2026-03-14\stronger_amp_1p55.png tracedPixels=33344 readyFrames=12 rhStep=41 processedRows=164
[HUDMeta] fixture=grin_basic_visual transport=GRIN_Optical sourcePattern=dot_grid MODE=FIXTURE_PROBE FILM_ACCUM=OFF
[RuntimeMode] scene=test-grin-basic-visual fixture=grin_basic_visual transport=GRIN_Optical mode=FIXTURE_PROBE filmAccum=OFF

WARNING: [FieldSource3D][Warn] canonical+legacy both set; using canonical. (legacy ignored, reason=legacy Strength)
   at: void FieldSource3D.WarnIfCanonicalAndLegacyBothSet() (res://FieldSource3D.cs:887)
   C# backtrace (most recent call first):
       [0] void Godot.GD.PushWarning(string) (/root/godot/modules/mono/glue/GodotSharp/GodotSharp/Core/GD.cs:396)
       [1] void FieldSource3D.WarnIfCanonicalAndLegacyBothSet() (C:\godot\godot_xPRIMEray\FieldSource3D.cs:887)
       [2] void FieldSource3D._Ready() (C:\godot\godot_xPRIMEray\FieldSource3D.cs:373)
       [3] bool Godot.Node.InvokeGodotClassMethod(Godot.NativeInterop.godot_string_name&, Godot.NativeInterop.NativeVariantPtrArgs, Godot.NativeInterop.godot_variant&) (/root/godot/modules/mono/glue/GodotSharp/GodotSharp/Generated/GodotObjects/Node.cs:2660)
       [4] bool Godot.Node3D.InvokeGodotClassMethod(Godot.NativeInterop.godot_string_name&, Godot.NativeInterop.NativeVariantPtrArgs, Godot.NativeInterop.godot_variant&) (/root/godot/modules/mono/glue/GodotSharp/GodotSharp/Generated/GodotObjects/Node3D.cs:1126)
       [5] bool FieldSource3D.InvokeGodotClassMethod(Godot.NativeInterop.godot_string_name&, Godot.NativeInterop.NativeVariantPtrArgs, Godot.NativeInterop.godot_variant&) (C:\godot\godot_xPRIMEray\.godot\mono\temp\obj\Debug\Godot.SourceGenerators\Godot.SourceGenerators.ScriptMethodsGenerator\FieldSource3D_ScriptMethods.generated.cs:388)
       [6] Godot.NativeInterop.godot_bool Godot.Bridge.CSharpInstanceBridge.Call(nint, Godot.NativeInterop.godot_string_name*, Godot.NativeInterop.godot_variant**, int, Godot.NativeInterop.godot_variant_call_error*, Godot.NativeInterop.godot_variant*) (/root/godot/modules/mono/glue/GodotSharp/GodotSharp/Core/Bridge/CSharpInstanceBridge.cs:24)
[RenderStep][STOP] reason=max_ms_after_pass1 phase=enter y=[0,8) rowCursor=0 elapsedMs=1316 attempts=0/5000 sub=0/10000 hits=0
[RenderStep][STOP] reason=update_every_frame_budget phase=enter y=[0,8) rowCursor=8 elapsedMs=506 attempts=0/5000 sub=0/10000 hits=26
[RenderStep][STOP] reason=max_ms_after_pass1 phase=enter y=[8,12) rowCursor=8 elapsedMs=578 attempts=0/5000 sub=0/10000 hits=0
[RenderStep][WARN] progress-guard forced advance reason=end startRow=12 endRow=16 bandH=4 rowsPerFrame=4 ms=414
[RenderStep][STOP] reason=max_ms_after_pass1 phase=enter y=[16,20) rowCursor=16 elapsedMs=645 attempts=0/5000 sub=0/10000 hits=0
[RenderStep][WARN] progress-guard forced advance reason=end startRow=20 endRow=24 bandH=4 rowsPerFrame=4 ms=437
[RenderStep][STOP] reason=max_ms_after_pass1 phase=enter y=[24,28) rowCursor=24 elapsedMs=564 attempts=0/5000 sub=0/10000 hits=0
[RenderStep][WARN] progress-guard forced advance reason=end startRow=28 endRow=32 bandH=4 rowsPerFrame=4 ms=459
[RenderStep][STOP] reason=update_every_frame_budget phase=enter y=[32,36) rowCursor=32 elapsedMs=504 attempts=0/5000 sub=0/10000 hits=4
[RenderStep][STOP] reason=max_ms_after_pass1 phase=enter y=[36,40) rowCursor=36 elapsedMs=686 attempts=0/5000 sub=0/10000 hits=0
[RenderStep][WARN] progress-guard forced advance reason=end startRow=40 endRow=44 bandH=4 rowsPerFrame=4 ms=402
[RenderStep][STOP] reason=max_ms_after_pass1 phase=enter y=[44,48) rowCursor=44 elapsedMs=568 attempts=0/5000 sub=0/10000 hits=0
[RenderStep][WARN] progress-guard forced advance reason=end startRow=48 endRow=52 bandH=4 rowsPerFrame=4 ms=453
[RenderStep][STOP] reason=max_ms_after_pass1 phase=enter y=[52,56) rowCursor=52 elapsedMs=512 attempts=0/5000 sub=0/10000 hits=0
[RenderStep][WARN] progress-guard forced advance reason=end startRow=56 endRow=60 bandH=4 rowsPerFrame=4 ms=400
[RenderStep][STOP] reason=max_ms_after_pass1 phase=enter y=[60,64) rowCursor=60 elapsedMs=599 attempts=0/5000 sub=0/10000 hits=0
[RenderStep][WARN] progress-guard forced advance reason=end startRow=64 endRow=68 bandH=4 rowsPerFrame=4 ms=394
[RenderStep][STOP] reason=update_every_frame_budget phase=enter y=[68,72) rowCursor=68 elapsedMs=547 attempts=0/5000 sub=0/10000 hits=0
[RenderStep][STOP] reason=max_ms_after_pass1 phase=enter y=[72,76) rowCursor=72 elapsedMs=618 attempts=0/5000 sub=0/10000 hits=0
[RenderStep][WARN] progress-guard forced advance reason=end startRow=76 endRow=80 bandH=4 rowsPerFrame=4 ms=397
[RenderStep][STOP] reason=max_ms_after_pass1 phase=enter y=[80,84) rowCursor=80 elapsedMs=627 attempts=0/5000 sub=0/10000 hits=0
[RenderStep][WARN] progress-guard forced advance reason=end startRow=84 endRow=88 bandH=4 rowsPerFrame=4 ms=391
[RenderStep][STOP] reason=max_ms_after_pass1 phase=enter y=[88,92) rowCursor=88 elapsedMs=557 attempts=0/5000 sub=0/10000 hits=0
[RenderStep][WARN] progress-guard forced advance reason=end startRow=92 endRow=96 bandH=4 rowsPerFrame=4 ms=434
[RenderStep][STOP] reason=update_every_frame_budget phase=enter y=[96,100) rowCursor=96 elapsedMs=505 attempts=0/5000 sub=0/10000 hits=4
[RenderStep][STOP] reason=max_ms_after_pass1 phase=enter y=[100,104) rowCursor=100 elapsedMs=529 attempts=0/5000 sub=0/10000 hits=0
[RenderStep][WARN] progress-guard forced advance reason=end startRow=104 endRow=108 bandH=4 rowsPerFrame=4 ms=489
[RenderStep][STOP] reason=update_every_frame_budget phase=enter y=[108,112) rowCursor=108 elapsedMs=503 attempts=0/5000 sub=0/10000 hits=5
[RenderStep][STOP] reason=max_ms_after_pass1 phase=enter y=[112,116) rowCursor=112 elapsedMs=544 attempts=0/5000 sub=0/10000 hits=0
[RenderStep][WARN] progress-guard forced advance reason=end startRow=116 endRow=120 bandH=4 rowsPerFrame=4 ms=383
[RenderStep][STOP] reason=max_ms_after_pass1 phase=enter y=[120,124) rowCursor=120 elapsedMs=536 attempts=0/5000 sub=0/10000 hits=0
[RenderStep][WARN] progress-guard forced advance reason=end startRow=124 endRow=128 bandH=4 rowsPerFrame=4 ms=393
[RenderStep][STOP] reason=update_every_frame_budget phase=enter y=[128,132) rowCursor=128 elapsedMs=506 attempts=0/5000 sub=0/10000 hits=6
[RenderStep][STOP] reason=max_ms_after_pass1 phase=enter y=[132,136) rowCursor=132 elapsedMs=696 attempts=0/5000 sub=0/10000 hits=0
[RenderStep][WARN] progress-guard forced advance reason=end startRow=136 endRow=140 bandH=4 rowsPerFrame=4 ms=389
[RenderStep][STOP] reason=max_ms_after_pass1 phase=enter y=[140,144) rowCursor=140 elapsedMs=555 attempts=0/5000 sub=0/10000 hits=0
[RenderStep][WARN] progress-guard forced advance reason=end startRow=144 endRow=148 bandH=4 rowsPerFrame=4 ms=410
[RenderStep][STOP] reason=update_every_frame_budget phase=enter y=[148,152) rowCursor=148 elapsedMs=501 attempts=0/5000 sub=0/10000 hits=6
[RenderStep][STOP] reason=max_ms_after_pass1 phase=enter y=[152,156) rowCursor=152 elapsedMs=558 attempts=0/5000 sub=0/10000 hits=0
[RenderStep][WARN] progress-guard forced advance reason=end startRow=156 endRow=160 bandH=4 rowsPerFrame=4 ms=418
[RenderStep][STOP] reason=update_every_frame_budget phase=enter y=[160,164) rowCursor=160 elapsedMs=502 attempts=0/5000 sub=0/10000 hits=5
