Godot Engine v4.5.1.stable.mono.official.f62fdbde1 - https://godotengine.org
OpenGL API 3.3.0 Core Profile Context 25.11.1.251104 - Compatibility - Using Device: ATI Technologies Inc. - AMD Radeon RX 6700 XT

[FieldSource3D] /root/TestMetricBasicVisualHarness/FixtureMetricBasicVisual/FieldSource3D shape=SphereRadial curve=Power amp=1 a=1 b=0 c=0 r=[0,2] sigma=0 edge=0 beta=override(beta_scale=1) custom=n/a source=canonical
[DBG] dbgMesh inTree=True parent=RayBeamRenderer world=(0, 0, 0)
✅ GrinFilmCamera READY: /root/TestMetricBasicVisualHarness/GrinFilmCamera
[RBRRef][Startup] configured path=../FixtureMetricBasicVisual/RayBeamRenderer
[RBRRef] resolved ok name=RayBeamRenderer
[RBRRef][Startup] resolved=True
RayBeamRenderer found? True
[BroadphaseEffective] mode=Policy policy=OverlapOnly quick=False overlap=True reason=policy
[SharedSnap] steps=500 stepLen=0.05 minStep=0.05 maxStep=0.2 collEvery=1 collRad=0.03 mask=0x0000FFFF debug=Off
[EffectiveCfg] broadphase=Policy(policy) policy=OverlapOnly quick=0 overlap=1 softgate=0 score=1 minSeg=0.1 attempts=5000 sub=10000 stride=1 resScale=0.75 rows=8 stepLen=0.05 collRad=0.03 mask=0x0000FFFF envRadScale=1.1 envAabbExpand=0 geomPrune=1 maxDist=50
FilmView found? True
[RBRRef][Startup] HasRenderer(after mirror)=True
✅ GrinFilmCamera ready. Rendering film.
[GrinBasicVisual][SourceGroup] fixture=metric_basic_visual group=fixture_source taggedDots=15
[LaunchAudit] requested_launcher=run_metric_basic_visual actual_scene=res://test-metric-basic-visual.tscn actual_fixture=metric_basic_visual mode=FULL_RENDER expected_scene=res://test-metric-basic-visual.tscn expected_fixture=metric_basic_visual scene_match=1 fixture_match=1 status=ok
[GrinBasicVisual] fixture=metric_basic_visual enabled=1 resolve=canonical transport=Metric_NullGeodesic curve=Power rInner=0 rOuter=6.5 amp=1.35 gamma=2.4 betaMode=override betaScale=1
[GrinBasicVisual][Renderer] fixture=metric_basic_visual transport=Metric_NullGeodesic useFieldGrid=0 researchEnabled=0 stepsPerRay=500 stepLength=0.05 minStepLength=0.05 maxStepLength=0.2 bendScale=5 fieldStrength=1 metricGain=5 metricGainActive=1
[GrinBasicVisual][CaptureConfig] fixture=metric_basic_visual path=C:\godot\godot_xPRIMEray\screenshots\metric_basic_visual_sweep\2026-03-15\stronger_gain_5x.png settleFrames=12 timeoutFrames=240 minRhStep=20 minRows=64 filmOpacity=1 exitAfterCapture=1
[GrinBasicVisual][Startup] fixture=metric_basic_visual delaying_full_render=1 physicsFrames=2
Rebuild ENTER
Rebuild on node: /root/TestMetricBasicVisualHarness/FixtureMetricBasicVisual/RayBeamRenderer  TerminateTrailOnHit=True StopOnHit=False RequireHitToRender=False
READY node: /root/TestMetricBasicVisualHarness/FixtureMetricBasicVisual/RayBeamRenderer  Script=<CSharpScript#-9223372011336628869>  TerminateTrailOnHit=True
RayBeamRenderer: field sources in group = 1
[Transport] active=Metric_NullGeodesic
[GrinBasicVisual][Startup] fixture=metric_basic_visual full_render_enabled=1 physicsFrames=2
[SharedSnap] steps=500 stepLen=0.05 minStep=0.05 maxStep=0.2 collEvery=1 collRad=0.03 mask=0x0000FFFF debug=Off
[EffectiveCfg] broadphase=Policy(policy) policy=OverlapOnly quick=0 overlap=1 softgate=0 score=1 minSeg=0.1 attempts=5000 sub=10000 stride=1 resScale=0.75 rows=8 stepLen=0.05 collRad=0.03 mask=0x0000FFFF envRadScale=1.1 envAabbExpand=0 geomPrune=1 maxDist=50
Toggles: AdaptiveSubsteps=0 SingleProbeSubdivide=0 BandHitSkip=0 RequireHit=0 StopOnHit=0 TerminateTrailOnHit=1 UpdateEveryFrame=1
[Cfg] Pass2SoftGateEnableQuickRayMiss=0 Pass2SoftGateScoringEnabled=1 Pass2SoftGateMinSegmentLength=0.1 Pass2SoftGateScoreThreshold=1 Pass2SoftGateScoreTurnAngleWeight=1 Pass2SoftGateScorePrevHitLostBonus=0.75 Pass2SoftGateRandomProbeChance=0.01 Pass2SoftGateScoreBudgetPerFrame=32 Pass2SoftGateMaxAttemptsPerPixel=2 Pass2SoftGateMaxAttemptsPerFrame=5000 Pass2SoftGateMaxSubdividedCallsPerFrame=10000 UpdateEveryFrame=1
[Transport][MetricScalarMap] sourceIndex=0 amp=1.35 betaScaleEff=1 betaMode=override bendScaleEff=5 fieldStrengthEff=1 rOuter=6.5 mappedWeakField=6.75 grinAccelMag=0 effectiveMetricScalar=6.75 curveIndirect=Power note=gamma/a/b/c/sigma/rInner/curve-shape only via grinFloorOrFallback
[Transport] Metric_NullGeodesic weak-field scaffold active. effectiveMetricScalar=6.75 (mapped=6.75, grinAccelMag=0, metricScalarOverride=1, metricLaw=MetricLaw_CurrentEnvelope, formula=weakFieldScalar*step*boundedLensingWeight).
[Transport][MetricLaw] active=MetricLaw_CurrentEnvelope transport=Metric_NullGeodesic
[RenderStep][Yield] reason=max_ms_after_pass1 frame=1 rowStart=0 bandH=8 committed=0 pendingPass2=1 ms=3793
[RenderStep][Finalize] reason=max_ms_after_pass1 phase=enter y=[0,8) rowCursor=0->8 elapsedMs=3793 attempts=0/5000 sub=0/10000 hits=0 pendingPass2=1
[HUDMeta] fixture=metric_basic_visual transport=Metric_NullGeodesic metricGain=5.0 metricLaw=MetricLaw_CurrentEnvelope sourcePattern=dot_grid MODE=FULL_RENDER FILM_ACCUM=ON
[RuntimeMode] scene=test-metric-basic-visual fixture=metric_basic_visual transport=Metric_NullGeodesic mode=FULL_RENDER filmAccum=ON
[BudgetExit] frame=1 row=3 reason=update_every_frame_budget elapsedMs=506 rowsDoneThisStep=0 hitsThisBand=0 attempts=0/5000 subdiv=0/10000 px=3840/2000000
[RenderStep][Yield] reason=update_every_frame_budget frame=1 rowCursor=3 rowsDone=3 pendingPass2=1 bandH=8 pass1RerunAvoided=1 ms=507 p1ms=0.00 p2ms=506.78 p2SegTestedStep=142251 softGate{attemptUsed=0 subdivUsed=0}
[RenderStep][Yield] reason=max_ms_after_pass1 frame=1 rowStart=8 bandH=4 committed=0 pendingPass2=1 ms=1934
[RenderStep][Finalize] reason=max_ms_after_pass1 phase=enter y=[8,12) rowCursor=8->12 elapsedMs=1934 attempts=0/5000 sub=0/10000 hits=0 pendingPass2=1
[BudgetExit] frame=1 row=11 reason=update_every_frame_budget elapsedMs=509 rowsDoneThisStep=0 hitsThisBand=0 attempts=0/5000 subdiv=0/10000 px=1920/2000000
[RenderStep][Yield] reason=update_every_frame_budget frame=1 rowCursor=11 rowsDone=3 pendingPass2=1 bandH=4 pass1RerunAvoided=1 ms=510 p1ms=0.00 p2ms=509.86 p2SegTestedStep=153212 softGate{attemptUsed=0 subdivUsed=0}
[RenderStep][Yield] reason=max_ms_after_pass1 frame=1 rowStart=12 bandH=4 committed=0 pendingPass2=1 ms=1887
[RenderStep][Finalize] reason=max_ms_after_pass1 phase=enter y=[12,16) rowCursor=12->16 elapsedMs=1887 attempts=0/5000 sub=0/10000 hits=0 pendingPass2=1
[BudgetExit] frame=1 row=15 reason=update_every_frame_budget elapsedMs=508 rowsDoneThisStep=0 hitsThisBand=0 attempts=0/5000 subdiv=0/10000 px=1920/2000000
[RenderStep][Yield] reason=update_every_frame_budget frame=1 rowCursor=15 rowsDone=3 pendingPass2=1 bandH=4 pass1RerunAvoided=1 ms=509 p1ms=0.00 p2ms=508.97 p2SegTestedStep=158335 softGate{attemptUsed=0 subdivUsed=0}
[RenderStep][Yield] reason=max_ms_after_pass1 frame=1 rowStart=16 bandH=4 committed=0 pendingPass2=1 ms=1971
[RenderStep][Finalize] reason=max_ms_after_pass1 phase=enter y=[16,20) rowCursor=16->20 elapsedMs=1971 attempts=0/5000 sub=0/10000 hits=0 pendingPass2=1
[BUS SET] frameId=8 grid=OK fields=1
SceneSnapshot: Instances=0, Fields=1, Geometry=18, FieldParams=8, FieldTLASNodes=1, GeometryTLASNodes=11, MetricModel(GRIN=1, GordonMetric=0), CurvatureGrid: OK dim=32x16x32 cell=1, FirstFields=[0:(rInner=0, rOuter=6.5, amp=1.35, curveType=1, shapeType=0)]
[BudgetExit] frame=1 row=19 reason=update_every_frame_budget elapsedMs=502 rowsDoneThisStep=0 hitsThisBand=0 attempts=0/5000 subdiv=0/10000 px=1920/2000000
[RenderStep][Yield] reason=update_every_frame_budget frame=1 rowCursor=19 rowsDone=3 pendingPass2=1 bandH=4 pass1RerunAvoided=1 ms=502 p1ms=0.00 p2ms=502.32 p2SegTestedStep=150029 softGate{attemptUsed=0 subdivUsed=0}
[RenderStep][Yield] reason=max_ms_after_pass1 frame=1 rowStart=20 bandH=4 committed=0 pendingPass2=1 ms=1980
[RenderStep][Finalize] reason=max_ms_after_pass1 phase=enter y=[20,24) rowCursor=20->24 elapsedMs=1980 attempts=0/5000 sub=0/10000 hits=0 pendingPass2=1
[BudgetExit] frame=1 row=23 reason=update_every_frame_budget elapsedMs=505 rowsDoneThisStep=0 hitsThisBand=0 attempts=0/5000 subdiv=0/10000 px=1920/2000000
[RenderStep][Yield] reason=update_every_frame_budget frame=1 rowCursor=23 rowsDone=3 pendingPass2=1 bandH=4 pass1RerunAvoided=1 ms=505 p1ms=0.00 p2ms=505.33 p2SegTestedStep=144535 softGate{attemptUsed=0 subdivUsed=0}
[RenderStep][Yield] reason=max_ms_after_pass1 frame=1 rowStart=24 bandH=4 committed=0 pendingPass2=1 ms=2025
[RenderStep][Finalize] reason=max_ms_after_pass1 phase=enter y=[24,28) rowCursor=24->28 elapsedMs=2026 attempts=0/5000 sub=0/10000 hits=0 pendingPass2=1
[BudgetExit] frame=1 row=27 reason=update_every_frame_budget elapsedMs=505 rowsDoneThisStep=0 hitsThisBand=0 attempts=0/5000 subdiv=0/10000 px=1920/2000000
[RenderStep][Yield] reason=update_every_frame_budget frame=1 rowCursor=27 rowsDone=3 pendingPass2=1 bandH=4 pass1RerunAvoided=1 ms=505 p1ms=0.00 p2ms=505.48 p2SegTestedStep=148407 softGate{attemptUsed=0 subdivUsed=0}
[RenderStep][Yield] reason=max_ms_after_pass1 frame=1 rowStart=28 bandH=4 committed=0 pendingPass2=1 ms=1970
[RenderStep][Finalize] reason=max_ms_after_pass1 phase=enter y=[28,32) rowCursor=28->32 elapsedMs=1970 attempts=0/5000 sub=0/10000 hits=0 pendingPass2=1
[BudgetExit] frame=1 row=31 reason=update_every_frame_budget elapsedMs=504 rowsDoneThisStep=0 hitsThisBand=0 attempts=0/5000 subdiv=0/10000 px=1920/2000000
[RenderStep][Yield] reason=update_every_frame_budget frame=1 rowCursor=31 rowsDone=3 pendingPass2=1 bandH=4 pass1RerunAvoided=1 ms=505 p1ms=0.00 p2ms=504.90 p2SegTestedStep=144690 softGate{attemptUsed=0 subdivUsed=0}
[BUS SET] frameId=15 grid=OK fields=1
SceneSnapshot: Instances=0, Fields=1, Geometry=18, FieldParams=8, FieldTLASNodes=1, GeometryTLASNodes=11, MetricModel(GRIN=1, GordonMetric=0), CurvatureGrid: OK dim=32x16x32 cell=1, FirstFields=[0:(rInner=0, rOuter=6.5, amp=1.35, curveType=1, shapeType=0)]
[RenderStep][Yield] reason=max_ms_after_pass1 frame=1 rowStart=32 bandH=4 committed=0 pendingPass2=1 ms=1981
[RenderStep][Finalize] reason=max_ms_after_pass1 phase=enter y=[32,36) rowCursor=32->36 elapsedMs=1981 attempts=0/5000 sub=0/10000 hits=0 pendingPass2=1
[BudgetExit] frame=1 row=35 reason=update_every_frame_budget elapsedMs=505 rowsDoneThisStep=0 hitsThisBand=0 attempts=0/5000 subdiv=0/10000 px=1920/2000000
[RenderStep][Yield] reason=update_every_frame_budget frame=1 rowCursor=35 rowsDone=3 pendingPass2=1 bandH=4 pass1RerunAvoided=1 ms=506 p1ms=0.00 p2ms=505.99 p2SegTestedStep=143580 softGate{attemptUsed=0 subdivUsed=0}
[RenderStep][Yield] reason=max_ms_after_pass1 frame=1 rowStart=36 bandH=4 committed=0 pendingPass2=1 ms=1998
[RenderStep][Finalize] reason=max_ms_after_pass1 phase=enter y=[36,40) rowCursor=36->40 elapsedMs=1998 attempts=0/5000 sub=0/10000 hits=0 pendingPass2=1
[BudgetExit] frame=1 row=39 reason=update_every_frame_budget elapsedMs=504 rowsDoneThisStep=0 hitsThisBand=0 attempts=0/5000 subdiv=0/10000 px=1920/2000000
[RenderStep][Yield] reason=update_every_frame_budget frame=1 rowCursor=39 rowsDone=3 pendingPass2=1 bandH=4 pass1RerunAvoided=1 ms=504 p1ms=0.00 p2ms=504.76 p2SegTestedStep=138641 softGate{attemptUsed=0 subdivUsed=0}
[RenderStep][Yield] reason=max_ms_after_pass1 frame=1 rowStart=40 bandH=4 committed=0 pendingPass2=1 ms=1998
[RenderStep][Finalize] reason=max_ms_after_pass1 phase=enter y=[40,44) rowCursor=40->44 elapsedMs=1998 attempts=0/5000 sub=0/10000 hits=0 pendingPass2=1
[BudgetExit] frame=1 row=43 reason=update_every_frame_budget elapsedMs=510 rowsDoneThisStep=0 hitsThisBand=0 attempts=0/5000 subdiv=0/10000 px=1920/2000000
[RenderStep][Yield] reason=update_every_frame_budget frame=1 rowCursor=43 rowsDone=3 pendingPass2=1 bandH=4 pass1RerunAvoided=1 ms=510 p1ms=0.00 p2ms=510.63 p2SegTestedStep=148331 softGate{attemptUsed=0 subdivUsed=0}
[RenderStep][Yield] reason=max_ms_after_pass1 frame=1 rowStart=44 bandH=4 committed=0 pendingPass2=1 ms=1978
[RenderStep][Finalize] reason=max_ms_after_pass1 phase=enter y=[44,48) rowCursor=44->48 elapsedMs=1978 attempts=0/5000 sub=0/10000 hits=0 pendingPass2=1
[BudgetExit] frame=1 row=47 reason=update_every_frame_budget elapsedMs=508 rowsDoneThisStep=0 hitsThisBand=0 attempts=0/5000 subdiv=0/10000 px=1920/2000000
[RenderStep][Yield] reason=update_every_frame_budget frame=1 rowCursor=47 rowsDone=3 pendingPass2=1 bandH=4 pass1RerunAvoided=1 ms=508 p1ms=0.00 p2ms=508.39 p2SegTestedStep=148152 softGate{attemptUsed=0 subdivUsed=0}
[BUS SET] frameId=23 grid=OK fields=1
SceneSnapshot: Instances=0, Fields=1, Geometry=18, FieldParams=8, FieldTLASNodes=1, GeometryTLASNodes=11, MetricModel(GRIN=1, GordonMetric=0), CurvatureGrid: OK dim=32x16x32 cell=1, FirstFields=[0:(rInner=0, rOuter=6.5, amp=1.35, curveType=1, shapeType=0)]
[RenderStep][Yield] reason=max_ms_after_pass1 frame=1 rowStart=48 bandH=4 committed=0 pendingPass2=1 ms=1959
[RenderStep][Finalize] reason=max_ms_after_pass1 phase=enter y=[48,52) rowCursor=48->52 elapsedMs=1959 attempts=0/5000 sub=0/10000 hits=0 pendingPass2=1
[BudgetExit] frame=1 row=51 reason=update_every_frame_budget elapsedMs=507 rowsDoneThisStep=0 hitsThisBand=0 attempts=0/5000 subdiv=0/10000 px=1920/2000000
[RenderStep][Yield] reason=update_every_frame_budget frame=1 rowCursor=51 rowsDone=3 pendingPass2=1 bandH=4 pass1RerunAvoided=1 ms=507 p1ms=0.00 p2ms=507.48 p2SegTestedStep=149990 softGate{attemptUsed=0 subdivUsed=0}
[RenderStep][Yield] reason=max_ms_after_pass1 frame=1 rowStart=52 bandH=4 committed=0 pendingPass2=1 ms=1996
[RenderStep][Finalize] reason=max_ms_after_pass1 phase=enter y=[52,56) rowCursor=52->56 elapsedMs=1996 attempts=0/5000 sub=0/10000 hits=0 pendingPass2=1
[BudgetExit] frame=1 row=55 reason=update_every_frame_budget elapsedMs=510 rowsDoneThisStep=0 hitsThisBand=0 attempts=0/5000 subdiv=0/10000 px=1920/2000000
[RenderStep][Yield] reason=update_every_frame_budget frame=1 rowCursor=55 rowsDone=3 pendingPass2=1 bandH=4 pass1RerunAvoided=1 ms=510 p1ms=0.00 p2ms=510.75 p2SegTestedStep=151581 softGate{attemptUsed=0 subdivUsed=0}
[RenderStep][Yield] reason=max_ms_after_pass1 frame=1 rowStart=56 bandH=4 committed=0 pendingPass2=1 ms=1996
[RenderStep][Finalize] reason=max_ms_after_pass1 phase=enter y=[56,60) rowCursor=56->60 elapsedMs=1996 attempts=0/5000 sub=0/10000 hits=0 pendingPass2=1
[BudgetExit] frame=1 row=59 reason=update_every_frame_budget elapsedMs=505 rowsDoneThisStep=0 hitsThisBand=0 attempts=0/5000 subdiv=0/10000 px=1920/2000000
[RenderStep][Yield] reason=update_every_frame_budget frame=1 rowCursor=59 rowsDone=3 pendingPass2=1 bandH=4 pass1RerunAvoided=1 ms=505 p1ms=0.00 p2ms=505.26 p2SegTestedStep=151913 softGate{attemptUsed=0 subdivUsed=0}
[RenderStep][Yield] reason=max_ms_after_pass1 frame=1 rowStart=60 bandH=4 committed=0 pendingPass2=1 ms=2021
[RenderStep][Finalize] reason=max_ms_after_pass1 phase=enter y=[60,64) rowCursor=60->64 elapsedMs=2021 attempts=0/5000 sub=0/10000 hits=0 pendingPass2=1
[BUS SET] frameId=30 grid=OK fields=1
SceneSnapshot: Instances=0, Fields=1, Geometry=18, FieldParams=8, FieldTLASNodes=1, GeometryTLASNodes=11, MetricModel(GRIN=1, GordonMetric=0), CurvatureGrid: OK dim=32x16x32 cell=1, FirstFields=[0:(rInner=0, rOuter=6.5, amp=1.35, curveType=1, shapeType=0)]
[BudgetExit] frame=1 row=63 reason=update_every_frame_budget elapsedMs=505 rowsDoneThisStep=0 hitsThisBand=0 attempts=0/5000 subdiv=0/10000 px=1920/2000000
[RenderStep][Yield] reason=update_every_frame_budget frame=1 rowCursor=63 rowsDone=3 pendingPass2=1 bandH=4 pass1RerunAvoided=1 ms=505 p1ms=0.00 p2ms=505.72 p2SegTestedStep=152392 softGate{attemptUsed=0 subdivUsed=0}
[RenderHealth] step=30 lastRow=64 rowsAdv=0 bands=1 stalledSteps=0 exit=update_every_frame_budget topExit=update_every_frame_budget hitRate=0 avgSteps=0 qray0=0 hybridFallback=0 hybridFallbackHit=0 hybridFallbackMiss=0 noCandidates=0 geomCandAvg=0.544 geomSegQueried=4160000 geomSegWithCandidates=754028 geomSegZero=3405972 geomSegZeroRatePct=81.87 geomPixProcessed=8320 geomPixHadAnyCandidates=8320 geomPixNoCand=0 geomPixNoCandRatePct=0.00 geomHitOk=0 geomHitReject=0 geomPrune=on geomPruneRequested=1 geomPruneEffective=on geomRayTestsTotal=754028 geomRayTestsAccepted=0 geomRayTestsRejected=0 geomRayTestsPerPxOn=90.628 geomRayTestsPerPxOff=na geomRayTestsSavedPct=na geomPruneSwitched=0 geomTrusted=1 geomHealthPartial=0 geomHealthModeSamples=10 geomTrustReason=ok geomRejectSampleMissing=0 geomRejectSampleInList=0 geomRejectSampleCandHit=0 geomRejectSampleDominant=none p2Samp=1015 radAvg=0.015 radMax=0.022 envDiagAvg=0.112 envDiagMax=0.177 envInflAvg=0.001 envInflMax=0.002 cand0=842 cand1to2=0 cand3to8=173 cand9to32=0 cand33p=0 geomPruneAuditSamp=0 geomPruneAuditFalseNeg=0 geomPruneAuditFalsePos=0 geomPruneAuditCand0Hit=0 geomPruneAuditFalseNegRate=0
[RenderStep][Yield] reason=max_ms_after_pass1 frame=1 rowStart=64 bandH=4 committed=0 pendingPass2=1 ms=1993
[RenderStep][Finalize] reason=max_ms_after_pass1 phase=enter y=[64,68) rowCursor=64->68 elapsedMs=1993 attempts=0/5000 sub=0/10000 hits=0 pendingPass2=1
[BudgetExit] frame=1 row=67 reason=update_every_frame_budget elapsedMs=504 rowsDoneThisStep=0 hitsThisBand=0 attempts=0/5000 subdiv=0/10000 px=1920/2000000
[RenderStep][Yield] reason=update_every_frame_budget frame=1 rowCursor=67 rowsDone=3 pendingPass2=1 bandH=4 pass1RerunAvoided=1 ms=504 p1ms=0.00 p2ms=504.16 p2SegTestedStep=149583 softGate{attemptUsed=0 subdivUsed=0}
[RenderStep][Yield] reason=max_ms_after_pass1 frame=1 rowStart=68 bandH=4 committed=0 pendingPass2=1 ms=1992
[RenderStep][Finalize] reason=max_ms_after_pass1 phase=enter y=[68,72) rowCursor=68->72 elapsedMs=1992 attempts=0/5000 sub=0/10000 hits=0 pendingPass2=1
[BudgetExit] frame=1 row=71 reason=update_every_frame_budget elapsedMs=508 rowsDoneThisStep=0 hitsThisBand=0 attempts=0/5000 subdiv=0/10000 px=1920/2000000
[RenderStep][Yield] reason=update_every_frame_budget frame=1 rowCursor=71 rowsDone=3 pendingPass2=1 bandH=4 pass1RerunAvoided=1 ms=508 p1ms=0.00 p2ms=508.09 p2SegTestedStep=150995 softGate{attemptUsed=0 subdivUsed=0}
[RenderStep][Yield] reason=max_ms_after_pass1 frame=1 rowStart=72 bandH=4 committed=0 pendingPass2=1 ms=1982
[RenderStep][Finalize] reason=max_ms_after_pass1 phase=enter y=[72,76) rowCursor=72->76 elapsedMs=1982 attempts=0/5000 sub=0/10000 hits=0 pendingPass2=1
[BudgetExit] frame=1 row=75 reason=update_every_frame_budget elapsedMs=507 rowsDoneThisStep=0 hitsThisBand=0 attempts=0/5000 subdiv=0/10000 px=1920/2000000
[RenderStep][Yield] reason=update_every_frame_budget frame=1 rowCursor=75 rowsDone=3 pendingPass2=1 bandH=4 pass1RerunAvoided=1 ms=507 p1ms=0.00 p2ms=507.81 p2SegTestedStep=147093 softGate{attemptUsed=0 subdivUsed=0}
[RenderStep][Yield] reason=max_ms_after_pass1 frame=1 rowStart=76 bandH=4 committed=0 pendingPass2=1 ms=1986
[RenderStep][Finalize] reason=max_ms_after_pass1 phase=enter y=[76,80) rowCursor=76->80 elapsedMs=1986 attempts=0/5000 sub=0/10000 hits=0 pendingPass2=1
[BUS SET] frameId=38 grid=OK fields=1
SceneSnapshot: Instances=0, Fields=1, Geometry=18, FieldParams=8, FieldTLASNodes=1, GeometryTLASNodes=11, MetricModel(GRIN=1, GordonMetric=0), CurvatureGrid: OK dim=32x16x32 cell=1, FirstFields=[0:(rInner=0, rOuter=6.5, amp=1.35, curveType=1, shapeType=0)]
[BudgetExit] frame=1 row=79 reason=update_every_frame_budget elapsedMs=506 rowsDoneThisStep=0 hitsThisBand=0 attempts=0/5000 subdiv=0/10000 px=1920/2000000
[RenderStep][Yield] reason=update_every_frame_budget frame=1 rowCursor=79 rowsDone=3 pendingPass2=1 bandH=4 pass1RerunAvoided=1 ms=506 p1ms=0.00 p2ms=506.14 p2SegTestedStep=148142 softGate{attemptUsed=0 subdivUsed=0}
[RenderStep][Yield] reason=max_ms_after_pass1 frame=1 rowStart=80 bandH=4 committed=0 pendingPass2=1 ms=1968
[RenderStep][Finalize] reason=max_ms_after_pass1 phase=enter y=[80,84) rowCursor=80->84 elapsedMs=1968 attempts=0/5000 sub=0/10000 hits=0 pendingPass2=1
[BudgetExit] frame=1 row=83 reason=update_every_frame_budget elapsedMs=504 rowsDoneThisStep=0 hitsThisBand=0 attempts=0/5000 subdiv=0/10000 px=1920/2000000
[RenderStep][Yield] reason=update_every_frame_budget frame=1 rowCursor=83 rowsDone=3 pendingPass2=1 bandH=4 pass1RerunAvoided=1 ms=504 p1ms=0.00 p2ms=504.80 p2SegTestedStep=149671 softGate{attemptUsed=0 subdivUsed=0}
[RenderStep][Yield] reason=max_ms_after_pass1 frame=1 rowStart=84 bandH=4 committed=0 pendingPass2=1 ms=2006
[RenderStep][Finalize] reason=max_ms_after_pass1 phase=enter y=[84,88) rowCursor=84->88 elapsedMs=2006 attempts=0/5000 sub=0/10000 hits=0 pendingPass2=1
[GrinBasicVisual][MetricDiag] fixture=metric_basic_visual law=MetricLaw_CurrentEnvelope directSteps=21105246 gridBypassSteps=0 fallbackSteps=0 scalarDominatedSteps=0 deltaZero=0 deltaNonzero=20885656 metricFallbackCount=0 contributionRatio=1 steeringTurns=0 meanTurn=0 maxTurn=0 zeroReasons=parallel_raw=1173686,parallel_recovered=137010 radialSummary=r<0.5R:0@0,0.5R-1R:0@0,1R-2R:0@0,2R-4R:0@0,4R-8R:0@0,r>=8R:0@0
[GrinBasicVisual][Capture] fixture=metric_basic_visual path=C:\godot\godot_xPRIMEray\screenshots\metric_basic_visual_sweep\2026-03-15\stronger_gain_5x.png tracedPixels=33344 sourceHits=0 backgroundHits=0 absorbedHits=0 missHits=33344 readyFrames=12 rhStep=41 processedRows=88
[HUDMeta] fixture=metric_basic_visual transport=Metric_NullGeodesic metricGain=5.0 metricLaw=MetricLaw_CurrentEnvelope sourcePattern=dot_grid MODE=FIXTURE_PROBE FILM_ACCUM=OFF
[RuntimeMode] scene=test-metric-basic-visual fixture=metric_basic_visual transport=Metric_NullGeodesic mode=FIXTURE_PROBE filmAccum=OFF

WARNING: [FieldSource3D][Warn] canonical+legacy both set; using canonical. (legacy ignored, reason=legacy Strength)
   at: void FieldSource3D.WarnIfCanonicalAndLegacyBothSet() (res://FieldSource3D.cs:887)
   C# backtrace (most recent call first):
       [0] void Godot.GD.PushWarning(string) (/root/godot/modules/mono/glue/GodotSharp/GodotSharp/Core/GD.cs:396)
       [1] void FieldSource3D.WarnIfCanonicalAndLegacyBothSet() (C:\godot\godot_xPRIMEray\FieldSource3D.cs:887)
       [2] void FieldSource3D._Ready() (C:\godot\godot_xPRIMEray\FieldSource3D.cs:373)
       [3] bool Godot.Node.InvokeGodotClassMethod(Godot.NativeInterop.godot_string_name&, Godot.NativeInterop.NativeVariantPtrArgs, Godot.NativeInterop.godot_variant&) (/root/godot/modules/mono/glue/GodotSharp/GodotSharp/Generated/GodotObjects/Node.cs:2660)
       [4] bool Godot.Node3D.InvokeGodotClassMethod(Godot.NativeInterop.godot_string_name&, Godot.NativeInterop.NativeVariantPtrArgs, Godot.NativeInterop.godot_variant&) (/root/godot/modules/mono/glue/GodotSharp/GodotSharp/Generated/GodotObjects/Node3D.cs:1126)
       [5] bool FieldSource3D.InvokeGodotClassMethod(Godot.NativeInterop.godot_string_name&, Godot.NativeInterop.NativeVariantPtrArgs, Godot.NativeInterop.godot_variant&) (C:\godot\godot_xPRIMEray\.godot\mono\temp\obj\Debug\Godot.SourceGenerators\Godot.SourceGenerators.ScriptMethodsGenerator\FieldSource3D_ScriptMethods.generated.cs:388)
       [6] Godot.NativeInterop.godot_bool Godot.Bridge.CSharpInstanceBridge.Call(nint, Godot.NativeInterop.godot_string_name*, Godot.NativeInterop.godot_variant**, int, Godot.NativeInterop.godot_variant_call_error*, Godot.NativeInterop.godot_variant*) (/root/godot/modules/mono/glue/GodotSharp/GodotSharp/Core/Bridge/CSharpInstanceBridge.cs:24)
[RenderStep][STOP] reason=max_ms_after_pass1 phase=enter y=[0,8) rowCursor=0 elapsedMs=3793 attempts=0/5000 sub=0/10000 hits=0
[RenderStep][STOP] reason=update_every_frame_budget phase=enter y=[0,8) rowCursor=8 elapsedMs=506 attempts=0/5000 sub=0/10000 hits=0
[RenderStep][STOP] reason=max_ms_after_pass1 phase=enter y=[8,12) rowCursor=8 elapsedMs=1934 attempts=0/5000 sub=0/10000 hits=0
[RenderStep][STOP] reason=update_every_frame_budget phase=enter y=[8,12) rowCursor=12 elapsedMs=509 attempts=0/5000 sub=0/10000 hits=0
[RenderStep][STOP] reason=max_ms_after_pass1 phase=enter y=[12,16) rowCursor=12 elapsedMs=1887 attempts=0/5000 sub=0/10000 hits=0
[RenderStep][STOP] reason=update_every_frame_budget phase=enter y=[12,16) rowCursor=16 elapsedMs=508 attempts=0/5000 sub=0/10000 hits=0
[RenderStep][STOP] reason=max_ms_after_pass1 phase=enter y=[16,20) rowCursor=16 elapsedMs=1971 attempts=0/5000 sub=0/10000 hits=0
[RenderStep][STOP] reason=update_every_frame_budget phase=enter y=[16,20) rowCursor=20 elapsedMs=502 attempts=0/5000 sub=0/10000 hits=0
[RenderStep][STOP] reason=max_ms_after_pass1 phase=enter y=[20,24) rowCursor=20 elapsedMs=1980 attempts=0/5000 sub=0/10000 hits=0
[RenderStep][STOP] reason=update_every_frame_budget phase=enter y=[20,24) rowCursor=24 elapsedMs=505 attempts=0/5000 sub=0/10000 hits=0
[RenderStep][STOP] reason=max_ms_after_pass1 phase=enter y=[24,28) rowCursor=24 elapsedMs=2026 attempts=0/5000 sub=0/10000 hits=0
[RenderStep][STOP] reason=update_every_frame_budget phase=enter y=[24,28) rowCursor=28 elapsedMs=505 attempts=0/5000 sub=0/10000 hits=0
[RenderStep][STOP] reason=max_ms_after_pass1 phase=enter y=[28,32) rowCursor=28 elapsedMs=1970 attempts=0/5000 sub=0/10000 hits=0
[RenderStep][STOP] reason=update_every_frame_budget phase=enter y=[28,32) rowCursor=32 elapsedMs=504 attempts=0/5000 sub=0/10000 hits=0
[RenderStep][STOP] reason=max_ms_after_pass1 phase=enter y=[32,36) rowCursor=32 elapsedMs=1981 attempts=0/5000 sub=0/10000 hits=0
[RenderStep][STOP] reason=update_every_frame_budget phase=enter y=[32,36) rowCursor=36 elapsedMs=506 attempts=0/5000 sub=0/10000 hits=0
[RenderStep][STOP] reason=max_ms_after_pass1 phase=enter y=[36,40) rowCursor=36 elapsedMs=1998 attempts=0/5000 sub=0/10000 hits=0
[RenderStep][STOP] reason=update_every_frame_budget phase=enter y=[36,40) rowCursor=40 elapsedMs=504 attempts=0/5000 sub=0/10000 hits=0
[RenderStep][STOP] reason=max_ms_after_pass1 phase=enter y=[40,44) rowCursor=40 elapsedMs=1998 attempts=0/5000 sub=0/10000 hits=0
[RenderStep][STOP] reason=update_every_frame_budget phase=enter y=[40,44) rowCursor=44 elapsedMs=510 attempts=0/5000 sub=0/10000 hits=0
[RenderStep][STOP] reason=max_ms_after_pass1 phase=enter y=[44,48) rowCursor=44 elapsedMs=1978 attempts=0/5000 sub=0/10000 hits=0
[RenderStep][STOP] reason=update_every_frame_budget phase=enter y=[44,48) rowCursor=48 elapsedMs=508 attempts=0/5000 sub=0/10000 hits=0
[RenderStep][STOP] reason=max_ms_after_pass1 phase=enter y=[48,52) rowCursor=48 elapsedMs=1959 attempts=0/5000 sub=0/10000 hits=0
[RenderStep][STOP] reason=update_every_frame_budget phase=enter y=[48,52) rowCursor=52 elapsedMs=507 attempts=0/5000 sub=0/10000 hits=0
[RenderStep][STOP] reason=max_ms_after_pass1 phase=enter y=[52,56) rowCursor=52 elapsedMs=1996 attempts=0/5000 sub=0/10000 hits=0
[RenderStep][STOP] reason=update_every_frame_budget phase=enter y=[52,56) rowCursor=56 elapsedMs=510 attempts=0/5000 sub=0/10000 hits=0
[RenderStep][STOP] reason=max_ms_after_pass1 phase=enter y=[56,60) rowCursor=56 elapsedMs=1996 attempts=0/5000 sub=0/10000 hits=0
[RenderStep][STOP] reason=update_every_frame_budget phase=enter y=[56,60) rowCursor=60 elapsedMs=505 attempts=0/5000 sub=0/10000 hits=0
[RenderStep][STOP] reason=max_ms_after_pass1 phase=enter y=[60,64) rowCursor=60 elapsedMs=2021 attempts=0/5000 sub=0/10000 hits=0
[RenderStep][STOP] reason=update_every_frame_budget phase=enter y=[60,64) rowCursor=64 elapsedMs=505 attempts=0/5000 sub=0/10000 hits=0
[RenderStep][STOP] reason=max_ms_after_pass1 phase=enter y=[64,68) rowCursor=64 elapsedMs=1993 attempts=0/5000 sub=0/10000 hits=0
[RenderStep][STOP] reason=update_every_frame_budget phase=enter y=[64,68) rowCursor=68 elapsedMs=504 attempts=0/5000 sub=0/10000 hits=0
[RenderStep][STOP] reason=max_ms_after_pass1 phase=enter y=[68,72) rowCursor=68 elapsedMs=1992 attempts=0/5000 sub=0/10000 hits=0
[RenderStep][STOP] reason=update_every_frame_budget phase=enter y=[68,72) rowCursor=72 elapsedMs=508 attempts=0/5000 sub=0/10000 hits=0
[RenderStep][STOP] reason=max_ms_after_pass1 phase=enter y=[72,76) rowCursor=72 elapsedMs=1982 attempts=0/5000 sub=0/10000 hits=0
[RenderStep][STOP] reason=update_every_frame_budget phase=enter y=[72,76) rowCursor=76 elapsedMs=507 attempts=0/5000 sub=0/10000 hits=0
[RenderStep][STOP] reason=max_ms_after_pass1 phase=enter y=[76,80) rowCursor=76 elapsedMs=1986 attempts=0/5000 sub=0/10000 hits=0
[RenderStep][STOP] reason=update_every_frame_budget phase=enter y=[76,80) rowCursor=80 elapsedMs=506 attempts=0/5000 sub=0/10000 hits=0
[RenderStep][STOP] reason=max_ms_after_pass1 phase=enter y=[80,84) rowCursor=80 elapsedMs=1968 attempts=0/5000 sub=0/10000 hits=0
[RenderStep][STOP] reason=update_every_frame_budget phase=enter y=[80,84) rowCursor=84 elapsedMs=504 attempts=0/5000 sub=0/10000 hits=0
[RenderStep][STOP] reason=max_ms_after_pass1 phase=enter y=[84,88) rowCursor=84 elapsedMs=2006 attempts=0/5000 sub=0/10000 hits=0
