Godot Engine v4.5.1.stable.mono.official.f62fdbde1 - https://godotengine.org
OpenGL API 3.3.0 Core Profile Context 25.11.1.251104 - Compatibility - Using Device: ATI Technologies Inc. - AMD Radeon RX 6700 XT

[FieldSource3D] /root/TestBlackholeMinimalMetricHarness/FixtureBlackholeMinimal/FieldSource3D shape=SphereRadial curve=Power amp=0.151 a=8 b=0 c=0 r=[0.12,4.5] sigma=0 edge=0 beta=override(beta_scale=1) custom=n/a source=canonical
[FieldSource3D] /root/TestBlackholeMinimalMetricHarness/FixtureBlackholeMinimal/PhotonBandSource shape=SphereRadial curve=Polynomial amp=0.03 a=0 b=4 c=-4 r=[1.305,1.845] sigma=0 edge=0 beta=override(beta_scale=1) custom=n/a source=canonical
[DBG] dbgMesh inTree=True parent=RayBeamRenderer world=(0, 0, 0)
✅ GrinFilmCamera READY: /root/TestBlackholeMinimalMetricHarness/GrinFilmCamera
[RBRRef][Startup] configured path=../FixtureBlackholeMinimal/RayBeamRenderer
[RBRRef] resolved ok name=RayBeamRenderer
[RBRRef][Startup] resolved=True
RayBeamRenderer found? True
[BroadphaseEffective] mode=Policy policy=OverlapOnly quick=False overlap=True reason=policy
[SharedSnap] steps=400 stepLen=0.05 minStep=0.001 maxStep=0.3 collEvery=1 collRad=0.03 mask=0x0000FFFF debug=Off
[EffectiveCfg] broadphase=Policy(policy) policy=OverlapOnly quick=0 overlap=1 softgate=0 score=1 minSeg=0.1 attempts=5000 sub=10000 stride=1 resScale=0.5 rows=8 stepLen=0.05 collRad=0.03 mask=0x0000FFFF envRadScale=1.1 envAabbExpand=0 geomPrune=1 maxDist=50
FilmView found? True
[RBRRef][Startup] HasRenderer(after mirror)=True
✅ GrinFilmCamera ready. Rendering film.
[RenderTestRunner] _Ready reached.
[RenderTestRunner][CmdArgs] [--render-test, --render-test-fixture=blackhole_minimal, --blackhole-transport-model=metric, --scene, res://test-blackhole-minimal-metric.tscn]
[RenderTestRunner][CLIFlags] autocal=0 shadow_eval=0 autocal_verbose=0 autocal_apply=0 lifecycle_stress=0 smartscale=0 smartscale_goal=none
[RenderTestRunner] TokenDetected=True shouldStart=True
[FixtureStartup] fixture=blackhole_minimal variant=test-blackhole-minimal-metric transport=Metric_NullGeodesic source=cmdline_user
[FixtureField] fixture=blackhole_minimal node=FieldSource3D label=mass source=cmdline_override transport=Metric_NullGeodesic curve=Power rInnerEnabled=1 rInner=0.12 rOuter=4.5 amp=0.151 betaMode=override betaScale=1 gamma=8 legacy=inactive
[FixtureField] fixture=blackhole_minimal node=PhotonBandSource label=photon_band source=cmdline_override transport=Metric_NullGeodesic curve=Polynomial rInnerEnabled=1 rInner=1.305 rOuter=1.845 amp=0.03 betaMode=override betaScale=1 a=0 b=4 c=-4 legacy=inactive
[BlackHoleFixture][PhotonBandMode] mode=core_plus_band source=scene_authored authored_enabled=1 effective_enabled=1
[Transport] active=Metric_NullGeodesic fixture=blackhole_minimal effectiveMetricScalar=0.151
[BlackHoleFixture][CurvatureEngaged] mass_match=1 band_match=1 probe_any=1 band_noticeable=1 mass_primary=1 far_accel=0 transport=1 probe_mass=[0.031352,0.012257,0.010145,0.0163[BlackHoleFixture][SourcePattern] mode=CrossXY count=49 spacing=(4.5,4.5) radius=0.6 originLocal=(0,0,-12) includeCenter=1 localSample=[(-54,0,-12)|(-49.5,0,-12)|(-45,0,-12)|(-40.5,0,-12)|(-36,0,-12)|(-31.5,0,-12)] worldSample=[(-54,0,-12)|(-49.5,0,-12)|(-45,0,-12)|(-40.5,0,-12)|(-36,0,-12)|(-31.5,0,-12)] checksum=d2dc5d7f5c2ff5db8947386ab147590f02b7ac52680c9ddbf4171[BlackHoleFixture][SourcePattern] mode=CrossXY count=49 spacing=(4.5,4.5) radius=0.6 originLocal=(0,0,-12) includeCenter=1 localSample=[(-54,0,-12)|(-49.5,0,-12)|(-45,0,-12)|(-40.5,0,-12)|(-36,0,-12)|(-31.5,0,-12)] worldSample=[(-54,0,-12)|(-49.5,0,-12)|(-45,0,-12)|(-40.5,0,-12)|(-36,0,-12)|(-31.5,0,-12)] checksum=d2dc5d7f5c2ff5db8947386ab147590f02b7ac52680c9ddbf4171def12339e5d
[BlackHoleFixture][SourcePatternLayout] markers=49 overlap_exact=0 min_pair_dist=4.5 z_range=(-12,-12) center_z=0 behind_center=1
[BlackHoleFixture][SourcePatternMarker] i=0 name=source_marker_000 local=(-54,0,-12) global=(-54,0,-12) groups=[raytrace_geometry,fixture_geometry,fixture_source] collision_enabled=1 visible=1
[BlackHoleFixture][SourcePatternMarker] i=1 name=source_marker_001 local=(-49.5,0,-12) global=(-49.5,0,-12) groups=[raytrace_geometry,fixture_geometry,fixture_source] collision_enabled=1 visible=1
[BlackHoleFixture][SourcePatternMarker] i=2 name=source_marker_002 local=(-45,0,-12) global=(-45,0,-12) groups=[raytrace_geometry,fixture_geometry,fixture_source] collision_enabled=1 visible=1
[BlackHoleFixture][SourcePatternMarker] i=3 name=source_marker_003 local=(-40.5,0,-12) global=(-40.5,0,-12) groups=[raytrace_geometry,fixture_geometry,fixture_source] collision_enabled=1 visible=1
[BlackHoleFixture][SourcePatternMarker] i=4 name=source_marker_004 local=(-36,0,-12) global=(-36,0,-12) groups=[raytrace_geometry,fixture_geometry,fixture_source] collision_enabled=1 visible=1
[BlackHoleFixture][SourcePatternMarker] i=5 name=source_marker_005 local=(-31.5,0,-12) global=(-31.5,0,-12) groups=[raytrace_geometry,fixture_geometry,fixture_source] collision_enabled=1 visible=1
[BlackHoleFixture][SourcePatternMarker] i=6 name=source_marker_006 local=(-27,0,-12) global=(-27,0,-12) groups=[raytrace_geometry,fixture_geometry,fixture_source] collision_enabled=1 visible=1
[BlackHoleFixture][SourcePatternMarker] i=7 name=source_marker_007 local=(-22.5,0,-12) global=(-22.5,0,-12) groups=[raytrace_geometry,fixture_geometry,fixture_source] collision_enabled=1 visible=1
[BlackHoleFixture][SourcePatternMarker] i=8 name=source_marker_008 local=(-18,0,-12) global=(-18,0,-12) groups=[raytrace_geometry,fixture_geometry,fixture_source] collision_enabled=1 visible=1
[BlackHoleFixture][SourcePatternMarker] i=9 name=source_marker_009 local=(-13.5,0,-12) global=(-13.5,0,-12) groups=[raytrace_geometry,fixture_geometry,fixture_source] collision_enabled=1 visible=1
[BlackHoleFixture][SourcePatternMarker] i=10 name=source_marker_010 local=(-9,0,-12) global=(-9,0,-12) groups=[raytrace_geometry,fixture_geometry,fixture_source] collision_enabled=1 visible=1
[BlackHoleFixture][SourcePatternMarker] i=11 name=source_marker_011 local=(-4.5,0,-12) global=(-4.5,0,-12) groups=[raytrace_geometry,fixture_geometry,fixture_source] collision_enabled=1 visible=1
[BlackHoleFixture][SourcePatternMarker] i=12 name=source_marker_012 local=(0,0,-12) global=(0,0,-12) groups=[raytrace_geometry,fixture_geometry,fixture_source] collision_enabled=1 visible=1
[BlackHoleFixture][SourcePatternMarker] i=13 name=source_marker_013 local=(4.5,0,-12) global=(4.5,0,-12) groups=[raytrace_geometry,fixture_geometry,fixture_source] collision_enabled=1 visible=1
[BlackHoleFixture][SourcePatternMarker] i=14 name=source_marker_014 local=(9,0,-12) global=(9,0,-12) groups=[raytrace_geometry,fixture_geometry,fixture_source] collision_enabled=1 visible=1
[BlackHoleFixture][SourcePatternMarker] i=15 name=source_marker_015 local=(13.5,0,-12) global=(13.5,0,-12) groups=[raytrace_geometry,fixture_geometry,fixture_source] collision_enabled=1 visible=1
[BlackHoleFixture][SourcePatternMarker] i=16 name=source_marker_016 local=(18,0,-12) global=(18,0,-12) groups=[raytrace_geometry,fixture_geometry,fixture_source] collision_enabled=1 visible=1
[BlackHoleFixture][SourcePatternMarker] i=17 name=source_marker_017 local=(22.5,0,-12) global=(22.5,0,-12) groups=[raytrace_geometry,fixture_geometry,fixture_source] collision_enabled=1 visible=1
[BlackHoleFixture][SourcePatternMarker] i=18 name=source_marker_018 local=(27,0,-12) global=(27,0,-12) groups=[raytrace_geometry,fixture_geometry,fixture_source] collision_enabled=1 visible=1
[BlackHoleFixture][SourcePatternMarker] i=19 name=source_marker_019 local=(31.5,0,-12) global=(31.5,0,-12) groups=[raytrace_geometry,fixture_geometry,fixture_source] collision_enabled=1 visible=1
[BlackHoleFixture][SourcePatternMarker] i=20 name=source_marker_020 local=(36,0,-12) global=(36,0,-12) groups=[raytrace_geometry,fixture_geometry,fixture_source] collision_enabled=1 visible=1
[BlackHoleFixture][SourcePatternMarker] i=21 name=source_marker_021 local=(40.5,0,-12) global=(40.5,0,-12) groups=[raytrace_geometry,fixture_geometry,fixture_source] collision_enabled=1 visible=1
[BlackHoleFixture][SourcePatternMarker] i=22 name=source_marker_022 local=(45,0,-12) global=(45,0,-12) groups=[raytrace_geometry,fixture_geometry,fixture_source] collision_enabled=1 visible=1
[BlackHoleFixture][SourcePatternMarker] i=23 name=source_marker_023 local=(49.5,0,-12) global=(49.5,0,-12) groups=[raytrace_geometry,fixture_geometry,fixture_source] collision_enabled=1 visible=1
[BlackHoleFixture][SourcePatternMarker] i=24 name=source_marker_024 local=(54,0,-12) global=(54,0,-12) groups=[raytrace_geometry,fixture_geometry,fixture_source] collision_enabled=1 visible=1
[BlackHoleFixture][SourcePatternMarker] i=25 name=source_marker_025 local=(0,-54,-12) global=(0,-54,-12) groups=[raytrace_geometry,fixture_geometry,fixture_source] collision_enabled=1 visible=1
[BlackHoleFixture][SourcePatternMarker] i=26 name=source_marker_026 local=(0,-49.5,-12) global=(0,-49.5,-12) groups=[raytrace_geometry,fixture_geometry,fixture_source] collision_enabled=1 visible=1
[BlackHoleFixture][SourcePatternMarker] i=27 name=source_marker_027 local=(0,-45,-12) global=(0,-45,-12) groups=[raytrace_geometry,fixture_geometry,fixture_source] collision_enabled=1 visible=1
[BlackHoleFixture][SourcePatternMarker] i=28 name=source_marker_028 local=(0,-40.5,-12) global=(0,-40.5,-12) groups=[raytrace_geometry,fixture_geometry,fixture_source] collision_enabled=1 visible=1
[BlackHoleFixture][SourcePatternMarker] i=29 name=source_marker_029 local=(0,-36,-12) global=(0,-36,-12) groups=[raytrace_geometry,fixture_geometry,fixture_source] collision_enabled=1 visible=1
[BlackHoleFixture][SourcePatternMarker] i=30 name=source_marker_030 local=(0,-31.5,-12) global=(0,-31.5,-12) groups=[raytrace_geometry,fixture_geometry,fixture_source] collision_enabled=1 visible=1
[BlackHoleFixture][SourcePatternMarker] i=31 name=source_marker_031 local=(0,-27,-12) global=(0,-27,-12) groups=[raytrace_geometry,fixture_geometry,fixture_source] collision_enabled=1 visible=1
[BlackHoleFixture][SourcePatternMarker] i=32 name=source_marker_032 local=(0,-22.5,-12) global=(0,-22.5,-12) groups=[raytrace_geometry,fixture_geometry,fixture_source] collision_enabled=1 visible=1
[BlackHoleFixture][SourcePatternMarker] i=33 name=source_marker_033 local=(0,-18,-12) global=(0,-18,-12) groups=[raytrace_geometry,fixture_geometry,fixture_source] collision_enabled=1 visible=1
[BlackHoleFixture][SourcePatternMarker] i=34 name=source_marker_034 local=(0,-13.5,-12) global=(0,-13.5,-12) groups=[raytrace_geometry,fixture_geometry,fixture_source] collision_enabled=1 visible=1
[BlackHoleFixture][SourcePatternMarker] i=35 name=source_marker_035 local=(0,-9,-12) global=(0,-9,-12) groups=[raytrace_geometry,fixture_geometry,fixture_source] collision_enabled=1 visible=1
[BlackHoleFixture][SourcePatternMarker] i=36 name=source_marker_036 local=(0,-4.5,-12) global=(0,-4.5,-12) groups=[raytrace_geometry,fixture_geometry,fixture_source] collision_enabled=1 visible=1
[BlackHoleFixture][SourcePatternMarker] i=37 name=source_marker_037 local=(0,4.5,-12) global=(0,4.5,-12) groups=[raytrace_geometry,fixture_geometry,fixture_source] collision_enabled=1 visible=1
[BlackHoleFixture][SourcePatternMarker] i=38 name=source_marker_038 local=(0,9,-12) global=(0,9,-12) groups=[raytrace_geometry,fixture_geometry,fixture_source] collision_enabled=1 visible=1
[BlackHoleFixture][SourcePatternMarker] i=39 name=source_marker_039 local=(0,13.5,-12) global=(0,13.5,-12) groups=[raytrace_geometry,fixture_geometry,fixture_source] collision_enabled=1 visible=1
[BlackHoleFixture][SourcePatternMarker] i=40 name=source_marker_040 local=(0,18,-12) global=(0,18,-12) groups=[raytrace_geometry,fixture_geometry,fixture_source] collision_enabled=1 visible=1
[BlackHoleFixture][SourcePatternMarker] i=41 name=source_marker_041 local=(0,22.5,-12) global=(0,22.5,-12) groups=[raytrace_geometry,fixture_geometry,fixture_source] collision_enabled=1 visible=1
[BlackHoleFixture][SourcePatternMarker] i=42 name=source_marker_042 local=(0,27,-12) global=(0,27,-12) groups=[raytrace_geometry,fixture_geometry,fixture_source] collision_enabled=1 visible=1
[BlackHoleFixture][SourcePatternMarker] i=43 name=source_marker_043 local=(0,31.5,-12) global=(0,31.5,-12) groups=[raytrace_geometry,fixture_geometry,fixture_source] collision_enabled=1 visible=1
[BlackHoleFixture][SourcePatternMarker] i=44 name=source_marker_044 local=(0,36,-12) global=(0,36,-12) groups=[raytrace_geometry,fixture_geometry,fixture_source] collision_enabled=1 visible=1
[BlackHoleFixture][SourcePatternMarker] i=45 name=source_marker_045 local=(0,40.5,-12) global=(0,40.5,-12) groups=[raytrace_geometry,fixture_geometry,fixture_source] collision_enabled=1 visible=1
[BlackHoleFixture][SourcePatternMarker] i=46 name=source_marker_046 local=(0,45,-12) global=(0,45,-12) groups=[raytrace_geometry,fixture_geometry,fixture_source] collision_enabled=1 visible=1
[BlackHoleFixture][[Transport][MetricLaw] active=MetricLaw_CurrentEnvelope transport=Metric_NullGeodesic
[Transport] Metric_NullGeodesic weak-field scaffold active. effectiveMetricScalar=0.151 (mapped=0.151, grinAccelMag=0.000653, metricScalarOverride=1, metricLaw=MetricLaw_CurrentEnvelope, formula=weakFieldScalar*step*boundedLensingWeight).
[Transport][MetricScalarMap] sourceIndex=0 a[Transport][MetricDiagSample] eval=1 status=nonzero reason=none radiusFlag=r_ok r=2.28217 bendPerp=0.167313 dTheta=0.006561
[Transport][MetricLaw] active=MetricLaw_CurrentEnvelope transport=Metric_NullGeodesic
[Transport] Metric_NullGeodesic weak-fie[BlackHoleFixture][Absorption] transportModel=Metric_NullGeodesic effectiveMetricScalar=0.151 absorbed_rays=4/16 absorb_rate=0.25
[BlackHoleFixture][MetricDiagnostics] metricLaw=MetricLaw_CurrentEnvelope metricDeltaZeroCount=0 metricDeltaNonzeroCount=2576 metricFallbackCount=0 metricContributionRatio=1 zeroReasons=none
[MetricIsolation] metricLaw=MetricLaw_CurrentEnvelope metricDirectSteps=2576 gridBypassSteps=0 grinFallbackSteps=0 grinScalarDominatedSteps=0
[TransportSteering] transportModel=Metric_NullGeodesic metricLaw=MetricLaw_CurrentEnvelope meanTurn=0.010719 maxTurn=0.024177 radialBins=[r<0.5R:0.001618@1252,0.5R-1R:0.014293@600,1R-2R:0.023497@724,2R-4R:0@0,4R-8R:0@0,r>=8R:0@0]
[BlackHoleFixture][PhotonBandContribution] mode=core_plus_band source=scene_authored enabled=1 probeAccelSum=0.013502 probeAccelShare=0.161537 farAccel=0
[BlackHoleFixture][ComparisonSummary] transportModel=Metric_NullGeodesic metricLaw=MetricLaw_CurrentEnvelope effectiveMetricScalar=0.151 photonBandMode=core_plus_band photonBandModeSource=scene_authored photonBandEnabled=1 photonBandProbeAccelSum=0.013502 photonBandProb[BlackHoleFixture][Absorption] transportModel=Metric_NullGeodesic effectiveMetricScalar=0.151 absorbed_rays=4/16 absorb_rate=0.25
[BlackHoleFixture][MetricDiagnostics] metricLaw=MetricLaw_CurrentEnvelope metricDeltaZeroCount=0 metricDeltaNonzeroCount=2576 metricFallbackCount=0 metricContributionRatio=1 zeroReasons=none
[MetricIsolation] metricLaw=MetricLaw_CurrentEnvelope metricDirectSteps=2576 gridBypassSteps=0 grinFallbackSteps=0 grinScalarDominatedSteps=0
[TransportSteering] transportModel=Metric_NullGeodesic metricLaw=MetricLaw_CurrentEnvelope meanTurn=0.010719 maxTurn=0.024177 radialBins=[r<0.5R:0.001618@1252,0.5R-1R:0.014293@600,1R-2R:0.023497@724,2R-4R:0@0,4R-8R:0@0,r>=8R:0@0]
[BlackHoleFixture][PhotonBandContribution] mode=core_plus_band source=scene_authored enabled=1 probeAccelSum=0.013502 probeAccelShare=0.161537 farAccel=0
[BlackHoleFixture][ComparisonSummary] transportModel=Metric_NullGeodesic metricLaw=MetricLaw_CurrentEnvelope effectiveMetricScalar=0.151 photonBandMode=core_plus_band photonBandModeSource=scene_authored photonBandEnabled=1 photonBandProbeAccelSum=0.013502 photonBandProbeAccelShare=0.161537 sourcePatternSummary=mode=CrossXY|count=49|spacingX=4.500000|spacingY=4.500000|radius=0.600000|origin=(0,0,-12)|includeCenter=1|checksum=d2dc5d7f5c2ff5db8947386ab147590f02b7ac52680c9ddbf4171def12339e5d probeN=16 absorbCount=4 absorbRate=0.25 hitRate=0 sourceHits=0 backgroundHits=0 detectorHits=0 absorbedHits=4 missHits=12 offscreenDetectorHits=0 noPlaneIntersect=12 closestApproachMean=0.254028 projectedRadiusMean=0 detectorScale=1 silhouetteRadiusMean=0.141421 silhouetteRadiusStdDev=0 silhouetteRadiusRange=0 metricDeltaZeroCount=0 metricDeltaNonzeroCount=2576 metricFallbackCount=0 metricContributionRatio=1 silhouetteHistogram=[4,0,0,0,0,0BlackHoleMinimalFingerprintRaw: transportModel=Metric_NullGeodesic metricLaw=MetricLaw_CurrentEnvelope effectiveMetricScalar=0.151 sourcePatternSummary=mode=CrossXY|count=49|spacingX=4.500000|spacingY=4.500000|radius=0.600000|origin=(0,0,-12)|includeCenter=1|checksum=d2dc5d7f5c2ff5db8947386ab147590f02b7ac52680c9ddbf4171def12339e5d sourceHits=0 backgroundHits=0 detectorHits=0 absorbedHits=4 missHits=12 offscreenDetectorHits=0 noPlaneIntersect=12 closestApproachMean=0.254028 projectedRadiusMean=0 detectorScale=1 absorbCount=4 absorbRate=0.25 hitRate=0 silhouetteRadiusMean=0.141421 silhouetteRadiusStdDev=0 silhouetteRadiusRange=0 silhouetteHistogram=[4,0,0,0,0,0] accelMass=[0.130296,0.012257,0.012024,0.006997,0.001981] accelBand=[0.000000,0.000000,0.000590,0.028595,0.000000] accelTotal=[0.130296,0.012257,0.012614,0.035592,0.001981] rayEndpoints=[-0.294049,-0.294049,0.193827|-0.082239,-0.287837,0.200091|0.123758,-0.288768,0.199247|0.287837,-0.082239,0.200091|0.288768,0.123758,0.199247|0.082239,0.287837,0.200091|-0.123758,0.288768,0.199247|-0.287837,0.082239,0.200091] rayChecksum=f9dcece68cc35848c3e63929fBlackHoleMinimalFingerprintRaw: transportModel=Metric_NullGeodesic metricLaw=MetricLaw_CurrentEnvelope effectiveMetricScalar=0.151 sourcePatternSummary=mode=CrossXY|count=49|spacingX=4.500000|spacingY=4.500000|radius=0.600000|origin=(0,0,-12)|includeCenter=1|checksum=d2dc5d7f5c2ff5db8947386ab147590f02b7ac52680c9ddbf4171def12339e5d sourceHits=0 backgroundHits=0 detectorHits=0 absorbedHits=4 missHits=12 offscreenDetectorHits=0 noPlaneIntersect=12 closestApproachMean=0.254028 projectedRadiusMean=0 detectorScale=1 absorbCount=4 absorbRate=0.25 hitRate=0 silhouetteRadiusMean=0.141421 silhouetteRadiusStdDev=0 silhouetteRadiusRange=0 silhouetteHistogram=[4,0,0,0,0,0] accelMass=[0.130296,0.012257,0.012024,0.006997,0.001981] accelBand=[0.000000,0.000000,0.000590,0.028595,0.000000] accelTotal=[0.130296,0.012257,0.012614,0.035592,0.001981] rayEndpoints=[-0.294049,-0.294049,0.193827|-0.082239,-0.287837,0.200091|0.123758,-0.288768,0.199247|0.287837,-0.082239,0.200091|0.288768,0.123758,0.199247|0.082239,0.287837,0.200091|-0.123758,0.288768,0.199247|-0.287837,0.082239,0.200091] rayChecksum=f9dcece68cc35848c3e63929ff7fb9a3b9a9cba85fabbd9aa205a95f8a851e83
BlackHoleMinimalFingerprint: v=3;sourceCount=2;bandMode=core_plus_band;bandModeSource=scene_authored;massCanonical=1;bandCanonical=1;massSource=canonical;massCurve=Power;massRInner=0.120000;massROuter=4.500000;massAmp=0.151000;massGamma=8.000000;massA=8.000000;massB=0.000000;massC=0.000000;massModeFlags=2;massTransport=Metric_NullGeodesic;massBetaMode=override;massBetaScale=1.000000;bandEnabled=1;bandSource=canonical;bandCurve=Polynomial;bandRInner=1.305000;bandROuter=1.845000;bandAmp=0.030000;bandA=0.000000;bandB=4.000000;bandC=-4.000000;bandModeFlags=0;bandTransport=Metric_NullGeodesic;bandBetaMode=override;bandBetaScale=1.000000;useIntegrated=1;bendScale=1.000000;fieldStrength=1.000000;stepLength=0.050000;minStep=0.001000;maxStep=0.300000;stepAdaptGain=0.050000;maxSteps=400;transportModel=Metric_NullGeodesic;metricLaw=MetricLaw_CurrentEnvelope;effectiveMetricScalar=0.151000;sourcePatternSummary=mode=CrossXY|count=49|spacingX=4.500000|spacingY=4.500000|radius=0.600000|origin=(0,0,-12)|includeCenter=1|checksum=d2dc5d7f5c2ff5db8947386ab147590f02b7ac52680c9ddbf4171def12339e5d;sourcePatternMode=CrossXY;sourcePatternCount=49;sourceSpacingX=4.500000;sourceSpacingY=4.500000;sourceMarkerRadius=0.600000;probeN=16;absorbCount=4;absorbRate=0.250000;hitRate=0.000000;sourceHits=0;backgroundHits=0;detectorHits=0;absorbedHits=4;missHits=12;offscreenDetectorHits=0;noPlaneIntersect=12;closestApproachMean=0.254028;projectedRadiusMean=0.000000;deteToggles: AdaptiveSubsteps=0 SingleProbeSubdivide=0 BandHitSkip=0 RequireHit=0 StopOnHit=0 TerminateTrailOnHit=1 UpdateEveryFrame=1
[Cfg] Pass2SoftGateEnableQuickRayMiss=0 Pass2SoftGateScoringEnabled=1 Pass2SoftGateMinSegmentLength=0.1 Pass2SoftGateScoreThreshold=1 Pass2SoftGateScoreTurnAngleWeight=1 Pass2SoftGateScorePrevHitLostBonus=0.75 Pass2SoftGateRandomProbeChance=0.01 Pass2SoftGateScoreBudgetPerFrame=32 Pass2SoftGateMaxAttemptsPerPixel=2 Pass2SoftGateMaxAttemptsPerFrame=5000 Pass2SoftGateMaxSubdividedCallsPerFrame=10000 UpdateEveryFrame=1
ERROR: Space state is inaccessible right now, wait for iteration or physics process notification.
   at: space_get_direct_state (modules/godot_physics_3d/godot_physics_server_3d.cpp:194)
   C# backtrace (most recent call first):
       [0] Godot.GodotObject Godot.NativeCalls.godot_icall_0_53(nint, nint) (/root/godot/modules/mono/glue/GodotSharp/GodotSharp/Generated/NativeCalls.cs:466)
       [1] Godot.PhysicsDirectSpaceState3D Godot.World3D.GetDirectSpaceState() (/root/godot/modules/mono/glue/GodotSharp/GodotSharp/Generated/GodotObjects/World3D.cs:216)
       [2] Godot.PhysicsDirectSpaceState3D Godot.World3D.get_DirectSpaceState() (/root/godot/modules/mono/glue/GodotSharp/GodotSharp/Generated/GodotObjects/World3D.cs:99)
       [3] void GrinFilmCamera.RenderStep() (C:\godot\godot_xPRIMEray\GrinFilmCamera.cs:4305)
       [4] void RenderBackends.LegacyBackend.RenderFrame(RendererCore.SceneSnapshot.SceneSnapshot) (C:\godot\godot_xPRIMEray\RenderBackends\LegacyBackend.cs:20)
       [5] void GrinFilmCamera.RenderLegacyBackendTimed(RendererCore.SceneSnapshot.SceneSnapshot) (C:\godot\godot_xPRIMEray\GrinFilmCamera.cs:2149)
       [6] void GrinFilmCamera.RenderFrameBackend(double) (C:\godot\godot_xPRIMEray\GrinFilmCamera.cs:2141)
       [7] void GrinFilmCamera._Process(double) (C:\godot\godot_xPRIMEray\GrinFilmCamera.cs:2077)
       [8] bool Godot.Node.InvokeGodotClassMethod(Godot.NativeInterop.godot_string_name&, Godot.NativeInterop.NativeVariantPtrArgs, Godot.NativeInterop.godot_variant&) (/root/godot/modules/mono/glue/GodotSharp/GodotSharp/Generated/GodotObjects/Node.cs:2654)
       [9] bool GrinFilmCamera.InvokeGodotClassMethod(Godot.NativeInterop.godot_string_name&, Godot.NativeIn[BlackHoleFixture][Broadphase] enforcing policy=OverlapOnly mode=Policy
[BroadphaseEffective] mode=Policy policy=OverlapOnly quick=False overlap=True reason=policy
[RenderTest][MATRIX START] id=1773202332 runs=5 framesPerRun=300 warmup=30
[MATRIX START] runs=5 framesPerRun=300 warmup=30 scene=res://test-blackhole-minimal-metric.tscn
[RenderTest][RUN START] matrix=1773202332 idx=1/5 name=baseline_prune_off frames=300 warmup=30 prune=off
[RUN START] name=baseline_prune_off prune=off stride=off envScale=inherit aabbExpand=inherit updateEveryFrame=on
[RenderTestRunner][RaySearch] run=baseline_prune_off steps=600 minStep=0.001 maxStep=0.3 stepAdaptGain=0.05
[RenderTestRunner] Trust enforcement (mode=default): scaledFilm=80x45 minGeomPix=1024 minRayTests=4096 minP2=8 p2Every=8 rollingSec=10
[RenderHealth][StatsMode] scaledFilm=80x45 rowsPerStep=6 fullFrameEveryNSteps<=8
ance of an object.) (Object reference not set to an instance of an object.) (Object reference not set to an instance of an object.) (Object reference not set to an instance of an object.) (Object reference not set to an instance of an object.) (Object reference not set to an instance of an object.)
 ---> System.NullReferenceException: Object reference not set to an instance of an object.
   at RayBeamRenderer.BuildRaySegmentsCamera_Pass1(PhysicsDirectSpaceState3D space, PhysicsRayQueryParameters3D& quickRayParams, Camera3D cam, Single camPixelsPerRadian, Vector3 camPosSnapshot, Vector3 origin, Vector3 dir, Vector3 bendDir, Vector3 center, Single beta, Single gamma, FieldSourceSnap[] fieldSnaps, Boolean hasSources, Single maxDistance, RaySeg[] outSegs, Int32 outOffset, Int32 outCapacity, Plane insightPlane, Boolean useInsightPlane, Single insightEps, Boolean stopOnHit, Boolean pass1DoHitTest, Int32 pass1ProbeEveryNSegments, Single pass1ProbeMinTravelDelta, Pass1HitInfo& hitInfo, Boolean& stoppedEarly, Int32& hitSegIndex, Int32& stepsIntegrated, Int32& fieldEvals, Int32& pass1Raycasts, Int32& pass1ProbeHits, Int32& fieldGridHits, Int32& fieldGridMisses, Int32& fieldGridFallbacks, Int32& fieldSourceEvals, CurvatureBoundGrid curvatureGrid, FieldGrid3D fieldGrid) in C:\godot\godot_xPRIMEray\RayBeamRenderer.cs:line 2616
   at GrinFilmCamera.<>c__DisplayClass634_3.<RenderStep>b__31(Int32 pi, ParallelLoopState _, Pass1ThreadLocal local) in C:\godot\godot_xPRIMEray\GrinFilmCamera.cs:line 4777
   at System.Threading.Tasks.Parallel.<>c__DisplayClass19_0`2.<ForWorker>b__1(RangeWorker& currentWorker, Int64 timeout, Boolean& replicationDelegateYieldedBeforeCompletion)
--- End of stack trace from previous location ---
   at System.Threading.Tasks.Parallel.<>c__DisplayClass19_0`2.<ForWorker>b__1(RangeWorker& currentWorker, Int64 timeout, Boolean& replicationDelegateYieldedBeforeCompletion)
   at System.Threading.Tasks.TaskReplicator.Replica.Execute()
   --- End of inner exception stack trace ---
   at System.Threading.Tasks.TaskReplicator.Run[TState](ReplicatableUserAction`1 action, ParallelOptions options, Boolean stopOnFirstFailure)
   at System.Threading.Tasks.Parallel.ForWorker[TLocal,TInt](TInt fromInclusive, TInt toExclusive, ParallelOptions parallelOptions, Action`1 body, Action`2 bodyWithState, Func`4 bodyWithLocal, Func`1 localInit, Action`1 localFinally)
--- End of stack trace from previous location ---
   at System.Threading.Tasks.Parallel.ForWorker[TLocal,TInt](TInt fromInclusive, TInt toExclusive, ParallelOptions parallelOptions, Action`1 body, Action`2 bodyWithState, Func`4 bodyWithLocal, Func`1 localInit, Action`1 localFinally)
   at System.Threading.Tasks.Parallel.For[TLocal](Int32 fromInclusive, Int32 toExclusive, ParallelOptions parallelOptions, Func`1 localInit, Func`4 body, Action`1 localFinally)
   at GrinFilmCamera.RenderStep() in C:\godot\godot_xPRIMEray\GrinFilmCamera.cs:line 4723
   at RenderBackends.LegacyBackend.RenderFrame(SceneSnapshot snapshot) in C:\godot\godot_xPRIMEray\RenderBackends\LegacyBackend.cs:line 20
   at GrinFilmCamera.RenderLegacyBackendTimed(SceneSnapshot snapshot) in C:\godot\godot_xPRIMEray\GrinFilmCamera.cs:line 2149
   at GrinFilmCamera.RenderFrameBackend(Double delta) in C:\godot\godot_xPRIMEray\GrinFilmCamera.cs:line 2141
   at GrinFilmCamera._Process(Double delta) in C:\godot\godot_xPRIMEray\GrinFilmCamera.cs:line 2077
   at Godot.Node.InvokeGodotClassMethod(godot_string_name& method, NativeVariantPtrArgs args, godot_variant& ret) in /root/godot/modules/mono/glue/GodotSharp/GodotSharp/Generated/GodotObjects/Node.cs:line 2654
   at GrinFilmCamera.InvokeGodotClassMethod(godot_string_name& method, NativeVariantPtrArgs args, godot_variant& ret) in C:\godot\godot_xPRIMEray\.godot\mono\temp\obj\Debug\Godot.SourceGenerators\Godot.SourceGenerators.ScriptMethodsGenerator\GrinFilmCamera_ScriptMethods.generated.cs:line 1058
   at Godot.Bridge.CSharpInstanceBridge.Call(IntPtr godotObjectGCHandle, godot_string_name* method, godot_variant** args, Int32 argCount, godot_variant_call_error* refCallError, godot_variant* ret) in /root/godot/modules/mono/glue/GodotSharp/GodotSharp/Core/Bridge/CSharpInstanceBridge.cs:line 24
 ---> (Inner Exception #1) System.NullReferenceException: Object reference not set to an instance of an object.
   at RayBeamRenderer.BuildRaySegmentsCamera_Pass1(PhysicsDirectSpaceState3D space, PhysicsRayQueryParameters3D& quickRayParams, Camera3D cam, Single camPixelsPerRadian, Vector3 camPosSnapshot, Vector3 origin, Vector3 dir, Vector3 bendDir, Vector3 center, Single beta, Single gamma, FieldSourceSnap[] fieldSnaps, Boolean hasSources, Single maxDistance, RaySeg[] outSegs, Int32 outOffset, Int32 outCapacity, Plane insightPlane, Boolean useInsightPlane, Single insightEps, Boolean stopOnHit, Boolean pass1DoHitTest, Int32 pass1ProbeEveryNSegments, Single pass1ProbeMinTravelDelta, Pass1HitInfo& hitInfo, Boolean& stoppedEarly, Int32& hitSegIndex, Int32& stepsIntegrated, Int32& fieldEvals, Int32& pass1Raycasts, Int32& pass1ProbeHits, Int32& fieldGridHits, Int32& fieldGridMisses, Int32& fieldGridFallbacks, Int32& fieldSourceEvals, CurvatureBoundGrid curvatureGrid, FieldGrid3D fieldGrid) in C:\godot\godot_xPRIMEray\RayBeamRenderer.cs:line 2616
   at GrinFilmCamera.<>c__DisplayClass634_3.<RenderStep>b__31(Int32 pi, ParallelLoopState _, Pass1ThreadLocal local) in C:\godot\godot_xPRIMEray\GrinFilmCamera.cs:line 4777
   at System.Threading.Tasks.Parallel.<>c__DisplayClass19_0`2.<ForWorker>b__1(RangeWorker& currentWorker, Int64 timeout, Boolean& replicationDelegateYieldedBeforeCompletion)
--- End of stack trace from previous location ---
   at System.Threading.Tasks.Parallel.<>c__DisplayClass19_0`2.<ForWorker>b__1(RangeWorker& currentWorker, Int64 timeout, Boolean& replicationDelegateYieldedBeforeCompletion)
   at System.Threading.Tasks.TaskReplicator.Replica.Execute()<---

 ---> (Inner Exception #2) System.NullReferenceException: Object reference not set to an instance of an object.
   at RayBeamRenderer.BuildRaySegmentsCamera_Pass1(PhysicsDirectSpaceState3D space, PhysicsRayQueryParameters3D& quickRayParams, Camera3D cam, Single camPixelsPerRadian, Vector3 camPosSnapshot, Vector3 origin, Vector3 dir, Vector3 bendDir, Vector3 center, Single beta, Single gamma, FieldSourceSnap[] fieldSnaps, Boolean hasSources, Single maxDistance, RaySeg[] outSegs, Int32 outOffset, Int32 outCapacity, Plane insightPlane, Boolean useInsightPlane, Single insightEps, Boolean stopOnHit, Boolean pass1DoHitTest, Int32 pass1ProbeEveryNSegments, Single pass1ProbeMinTravelDelta, Pass1HitInfo& hitInfo, Boolean& stoppedEarly, Int32& hitSegIndex, Int32& stepsIntegrated, Int32& fieldEvals, Int32& pass1Raycasts, Int32& pass1ProbeHits, Int32& fieldGridHits, Int32& fieldGridMisses, Int32& fieldGridFallbacks, Int32& fieldSourceEvals, CurvatureBoundGrid curvatureGrid, FieldGrid3D fieldGrid) in C:\godot\godot_xPRIMEray\RayBeamRenderer.cs:line 2616
   at GrinFilmCamera.<>c__DisplayClass634_3.<RenderStep>b__31(Int32 pi, ParallelLoopState _, Pass1ThreadLocal local) in C:\godot\godot_xPRIMEray\GrinFilmCamera.cs:line 4777
   at System.Threading.Tasks.Parallel.<>c__DisplayClass19_0`2.<ForWorker>b__1(RangeWorker& currentWorker, Int64 timeout, Boolean& replicationDelegateYieldedBeforeCompletion)
--- End of stack trace from previous location ---
   at System.Threading.Tasks.Parallel.<>c__DisplayClass19_0`2.<ForWorker>b__1(RangeWorker& currentWorker, Int64 timeout, Boolean& replicationDelegateYieldedBeforeCompletion)
   at System.Threading.Tasks.TaskReplicator.Replica.Execute()<---

 ---> (Inner Exception #3) System.NullReferenceException: Object reference not set to an instance of an object.
   at RayBeamRenderer.BuildRaySegmentsCamera_Pass1(PhysicsDirectSpaceState3D space, PhysicsRayQueryParameters3D& quickRayParams, Camera3D cam, Single camPixelsPerRadian, Vector3 camPosSnapshot, Vector3 origin, Vector3 dir, Vector3 bendDir, Vector3 center, Single beta, Single gamma, FieldSourceSnap[] fieldSnaps, Boolean hasSources, Single maxDistance, RaySeg[] outSegs, Int32 outOffset, Int32 outCapacity, Plane insightPlane, Boolean useInsightPlane, Single insightEps, Boolean stopOnHit, Boolean pass1DoHitTest, Int32 pass1ProbeEveryNSegments, Single pass1ProbeMinTravelDelta, Pass1HitInfo& hitInfo, Boolean& stoppedEarly, Int32& hitSegIndex, Int32& stepsIntegrated, Int32& fieldEvals, Int32& pass1Raycasts, Int32& pass1ProbeHits, Int32& fieldGridHits, Int32& fieldGridMisses, Int32& fieldGridFallbacks, Int32& fieldSourceEvals, CurvatureBoundGrid curvatureGrid, FieldGrid3D fieldGrid) in C:\godot\godot_xPRIMEray\RayBeamRenderer.cs:line 2616
   at GrinFilmCamera.<>c__DisplayClass634_3.<RenderStep>b__31(Int32 pi, ParallelLoopState _, Pass1ThreadLocal local) in C:\godot\godot_xPRIMEray\GrinFilmCamera.cs:line 4777
   at System.Threading.Tasks.Parallel.<>c__DisplayClass19_0`2.<ForWorker>b__1(RangeWorker& currentWorker, Int64 timeout, Boolean& replicationDelegateYieldedBeforeCompletion)
--- End of stack trace from previous location ---
   at System.Threading.Tasks.Parallel.<>c__DisplayClass19_0`2.<ForWorker>b__1(RangeWorker& currentWorker, Int64 timeout, Boolean& replicationDelegateYieldedBeforeCompletion)
   at System.Threading.Tasks.TaskReplicator.Replica.Execute()<---

 ---> (Inner Exception #4) System.NullReferenceException: Object reference not set to an instance of an object.
   at RayBeamRenderer.BuildRaySegmentsCamera_Pass1(PhysicsDirectSpaceState3D space, PhysicsRayQueryParameters3D& quickRayParams, Camera3D cam, Single camPixelsPerRadian, Vector3 camPosSnapshot, Vector3 origin, Vector3 dir, Vector3 bendDir, Vector3 center, Single beta, Single gamma, FieldSourceSnap[] fieldSnaps, Boolean hasSources, Single maxDistance, RaySeg[] outSegs, Int32 outOffset, Int32 outCapacity, Plane insightPlane, Boolean useInsightPlane, Single insightEps, Boolean stopOnHit, Boolean pass1DoHitTest, Int32 pass1ProbeEveryNSegments, Single pass1ProbeMinTravelDelta, Pass1HitInfo& hitInfo, Boolean& stoppedEarly, Int32& hitSegIndex, Int32& stepsIntegrated, Int32& fieldEvals, Int32& pass1Raycasts, Int32& pass1ProbeHits, Int32& fieldGridHits, Int32& fieldGridMisses, Int32& fieldGridFallbacks, Int32& fieldSourceEvals, CurvatureBoundGrid curvatureGrid, FieldGrid3D fieldGrid) in C:\godot\godot_xPRIMEray\RayBeamRenderer.cs:line 2616
   at GrinFilmCamera.<>c__DisplayClass634_3.<RenderStep>b__31(Int32 pi, ParallelLoopState _, Pass1ThreadLocal local) in C:\godot\godot_xPRIMEray\GrinFilmCamera.cs:line 4777
   at System.Threading.Tasks.Parallel.<>c__DisplayClass19_0`2.<ForWorker>b__1(RangeWorker& currentWorker, Int64 timeout, Boolean& replicationDelegateYieldedBeforeCompletion)
--- End of stack trace from previous location ---
   at System.Threading.Tasks.Parallel.<>c__DisplayClass19_0`2.<ForWorker>b__1(RangeWorker& currentWorker, Int64 timeout, Boolean& replicationDelegateYieldedBeforeCompletion)
   at System.Threading.Tasks.TaskReplicator.Replica.Execute()<---

 ---> (Inner Exception #5) System.NullReferenceException: Object reference not set to an instance of an object.
   at RayBeamRenderer.BuildRaySegmentsCamera_Pass1(PhysicsDirectSpaceState3D space, PhysicsRayQueryParameters3D& quickRayParams, Camera3D cam, Single camPixelsPerRadian, Vector3 camPosSnapshot, Vector3 origin, Vector3 dir, Vector3 bendDir, Vector3 center, Single beta, Single gamma, FieldSourceSnap[] fieldSnaps, Boolean hasSources, Single maxDistance, RaySeg[] outSegs, Int32 outOffset, Int32 outCapacity, Plane insightPlane, Boolean useInsightPlane, Single insightEps, Boolean stopOnHit, Boolean pass1DoHitTest, Int32 pass1ProbeEveryNSegments, Single pass1ProbeMinTravelDelta, Pass1HitInfo& hitInfo, Boolean& stoppedEarly, Int32& hitSegIndex, Int32& stepsIntegrated, Int32& fieldEvals, Int32& pass1Raycasts, Int32& pass1ProbeHits, Int32& fieldGridHits, Int32& fieldGridMisses, Int32& fieldGridFallbacks, Int32& fieldSourceEvals, CurvatureBoundGrid curvatureGrid, FieldGrid3D fieldGrid) in C:\godot\godot_xPRIMEray\RayBeamRenderer.cs:line 2616
   at GrinFilmCamera.<>c__DisplayClass634_3.<RenderStep>b__31(Int32 pi, ParallelLoopState _, Pass1ThreadLocal local) in C:\godot\godot_xPRIMEray\GrinFilmCamera.cs:line 4777
   at System.Threading.Tasks.Parallel.<>c__DisplayClass19_0`2.<ForWorker>b__1(RangeWorker& currentWorker, Int64 timeout, Boolean& replicationDelegateYieldedBeforeCompletion)
--- End of stack trace from previous location ---
   at System.Threading.Tasks.Parallel.<>c__DisplayClass19_0`2.<ForWorker>b__1(RangeWorker& currentWorker, Int64 timeout, Boolean& replicationDelegateYieldedBeforeCompletion)
   at System.Threading.Tasks.TaskReplicator.Replica.Execute()<---

 ---> (Inner Exception #6) System.NullReferenceException: Object reference not set to an instance of an object.
   at RayBeamRenderer.BuildRaySegmentsCamera_Pass1(PhysicsDirectSpaceState3D space, PhysicsRayQueryParameters3D& quickRayParams, Camera3D cam, Single camPixelsPerRadian, Vector3 camPosSnapshot, Vector3 origin, Vector3 dir, Vector3 bendDir, Vector3 center, Single beta, Single gamma, FieldSourceSnap[] fieldSnaps, Boolean hasSources, Single maxDistance, RaySeg[] outSegs, Int32 outOffset, Int32 outCapacity, Plane insightPlane, Boolean useInsightPlane, Single insightEps, Boolean stopOnHit, Boolean pass1DoHitTest, Int32 pass1ProbeEveryNSegments, Single pass1ProbeMinTravelDelta, Pass1HitInfo& hitInfo, Boolean& stoppedEarly, Int32& hitSegIndex, Int32& stepsIntegrated, Int32& fieldEvals, Int32& pass1Raycasts, Int32& pass1ProbeHits, Int32& fieldGridHits, Int32& fieldGridMisses, Int32& fieldGridFallbacks, Int32& fieldSourceEvals, CurvatureBoundGrid curvatureGrid, FieldGrid3D fieldGrid) in C:\godot\godot_xPRIMEray\RayBeamRenderer.cs:line 2616
   at GrinFilmCamera.<>c__DisplayClass634_3.<RenderStep>b__31(Int32 pi, ParallelLoopState _, Pass1ThreadLocal local) in C:\godot\godot_xPRIMEray\GrinFilmCamera.cs:line 4777
   at System.Threading.Tasks.Parallel.<>c__DisplayClass19_0`2.<ForWorker>b__1(RangeWorker& currentWorker, Int64 timeout, Boolean& replicationDelegateYieldedBeforeCompletion)
--- End of stack trace from previous location ---
   at System.Threading.Tasks.Parallel.<>c__DisplayClass19_0`2.<ForWorker>b__1(RangeWorker& currentWorker, Int64 timeout, Boolean& replicationDelegateYieldedBeforeCompletion)
   at System.Threading.Tasks.TaskReplicator.Replica.Execute()<---

 ---> (Inner Exception #7) System.NullReferenceException: Object reference not set to an instance of an object.
   at RayBeamRenderer.BuildRaySegmentsCamera_Pass1(PhysicsDirectSpaceState3D space, PhysicsRayQueryParameters3D& quickRayParams, Camera3D cam, Single camPixelsPerRadian, Vector3 camPosSnapshot, Vector3 origin, Vector3 dir, Vector3 bendDir, Vector3 center, Single beta, Single gamma, FieldSourceSnap[] fieldSnaps, Boolean hasSources, Single maxDistance, RaySeg[] outSegs, Int32 outOffset, Int32 outCapacity, Plane insightPlane, Boolean useInsightPlane, Single insightEps, Boolean stopOnHit, Boolean pass1DoHitTest, Int32 pass1ProbeEveryNSegments, Single pass1ProbeMinTravelDelta, Pass1HitInfo& hitInfo, Boolean& stoppedEarly, Int32& hitSegIndex, Int32& stepsIntegrated, Int32& fieldEvals, Int32& pass1Raycasts, Int32& pass1ProbeHits, Int32& fieldGridHits, Int32& fieldGridMisses, Int32& fieldGridFallbacks, Int32& fieldSourceEvals, CurvatureBoundGrid curvatureGrid, FieldGrid3D fieldGrid) in C:\godot\godot_xPRIMEray\RayBeamRenderer.cs:line 2616
   at GrinFilmCamera.<>c__DisplayClass634_3.<RenderStep>b__31(Int32 pi, ParallelLoopState _, Pass1ThreadLocal local) in C:\godot\godot_xPRIMEray\GrinFilmCamera.cs:line 4777
   at System.Threading.Tasks.Parallel.<>c__DisplayClass19_0`2.<ForWorker>b__1(RangeWorker& currentWorker, Int64 timeout, Boolean& replicationDelegateYieldedBeforeCompletion)
--- End of stack trace from previous location ---
   at System.Threading.Tasks.Parallel.<>c__DisplayClass19_0`2.<ForWorker>b__1(RangeWorker& currentWorker, Int64 timeout, Boolean& replicationDelegateYieldedBeforeCompletion)
   at System.Threading.Tasks.TaskReplicator.Replica.Execute()<---

   at: void Godot.NativeInterop.ExceptionUtils.LogException(System.Exception) (/root/godot/modules/mono/glue/GodotSharp/GodotSharp/Core/NativeInterop/ExceptionUtils.cs:113)
   C# backtrace (most recent call first):
       [0] void Godot.GD.PushError(string) (/root/godot/modules/mono/glue/GodotSharp/GodotSharp/Core/GD.cs:366)
       [1] void Godot.NativeInterop.ExceptionUtils.LogException(System.Exception) (/root/godot/modules/mono/glue/GodotSharp/GodotSharp/Core/NativeInterop/ExceptionUtils.cs:113)
       [2] Godot.NativeInterop.godot_bool Godot.Bridge.CSharpInstanceBridge.Call(nint, Godot.NativeInterop.godot_string_name*, Godot.NativeInterop.godot_variant**, int, Godot.NativeInterop.godot_variant_call_error*, Godot.NativeInterop.godot_variant*) (/root/godot/modules/mono/glue/GodotSharp/GodotSharp/Core/Bridge/CSharpInstanceBridge.cs:24)
ERROR: Space state is inaccessible right now, wait for iteration or physics process notification.
   at: space_get_direct_state (modules/godot_physics_3d/godot_physics_server_3d.cpp:194)
   C# backtrace (most recent call first):
       [0] Godot.GodotObject Godot.NativeCalls.godot_icall_0_53(nint, nint) (/root/godot/modules/mono/glue/GodotSharp/GodotSharp/Generated/NativeCalls.cs:466)
       [1] Godot.PhysicsDirectSpaceState3D Godot.World3D.GetDirectSpaceState() (/root/godot/modules/mono/glue/GodotSharp/GodotSharp/Generated/GodotObjects/World3D.cs:216)
       [2] Godot.PhysicsDirectSpaceState3D Godot.World3D.get_DirectSpaceState() (/root/godot/modules/mono/glue/GodotSharp/GodotSharp/Generated/GodotObjects/World3D.cs:99)
       [3] void GrinFilmCamera.RenderStep() (C:\godot\godot_xPRIMEray\GrinFilmCamera.cs:4305)
       [4] void RenderBackends.LegacyBackend.RenderFrame(RendererCore.SceneSnapshot.SceneSnapshot) (C:\godot\godot_xPRIMEray\RenderBackends\LegacyBackend.cs:20)
       [5] void GrinFilmCamera.RenderLegacyBackendTimed(RendererCore.SceneSnapshot.SceneSnapshot) (C:\godot\godot_xPRIMEray\GrinFilmCamera.cs:2149)
       [6] void GrinFilmCamera.RenderFrameBackend(double) (C:\godot\godot_xPRIMEray\GrinFilmCamera.cs:2141)
       [7] void GrinFilmCamera._Process(double) (C:\godot\godot_xPRIMEray\GrinFilmCamera.cs:2077)
       [8] bool Godot.Node.InvokeGodotClassMethod(Godot.NativeInterop.godot_string_name&, Godot.NativeInterop.NativeVariantPtrArgs, Godot.NativeInterop.godot_variant&) (/root/godot/modules/mono/glue/GodotSharp/GodotSharp/Generated/GodotObjects/Node.cs:2654)
       [9] bool GrinFilmCamera.InvokeGodotClassMethod(Godot.NativeInterop.godot_string_name&, Godot.NativeInterop.NativeVariantPtrArgs, Godot.NativeInterop.godot_variant&) (C:\godot\godot_xPRIMEray\.godot\mono\temp\obj\Debug\Godot.SourceGenerators\Godot.SourceGenerators.ScriptMethodsGenerator\GrinFilmCamera_ScriptMethods.generated.cs:1058)
       [10] Godot.NativeInterop.godot_bool Godot.Bridge.CSharpInstanceBridge.Call(nint, Godot.NativeInterop.godot_string_name*, Godot.NativeInterop.godot_variant**, int, Godot.NativeInterop.godot_variant_call_error*, Godot.NativeInterop.godot_variant*) (/root/godot/modules/mono/glue/GodotSharp/GodotSharp/Core/Bridge/CSharpInstanceBridge.cs:24)
ERROR: System.AggregateException: One or more errors occurred. (Object reference not set to an instance of an object.) (Object reference not set to an instance of an object.) (Object reference not set to an instance of an object.) (Object reference not set to an instance of an object.)
 ---> System.NullReferenceException: Object reference not set to an instance of an object.
   at RayBeamRenderer.BuildRaySegmentsCamera_Pass1(PhysicsDirectSpaceState3D space, PhysicsRayQueryParameters3D& quickRayParams, Camera3D cam, Single camPixelsPerRadian, Vector3 camPosSnapshot, Vector3 origin, Vector3 dir, Vector3 bendDir, Vector3 center, Single beta, Single gamma, FieldSourceSnap[] fieldSnaps, Boolean hasSources, Single maxDistance, RaySeg[] outSegs, Int32 outOffset, Int32 outCapacity, Plane insightPlane, Boolean useInsightPlane, Single insightEps, Boolean stopOnHit, Boolean pass1DoHitTest, Int32 pass1ProbeEveryNSegments, Single pass1ProbeMinTravelDelta, Pass1HitInfo& hitInfo, Boolean& stoppedEarly, Int32& hitSegIndex, Int32& stepsIntegrated, Int32& fieldEvals, Int32& pass1Raycasts, Int32& pass1ProbeHits, Int32& fieldGridHits, Int32& fieldGridMisses, Int32& fieldGridFallbacks, Int32& fieldSourceEvals, CurvatureBoundGrid curvatureGrid, FieldGrid3D fieldGrid) in C:\godot\godot_xPRIMEray\RayBeamRenderer.cs:line 2616
   at GrinFilmCamera.<>c__DisplayClass634_3.<RenderStep>b__31(Int32 pi, ParallelLoopState _, Pass1ThreadLocal local) in C:\godot\godot_xPRIMEray\GrinFilmCamera.cs:line 4777
   at System.Threading.Tasks.Parallel.<>c__DisplayClass19_0`2.<ForWorker>b__1(RangeWorker& currentWorker, Int64 timeout, Boolean& replicationDelegateYieldedBeforeCompletion)
--- End of stack trace from previous location ---
   at System.Threading.Tasks.Parallel.<>c__DisplayClass19_0`2.<ForWorker>b__1(RangeWorker& currentWorker, Int64 timeout, Boolean& replicationDelegateYieldedBeforeCompletion)
   at System.Threading.Tasks.TaskReplicator.Replica.Execute()
   --- End of inner exception stack trace ---
   at System.Threading.Tasks.TaskReplicator.Run[TState](ReplicatableUserAction`1 action, ParallelOptions options, Boolean stopOnFirstFailure)
   at System.Threading.Tasks.Parallel.ForWorker[TLocal,TInt](TInt fromInclusive, TInt toExclusive, ParallelOptions parallelOptions, Action`1 body, Action`2 bodyWithState, Func`4 bodyWithLocal, Func`1 localInit, Action`1 localFinally)
--- End of stack trace from previous location ---
   at System.Threading.Tasks.Parallel.ForWorker[TLocal,TInt](TInt fromInclusive, TInt toExclusive, ParallelOptions parallelOptions, Action`1 body, Action`2 bodyWithState, Func`4 bodyWithLocal, Func`1 localInit, Action`1 localFinally)
   at System.Threading.Tasks.Parallel.For[TLocal](Int32 fromInclusive, Int32 toExclusive, ParallelOptions parallelOptions, Func`1 localInit, Func`4 body, Action`1 localFinally)
   at GrinFilmCamera.RenderStep() in C:\godot\godot_xPRIMEray\GrinFilmCamera.cs:line 4723
   at RenderBackends.LegacyBackend.RenderFrame(SceneSnapshot snapshot) in C:\godot\godot_xPRIMEray\RenderBackends\LegacyBackend.cs:line 20
   at GrinFilmCamera.RenderLegacyBackendTimed(SceneSnapshot snapshot) in C:\godot\godot_xPRIMEray\GrinFilmCamera.cs:line 2149
   at GrinFilmCamera.RenderFrameBackend(Double delta) in C:\godot\godot_xPRIMEray\GrinFilmCamera.cs:line 2141
   at GrinFilmCamera._Process(Double delta) in C:\godot\godot_xPRIMEray\GrinFilmCamera.cs:line 2077
   at Godot.Node.InvokeGodotClassMethod(godot_string_name& method, NativeVariantPtrArgs args, godot_variant& ret) in /root/godot/modules/mono/glue/GodotSharp/GodotSharp/Generated/GodotObjects/Node.cs:line 2654
   at GrinFilmCamera.InvokeGodotClassMethod(godot_string_name& method, NativeVariantPtrArgs args, godot_variant& ret) in C:\godot\godot_xPRIMEray\.godot\mono\temp\obj\Debug\Godot.SourceGenerators\Godot.SourceGenerators.ScriptMethodsGenerator\GrinFilmCamera_ScriptMethods.generated.cs:line 1058
   at Godot.Bridge.CSharpInstanceBridge.Call(IntPtr godotObjectGCHandle, godot_string_name* method, godot_variant** args, Int32 argCount, godot_variant_call_error* refCallError, godot_variant* ret) in /root/godot/modules/mono/glue/GodotSharp/GodotSharp/Core/Bridge/CSharpInstanceBridge.cs:line 24
 ---> (Inner Exception #1) System.NullReferenceException: Object reference not set to an instance of an object.
   at RayBeamRenderer.BuildRaySegmentsCamera_Pass1(PhysicsDirectSpaceState3D space, PhysicsRayQueryParameters3D& quickRayParams, Camera3D cam, Single camPixelsPerRadian, Vector3 camPosSnapshot, Vector3 origin, Vector3 dir, Vector3 bendDir, Vector3 center, Single beta, Single gamma, FieldSourceSnap[] fieldSnaps, Boolean hasSources, Single maxDistance, RaySeg[] outSegs, Int32 outOffset, Int32 outCapacity, Plane insightPlane, Boolean useInsightPlane, Single insightEps, Boolean stopOnHit, Boolean pass1DoHitTest, Int32 pass1ProbeEveryNSegments, Single pass1ProbeMinTravelDelta, Pass1HitInfo& hitInfo, Boolean& stoppedEarly, Int32& hitSegIndex, Int32& stepsIntegrated, Int32& fieldEvals, Int32& pass1Raycasts, Int32& pass1ProbeHits, Int32& fieldGridHits, Int32& fieldGridMisses, Int32& fieldGridFallbacks, Int32& fieldSourceEvals, CurvatureBoundGrid curvatureGrid, FieldGrid3D fieldGrid) in C:\godot\godot_xPRIMEray\RayBeamRenderer.cs:line 2616
   at GrinFilmCamera.<>c__DisplayClass634_3.<RenderStep>b__31(Int32 pi, ParallelLoopState _, Pass1ThreadLocal local) in C:\godot\godot_xPRIMEray\GrinFilmCamera.cs:line 4777
   at System.Threading.Tasks.Parallel.<>c__DisplayClass19_0`2.<ForWorker>b__1(RangeWorker& currentWorker, Int64 timeout, Boolean& replicationDelegateYieldedBeforeCompletion)
--- End of stack trace from previous location ---
   at System.Threading.Tasks.Parallel.<>c__DisplayClass19_0`2.<ForWorker>b__1(RangeWorker& currentWorker, Int64 timeout, Boolean& replicationDelegateYieldedBeforeCompletion)
   at System.Threading.Tasks.TaskReplicator.Replica.Execute()<---

 ---> (Inner Exception #2) System.NullReferenceException: Object reference not set to an instance of an object.
   at RayBeamRenderer.BuildRaySegmentsCamera_Pass1(PhysicsDirectSpaceState3D space, PhysicsRayQueryParameters3D& quickRayParams, Camera3D cam, Single camPixelsPerRadian, Vector3 camPosSnapshot, Vector3 origin, Vector3 dir, Vector3 bendDir, Vector3 center, Single beta, Single gamma, FieldSourceSnap[] fieldSnaps, Boolean hasSources, Single maxDistance, RaySeg[] outSegs, Int32 outOffset, Int32 outCapacity, Plane insightPlane, Boolean useInsightPlane, Single insightEps, Boolean stopOnHit, Boolean pass1DoHitTest, Int32 pass1ProbeEveryNSegments, Single pass1ProbeMinTravelDelta, Pass1HitInfo& hitInfo, Boolean& stoppedEarly, Int32& hitSegIndex, Int32& stepsIntegrated, Int32& fieldEvals, Int32& pass1Raycasts, Int32& pass1ProbeHits, Int32& fieldGridHits, Int32& fieldGridMisses, Int32& fieldGridFallbacks, Int32& fieldSourceEvals, CurvatureBoundGrid curvatureGrid, FieldGrid3D fieldGrid) in C:\godot\godot_xPRIMEray\RayBeamRenderer.cs:line 2616
   at GrinFilmCamera.<>c__DisplayClass634_3.<RenderStep>b__31(Int32 pi, ParallelLoopState _, Pass1ThreadLocal local) in C:\godot\godot_xPRIMEray\GrinFilmCamera.cs:line 4777
   at System.Threading.Tasks.Parallel.<>c__DisplayClass19_0`2.<ForWorker>b__1(RangeWorker& currentWorker, Int64 timeout, Boolean& replicationDelegateYieldedBeforeCompletion)
--- End of stack trace from previous location ---
   at System.Threading.Tasks.Parallel.<>c__DisplayClass19_0`2.<ForWorker>b__1(RangeWorker& currentWorker, Int64 timeout, Boolean& replicationDelegateYieldedBeforeCompletion)
   at System.Threading.Tasks.TaskReplicator.Replica.Execute()<---

 ---> (Inner Exception #3) System.NullReferenceException: Object reference not set to an instance of an object.
   at RayBeamRenderer.BuildRaySegmentsCamera_Pass1(PhysicsDirectSpaceState3D space, PhysicsRayQueryParameters3D& quickRayParams, Camera3D cam, Single camPixelsPerRadian, Vector3 camPosSnapshot, Vector3 origin, Vector3 dir, Vector3 bendDir, Vector3 center, Single beta, Single gamma, FieldSourceSnap[] fieldSnaps, Boolean hasSources, Single maxDistance, RaySeg[] outSegs, Int32 outOffset, Int32 outCapacity, Plane insightPlane, Boolean useInsightPlane, Single insightEps, Boolean stopOnHit, Boolean pass1DoHitTest, Int32 pass1ProbeEveryNSegments, Single pass1ProbeMinTravelDelta, Pass1HitInfo& hitInfo, Boolean& stoppedEarly, Int32& hitSegIndex, Int32& stepsIntegrated, Int32& fieldEvals, Int32& pass1Raycasts, Int32& pass1ProbeHits, Int32& fieldGridHits, Int32& fieldGridMisses, Int32& fieldGridFallbacks, Int32& fieldSourceEvals, CurvatureBoundGrid curvatureGrid, FieldGrid3D fieldGrid) in C:\godot\godot_xPRIMEray\RayBeamRenderer.cs:line 2616
   at GrinFilmCamera.<>c__DisplayClass634_3.<RenderStep>b__31(Int32 pi, ParallelLoopState _, Pass1ThreadLocal local) in C:\godot\godot_xPRIMEray\GrinFilmCamera.cs:line 4777
   at System.Threading.Tasks.Parallel.<>c__DisplayClass19_0`2.<ForWorker>b__1(RangeWorker& currentWorker, Int64 timeout, Boolean& replicationDelegateYieldedBeforeCompletion)
--- End of stack trace from previous location ---
   at System.Threading.Tasks.Parallel.<>c__DisplayClass19_0`2.<ForWorker>b__1(RangeWorker& currentWorker, Int64 timeout, Boolean& replicationDelegateYieldedBeforeCompletion)
   at System.Threading.Tasks.TaskReplicator.Replica.Execute()<---

   at: void Godot.NativeInterop.ExceptionUtils.LogException(System.Exception) (/root/godot/modules/mono/glue/GodotSharp/GodotSharp/Core/NativeInterop/ExceptionUtils.cs:113)
   C# backtrace (most recent call first):
       [0] void Godot.GD.PushError(string) (/root/godot/modules/mono/glue/GodotSharp/GodotSharp/Core/GD.cs:366)
       [1] void Godot.NativeInterop.ExceptionUtils.LogException(System.Exception) (/root/godot/modules/mono/glue/GodotSharp/GodotSharp/Core/NativeInterop/ExceptionUtils.cs:113)
       [2] Godot.NativeInterop.godot_bool Godot.Bridge.CSharpInstanceBridge.Call(nint, Godot.NativeInterop.godot_string_name*, Godot.NativeInterop.godot_variant**, int, Godot.NativeInterop.godot_variant_call_error*, Godot.NativeInterop.godot_variant*) (/root/godot/modules/mono/glue/GodotSharp/GodotSharp/Core/Bridge/CSharpInstanceBridge.cs:24)
ERROR: Space state is inaccessible right now, wait for iteration or physics process notification.
   at: space_get_direct_state (modules/godot_physics_3d/godot_physics_server_3d.cpp:194)
   C# backtrace (most recent call first):
       [0] Godot.GodotObject Godot.NativeCalls.godot_icall_0_53(nint, nint) (/root/godot/modules/mono/glue/GodotSharp/GodotSharp/Generated/NativeCalls.cs:466)
       [1] Godot.PhysicsDirectSpaceState3D Godot.World3D.GetDirectSpaceState() (/root/godot/modules/mono/glue/GodotSharp/GodotSharp/Generated/GodotObjects/World3D.cs:216)
       [2] Godot.PhysicsDirectSpaceState3D Godot.World3D.get_DirectSpaceState() (/root/godot/modules/mono/glue/GodotSharp/GodotSharp/Generated/GodotObjects/World3D.cs:99)
       [3] void GrinFilmCamera.RenderStep() (C:\godot\godot_xPRIMEray\GrinFilmCamera.cs:4305)
       [4] void RenderBackends.LegacyBackend.RenderFrame(RendererCore.SceneSnapshot.SceneSnapshot) (C:\godot\godot_xPRIMEray\RenderBackends\LegacyBackend.cs:20)
       [5] void GrinFilmCamera.RenderLegacyBackendTimed(RendererCore.SceneSnapshot.SceneSnapshot) (C:\godot\godot_xPRIMEray\GrinFilmCamera.cs:2149)
       [6] void GrinFilmCamera.RenderFrameBackend(double) (C:\godot\godot_xPRIMEray\GrinFilmCamera.cs:2141)
       [7] void GrinFilmCamera._Process(double) (C:\godot\godot_xPRIMEray\GrinFilmCamera.cs:2077)
       [8] bool Godot.Node.InvokeGodotClassMethod(Godot.NativeInterop.godot_string_name&, Godot.NativeInterop.NativeVariantPtrArgs, Godot.NativeInterop.godot_variant&) (/root/godot/modules/mono/glue/GodotSharp/GodotSharp/Generated/GodotObjects/Node.cs:2654)
       [9] bool GrinFilmCamera.InvokeGodotClassMethod(Godot.NativeInterop.godot_string_name&, Godot.NativeInterop.NativeVariantPtrArgs, Godot.NativeInterop.godot_variant&) (C:\godot\godot_xPRIMEray\.godot\mono\temp\obj\Debug\Godot.SourceGenerators\Godot.SourceGenerators.ScriptMethodsGenerator\GrinFilmCamera_ScriptMethods.generated.cs:1058)
       [10] Godot.NativeInterop.godot_bool Godot.Bridge.CSharpInstanceBridge.Call(nint, Godot.NativeInterop.godot_string_name*, Godot.NativeInterop.godot_variant**, int, Godot.NativeInterop.godot_variant_call_error*, Godot.NativeInterop.godot_variant*) (/root/godot/modules/mono/glue/GodotSharp/GodotSharp/Core/Bridge/CSharpInstanceBridge.cs:24)
ERROR: System.AggregateException: One or more errors occurred. (Object reference not set to an instance of an object.) (Object reference not set to an instance of an object.) (Object reference not set to an instance of an object.)
 ---> System.NullReferenceException: Object reference not set to an instance of an object.
   at RayBeamRenderer.BuildRaySegmentsCamera_Pass1(PhysicsDirectSpaceState3D space, PhysicsRayQueryParameters3D& quickRayParams, Camera3D cam, Single camPixelsPerRadian, Vector3 camPosSnapshot, Vector3 origin, Vector3 dir, Vector3 bendDir, Vector3 center, Single beta, Single gamma, FieldSourceSnap[] fieldSnaps, Boolean hasSources, Single maxDistance, RaySeg[] outSegs, Int32 outOffset, Int32 outCapacity, Plane insightPlane, Boolean useInsightPlane, Single insightEps, Boolean stopOnHit, Boolean pass1DoHitTest, Int32 pass1ProbeEveryNSegments, Single pass1ProbeMinTravelDelta, Pass1HitInfo& hitInfo, Boolean& stoppedEarly, Int32& hitSegIndex, Int32& stepsIntegrated, Int32& fieldEvals, Int32& pass1Raycasts, Int32& pass1ProbeHits, Int32& fieldGridHits, Int32& fieldGridMisses, Int32& fieldGridFallbacks, Int32& fieldSourceEvals, CurvatureBoundGrid curvatureGrid, FieldGrid3D fieldGrid) in C:\godot\godot_xPRIMEray\RayBeamRenderer.cs:line 2616
   at GrinFilmCamera.<>c__DisplayClass634_3.<RenderStep>b__31(Int32 pi, ParallelLoopState _, Pass1ThreadLocal local) in C:\godot\godot_xPRIMEray\GrinFilmCamera.cs:line 4777
   at System.Threading.Tasks.Parallel.<>c__DisplayClass19_0`2.<ForWorker>b__1(RangeWorker& currentWorker, Int64 timeout, Boolean& replicationDelegateYieldedBeforeCompletion)
--- End of stack trace from previous location ---
   at System.Threading.Tasks.Parallel.<>c__DisplayClass19_0`2.<ForWorker>b__1(RangeWorker& currentWorker, Int64 timeout, Boolean& replicationDelegateYieldedBeforeCompletion)
   at System.Threading.Tasks.TaskReplicator.Replica.Execute()
   --- End of inner exception stack trace ---
   at System.Threading.Tasks.TaskReplicator.Run[TState](ReplicatableUserAction`1 action, ParallelOptions options, Boolean stopOnFirstFailure)
   at System.Threading.Tasks.Parallel.ForWorker[TLocal,TInt](TInt fromInclusive, TInt toExclusive, ParallelOptions parallelOptions, Action`1 body, Action`2 bodyWithState, Func`4 bodyWithLocal, Func`1 localInit, Action`1 localFinally)
--- End of stack trace from previous location ---
   at System.Threading.Tasks.Parallel.ForWorker[TLocal,TInt](TInt fromInclusive, TInt toExclusive, ParallelOptions parallelOptions, Action`1 body, Action`2 bodyWithState, Func`4 bodyWithLocal, Func`1 localInit, Action`1 localFinally)
   at System.Threading.Tasks.Parallel.For[TLocal](Int32 fromInclusive, Int32 toExclusive, ParallelOptions parallelOptions, Func`1 localInit, Func`4 body, Action`1 localFinally)
   at GrinFilmCamera.RenderStep() in C:\godot\godot_xPRIMEray\GrinFilmCamera.cs:line 4723
   at RenderBackends.LegacyBackend.RenderFrame(SceneSnapshot snapshot) in C:\godot\godot_xPRIMEray\RenderBackends\LegacyBackend.cs:line 20
   at GrinFilmCamera.RenderLegacyBackendTimed(SceneSnapshot snapshot) in C:\godot\godot_xPRIMEray\GrinFilmCamera.cs:line 2149
   at GrinFilmCamera.RenderFrameBackend(Double delta) in C:\godot\godot_xPRIMEray\GrinFilmCamera.cs:line 2141
   at GrinFilmCamera._Process(Double delta) in C:\godot\godot_xPRIMEray\GrinFilmCamera.cs:line 2077
   at Godot.Node.InvokeGodotClassMethod(godot_string_name& method, NativeVariantPtrArgs args, godot_variant& ret) in /root/godot/modules/mono/glue/GodotSharp/GodotSharp/Generated/GodotObjects/Node.cs:line 2654
   at GrinFilmCamera.InvokeGodotClassMethod(godot_string_name& method, NativeVariantPtrArgs args, godot_variant& ret) in C:\godot\godot_xPRIMEray\.godot\mono\temp\obj\Debug\Godot.SourceGenerators\Godot.SourceGenerators.ScriptMethodsGenerator\GrinFilmCamera_ScriptMethods.generated.cs:line 1058
   at Godot.Bridge.CSharpInstanceBridge.Call(IntPtr godotObjectGCHandle, godot_string_name* method, godot_variant** args, Int32 argCount, godot_variant_call_error* refCallError, godot_variant* ret) in /root/godot/modules/mono/glue/GodotSharp/GodotSharp/Core/Bridge/CSharpInstanceBridge.cs:line 24
 ---> (Inner Exception #1) System.NullReferenceException: Object reference not set to an instance of an object.
   at RayBeamRenderer.BuildRaySegmentsCamera_Pass1(PhysicsDirectSpaceState3D space, PhysicsRayQueryParameters3D& quickRayParams, Camera3D cam, Single camPixelsPerRadian, Vector3 camPosSnapshot, Vector3 origin, Vector3 dir, Vector3 bendDir, Vector3 center, Single beta, Single gamma, FieldSourceSnap[] fieldSnaps, Boolean hasSources, Single maxDistance, RaySeg[] outSegs, Int32 outOffset, Int32 outCapacity, Plane insightPlane, Boolean useInsightPlane, Single insightEps, Boolean stopOnHit, Boolean pass1DoHitTest, Int32 pass1ProbeEveryNSegments, Single pass1ProbeMinTravelDelta, Pass1HitInfo& hitInfo, Boolean& stoppedEarly, Int32& hitSegIndex, Int32& stepsIntegrated, Int32& fieldEvals, Int32& pass1Raycasts, Int32& pass1ProbeHits, Int32& fieldGridHits, Int32& fieldGridMisses, Int32& fieldGridFallbacks, Int32& fieldSourceEvals, CurvatureBoundGrid curvatureGrid, FieldGrid3D fieldGrid) in C:\godot\godot_xPRIMEray\RayBeamRenderer.cs:line 2616
   at GrinFilmCamera.<>c__DisplayClass634_3.<RenderStep>b__31(Int32 pi, ParallelLoopState _, Pass1ThreadLocal local) in C:\godot\godot_xPRIMEray\GrinFilmCamera.cs:line 4777
   at System.Threading.Tasks.Parallel.<>c__DisplayClass19_0`2.<ForWorker>b__1(RangeWorker& currentWorker, Int64 timeout, Boolean& replicationDelegateYieldedBeforeCompletion)
--- End of stack trace from previous location ---
   at System.Threading.Tasks.Parallel.<>c__DisplayClass19_0`2.<ForWorker>b__1(RangeWorker& currentWorker, Int64 timeout, Boolean& replicationDelegateYieldedBeforeCompletion)
   at System.Threading.Tasks.TaskReplicator.Replica.Execute()<---

 ---> (Inner Exception #2) System.NullReferenceException: Object reference not set to an instance of an object.
   at RayBeamRenderer.BuildRaySegmentsCamera_Pass1(PhysicsDirectSpaceState3D space, PhysicsRayQueryParameters3D& quickRayParams, Camera3D cam, Single camPixelsPerRadian, Vector3 camPosSnapshot, Vector3 origin, Vector3 dir, Vector3 bendDir, Vector3 center, Single beta, Single gamma, FieldSourceSnap[] fieldSnaps, Boolean hasSources, Single maxDistance, RaySeg[] outSegs, Int32 outOffset, Int32 outCapacity, Plane insightPlane, Boolean useInsightPlane, Single insightEps, Boolean stopOnHit, Boolean pass1DoHitTest, Int32 pass1ProbeEveryNSegments, Single pass1ProbeMinTravelDelta, Pass1HitInfo& hitInfo, Boolean& stoppedEarly, Int32& hitSegIndex, Int32& stepsIntegrated, Int32& fieldEvals, Int32& pass1Raycasts, Int32& pass1ProbeHits, Int32& fieldGridHits, Int32& fieldGridMisses, Int32& fieldGridFallbacks, Int32& fieldSourceEvals, CurvatureBoundGrid curvatureGrid, FieldGrid3D fieldGrid) in C:\godot\godot_xPRIMEray\RayBeamRenderer.cs:line 2616
   at GrinFilmCamera.<>c__DisplayClass634_3.<RenderStep>b__31(Int32 pi, ParallelLoopState _, Pass1ThreadLocal local) in C:\godot\godot_xPRIMEray\GrinFilmCamera.cs:line 4777
   at System.Threading.Tasks.Parallel.<>c__DisplayClass19_0`2.<ForWorker>b__1(RangeWorker& currentWorker, Int64 timeout, Boolean& replicationDelegateYieldedBeforeCompletion)
--- End of stack trace from previous location ---
   at System.Threading.Tasks.Parallel.<>c__DisplayClass19_0`2.<ForWorker>b__1(RangeWorker& currentWorker, Int64 timeout, Boolean& replicationDelegateYieldedBeforeCompletion)
   at System.Threading.Tasks.TaskReplicator.Replica.Execute()<---

   at: void Godot.NativeInterop.ExceptionUtils.LogException(System.Exception) (/root/godot/modules/mono/glue/GodotSharp/GodotSharp/Core/NativeInterop/ExceptionUtils.cs:113)
   C# backtrace (most recent call first):
       [0] void Godot.GD.PushError(string) (/root/godot/modules/mono/glue/GodotSharp/GodotSharp/Core/GD.cs:366)
       [1] void Godot.NativeInterop.ExceptionUtils.LogException(System.Exception) (/root/godot/modules/mono/glue/GodotSharp/GodotSharp/Core/NativeInterop/ExceptionUtils.cs:113)
       [2] Godot.NativeInterop.godot_bool Godot.Bridge.CSharpInstanceBridge.Call(nint, Godot.NativeInterop.godot_string_name*, Godot.NativeInterop.godot_variant**, int, Godot.NativeInterop.godot_variant_call_error*, Godot.NativeInterop.godot_variant*) (/root/godot/modules/mono/glue/GodotSharp/GodotSharp/Core/Bridge/CSharpInstanceBridge.cs:24)
ERROR: Space state is inaccessible right now, wait for iteration or physics process notification.
   at: space_get_direct_state (modules/godot_physics_3d/godot_physics_server_3d.cpp:194)
   C# backtrace (most recent call first):
       [0] Godot.GodotObject Godot.NativeCalls.godot_icall_0_53(nint, nint) (/root/godot/modules/mono/glue/GodotSharp/GodotSharp/Generated/NativeCalls.cs:466)
       [1] Godot.PhysicsDirectSpaceState3D Godot.World3D.GetDirectSpaceState() (/root/godot/modules/mono/glue/GodotSharp/GodotSharp/Generated/GodotObjects/World3D.cs:216)
       [2] Godot.PhysicsDirectSpaceState3D Godot.World3D.get_DirectSpaceState() (/root/godot/modules/mono/glue/GodotSharp/GodotSharp/Generated/GodotObjects/World3D.cs:99)
       [3] void GrinFilmCamera.RenderStep() (C:\godot\godot_xPRIMEray\GrinFilmCamera.cs:4305)
       [4] void RenderBackends.LegacyBackend.RenderFrame(RendererCore.SceneSnapshot.SceneSnapshot) (C:\godot\godot_xPRIMEray\RenderBackends\LegacyBackend.cs:20)
       [5] void GrinFilmCamera.RenderLegacyBackendTimed(RendererCore.SceneSnapshot.SceneSnapshot) (C:\godot\godot_xPRIMEray\GrinFilmCamera.cs:2149)
       [6] void GrinFilmCamera.RenderFrameBackend(double) (C:\godot\godot_xPRIMEray\GrinFilmCamera.cs:2141)
       [7] void GrinFilmCamera._Process(double) (C:\godot\godot_xPRIMEray\GrinFilmCamera.cs:2077)
       [8] bool Godot.Node.InvokeGodotClassMethod(Godot.NativeInterop.godot_string_name&, Godot.NativeInterop.NativeVariantPtrArgs, Godot.NativeInterop.godot_variant&) (/root/godot/modules/mono/glue/GodotSharp/GodotSharp/Generated/GodotObjects/Node.cs:2654)
       [9] bool GrinFilmCamera.InvokeGodotClassMethod(Godot.NativeInterop.godot_string_name&, Godot.NativeInterop.NativeVariantPtrArgs, Godot.NativeInterop.godot_variant&) (C:\godot\godot_xPRIMEray\.godot\mono\temp\obj\Debug\Godot.SourceGenerators\Godot.SourceGenerators.ScriptMethodsGenerator\GrinFilmCamera_ScriptMethods.generated.cs:1058)
       [10] Godot.NativeInterop.godot_bool Godot.Bridge.CSharpInstanceBridge.Call(nint, Godot.NativeInterop.godot_string_name*, Godot.NativeInterop.godot_variant**, int, Godot.NativeInterop.godot_variant_call_error*, Godot.NativeInterop.godot_variant*) (/root/godot/modules/mono/glue/GodotSharp/GodotSharp/Core/Bridge/CSharpInstanceBridge.cs:24)
ERROR: System.AggregateException: One or more errors occurred. (Object reference not set to an instance of an object.) (Object reference not set to an instance of an object.) (Object reference not set to an instance of an object.)
 ---> System.NullReferenceException: Object reference not set to an instance of an object.
   at RayBeamRenderer.BuildRaySegmentsCamera_Pass1(PhysicsDirectSpaceState3D space, PhysicsRayQueryParameters3D& quickRayParams, Camera3D cam, Single camPixelsPerRadian, Vector3 camPosSnapshot, Vector3 origin, Vector3 dir, Vector3 bendDir, Vector3 center, Single beta, Single gamma, FieldSourceSnap[] fieldSnaps, Boolean hasSources, Single maxDistance, RaySeg[] outSegs, Int32 outOffset, Int32 outCapacity, Plane insightPlane, Boolean useInsightPlane, Single insightEps, Boolean stopOnHit, Boolean pass1DoHitTest, Int32 pass1ProbeEveryNSegments, Single pass1ProbeMinTravelDelta, Pass1HitInfo& hitInfo, Boolean& stoppedEarly, Int32& hitSegIndex, Int32& stepsIntegrated, Int32& fieldEvals, Int32& pass1Raycasts, Int32& pass1ProbeHits, Int32& fieldGridHits, Int32& fieldGridMisses, Int32& fieldGridFallbacks, Int32& fieldSourceEvals, CurvatureBoundGrid curvatureGrid, FieldGrid3D fieldGrid) in C:\godot\godot_xPRIMEray\RayBeamRenderer.cs:line 2616
   at GrinFilmCamera.<>c__DisplayClass634_3.<RenderStep>b__31(Int32 pi, ParallelLoopState _, Pass1ThreadLocal local) in C:\godot\godot_xPRIMEray\GrinFilmCamera.cs:line 4777
   at System.Threading.Tasks.Parallel.<>c__DisplayClass19_0`2.<ForWorker>b__1(RangeWorker& currentWorker, Int64 timeout, Boolean& replicationDelegateYieldedBeforeCompletion)
--- End of stack trace from previous location ---
   at System.Threading.Tasks.Parallel.<>c__DisplayClass19_0`2.<ForWorker>b__1(RangeWorker& currentWorker, Int64 timeout, Boolean& replicationDelegateYieldedBeforeCompletion)
   at System.Threading.Tasks.TaskReplicator.Replica.Execute()
   --- End of inner exception stack trace ---
   at System.Threading.Tasks.TaskReplicator.Run[TState](ReplicatableUserAction`1 action, ParallelOptions options, Boolean stopOnFirstFailure)
   at System.Threading.Tasks.Parallel.ForWorker[TLocal,TInt](TInt fromInclusive, TInt toExclusive, ParallelOptions parallelOptions, Action`1 body, Action`2 bodyWithState, Func`4 bodyWithLocal, Func`1 localInit, Action`1 localFinally)
--- End of stack trace from previous location ---
   at System.Threading.Tasks.Parallel.ForWorker[TLocal,TInt](TInt fromInclusive, TInt toExclusive, ParallelOptions parallelOptions, Action`1 body, Action`2 bodyWithState, Func`4 bodyWithLocal, Func`1 localInit, Action`1 localFinally)
   at System.Threading.Tasks.Parallel.For[TLocal](Int32 fromInclusive, Int32 toExclusive, ParallelOptions parallelOptions, Func`1 localInit, Func`4 body, Action`1 localFinally)
   at GrinFilmCamera.RenderStep() in C:\godot\godot_xPRIMEray\GrinFilmCamera.cs:line 4723
   at RenderBackends.LegacyBackend.RenderFrame(SceneSnapshot snapshot) in C:\godot\godot_xPRIMEray\RenderBackends\LegacyBackend.cs:line 20
   at GrinFilmCamera.RenderLegacyBackendTimed(SceneSnapshot snapshot) in C:\godot\godot_xPRIMEray\GrinFilmCamera.cs:line 2149
   at GrinFilmCamera.RenderFrameBackend(Double delta) in C:\godot\godot_xPRIMEray\GrinFilmCamera.cs:line 2141
   at GrinFilmCamera._Process(Double delta) in C:\godot\godot_xPRIMEray\GrinFilmCamera.cs:line 2077
   at Godot.Node.InvokeGodotClassMethod(godot_string_name& method, NativeVariantPtrArgs args, godot_variant& ret) in /root/godot/modules/mono/glue/GodotSharp/GodotSharp/Generated/GodotObjects/Node.cs:line 2654
   at GrinFilmCamera.InvokeGodotClassMethod(godot_string_name& method, NativeVariantPtrArgs args, godot_variant& ret) in C:\godot\godot_xPRIMEray\.godot\mono\temp\obj\Debug\Godot.SourceGenerators\Godot.SourceGenerators.ScriptMethodsGenerator\GrinFilmCamera_ScriptMethods.generated.cs:line 1058
   at Godot.Bridge.CSharpInstanceBridge.Call(IntPtr godotObjectGCHandle, godot_string_name* method, godot_variant** args, Int32 argCount, godot_variant_call_error* refCallError, godot_variant* ret) in /root/godot/modules/mono/glue/GodotSharp/GodotSharp/Core/Bridge/CSharpInstanceBridge.cs:line 24
 ---> (Inner Exception #1) System.NullReferenceException: Object reference not set to an instance of an object.
   at RayBeamRenderer.BuildRaySegmentsCamera_Pass1(PhysicsDirectSpaceState3D space, PhysicsRayQueryParameters3D& quickRayParams, Camera3D cam, Single camPixelsPerRadian, Vector3 camPosSnapshot, Vector3 origin, Vector3 dir, Vector3 bendDir, Vector3 center, Single beta, Single gamma, FieldSourceSnap[] fieldSnaps, Boolean hasSources, Single maxDistance, RaySeg[] outSegs, Int32 outOffset, Int32 outCapacity, Plane insightPlane, Boolean useInsightPlane, Single insightEps, Boolean stopOnHit, Boolean pass1DoHitTest, Int32 pass1ProbeEveryNSegments, Single pass1ProbeMinTravelDelta, Pass1HitInfo& hitInfo, Boolean& stoppedEarly, Int32& hitSegIndex, Int32& stepsIntegrated, Int32& fieldEvals, Int32& pass1Raycasts, Int32& pass1ProbeHits, Int32& fieldGridHits, Int32& fieldGridMisses, Int32& fieldGridFallbacks, Int32& fieldSourceEvals, CurvatureBoundGrid curvatureGrid, FieldGrid3D fieldGrid) in C:\godot\godot_xPRIMEray\RayBeamRenderer.cs:line 2616
   at GrinFilmCamera.<>c__DisplayClass634_3.<RenderStep>b__31(Int32 pi, ParallelLoopState _, Pass1ThreadLocal local) in C:\godot\godot_xPRIMEray\GrinFilmCamera.cs:line 4777
   at System.Threading.Tasks.Parallel.<>c__DisplayClass19_0`2.<ForWorker>b__1(RangeWorker& currentWorker, Int64 timeout, Boolean& replicationDelegateYieldedBeforeCompletion)
--- End of stack trace from previous location ---
   at System.Threading.Tasks.Parallel.<>c__DisplayClass19_0`2.<ForWorker>b__1(RangeWorker& currentWorker, Int64 timeout, Boolean& replicationDelegateYieldedBeforeCompletion)
   at System.Threading.Tasks.TaskReplicator.Replica.Execute()<---

 ---> (Inner Exception #2) System.NullReferenceException: Object reference not set to an instance of an object.
   at RayBeamRenderer.BuildRaySegmentsCamera_Pass1(PhysicsDirectSpaceState3D space, PhysicsRayQueryParameters3D& quickRayParams, Camera3D cam, Single camPixelsPerRadian, Vector3 camPosSnapshot, Vector3 origin, Vector3 dir, Vector3 bendDir, Vector3 center, Single beta, Single gamma, FieldSourceSnap[] fieldSnaps, Boolean hasSources, Single maxDistance, RaySeg[] outSegs, Int32 outOffset, Int32 outCapacity, Plane insightPlane, Boolean useInsightPlane, Single insightEps, Boolean stopOnHit, Boolean pass1DoHitTest, Int32 pass1ProbeEveryNSegments, Single pass1ProbeMinTravelDelta, Pass1HitInfo& hitInfo, Boolean& stoppedEarly, Int32& hitSegIndex, Int32& stepsIntegrated, Int32& fieldEvals, Int32& pass1Raycasts, Int32& pass1ProbeHits, Int32& fieldGridHits, Int32& fieldGridMisses, Int32& fieldGridFallbacks, Int32& fieldSourceEvals, CurvatureBoundGrid curvatureGrid, FieldGrid3D fieldGrid) in C:\godot\godot_xPRIMEray\RayBeamRenderer.cs:line 2616
   at GrinFilmCamera.<>c__DisplayClass634_3.<RenderStep>b__31(Int32 pi, ParallelLoopState _, Pass1ThreadLocal local) in C:\godot\godot_xPRIMEray\GrinFilmCamera.cs:line 4777
   at System.Threading.Tasks.Parallel.<>c__DisplayClass19_0`2.<ForWorker>b__1(RangeWorker& currentWorker, Int64 timeout, Boolean& replicationDelegateYieldedBeforeCompletion)
--- End of stack trace from previous location ---
   at System.Threading.Tasks.Parallel.<>c__DisplayClass19_0`2.<ForWorker>b__1(RangeWorker& currentWorker, Int64 timeout, Boolean& replicationDelegateYieldedBeforeCompletion)
   at System.Threading.Tasks.TaskReplicator.Replica.Execute()<---

   at: void Godot.NativeInterop.ExceptionUtils.LogException(System.Exception) (/root/godot/modules/mono/glue/GodotSharp/GodotSharp/Core/NativeInterop/ExceptionUtils.cs:113)
   C# backtrace (most recent call first):
       [0] void Godot.GD.PushError(string) (/root/godot/modules/mono/glue/GodotSharp/GodotSharp/Core/GD.cs:366)
       [1] void Godot.NativeInterop.ExceptionUtils.LogException(System.Exception) (/root/godot/modules/mono/glue/GodotSharp/GodotSharp/Core/NativeInterop/ExceptionUtils.cs:113)
       [2] Godot.NativeInterop.godot_bool Godot.Bridge.CSharpInstanceBridge.Call(nint, Godot.NativeInterop.godot_string_name*, Godot.NativeInterop.godot_variant**, int, Godot.NativeInterop.godot_variant_call_error*, Godot.NativeInterop.godot_variant*) (/root/godot/modules/mono/glue/GodotSharp/GodotSharp/Core/Bridge/CSharpInstanceBridge.cs:24)
ERROR: Space state is inaccessible right now, wait for iteration or physics process notification.
   at: space_get_direct_state (modules/godot_physics_3d/godot_physics_server_3d.cpp:194)
   C# backtrace (most recent call first):
       [0] Godot.GodotObject Godot.NativeCalls.godot_icall_0_53(nint, nint) (/root/godot/modules/mono/glue/GodotSharp/GodotSharp/Generated/NativeCalls.cs:466)
       [1] Godot.PhysicsDirectSpaceState3D Godot.World3D.GetDirectSpaceState() (/root/godot/modules/mono/glue/GodotSharp/GodotSharp/Generated/GodotObjects/World3D.cs:216)
       [2] Godot.PhysicsDirectSpaceState3D Godot.World3D.get_DirectSpaceState() (/root/godot/modules/mono/glue/GodotSharp/GodotSharp/Generated/GodotObjects/World3D.cs:99)
       [3] void GrinFilmCamera.RenderStep() (C:\godot\godot_xPRIMEray\GrinFilmCamera.cs:4305)
       [4] void RenderBackends.LegacyBackend.RenderFrame(RendererCore.SceneSnapshot.SceneSnapshot) (C:\godot\godot_xPRIMEray\RenderBackends\LegacyBackend.cs:20)
       [5] void GrinFilmCamera.RenderLegacyBackendTimed(RendererCore.SceneSnapshot.SceneSnapshot) (C:\godot\godot_xPRIMEray\GrinFilmCamera.cs:2149)
       [6] void GrinFilmCamera.RenderFrameBackend(double) (C:\godot\godot_xPRIMEray\GrinFilmCamera.cs:2141)
       [7] void GrinFilmCamera._Process(double) (C:\godot\godot_xPRIMEray\GrinFilmCamera.cs:2077)
       [8] bool Godot.Node.InvokeGodotClassMethod(Godot.NativeInterop.godot_string_name&, Godot.NativeInterop.NativeVariantPtrArgs, Godot.NativeInterop.godot_variant&) (/root/godot/modules/mono/glue/GodotSharp/GodotSharp/Generated/GodotObjects/Node.cs:2654)
       [9] bool GrinFilmCamera.InvokeGodotClassMethod(Godot.NativeInterop.godot_string_name&, Godot.NativeInterop.NativeVariantPtrArgs, Godot.NativeInterop.godot_variant&) (C:\godot\godot_xPRIMEray\.godot\mono\temp\obj\Debug\Godot.SourceGenerators\Godot.SourceGenerators.ScriptMethodsGenerator\GrinFilmCamera_ScriptMethods.generated.cs:1058)
       [10] Godot.NativeInterop.godot_bool Godot.Bridge.CSharpInstanceBridge.Call(nint, Godot.NativeInterop.godot_string_name*, Godot.NativeInterop.godot_variant**, int, Godot.NativeInterop.godot_variant_call_error*, Godot.NativeInterop.godot_variant*) (/root/godot/modules/mono/glue/GodotSharp/GodotSharp/Core/Bridge/CSharpInstanceBridge.cs:24)
ERROR: System.AggregateException: One or more errors occurred. (Object reference not set to an instance of an object.) (Object reference not set to an instance of an object.) (Object reference not set to an instance of an object.)
 ---> System.NullReferenceException: Object reference not set to an instance of an object.
   at RayBeamRenderer.BuildRaySegmentsCamera_Pass1(PhysicsDirectSpaceState3D space, PhysicsRayQueryParameters3D& quickRayParams, Camera3D cam, Single camPixelsPerRadian, Vector3 camPosSnapshot, Vector3 origin, Vector3 dir, Vector3 bendDir, Vector3 center, Single beta, Single gamma, FieldSourceSnap[] fieldSnaps, Boolean hasSources, Single maxDistance, RaySeg[] outSegs, Int32 outOffset, Int32 outCapacity, Plane insightPlane, Boolean useInsightPlane, Single insightEps, Boolean stopOnHit, Boolean pass1DoHitTest, Int32 pass1ProbeEveryNSegments, Single pass1ProbeMinTravelDelta, Pass1HitInfo& hitInfo, Boolean& stoppedEarly, Int32& hitSegIndex, Int32& stepsIntegrated, Int32& fieldEvals, Int32& pass1Raycasts, Int32& pass1ProbeHits, Int32& fieldGridHits, Int32& fieldGridMisses, Int32& fieldGridFallbacks, Int32& fieldSourceEvals, CurvatureBoundGrid curvatureGrid, FieldGrid3D fieldGrid) in C:\godot\godot_xPRIMEray\RayBeamRenderer.cs:line 2616
   at GrinFilmCamera.<>c__DisplayClass634_3.<RenderStep>b__31(Int32 pi, ParallelLoopState _, Pass1ThreadLocal local) in C:\godot\godot_xPRIMEray\GrinFilmCamera.cs:line 4777
   at System.Threading.Tasks.Parallel.<>c__DisplayClass19_0`2.<ForWorker>b__1(RangeWorker& currentWorker, Int64 timeout, Boolean& replicationDelegateYieldedBeforeCompletion)
--- End of stack trace from previous location ---
   at System.Threading.Tasks.Parallel.<>c__DisplayClass19_0`2.<ForWorker>b__1(RangeWorker& currentWorker, Int64 timeout, Boolean& replicationDelegateYieldedBeforeCompletion)
   at System.Threading.Tasks.TaskReplicator.Replica.Execute()
   --- End of inner exception stack trace ---
   at System.Threading.Tasks.TaskReplicator.Run[TState](ReplicatableUserAction`1 action, ParallelOptions options, Boolean stopOnFirstFailure)
   at System.Threading.Tasks.Parallel.ForWorker[TLocal,TInt](TInt fromInclusive, TInt toExclusive, ParallelOptions parallelOptions, Action`1 body, Action`2 bodyWithState, Func`4 bodyWithLocal, Func`1 localInit, Action`1 localFinally)
--- End of stack trace from previous location ---
   at System.Threading.Tasks.Parallel.ForWorker[TLocal,TInt](TInt fromInclusive, TInt toExclusive, ParallelOptions parallelOptions, Action`1 body, Action`2 bodyWithState, Func`4 bodyWithLocal, Func`1 localInit, Action`1 localFinally)
   at System.Threading.Tasks.Parallel.For[TLocal](Int32 fromInclusive, Int32 toExclusive, ParallelOptions parallelOptions, Func`1 localInit, Func`4 body, Action`1 localFinally)
   at GrinFilmCamera.RenderStep() in C:\godot\godot_xPRIMEray\GrinFilmCamera.cs:line 4723
   at RenderBackends.LegacyBackend.RenderFrame(SceneSnapshot snapshot) in C:\godot\godot_xPRIMEray\RenderBackends\LegacyBackend.cs:line 20
   at GrinFilmCamera.RenderLegacyBackendTimed(SceneSnapshot snapshot) in C:\godot\godot_xPRIMEray\GrinFilmCamera.cs:line 2149
   at GrinFilmCamera.RenderFrameBackend(Double delta) in C:\godot\godot_xPRIMEray\GrinFilmCamera.cs:line 2141
   at GrinFilmCamera._Process(Double delta) in C:\godot\godot_xPRIMEray\GrinFilmCamera.cs:line 2077
   at Godot.Node.InvokeGodotClassMethod(godot_string_name& method, NativeVariantPtrArgs args, godot_variant& ret) in /root/godot/modules/mono/glue/GodotSharp/GodotSharp/Generated/GodotObjects/Node.cs:line 2654
   at GrinFilmCamera.InvokeGodotClassMethod(godot_string_name& method, NativeVariantPtrArgs args, godot_variant& ret) in C:\godot\godot_xPRIMEray\.godot\mono\temp\obj\Debug\Godot.SourceGenerators\Godot.SourceGenerators.ScriptMethodsGenerator\GrinFilmCamera_ScriptMethods.generated.cs:line 1058
   at Godot.Bridge.CSharpInstanceBridge.Call(IntPtr godotObjectGCHandle, godot_string_name* method, godot_variant** args, Int32 argCount, godot_variant_call_error* refCallError, godot_variant* ret) in /root/godot/modules/mono/glue/GodotSharp/GodotSharp/Core/Bridge/CSharpInstanceBridge.cs:line 24
 ---> (Inner Exception #1) System.NullReferenceException: Object reference not set to an instance of an object.
   at RayBeamRenderer.BuildRaySegmentsCamera_Pass1(PhysicsDirectSpaceState3D space, PhysicsRayQueryParameters3D& quickRayParams, Camera3D cam, Single camPixelsPerRadian, Vector3 camPosSnapshot, Vector3 origin, Vector3 dir, Vector3 bendDir, Vector3 center, Single beta, Single gamma, FieldSourceSnap[] fieldSnaps, Boolean hasSources, Single maxDistance, RaySeg[] outSegs, Int32 outOffset, Int32 outCapacity, Plane insightPlane, Boolean useInsightPlane, Single insightEps, Boolean stopOnHit, Boolean pass1DoHitTest, Int32 pass1ProbeEveryNSegments, Single pass1ProbeMinTravelDelta, Pass1HitInfo& hitInfo, Boolean& stoppedEarly, Int32& hitSegIndex, Int32& stepsIntegrated, Int32& fieldEvals, Int32& pass1Raycasts, Int32& pass1ProbeHits, Int32& fieldGridHits, Int32& fieldGridMisses, Int32& fieldGridFallbacks, Int32& fieldSourceEvals, CurvatureBoundGrid curvatureGrid, FieldGrid3D fieldGrid) in C:\godot\godot_xPRIMEray\RayBeamRenderer.cs:line 2616
   at GrinFilmCamera.<>c__DisplayClass634_3.<RenderStep>b__31(Int32 pi, ParallelLoopState _, Pass1ThreadLocal local) in C:\godot\godot_xPRIMEray\GrinFilmCamera.cs:line 4777
   at System.Threading.Tasks.Parallel.<>c__DisplayClass19_0`2.<ForWorker>b__1(RangeWorker& currentWorker, Int64 timeout, Boolean& replicationDelegateYieldedBeforeCompletion)
--- End of stack trace from previous location ---
   at System.Threading.Tasks.Parallel.<>c__DisplayClass19_0`2.<ForWorker>b__1(RangeWorker& currentWorker, Int64 timeout, Boolean& replicationDelegateYieldedBeforeCompletion)
   at System.Threading.Tasks.TaskReplicator.Replica.Execute()<---

 ---> (Inner Exception #2) System.NullReferenceException: Object reference not set to an instance of an object.
   at RayBeamRenderer.BuildRaySegmentsCamera_Pass1(PhysicsDirectSpaceState3D space, PhysicsRayQueryParameters3D& quickRayParams, Camera3D cam, Single camPixelsPerRadian, Vector3 camPosSnapshot, Vector3 origin, Vector3 dir, Vector3 bendDir, Vector3 center, Single beta, Single gamma, FieldSourceSnap[] fieldSnaps, Boolean hasSources, Single maxDistance, RaySeg[] outSegs, Int32 outOffset, Int32 outCapacity, Plane insightPlane, Boolean useInsightPlane, Single insightEps, Boolean stopOnHit, Boolean pass1DoHitTest, Int32 pass1ProbeEveryNSegments, Single pass1ProbeMinTravelDelta, Pass1HitInfo& hitInfo, Boolean& stoppedEarly, Int32& hitSegIndex, Int32& stepsIntegrated, Int32& fieldEvals, Int32& pass1Raycasts, Int32& pass1ProbeHits, Int32& fieldGridHits, Int32& fieldGridMisses, Int32& fieldGridFallbacks, Int32& fieldSourceEvals, CurvatureBoundGrid curvatureGrid, FieldGrid3D fieldGrid) in C:\godot\godot_xPRIMEray\RayBeamRenderer.cs:line 2616
   at GrinFilmCamera.<>c__DisplayClass634_3.<RenderStep>b__31(Int32 pi, ParallelLoopState _, Pass1ThreadLocal local) in C:\godot\godot_xPRIMEray\GrinFilmCamera.cs:line 4777
   at System.Threading.Tasks.Parallel.<>c__DisplayClass19_0`2.<ForWorker>b__1(RangeWorker& currentWorker, Int64 timeout, Boolean& replicationDelegateYieldedBeforeCompletion)
--- End of stack trace from previous location ---
   at System.Threading.Tasks.Parallel.<>c__DisplayClass19_0`2.<ForWorker>b__1(RangeWorker& currentWorker, Int64 timeout, Boolean& replicationDelegateYieldedBeforeCompletion)
   at System.Threading.Tasks.TaskReplicator.Replica.Execute()<---

   at: void Godot.NativeInterop.ExceptionUtils.LogException(System.Exception) (/root/godot/modules/mono/glue/GodotSharp/GodotSharp/Core/NativeInterop/ExceptionUtils.cs:113)
   C# backtrace (most recent call first):
       [0] void Godot.GD.PushError(string) (/root/godot/modules/mono/glue/GodotSharp/GodotSharp/Core/GD.cs:366)
       [1] void Godot.NativeInterop.ExceptionUtils.LogException(System.Exception) (/root/godot/modules/mono/glue/GodotSharp/GodotSharp/Core/NativeInterop/ExceptionUtils.cs:113)
       [2] Godot.NativeInterop.godot_bool Godot.Bridge.CSharpInstanceBridge.Call(nint, Godot.NativeInterop.godot_string_name*, Godot.NativeInterop.godot_variant**, int, Godot.NativeInterop.godot_variant_call_error*, Godot.NativeInterop.godot_variant*) (/root/godot/modules/mono/glue/GodotSharp/GodotSharp/Core/Bridge/CSharpInstanceBridge.cs:24)
