Godot Engine v4.5.1.stable.mono.official.f62fdbde1 - https://godotengine.org
OpenGL API 3.3.0 Core Profile Context 25.11.1.251104 - Compatibility - Using Device: ATI Technologies Inc. - AMD Radeon RX 6700 XT

WARNING: [FieldSource3D][Warn] canonical+legacy both set; using canonical. (legacy ignored)
   at: void FieldSource3D.WarnIfCanonicalAndLegacyBothSet() (res://FieldSource3D.cs:809)
   C# backtrace (most recent call first):
       [0] void Godot.GD.PushWarning(string) (/root/godot/modules/mono/glue/GodotSharp/GodotSharp/Core/GD.cs:396)
       [1] void FieldSource3D.WarnIfCanonicalAndLegacyBothSet() (C:\godot\godot_xPRIMEray\FieldSource3D.cs:809)
       [2] void FieldSource3D._Ready() (C:\godot\godot_xPRIMEray\FieldSource3D.cs:362)
       [3] bool Godot.Node.InvokeGodotClassMethod(Godot.NativeInterop.godot_string_name&, Godot.NativeInterop.NativeVariantPtrArgs, Godot.NativeInterop.godot_variant&) (/root/godot/modules/mono/glue/GodotSharp/GodotSharp/Generated/GodotObjects/Node.cs:2660)
       [4] bool Godot.Node3D.InvokeGodotClassMethod(Godot.NativeInterop.godot_string_name&, Godot.NativeInterop.NativeVariantPtrArgs, Godot.NativeInterop.godot_variant&) (/root/godot/modules/mono/glue/GodotSharp/GodotSharp/Generated/GodotObjects/Node3D.cs:1126)
       [5] bool FieldSource3D.InvokeGodotClassMethod(Godot.NativeInterop.godot_string_name&, Godot.NativeInterop.NativeVariantPtrArgs, Godot.NativeInterop.godot_variant&) (C:\godot\godot_xPRIMEray\.godot\mono\temp\obj\Debug\Godot.SourceGenerators\Godot.SourceGenerators.ScriptMethodsGenerator\FieldSource3D_ScriptMethods.generated.cs:358)
       [6] Godot.NativeInterop.godot_bool Godot.Bridge.CSharpInstanceBridge.Call(nint, Godot.NativeInterop.godot_string_name*, Godot.NativeInterop.godot_variant**, int, Godot.NativeInterop.godot_variant_call_error*, Godot.NativeInterop.godot_variant*) (/root/godot/modules/mono/glue/GodotSharp/GodotSharp/Core/Bridge/CSharpInstanceBridge.cs:24)
[FieldSource3D] /root/TestEinsteinRingMinimalHarness/FixtureEinsteinRingMinimal/FieldSource3D shape=SphereRadial curve=Power amp=1 a=1 b=0 c=0 r=[0,2] sigma=0 edge=0 beta=override(beta_scale=1) custom=n/a source=canonical
[FieldSource3D] /root/TestEinsteinRingMinimalHarness/FixtureEinsteinRingMinimal/PhotonBandSource shape=SphereRadial curve=Power amp=1 a=1 b=0 c=0 r=[0,2] sigma=0 edge=0 beta=override(beta_scale=1) custom=n/a source=canonical
[DBG] dbgMesh inTree=True parent=RayBeamRenderer world=(0, 0, 0)
✅ GrinFilmCamera READY: /root/TestEinsteinRingMinimalHarness/GrinFilmCamera
[RBRRef][Startup] configured path=../FixtureEinsteinRingMinimal/RayBeamRenderer
[RBRRef] resolved ok name=RayBeamRenderer
[RBRRef][Startup] resolved=True
RayBeamRenderer found? True
[BroadphaseEffective] mode=Policy policy=OverlapOnly quick=False overlap=True reason=policy
[SharedSnap] steps=400 stepLen=0.05 minStep=0.001 maxStep=0.3 collEvery=1 collRad=0.03 mask=0x0000FFFF debug=Off
[EffectiveCfg] broadphase=Policy(policy) policy=OverlapOnly quick=0 overlap=1 softgate=0 score=1 minSeg=0.1 attempts=5000 sub=10000 stride=1 resScale=0.5 rows=8 stepLen=0.05 collRad=0.03 mask=0x0000FFFF envRadScale=1.1 envAabbExpand=0 geomPrune=1 maxDist=50
FilmView found? True
[RBRRef][Startup] HasRenderer(after mirror)=True
✅ GrinFilmCamera ready. Rendering film.
[RenderTestRunner] _Ready reached.
[RenderTestRunner][CmdArgs] [--render-test, --render-test-fixture=blackhole_minimal, --render-test-profile=blackhole_compare_fast, --blackhole-transport-model=metric, --lifecycle-stress=0, --smartscale=0]
[RenderTestRunner][CLIFlags] autocal=0 shadow_eval=0 autocal_verbose=0 autocal_apply=0 lifecycle_stress=0 smartscale=0 smartscale_goal=none
[RenderTestRunner] TokenDetected=True shouldStart=True
[RenderTestRunner] Switching to fixture scene: fixture=BlackholeMinimal path=res://test-blackhole-minimal.tscn
[EinsteinFixture][DebugHitColor] enabled=1 source_group=fixture_source source_color=(1,1,0.75) background_color=(0.12,0.2,0.34) absorbed=(0,0,0) authority=1 trace=1
[EinsteinFixture][SourcePattern] mode=CrossXY count=49 spacing=(6,6) radius=1 originLocal=(0,0,-12) includeCenter=1 localSample=[(-72,0,-12)|(-66,0,-12)|(-60,0,-12)|(-54,0,-12)|(-48,0,-12)|(-42,0,-12)] worldSample=[(-72,0,-12)|(-66,0,-12)|(-60,0,-12)|(-54,0,-12)|(-48,0,-12)|(-42,0,-12)] checksum=324a4a4aadc42a88454df3ecfe60a74c9a9e9a01fa3c666d3df2648927866337
[EinsteinFixture][SourcePatternLayout] markers=49 overlap_exact=0 min_pair_dist=6 z_range=(-12,-12) center_z=0 behind_center=1 detector_z=-16
[EinsteinFixture][SourcePatternMarker] i=0 name=source_marker_000 local=(-72,0,-12) global=(-72,0,-12) groups=[raytrace_geometry,fixture_geometry,fixture_source] collision_enabled=1 visible=1
[EinsteinFixture][SourcePatternMarker] i=1 name=source_marker_001 local=(-66,0,-12) global=(-66,0,-12) groups=[raytrace_geometry,fixture_geometry,fixture_source] collision_enabled=1 visible=1
[EinsteinFixture][SourcePatternMarker] i=2 name=source_marker_002 local=(-60,0,-12) global=(-60,0,-12) groups=[raytrace_geometry,fixture_geometry,fixture_source] collision_enabled=1 visible=1
[EinsteinFixture][SourcePatternMarker] i=3 name=source_marker_003 local=(-54,0,-12) global=(-54,0,-12) groups=[raytrace_geometry,fixture_geometry,fixture_source] collision_enabled=1 visible=1
[EinsteinFixture][SourcePatternMarker] i=4 name=source_marker_004 local=(-48,0,-12) global=(-48,0,-12) groups=[raytrace_geometry,fixture_geometry,fixture_source] collision_enabled=1 visible=1
[EinsteinFixture][SourcePatternMarker] i=5 name=source_marker_005 local=(-42,0,-12) global=(-42,0,-12) groups=[raytrace_geometry,fixture_geometry,fixture_source] collision_enabled=1 visible=1
[EinsteinFixture][SourcePatternMarker] i=6 name=source_marker_006 local=(-36,0,-12) global=(-36,0,-12) groups=[raytrace_geometry,fixture_geometry,fixture_source] collision_enabled=1 visible=1
[EinsteinFixture][SourcePatternMarker] i=7 name=source_marker_007 local=(-30,0,-12) global=(-30,0,-12) groups=[raytrace_geometry,fixture_geometry,fixture_source] collision_enabled=1 visible=1
[EinsteinFixture][SourcePatternMarker] i=8 name=source_marker_008 local=(-24,0,-12) global=(-24,0,-12) groups=[raytrace_geometry,fixture_geometry,fixture_source] collision_enabled=1 visible=1
[EinsteinFixture][SourcePatternMarker] i=9 name=source_marker_009 local=(-18,0,-12) global=(-18,0,-12) groups=[raytrace_geometry,fixture_geometry,fixture_source] collision_enabled=1 visible=1
[EinsteinFixture][SourcePatternMarker] i=10 name=source_marker_010 local=(-12,0,-12) global=(-12,0,-12) groups=[raytrace_geometry,fixture_geometry,fixture_source] collision_enabled=1 visible=1
[EinsteinFixture][SourcePatternMarker] i=11 name=source_marker_011 local=(-6,0,-12) global=(-6,0,-12) groups=[raytrace_geometry,fixture_geometry,fixture_source] collision_enabled=1 visible=1
[EinsteinFixture][SourcePatternMarker] i=12 name=source_marker_012 local=(0,0,-12) global=(0,0,-12) groups=[raytrace_geometry,fixture_geometry,fixture_source] collision_enabled=1 visible=1
[EinsteinFixture][SourcePatternMarker] i=13 name=source_marker_013 local=(6,0,-12) global=(6,0,-12) groups=[raytrace_geometry,fixture_geometry,fixture_source] collision_enabled=1 visible=1
[EinsteinFixture][SourcePatternMarker] i=14 name=source_marker_014 local=(12,0,-12) global=(12,0,-12) groups=[raytrace_geometry,fixture_geometry,fixture_source] collision_enabled=1 visible=1
[EinsteinFixture][SourcePatternMarker] i=15 name=source_marker_015 local=(18,0,-12) global=(18,0,-12) groups=[raytrace_geometry,fixture_geometry,fixture_source] collision_enabled=1 visible=1
[EinsteinFixture][SourcePatternMarker] i=16 name=source_marker_016 local=(24,0,-12) global=(24,0,-12) groups=[raytrace_geometry,fixture_geometry,fixture_source] collision_enabled=1 visible=1
[EinsteinFixture][SourcePatternMarker] i=17 name=source_marker_017 local=(30,0,-12) global=(30,0,-12) groups=[raytrace_geometry,fixture_geometry,fixture_source] collision_enabled=1 visible=1
[EinsteinFixture][SourcePatternMarker] i=18 name=source_marker_018 local=(36,0,-12) global=(36,0,-12) groups=[raytrace_geometry,fixture_geometry,fixture_source] collision_enabled=1 visible=1
[EinsteinFixture][SourcePatternMarker] i=19 name=source_marker_019 local=(42,0,-12) global=(42,0,-12) groups=[raytrace_geometry,fixture_geometry,fixture_source] collision_enabled=1 visible=1
[EinsteinFixture][SourcePatternMarker] i=20 name=source_marker_020 local=(48,0,-12) global=(48,0,-12) groups=[raytrace_geometry,fixture_geometry,fixture_source] collision_enabled=1 visible=1
[EinsteinFixture][SourcePatternMarker] i=21 name=source_marker_021 local=(54,0,-12) global=(54,0,-12) groups=[raytrace_geometry,fixture_geometry,fixture_source] collision_enabled=1 visible=1
[EinsteinFixture][SourcePatternMarker] i=22 name=source_marker_022 local=(60,0,-12) global=(60,0,-12) groups=[raytrace_geometry,fixture_geometry,fixture_source] collision_enabled=1 visible=1
[EinsteinFixture][SourcePatternMarker] i=23 name=source_marker_023 local=(66,0,-12) global=(66,0,-12) groups=[raytrace_geometry,fixture_geometry,fixture_source] collision_enabled=1 visible=1
[EinsteinFixture][SourcePatternMarker] i=24 name=source_marker_024 local=(72,0,-12) global=(72,0,-12) groups=[raytrace_geometry,fixture_geometry,fixture_source] collision_enabled=1 visible=1
[EinsteinFixture][SourcePatternMarker] i=25 name=source_marker_025 local=(0,-72,-12) global=(0,-72,-12) groups=[raytrace_geometry,fixture_geometry,fixture_source] collision_enabled=1 visible=1
[EinsteinFixture][SourcePatternMarker] i=26 name=source_marker_026 local=(0,-66,-12) global=(0,-66,-12) groups=[raytrace_geometry,fixture_geometry,fixture_source] collision_enabled=1 visible=1
[EinsteinFixture][SourcePatternMarker] i=27 name=source_marker_027 local=(0,-60,-12) global=(0,-60,-12) groups=[raytrace_geometry,fixture_geometry,fixture_source] collision_enabled=1 visible=1
[EinsteinFixture][SourcePatternMarker] i=28 name=source_marker_028 local=(0,-54,-12) global=(0,-54,-12) groups=[raytrace_geometry,fixture_geometry,fixture_source] collision_enabled=1 visible=1
[EinsteinFixture][SourcePatternMarker] i=29 name=source_marker_029 local=(0,-48,-12) global=(0,-48,-12) groups=[raytrace_geometry,fixture_geometry,fixture_source] collision_enabled=1 visible=1
[EinsteinFixture][SourcePatternMarker] i=30 name=source_marker_030 local=(0,-42,-12) global=(0,-42,-12) groups=[raytrace_geometry,fixture_geometry,fixture_source] collision_enabled=1 visible=1
[EinsteinFixture][SourcePatternMarker] i=31 name=source_marker_031 local=(0,-36,-12) global=(0,-36,-12) groups=[raytrace_geometry,fixture_geometry,fixture_source] collision_enabled=1 visible=1
[EinsteinFixture][SourcePatternMarker] i=32 name=source_marker_032 local=(0,-30,-12) global=(0,-30,-12) groups=[raytrace_geometry,fixture_geometry,fixture_source] collision_enabled=1 visible=1
[EinsteinFixture][SourcePatternMarker] i=33 name=source_marker_033 local=(0,-24,-12) global=(0,-24,-12) groups=[raytrace_geometry,fixture_geometry,fixture_source] collision_enabled=1 visible=1
[EinsteinFixture][SourcePatternMarker] i=34 name=source_marker_034 local=(0,-18,-12) global=(0,-18,-12) groups=[raytrace_geometry,fixture_geometry,fixture_source] collision_enabled=1 visible=1
[EinsteinFixture][SourcePatternMarker] i=35 name=source_marker_035 local=(0,-12,-12) global=(0,-12,-12) groups=[raytrace_geometry,fixture_geometry,fixture_source] collision_enabled=1 visible=1
[EinsteinFixture][SourcePatternMarker] i=36 name=source_marker_036 local=(0,-6,-12) global=(0,-6,-12) groups=[raytrace_geometry,fixture_geometry,fixture_source] collision_enabled=1 visible=1
[EinsteinFixture][SourcePatternMarker] i=37 name=source_marker_037 local=(0,6,-12) global=(0,6,-12) groups=[raytrace_geometry,fixture_geometry,fixture_source] collision_enabled=1 visible=1
[EinsteinFixture][SourcePatternMarker] i=38 name=source_marker_038 local=(0,12,-12) global=(0,12,-12) groups=[raytrace_geometry,fixture_geometry,fixture_source] collision_enabled=1 visible=1
[EinsteinFixture][SourcePatternMarker] i=39 name=source_marker_039 local=(0,18,-12) global=(0,18,-12) groups=[raytrace_geometry,fixture_geometry,fixture_source] collision_enabled=1 visible=1
[EinsteinFixture][SourcePatternMarker] i=40 name=source_marker_040 local=(0,24,-12) global=(0,24,-12) groups=[raytrace_geometry,fixture_geometry,fixture_source] collision_enabled=1 visible=1
[EinsteinFixture][SourcePatternMarker] i=41 name=source_marker_041 local=(0,30,-12) global=(0,30,-12) groups=[raytrace_geometry,fixture_geometry,fixture_source] collision_enabled=1 visible=1
[EinsteinFixture][SourcePatternMarker] i=42 name=source_marker_042 local=(0,36,-12) global=(0,36,-12) groups=[raytrace_geometry,fixture_geometry,fixture_source] collision_enabled=1 visible=1
[EinsteinFixture][SourcePatternMarker] i=43 name=source_marker_043 local=(0,42,-12) global=(0,42,-12) groups=[raytrace_geometry,fixture_geometry,fixture_source] collision_enabled=1 visible=1
[EinsteinFixture][SourcePatternMarker] i=44 name=source_marker_044 local=(0,48,-12) global=(0,48,-12) groups=[raytrace_geometry,fixture_geometry,fixture_source] collision_enabled=1 visible=1
[EinsteinFixture][SourcePatternMarker] i=45 name=source_marker_045 local=(0,54,-12) global=(0,54,-12) groups=[raytrace_geometry,fixture_geometry,fixture_source] collision_enabled=1 visible=1
[EinsteinFixture][SourcePatternMarker] i=46 name=source_marker_046 local=(0,60,-12) global=(0,60,-12) groups=[raytrace_geometry,fixture_geometry,fixture_source] collision_enabled=1 visible=1
[EinsteinFixture][SourcePatternMarker] i=47 name=source_marker_047 local=(0,66,-12) global=(0,66,-12) groups=[raytrace_geometry,fixture_geometry,fixture_source] collision_enabled=1 visible=1
[EinsteinFixture][SourcePatternMarker] i=48 name=source_marker_048 local=(0,72,-12) global=(0,72,-12) groups=[raytrace_geometry,fixture_geometry,fixture_source] collision_enabled=1 visible=1
[Transport] active=GRIN_Optical fixture=einstein_ring_minimal effectiveMetricScalar=0.151
[EinsteinFixture][CurvatureEngaged] mass_match=1 band_match=1 probe_any=1 band_noticeable=1 mass_primary=1 far_accel=0 transport=1 probe_mass=[0.031352,0.012257,0.010145,0.016328] probe_band=[0,0,0.013502,0] probe_total=[0.031352,0.012257,0.023646,0.016328]
[EinsteinFixture][CurvatureApplied] deviated_rays=16/16 max_dev=0.700204 dev_sum=10.45615 min_dev_threshold=0.001
[EinsteinFixture][Absorption] transportModel=GRIN_Optical effectiveMetricScalar=0.151 absorbed_rays=4/16 rate=0.25
[EinsteinFixture][RingProbePattern] probes=64 cols=8 rows=8 rotation_deg=7.5 deterministic=1
[EinsteinFixture][RadialSummary] transportModel=GRIN_Optical effectiveMetricScalar=0.151 case=on_axis_r1.00 sourceOffset=(0,0,0) sourceHitCount=36 meanDetectorRadius=6.024 stddevDetectorRadius=0.511 minDetectorRadius=5.04 maxDetectorRadius=6.96 histogram_bins=8 histogram=[3,3,5,6,6,5,5,3]
[EinsteinFixture][RadialSummary] transportModel=GRIN_Optical effectiveMetricScalar=0.151 case=on_axis_r1.25 sourceOffset=(0,0,0) sourceHitCount=44 meanDetectorRadius=6.028 stddevDetectorRadius=0.578 minDetectorRadius=5.01 maxDetectorRadius=7.019 histogram_bins=8 histogram=[4,5,6,6,6,6,6,5]
[EinsteinFixture][RadialSummary] transportModel=GRIN_Optical effectiveMetricScalar=0.151 case=on_axis_r1.50 sourceOffset=(0,0,0) sourceHitCount=60 meanDetectorRadius=6.051 stddevDetectorRadius=0.592 minDetectorRadius=5.005 maxDetectorRadius=7.096 histogram_bins=8 histogram=[5,7,8,8,8,9,8,7]
[EinsteinFixture][HitRate] transportModel=GRIN_Optical effectiveMetricScalar=0.151 rays=64 source=60 background=4 absorbed=0 miss=0 source_rate=0.938 background_rate=0.063 absorbed_rate=0 miss_rate=0
[EinsteinFixture][RadialSummary] transportModel=GRIN_Optical effectiveMetricScalar=0.151 case=on_axis_selected_r1.50 sourceOffset=(0,0,0) sourceHitCount=60 meanDetectorRadius=6.051 stddevDetectorRadius=0.592 minDetectorRadius=5.005 maxDetectorRadius=7.096 histogram_bins=8 histogram=[5,7,8,8,8,9,8,7]
[EinsteinFixture][RadialSummary] transportModel=GRIN_Optical effectiveMetricScalar=0.151 case=off_axis sourceOffset=(0.2,0,0) sourceHitCount=58 meanDetectorRadius=6.065 stddevDetectorRadius=0.608 minDetectorRadius=5.005 maxDetectorRadius=7.19 histogram_bins=8 histogram=[6,9,7,8,8,7,7,6]
[EinsteinFixture][RadialSummary] transportModel=GRIN_Optical effectiveMetricScalar=0.151 case=off_axis_2 sourceOffset=(0.35,0,0) sourceHitCount=54 meanDetectorRadius=6.073 stddevDetectorRadius=0.602 minDetectorRadius=5.01 maxDetectorRadius=7.19 histogram_bins=8 histogram=[7,7,7,7,7,7,6,6]
[EinsteinFixture][ComparisonSummary] transportModel=GRIN_Optical effectiveMetricScalar=0.151 sourcePatternSummary=mode=CrossXY|count=49|spacingX=6.000000|spacingY=6.000000|radius=1.000000|origin=(0,0,-12)|includeCenter=1|checksum=324a4a4aadc42a88454df3ecfe60a74c9a9e9a01fa3c666d3df2648927866337 sourceHits=60 backgroundHits=4 absorbedHits=0 missHits=0 radiusMean=6.051251 radiusStdDev=0.591821 radiusRange=2.090636 histogram=[5,7,8,8,8,9,8,7]
[EinsteinFixture][CurvatureMetric] accel_sum_total=0.083583 accel_sum_mass=0.070081 accel_sum_band=0.013502 curvature_energy=0.083583 max_probe_accel=0.031352 far_accel=0
[EinsteinFixture] mass_strength=0.151 mass_radius=4.5 band_strength=0.03 band_r_inner=1.305 band_r_outer=1.845 mass_node_path=/root/TestEinsteinRingMinimalHarness/FixtureEinsteinRingMinimal/FieldSource3D band_node_path=/root/TestEinsteinRingMinimalHarness/FixtureEinsteinRingMinimal/PhotonBandSource sphere_global_pos=(0,0,0) sphere_scale=(1,1,1) cam_fov=82 camera_global_pos=(0,-7.376,19.832) cam_to_sphere=21.16
[EinsteinFixture][ResolvedMass] source=canonical curve=Power modeFlags=2 rInner=0.12 rOuter=4.5 amp=0.151 gamma=8 beta_mode=override beta_scale=1
[EinsteinFixture][ResolvedPhotonBand] source=canonical enabled=1 curve=Polynomial modeFlags=0 rInner=1.305 rOuter=1.845 amp=0.03 A=0 B=4 C=-4 beta_mode=override beta_scale=1
[EinsteinFixture][Renderer] useIntegrated=1 bendScale=1 fieldStrength=1
EinsteinRingMinimalFingerprintRaw: transportModel=GRIN_Optical effectiveMetricScalar=0.151 sourcePatternSummary=mode=CrossXY|count=49|spacingX=6.000000|spacingY=6.000000|radius=1.000000|origin=(0,0,-12)|includeCenter=1|checksum=324a4a4aadc42a88454df3ecfe60a74c9a9e9a01fa3c666d3df2648927866337 sourceRadius=1.5 absorbCount=4 absorbRate=0.25 sourceHits=60 backgroundHits=4 absorbedHits=0 missHits=0 radiusMean=6.051251 radiusStdDev=0.591821 radiusRange=2.090636 ringHist=[5,7,8,8,8,9,8,7] accelMass=[0.130296,0.012257,0.012024,0.006997,0.001981] accelBand=[0.000000,0.000000,0.000590,0.028595,0.000000] accelTotal=[0.130296,0.012257,0.012614,0.035592,0.001981] rayEndpoints=[-0.294049,-0.294049,0.193827|-0.082239,-0.287837,0.200091|0.123758,-0.288768,0.199247|0.287837,-0.082239,0.200091|0.288768,0.123758,0.199247|0.082239,0.287837,0.200091|-0.123758,0.288768,0.199247|-0.287837,0.082239,0.200091] rayChecksum=f9dcece68cc35848c3e63929ff7fb9a3b9a9cba85fabbd9aa205a95f8a851e83 onAxisOutcome=[2,3,3,3,3,3,3,2,3,3,3,3,3,3,3,3,3,3,3,3,3,3,3,3,3,3,3,3,3,3,3,3,3,3,3,3,3,3,3,3,3,3,3,3,3,3,3,3,3,3,3,3,3,3,3,3,2,3,3,3,3,3,3,2] onAxisRadii=[5.005260,5.009950,5.040362,5.095968,5.175963,5.279322,5.295283,5.275205,5.279673,5.308551,5.361360,5.437425,5.535888,5.655661,5.564206,5.545081,5.549321,5.576785,5.627064,5.699590,5.793616,5.908184,5.833201,5.814908,5.818886,5.845038,5.893025,5.962350,6.052354,6.162168,6.102268,6.084710,6.088430,6.113370,6.159266,6.225686,6.312014,6.417453,6.371421,6.354542,6.358031,6.381870,6.425852,6.489600,6.572540,6.673919,6.640671,6.624453,6.627756,6.650598,6.692826,6.754095,6.833858,6.931451,6.894427,6.897593,6.919547,6.960157,7.019104,7.095896] onAxisChecksum=d698793f6dd67747db66a556348031ceec6b9c1b8015840eaa4e4d32dda6b128 offAxisOutcome=[2,3,3,3,3,3,3,3,2,3,3,3,3,3,3,3,2,3,3,3,3,3,3,3,3,3,3,3,3,3,3,3,3,3,3,3,3,3,3,3,2,3,3,3,3,3,3,3,2,3,3,3,3,3,3,3,2,3,3,3,3,3,3,3] offAxisRadii=[5.005260,5.009949,5.040362,5.095968,5.175963,5.279323,5.404789,5.275205,5.279673,5.308550,5.361361,5.437425,5.535888,5.655661,5.545081,5.549321,5.576785,5.627064,5.699591,5.793616,5.908184,5.833202,5.814908,5.818886,5.845038,5.893024,5.962350,6.052354,6.162168,6.102268,6.084710,6.088430,6.113370,6.159266,6.225686,6.312015,6.417453,6.354542,6.358031,6.381871,6.425852,6.489600,6.572540,6.673919,6.624453,6.627756,6.650598,6.692826,6.754095,6.833858,6.931450,6.894427,6.897593,6.919547,6.960157,7.019104,7.095896,7.189924] offAxisChecksum=577b141dba523670d459d23194519093276afa8f8977171cc032cd6b83c504ed offAxis2Outcome=[2,2,3,3,3,3,3,3,2,3,3,3,3,3,3,3,2,3,3,3,3,3,3,3,2,3,3,3,3,3,3,3,2,3,3,3,3,3,3,3,2,3,3,3,3,3,3,3,2,3,3,3,3,3,3,3,2,2,3,3,3,3,3,3] offAxis2Radii=[5.009950,5.040362,5.095968,5.175963,5.279323,5.404789,5.275205,5.279672,5.308550,5.361361,5.437425,5.535888,5.655661,5.545080,5.549321,5.576785,5.627063,5.699590,5.793616,5.908184,5.814908,5.818886,5.845038,5.893024,5.962350,6.052353,6.162167,6.084710,6.088430,6.113370,6.159266,6.225686,6.312014,6.417453,6.354542,6.358031,6.381870,6.425852,6.489600,6.572540,6.673919,6.624453,6.627756,6.650598,6.692826,6.754095,6.833858,6.931450,6.897593,6.919547,6.960156,7.019103,7.095896,7.189924] offAxis2Checksum=0b4a5e4fb441ae9764cefc307477237303bc092d0975f0d03aeca2a94493182e
EinsteinRingMinimalFingerprint: v=4;sourceCount=2;massCanonical=1;bandCanonical=1;massSource=canonical;massCurve=Power;massRInner=0.120000;massROuter=4.500000;massAmp=0.151000;massGamma=8.000000;massA=8.000000;massB=0.000000;massC=0.000000;massModeFlags=2;massTransport=GRIN_Optical;massBetaMode=override;massBetaScale=1.000000;bandEnabled=1;bandSource=canonical;bandCurve=Polynomial;bandRInner=1.305000;bandROuter=1.845000;bandAmp=0.030000;bandA=0.000000;bandB=4.000000;bandC=-4.000000;bandModeFlags=0;bandTransport=GRIN_Optical;bandBetaMode=override;bandBetaScale=1.000000;useIntegrated=1;bendScale=1.000000;fieldStrength=1.000000;stepLength=0.050000;minStep=0.001000;maxStep=0.300000;stepAdaptGain=0.050000;maxSteps=400;transportModel=GRIN_Optical;effectiveMetricScalar=0.151000;sourcePatternSummary=mode=CrossXY|count=49|spacingX=6.000000|spacingY=6.000000|radius=1.000000|origin=(0,0,-12)|includeCenter=1|checksum=324a4a4aadc42a88454df3ecfe60a74c9a9e9a01fa3c666d3df2648927866337;sourcePatternMode=CrossXY;sourcePatternCount=49;sourceSpacingX=6.000000;sourceSpacingY=6.000000;sourceMarkerRadius=1.000000;sourceRadius=1.500000;absorbCount=4;absorbRate=0.250000;ringProbeN=64;ringProbeCols=8;ringProbeRows=8;ringProbeRotDeg=7.500000;sourceHits=60;backgroundHits=4;absorbedHits=0;missHits=0;radiiN=60;radiusMean=6.051251;radiusStdDev=0.591821;radiusRange=2.090636;ringChecksum=d698793f6dd67747db66a556348031ceec6b9c1b8015840eaa4e4d32dda6b128;ringHist=[5,7,8,8,8,9,8,7];offAxisEnabled=1;offAxisX=0.200000;offAxisSourceHits=58;offAxisRadiiN=58;offAxisRadiusMean=6.065486;offAxisRadiusStdDev=0.608266;offAxisRadiusRange=2.184664;offAxisRingChecksum=577b141dba523670d459d23194519093276afa8f8977171cc032cd6b83c504ed;offAxisRingHist=[6,9,7,8,8,7,7,6];offAxis2Enabled=1;offAxis2X=0.350000;offAxis2SourceHits=54;offAxis2RadiiN=54;offAxis2RadiusMean=6.073389;offAxis2RadiusStdDev=0.602300;offAxis2RadiusRange=2.179974;offAxis2RingChecksum=0b4a5e4fb441ae9764cefc307477237303bc092d0975f0d03aeca2a94493182e;offAxis2RingHist=[7,7,7,7,7,7,6,6];rayK=48;accelMass=[0.130296,0.012257,0.012024,0.006997,0.001981];accelBand=[0.000000,0.000000,0.000590,0.028595,0.000000];accelTotal=[0.130296,0.012257,0.012614,0.035592,0.001981];rayChecksum=f9dcece68cc35848c3e63929ff7fb9a3b9a9cba85fabbd9aa205a95f8a851e83;sha256=81d00c51592dc1e4f0872d457e132c43b3ab314e5354b0ac47a670edfc8583db
WARNING: [FieldSource3D][Warn] canonical+legacy both set; using canonical. (legacy ignored)
   at: void FieldSource3D.WarnIfCanonicalAndLegacyBothSet() (res://FieldSource3D.cs:809)
   C# backtrace (most recent call first):
       [0] void Godot.GD.PushWarning(string) (/root/godot/modules/mono/glue/GodotSharp/GodotSharp/Core/GD.cs:396)
       [1] void FieldSource3D.WarnIfCanonicalAndLegacyBothSet() (C:\godot\godot_xPRIMEray\FieldSource3D.cs:809)
       [2] void FieldSource3D._Ready() (C:\godot\godot_xPRIMEray\FieldSource3D.cs:362)
       [3] bool Godot.Node.InvokeGodotClassMethod(Godot.NativeInterop.godot_string_name&, Godot.NativeInterop.NativeVariantPtrArgs, Godot.NativeInterop.godot_variant&) (/root/godot/modules/mono/glue/GodotSharp/GodotSharp/Generated/GodotObjects/Node.cs:2660)
       [4] bool Godot.Node3D.InvokeGodotClassMethod(Godot.NativeInterop.godot_string_name&, Godot.NativeInterop.NativeVariantPtrArgs, Godot.NativeInterop.godot_variant&) (/root/godot/modules/mono/glue/GodotSharp/GodotSharp/Generated/GodotObjects/Node3D.cs:1126)
       [5] bool FieldSource3D.InvokeGodotClassMethod(Godot.NativeInterop.godot_string_name&, Godot.NativeInterop.NativeVariantPtrArgs, Godot.NativeInterop.godot_variant&) (C:\godot\godot_xPRIMEray\.godot\mono\temp\obj\Debug\Godot.SourceGenerators\Godot.SourceGenerators.ScriptMethodsGenerator\FieldSource3D_ScriptMethods.generated.cs:358)
       [6] Godot.NativeInterop.godot_bool Godot.Bridge.CSharpInstanceBridge.Call(nint, Godot.NativeInterop.godot_string_name*, Godot.NativeInterop.godot_variant**, int, Godot.NativeInterop.godot_variant_call_error*, Godot.NativeInterop.godot_variant*) (/root/godot/modules/mono/glue/GodotSharp/GodotSharp/Core/Bridge/CSharpInstanceBridge.cs:24)
[FieldSource3D] /root/TestBlackholeMinimalHarness/FixtureBlackholeMinimal/FieldSource3D shape=SphereRadial curve=Power amp=1 a=1 b=0 c=0 r=[0,2] sigma=0 edge=0 beta=override(beta_scale=1) custom=n/a source=canonical
[FieldSource3D] /root/TestBlackholeMinimalHarness/FixtureBlackholeMinimal/PhotonBandSource shape=SphereRadial curve=Power amp=1 a=1 b=0 c=0 r=[0,2] sigma=0 edge=0 beta=override(beta_scale=1) custom=n/a source=canonical
[DBG] dbgMesh inTree=True parent=RayBeamRenderer world=(0, 0, 0)
✅ GrinFilmCamera READY: /root/TestBlackholeMinimalHarness/GrinFilmCamera
[RBRRef][Startup] configured path=../FixtureBlackholeMinimal/RayBeamRenderer
[RBRRef] resolved ok name=RayBeamRenderer
[RBRRef][Startup] resolved=True
RayBeamRenderer found? True
[BroadphaseEffective] mode=Policy policy=OverlapOnly quick=False overlap=True reason=policy
[SharedSnap] steps=400 stepLen=0.05 minStep=0.001 maxStep=0.3 collEvery=1 collRad=0.03 mask=0x0000FFFF debug=Off
[EffectiveCfg] broadphase=Policy(policy) policy=OverlapOnly quick=0 overlap=1 softgate=0 score=1 minSeg=0.1 attempts=5000 sub=10000 stride=1 resScale=0.5 rows=8 stepLen=0.05 collRad=0.03 mask=0x0000FFFF envRadScale=1.1 envAabbExpand=0 geomPrune=1 maxDist=50
FilmView found? True
[RBRRef][Startup] HasRenderer(after mirror)=True
✅ GrinFilmCamera ready. Rendering film.
[RenderTestRunner] _Ready reached.
[RenderTestRunner][CmdArgs] [--render-test, --render-test-fixture=blackhole_minimal, --render-test-profile=blackhole_compare_fast, --blackhole-transport-model=metric, --lifecycle-stress=0, --smartscale=0]
[RenderTestRunner][CLIFlags] autocal=0 shadow_eval=0 autocal_verbose=0 autocal_apply=0 lifecycle_stress=0 smartscale=0 smartscale_goal=none
[RenderTestRunner] TokenDetected=True shouldStart=True
[Transport] active=Metric_NullGeodesic fixture=blackhole_minimal effectiveMetricScalar=0.151
[BlackHoleFixture][CurvatureEngaged] mass_match=1 band_match=1 probe_any=1 band_noticeable=1 mass_primary=1 far_accel=0 transport=1 probe_mass=[0.031352,0.012257,0.010145,0.016328] probe_band=[0,0,0.013502,0] probe_total=[0.031352,0.012257,0.023646,0.016328]
[BlackHoleFixture][CurvatureApplied] deviated_rays=16/16 max_dev=0.700204 dev_sum=10.45615 min_dev_threshold=0.001
[BlackHoleFixture][CurvatureMetric] accel_sum_total=0.083583 accel_sum_mass=0.070081 accel_sum_band=0.013502 curvature_energy=0.083583 max_probe_accel=0.031352 far_accel=0
[BlackHoleFixture][SourcePattern] mode=CrossXY count=49 spacing=(4.5,4.5) radius=0.6 originLocal=(0,0,-12) includeCenter=1 localSample=[(-54,0,-12)|(-49.5,0,-12)|(-45,0,-12)|(-40.5,0,-12)|(-36,0,-12)|(-31.5,0,-12)] worldSample=[(-54,0,-12)|(-49.5,0,-12)|(-45,0,-12)|(-40.5,0,-12)|(-36,0,-12)|(-31.5,0,-12)] checksum=d2dc5d7f5c2ff5db8947386ab147590f02b7ac52680c9ddbf4171def12339e5d
[BlackHoleFixture][SourcePatternLayout] markers=49 overlap_exact=0 min_pair_dist=4.5 z_range=(-12,-12) center_z=0 behind_center=1
[BlackHoleFixture][SourcePatternMarker] i=0 name=source_marker_000 local=(-54,0,-12) global=(-54,0,-12) groups=[raytrace_geometry,fixture_geometry,fixture_source] collision_enabled=1 visible=1
[BlackHoleFixture][SourcePatternMarker] i=1 name=source_marker_001 local=(-49.5,0,-12) global=(-49.5,0,-12) groups=[raytrace_geometry,fixture_geometry,fixture_source] collision_enabled=1 visible=1
[BlackHoleFixture][SourcePatternMarker] i=2 name=source_marker_002 local=(-45,0,-12) global=(-45,0,-12) groups=[raytrace_geometry,fixture_geometry,fixture_source] collision_enabled=1 visible=1
[BlackHoleFixture][SourcePatternMarker] i=3 name=source_marker_003 local=(-40.5,0,-12) global=(-40.5,0,-12) groups=[raytrace_geometry,fixture_geometry,fixture_source] collision_enabled=1 visible=1
[BlackHoleFixture][SourcePatternMarker] i=4 name=source_marker_004 local=(-36,0,-12) global=(-36,0,-12) groups=[raytrace_geometry,fixture_geometry,fixture_source] collision_enabled=1 visible=1
[BlackHoleFixture][SourcePatternMarker] i=5 name=source_marker_005 local=(-31.5,0,-12) global=(-31.5,0,-12) groups=[raytrace_geometry,fixture_geometry,fixture_source] collision_enabled=1 visible=1
[BlackHoleFixture][SourcePatternMarker] i=6 name=source_marker_006 local=(-27,0,-12) global=(-27,0,-12) groups=[raytrace_geometry,fixture_geometry,fixture_source] collision_enabled=1 visible=1
[BlackHoleFixture][SourcePatternMarker] i=7 name=source_marker_007 local=(-22.5,0,-12) global=(-22.5,0,-12) groups=[raytrace_geometry,fixture_geometry,fixture_source] collision_enabled=1 visible=1
[BlackHoleFixture][SourcePatternMarker] i=8 name=source_marker_008 local=(-18,0,-12) global=(-18,0,-12) groups=[raytrace_geometry,fixture_geometry,fixture_source] collision_enabled=1 visible=1
[BlackHoleFixture][SourcePatternMarker] i=9 name=source_marker_009 local=(-13.5,0,-12) global=(-13.5,0,-12) groups=[raytrace_geometry,fixture_geometry,fixture_source] collision_enabled=1 visible=1
[BlackHoleFixture][SourcePatternMarker] i=10 name=source_marker_010 local=(-9,0,-12) global=(-9,0,-12) groups=[raytrace_geometry,fixture_geometry,fixture_source] collision_enabled=1 visible=1
[BlackHoleFixture][SourcePatternMarker] i=11 name=source_marker_011 local=(-4.5,0,-12) global=(-4.5,0,-12) groups=[raytrace_geometry,fixture_geometry,fixture_source] collision_enabled=1 visible=1
[BlackHoleFixture][SourcePatternMarker] i=12 name=source_marker_012 local=(0,0,-12) global=(0,0,-12) groups=[raytrace_geometry,fixture_geometry,fixture_source] collision_enabled=1 visible=1
[BlackHoleFixture][SourcePatternMarker] i=13 name=source_marker_013 local=(4.5,0,-12) global=(4.5,0,-12) groups=[raytrace_geometry,fixture_geometry,fixture_source] collision_enabled=1 visible=1
[BlackHoleFixture][SourcePatternMarker] i=14 name=source_marker_014 local=(9,0,-12) global=(9,0,-12) groups=[raytrace_geometry,fixture_geometry,fixture_source] collision_enabled=1 visible=1
[BlackHoleFixture][SourcePatternMarker] i=15 name=source_marker_015 local=(13.5,0,-12) global=(13.5,0,-12) groups=[raytrace_geometry,fixture_geometry,fixture_source] collision_enabled=1 visible=1
[BlackHoleFixture][SourcePatternMarker] i=16 name=source_marker_016 local=(18,0,-12) global=(18,0,-12) groups=[raytrace_geometry,fixture_geometry,fixture_source] collision_enabled=1 visible=1
[BlackHoleFixture][SourcePatternMarker] i=17 name=source_marker_017 local=(22.5,0,-12) global=(22.5,0,-12) groups=[raytrace_geometry,fixture_geometry,fixture_source] collision_enabled=1 visible=1
[BlackHoleFixture][SourcePatternMarker] i=18 name=source_marker_018 local=(27,0,-12) global=(27,0,-12) groups=[raytrace_geometry,fixture_geometry,fixture_source] collision_enabled=1 visible=1
[BlackHoleFixture][SourcePatternMarker] i=19 name=source_marker_019 local=(31.5,0,-12) global=(31.5,0,-12) groups=[raytrace_geometry,fixture_geometry,fixture_source] collision_enabled=1 visible=1
[BlackHoleFixture][SourcePatternMarker] i=20 name=source_marker_020 local=(36,0,-12) global=(36,0,-12) groups=[raytrace_geometry,fixture_geometry,fixture_source] collision_enabled=1 visible=1
[BlackHoleFixture][SourcePatternMarker] i=21 name=source_marker_021 local=(40.5,0,-12) global=(40.5,0,-12) groups=[raytrace_geometry,fixture_geometry,fixture_source] collision_enabled=1 visible=1
[BlackHoleFixture][SourcePatternMarker] i=22 name=source_marker_022 local=(45,0,-12) global=(45,0,-12) groups=[raytrace_geometry,fixture_geometry,fixture_source] collision_enabled=1 visible=1
[BlackHoleFixture][SourcePatternMarker] i=23 name=source_marker_023 local=(49.5,0,-12) global=(49.5,0,-12) groups=[raytrace_geometry,fixture_geometry,fixture_source] collision_enabled=1 visible=1
[BlackHoleFixture][SourcePatternMarker] i=24 name=source_marker_024 local=(54,0,-12) global=(54,0,-12) groups=[raytrace_geometry,fixture_geometry,fixture_source] collision_enabled=1 visible=1
[BlackHoleFixture][SourcePatternMarker] i=25 name=source_marker_025 local=(0,-54,-12) global=(0,-54,-12) groups=[raytrace_geometry,fixture_geometry,fixture_source] collision_enabled=1 visible=1
[BlackHoleFixture][SourcePatternMarker] i=26 name=source_marker_026 local=(0,-49.5,-12) global=(0,-49.5,-12) groups=[raytrace_geometry,fixture_geometry,fixture_source] collision_enabled=1 visible=1
[BlackHoleFixture][SourcePatternMarker] i=27 name=source_marker_027 local=(0,-45,-12) global=(0,-45,-12) groups=[raytrace_geometry,fixture_geometry,fixture_source] collision_enabled=1 visible=1
[BlackHoleFixture][SourcePatternMarker] i=28 name=source_marker_028 local=(0,-40.5,-12) global=(0,-40.5,-12) groups=[raytrace_geometry,fixture_geometry,fixture_source] collision_enabled=1 visible=1
[BlackHoleFixture][SourcePatternMarker] i=29 name=source_marker_029 local=(0,-36,-12) global=(0,-36,-12) groups=[raytrace_geometry,fixture_geometry,fixture_source] collision_enabled=1 visible=1
[BlackHoleFixture][SourcePatternMarker] i=30 name=source_marker_030 local=(0,-31.5,-12) global=(0,-31.5,-12) groups=[raytrace_geometry,fixture_geometry,fixture_source] collision_enabled=1 visible=1
[BlackHoleFixture][SourcePatternMarker] i=31 name=source_marker_031 local=(0,-27,-12) global=(0,-27,-12) groups=[raytrace_geometry,fixture_geometry,fixture_source] collision_enabled=1 visible=1
[BlackHoleFixture][SourcePatternMarker] i=32 name=source_marker_032 local=(0,-22.5,-12) global=(0,-22.5,-12) groups=[raytrace_geometry,fixture_geometry,fixture_source] collision_enabled=1 visible=1
[BlackHoleFixture][SourcePatternMarker] i=33 name=source_marker_033 local=(0,-18,-12) global=(0,-18,-12) groups=[raytrace_geometry,fixture_geometry,fixture_source] collision_enabled=1 visible=1
[BlackHoleFixture][SourcePatternMarker] i=34 name=source_marker_034 local=(0,-13.5,-12) global=(0,-13.5,-12) groups=[raytrace_geometry,fixture_geometry,fixture_source] collision_enabled=1 visible=1
[BlackHoleFixture][SourcePatternMarker] i=35 name=source_marker_035 local=(0,-9,-12) global=(0,-9,-12) groups=[raytrace_geometry,fixture_geometry,fixture_source] collision_enabled=1 visible=1
[BlackHoleFixture][SourcePatternMarker] i=36 name=source_marker_036 local=(0,-4.5,-12) global=(0,-4.5,-12) groups=[raytrace_geometry,fixture_geometry,fixture_source] collision_enabled=1 visible=1
[BlackHoleFixture][SourcePatternMarker] i=37 name=source_marker_037 local=(0,4.5,-12) global=(0,4.5,-12) groups=[raytrace_geometry,fixture_geometry,fixture_source] collision_enabled=1 visible=1
[BlackHoleFixture][SourcePatternMarker] i=38 name=source_marker_038 local=(0,9,-12) global=(0,9,-12) groups=[raytrace_geometry,fixture_geometry,fixture_source] collision_enabled=1 visible=1
[BlackHoleFixture][SourcePatternMarker] i=39 name=source_marker_039 local=(0,13.5,-12) global=(0,13.5,-12) groups=[raytrace_geometry,fixture_geometry,fixture_source] collision_enabled=1 visible=1
[BlackHoleFixture][SourcePatternMarker] i=40 name=source_marker_040 local=(0,18,-12) global=(0,18,-12) groups=[raytrace_geometry,fixture_geometry,fixture_source] collision_enabled=1 visible=1
[BlackHoleFixture][SourcePatternMarker] i=41 name=source_marker_041 local=(0,22.5,-12) global=(0,22.5,-12) groups=[raytrace_geometry,fixture_geometry,fixture_source] collision_enabled=1 visible=1
[BlackHoleFixture][SourcePatternMarker] i=42 name=source_marker_042 local=(0,27,-12) global=(0,27,-12) groups=[raytrace_geometry,fixture_geometry,fixture_source] collision_enabled=1 visible=1
[BlackHoleFixture][SourcePatternMarker] i=43 name=source_marker_043 local=(0,31.5,-12) global=(0,31.5,-12) groups=[raytrace_geometry,fixture_geometry,fixture_source] collision_enabled=1 visible=1
[BlackHoleFixture][SourcePatternMarker] i=44 name=source_marker_044 local=(0,36,-12) global=(0,36,-12) groups=[raytrace_geometry,fixture_geometry,fixture_source] collision_enabled=1 visible=1
[BlackHoleFixture][SourcePatternMarker] i=45 name=source_marker_045 local=(0,40.5,-12) global=(0,40.5,-12) groups=[raytrace_geometry,fixture_geometry,fixture_source] collision_enabled=1 visible=1
[BlackHoleFixture][SourcePatternMarker] i=46 name=source_marker_046 local=(0,45,-12) global=(0,45,-12) groups=[raytrace_geometry,fixture_geometry,fixture_source] collision_enabled=1 visible=1
[BlackHoleFixture][SourcePatternMarker] i=47 name=source_marker_047 local=(0,49.5,-12) global=(0,49.5,-12) groups=[raytrace_geometry,fixture_geometry,fixture_source] collision_enabled=1 visible=1
[BlackHoleFixture][SourcePatternMarker] i=48 name=source_marker_048 local=(0,54,-12) global=(0,54,-12) groups=[raytrace_geometry,fixture_geometry,fixture_source] collision_enabled=1 visible=1
[BlackHoleFixture][Absorption] transportModel=Metric_NullGeodesic effectiveMetricScalar=0.151 absorbed_rays=4/16 absorb_rate=0.25
[BlackHoleFixture][ComparisonSummary] transportModel=Metric_NullGeodesic effectiveMetricScalar=0.151 sourcePatternSummary=mode=CrossXY|count=49|spacingX=4.500000|spacingY=4.500000|radius=0.600000|origin=(0,0,-12)|includeCenter=1|checksum=d2dc5d7f5c2ff5db8947386ab147590f02b7ac52680c9ddbf4171def12339e5d probeN=16 absorbCount=4 absorbRate=0.25 hitRate=0 sourceHits=0 backgroundHits=0 detectorHits=0 absorbedHits=4 missHits=12 silhouetteRadiusMean=0.141421 silhouetteRadiusStdDev=0 silhouetteRadiusRange=0 silhouetteHistogram=[4,0,0,0,0,0]
[BlackHoleFixture] mass_strength=0.151 mass_radius=4.5 band_strength=0.03 band_r_inner=1.305 band_r_outer=1.845 mass_node_path=/root/TestBlackholeMinimalHarness/FixtureBlackholeMinimal/FieldSource3D band_node_path=/root/TestBlackholeMinimalHarness/FixtureBlackholeMinimal/PhotonBandSource sphere_global_pos=(0,0,0) sphere_scale=(1,1,1) cam_fov=70 camera_global_pos=(0,9.409,23.912) cam_to_sphere=25.697
[BlackHoleFixture][ResolvedMass] source=canonical curve=Power modeFlags=2 rInner=0.12 rOuter=4.5 amp=0.151 gamma=8 beta_mode=override beta_scale=1
[BlackHoleFixture][ResolvedPhotonBand] source=canonical enabled=1 curve=Polynomial modeFlags=0 rInner=1.305 rOuter=1.845 amp=0.03 A=0 B=4 C=-4 beta_mode=override beta_scale=1
[BlackHoleFixture][Renderer] useIntegrated=1 bendScale=1 fieldStrength=1
BlackHoleMinimalFingerprintRaw: transportModel=Metric_NullGeodesic effectiveMetricScalar=0.151 sourcePatternSummary=mode=CrossXY|count=49|spacingX=4.500000|spacingY=4.500000|radius=0.600000|origin=(0,0,-12)|includeCenter=1|checksum=d2dc5d7f5c2ff5db8947386ab147590f02b7ac52680c9ddbf4171def12339e5d sourceHits=0 backgroundHits=0 detectorHits=0 absorbedHits=4 missHits=12 absorbCount=4 absorbRate=0.25 hitRate=0 silhouetteRadiusMean=0.141421 silhouetteRadiusStdDev=0 silhouetteRadiusRange=0 silhouetteHistogram=[4,0,0,0,0,0] accelMass=[0.130296,0.012257,0.012024,0.006997,0.001981] accelBand=[0.000000,0.000000,0.000590,0.028595,0.000000] accelTotal=[0.130296,0.012257,0.012614,0.035592,0.001981] rayEndpoints=[-0.294049,-0.294049,0.193827|-0.082239,-0.287837,0.200091|0.123758,-0.288768,0.199247|0.287837,-0.082239,0.200091|0.288768,0.123758,0.199247|0.082239,0.287837,0.200091|-0.123758,0.288768,0.199247|-0.287837,0.082239,0.200091] rayChecksum=f9dcece68cc35848c3e63929ff7fb9a3b9a9cba85fabbd9aa205a95f8a851e83
BlackHoleMinimalFingerprint: v=2;sourceCount=2;massCanonical=1;bandCanonical=1;massSource=canonical;massCurve=Power;massRInner=0.120000;massROuter=4.500000;massAmp=0.151000;massGamma=8.000000;massA=8.000000;massB=0.000000;massC=0.000000;massModeFlags=2;massTransport=Metric_NullGeodesic;massBetaMode=override;massBetaScale=1.000000;bandEnabled=1;bandSource=canonical;bandCurve=Polynomial;bandRInner=1.305000;bandROuter=1.845000;bandAmp=0.030000;bandA=0.000000;bandB=4.000000;bandC=-4.000000;bandModeFlags=0;bandTransport=Metric_NullGeodesic;bandBetaMode=override;bandBetaScale=1.000000;useIntegrated=1;bendScale=1.000000;fieldStrength=1.000000;stepLength=0.050000;minStep=0.001000;maxStep=0.300000;stepAdaptGain=0.050000;maxSteps=400;transportModel=Metric_NullGeodesic;effectiveMetricScalar=0.151000;sourcePatternSummary=mode=CrossXY|count=49|spacingX=4.500000|spacingY=4.500000|radius=0.600000|origin=(0,0,-12)|includeCenter=1|checksum=d2dc5d7f5c2ff5db8947386ab147590f02b7ac52680c9ddbf4171def12339e5d;sourcePatternMode=CrossXY;sourcePatternCount=49;sourceSpacingX=4.500000;sourceSpacingY=4.500000;sourceMarkerRadius=0.600000;probeN=16;absorbCount=4;absorbRate=0.250000;hitRate=0.000000;sourceHits=0;backgroundHits=0;detectorHits=0;absorbedHits=4;missHits=12;silhouetteRadiusMean=0.141421;silhouetteRadiusStdDev=0.000000;silhouetteRadiusRange=0.000000;silhouetteHistogram=[4,0,0,0,0,0];rayK=48;accelMass=[0.130296,0.012257,0.012024,0.006997,0.001981];accelBand=[0.000000,0.000000,0.000590,0.028595,0.000000];accelTotal=[0.130296,0.012257,0.012614,0.035592,0.001981];rayChecksum=f9dcece68cc35848c3e63929ff7fb9a3b9a9cba85fabbd9aa205a95f8a851e83;sha256=eb588b55fc479c2cd717b00e330d8d102fd869f113123a44b5d2141b9bed3430
[RenderTestRunner] RenderHealth overrides: p2Every=8 minP2=8
[RenderTestRunner] Render-test baseline: scaledFilmPx=3600 rowsPerStep=6 minGeomPix=1024 minRayTests=4096 trustEnforcement=on
[RenderTestRunner] Trust target (render-test): scaledFilm=80x45 scaledPixels=3600 minGeomPix=1024 minRayTests=4096
[RenderTestRunner] Applied bbNew baseline profile (render-test mode).
[RenderTestRunner] Captured camera transform for deterministic tests.
[RenderTestRunner] Applied scoped render-test profile profile=blackhole_compare_fast fixture=BlackholeMinimal runs=2 framesPerRun=80 warmup=10
Rebuild ENTER
Rebuild on node: /root/TestBlackholeMinimalHarness/FixtureBlackholeMinimal/RayBeamRenderer  TerminateTrailOnHit=True StopOnHit=False RequireHitToRender=False
READY node: /root/TestBlackholeMinimalHarness/FixtureBlackholeMinimal/RayBeamRenderer  Script=<CSharpScript#-9223372011336628869>  TerminateTrailOnHit=True
RayBeamRenderer: field sources in group = 2
[Transport] active=Metric_NullGeodesic
[PresetApply] reason=process quality=1 perf=0 user=1 scene=1 preset=Walk perfPreset=None quality=Barebones resScale=0.25 stride=2 rows=8 broadphaseMode=Policy broadphasePolicy=QuickRayOnly
[BroadphaseEffective] mode=Policy policy=QuickRayOnly quick=True overlap=False reason=policy
[RenderTestRunner][INIT] mode=render-test startupDelayFrames=2 scene=res://test-blackhole-minimal.tscn
[BlackHoleFixture][Broadphase] enforcing policy=OverlapOnly mode=Policy
[BroadphaseEffective] mode=Policy policy=OverlapOnly quick=False overlap=True reason=policy
[RenderTest][MATRIX START] id=1772989075 runs=2 framesPerRun=80 warmup=10
[MATRIX START] runs=2 framesPerRun=80 warmup=10 scene=res://test-blackhole-minimal.tscn
[RenderTest][RUN START] matrix=1772989075 idx=1/2 name=baseline_prune_off frames=80 warmup=10 prune=off
[RUN START] name=baseline_prune_off prune=off stride=off envScale=inherit aabbExpand=inherit updateEveryFrame=on
[RenderTestRunner] Trust enforcement (mode=default): scaledFilm=80x45 minGeomPix=1024 minRayTests=4096 minP2=8 p2Every=8 rollingSec=10
[RenderHealth][StatsMode] scaledFilm=80x45 rowsPerStep=6 fullFrameEveryNSteps<=8
[SharedSnap] steps=600 stepLen=0.05 minStep=0.001 maxStep=0.3 collEvery=1 collRad=0.03 mask=0x0000FFFF debug=Off
[EffectiveCfg] broadphase=Policy(policy) policy=OverlapOnly quick=0 overlap=1 softgate=0 score=0 minSeg=0.1 attempts=600 sub=1000 stride=2 resScale=0.25 rows=8 stepLen=0.05 collRad=0.03 mask=0x0000FFFF envRadScale=1.02 envAabbExpand=0.01 geomPrune=0 maxDist=50
Toggles: AdaptiveSubsteps=0 SingleProbeSubdivide=0 BandHitSkip=0 RequireHit=0 StopOnHit=0 TerminateTrailOnHit=1 UpdateEveryFrame=1
[Cfg] Pass2SoftGateEnableQuickRayMiss=0 Pass2SoftGateScoringEnabled=0 Pass2SoftGateMinSegmentLength=0.1 Pass2SoftGateScoreThreshold=1 Pass2SoftGateScoreTurnAngleWeight=1 Pass2SoftGateScorePrevHitLostBonus=0.75 Pass2SoftGateRandomProbeChance=0.01 Pass2SoftGateScoreBudgetPerFrame=256 Pass2SoftGateMaxAttemptsPerPixel=4 Pass2SoftGateMaxAttemptsPerFrame=600 Pass2SoftGateMaxSubdividedCallsPerFrame=1000 UpdateEveryFrame=1
[Transport] Metric_NullGeodesic weak-field scaffold active. effectiveMetricScalar=0.151 (mapped=0.151, grinAccelMag=0, formula=|Amp|*betaScaleEff*BendScale*FieldStrength).
[Transport] Metric_NullGeodesic produced zero direction delta; using GRIN acceleration fallback.
[RenderTestRunner][Live] fixture=blackhole_minimal run=baseline_prune_off probe=baseline budget_mode=na budget_n=na renderstep_calls=2 rows_advanced_total=6 trust_window=na/na/na geomPixProcessedRaw=120 geomRayTestsTotalRaw=37373 budget_exit_reason=none
[RenderTestLive] name=baseline_prune_off frame=1/80 lastRow=6 rowsAdv=6 bands=1 geomPixProcessed=120 geomRayTestsTotal=37373 geomTrusted=0 geomHealthPartial=1 geomTrustReason=warming_up hitRate=0 budgetStop=none
[RenderTestRunner][Live] fixture=blackhole_minimal run=baseline_prune_off probe=baseline budget_mode=na budget_n=na renderstep_calls=8 rows_advanced_total=6 trust_window=na/na/na geomPixProcessedRaw=120 geomRayTestsTotalRaw=37788 budget_exit_reason=none
[RenderTestLive] name=baseline_prune_off frame=7/80 lastRow=42 rowsAdv=6 bands=1 geomPixProcessed=120 geomRayTestsTotal=37788 geomTrusted=0 geomHealthPartial=1 geomTrustReason=warming_up hitRate=0 budgetStop=none
[FrameReset] reason=completed prevRow=45 frame=1
[BUS SET] frameId=9 grid=OK fields=2
SceneSnapshot: Instances=0, Fields=2, Geometry=54, FieldParams=16, FieldTLASNodes=1, GeometryTLASNodes=31, MetricModel(GRIN=2, GordonMetric=0), CurvatureGrid: OK dim=32x16x32 cell=1, FirstFields=[0:(rInner=0.12, rOuter=4.5, amp=0.151, curveType=1, shapeType=0), 1:(rInner=1.305, rOuter=1.8449999, amp=0.03, curveType=2, shapeType=0)]
[RenderTestRunner][Live] fixture=blackhole_minimal run=baseline_prune_off probe=baseline budget_mode=na budget_n=na renderstep_calls=15 rows_advanced_total=6 trust_window=na/na/na geomPixProcessedRaw=120 geomRayTestsTotalRaw=37113 budget_exit_reason=none
[RenderTestLive] name=baseline_prune_off frame=14/80 lastRow=36 rowsAdv=6 bands=1 geomPixProcessed=120 geomRayTestsTotal=37113 geomTrusted=0 geomHealthPartial=1 geomTrustReason=warming_up hitRate=0 budgetStop=none
[BUS SET] frameId=16 grid=OK fields=2
SceneSnapshot: Instances=0, Fields=2, Geometry=54, FieldParams=16, FieldTLASNodes=1, GeometryTLASNodes=31, MetricModel(GRIN=2, GordonMetric=0), CurvatureGrid: OK dim=32x16x32 cell=1, FirstFields=[0:(rInner=0.12, rOuter=4.5, amp=0.151, curveType=1, shapeType=0), 1:(rInner=1.305, rOuter=1.8449999, amp=0.03, curveType=2, shapeType=0)]
[FrameReset] reason=completed prevRow=45 frame=2
[RenderTestRunner][Live] fixture=blackhole_minimal run=baseline_prune_off probe=baseline budget_mode=na budget_n=na renderstep_calls=22 rows_advanced_total=6 trust_window=na/na/na geomPixProcessedRaw=120 geomRayTestsTotalRaw=36678 budget_exit_reason=none
[RenderTestLive] name=baseline_prune_off frame=21/80 lastRow=30 rowsAdv=6 bands=1 geomPixProcessed=120 geomRayTestsTotal=36678 geomTrusted=0 geomHealthPartial=1 geomTrustReason=warming_up hitRate=0 budgetStop=none
[BUS SET] frameId=24 grid=OK fields=2
SceneSnapshot: Instances=0, Fields=2, Geometry=54, FieldParams=16, FieldTLASNodes=1, GeometryTLASNodes=31, MetricModel(GRIN=2, GordonMetric=0), CurvatureGrid: OK dim=32x16x32 cell=1, FirstFields=[0:(rInner=0.12, rOuter=4.5, amp=0.151, curveType=1, shapeType=0), 1:(rInner=1.305, rOuter=1.8449999, amp=0.03, curveType=2, shapeType=0)]
[FrameReset] reason=completed prevRow=45 frame=3
[RenderTestRunner][Live] fixture=blackhole_minimal run=baseline_prune_off probe=baseline budget_mode=na budget_n=na renderstep_calls=29 rows_advanced_total=6 trust_window=na/na/na geomPixProcessedRaw=120 geomRayTestsTotalRaw=36593 budget_exit_reason=none
[RenderTestLive] name=baseline_prune_off frame=28/80 lastRow=24 rowsAdv=6 bands=1 geomPixProcessed=120 geomRayTestsTotal=36593 geomTrusted=0 geomHealthPartial=1 geomTrustReason=warming_up hitRate=0 budgetStop=none
[RenderHealth] step=30 lastRow=36 rowsAdv=6 bands=1 stalledSteps=0 exit=none topExit=none hitRate=0 avgSteps=0 qray0=0 hybridFallback=0 hybridFallbackHit=0 hybridFallbackMiss=0 noCandidates=0 geomCandAvg=na geomSegQueried=na geomSegWithCandidates=na geomSegZero=na geomSegZeroRatePct=na geomPixProcessed=na geomPixHadAnyCandidates=na geomPixNoCand=na geomPixNoCandRatePct=na geomHitOk=0 geomHitReject=0 geomPrune=off geomPruneRequested=0 geomPruneEffective=off geomRayTestsTotal=358565 geomRayTestsAccepted=0 geomRayTestsRejected=0 geomRayTestsPerPxOn=na geomRayTestsPerPxOff=309.108 geomRayTestsSavedPct=na geomPruneSwitched=0 geomTrusted=1 geomHealthPartial=0 geomHealthModeSamples=10 geomTrustReason=ok geomRejectSampleMissing=0 geomRejectSampleInList=0 geomRejectSampleCandHit=0 geomRejectSampleDominant=none p2Samp=44820 radAvg=0.01 radMax=0.01 envDiagAvg=0.152 envDiagMax=0.17 envInflAvg=0.01 envInflMax=0.01 cand0=na cand1to2=na cand3to8=na cand9to32=na cand33p=na geomPruneAuditSamp=na geomPruneAuditFalseNeg=na geomPruneAuditFalsePos=na geomPruneAuditCand0Hit=na geomPruneAuditFalseNegRate=na
[RenderHealth][GeomCoverage] step=30 geomPrune=off geomPixProcessedRaw=1160 geomRayTestsTotalRaw=358565 geomSegQueriedRaw=0 pass2PixelsRaw=1160 geomPixHadAnyCandidatesRaw=0 geomPixNoCandRaw=0 geomRayTestsEligibleRaw=0 p2SampRaw=44820
[RenderHealth][TrustGateDebug] geomPixProcessedRaw=1160 geomRayTestsTotalRaw=358565 geomRayTestsEligibleRaw=0 trustGeomPixMet=1 trustRayTestsMet=1 minGeomPix=1024 minRayTests=4096
[RenderHealth][TrustCfg] p2SampleEveryNSeg=8 minP2SamplesForTrust=8
[RenderTestRunner] RenderHealth snapshot ready at step=30 frame=30
[BUS SET] frameId=32 grid=OK fields=2
SceneSnapshot: Instances=0, Fields=2, Geometry=54, FieldParams=16, FieldTLASNodes=1, GeometryTLASNodes=31, MetricModel(GRIN=2, GordonMetric=0), CurvatureGrid: OK dim=32x16x32 cell=1, FirstFields=[0:(rInner=0.12, rOuter=4.5, amp=0.151, curveType=1, shapeType=0), 1:(rInner=1.305, rOuter=1.8449999, amp=0.03, curveType=2, shapeType=0)]
[FrameReset] reason=completed prevRow=45 frame=4
[RenderTestRunner][Live] fixture=blackhole_minimal run=baseline_prune_off probe=baseline budget_mode=na budget_n=na renderstep_calls=35 rows_advanced_total=6 trust_window=1/0/na geomPixProcessedRaw=1160 geomRayTestsTotalRaw=358565 budget_exit_reason=none
[RenderTestLive] name=baseline_prune_off frame=34/80 lastRow=12 rowsAdv=6 bands=1 geomPixProcessed=1160 geomRayTestsTotal=358565 geomTrusted=1 geomHealthPartial=0 geomTrustReason=ok hitRate=0 budgetStop=none
[BUS SET] frameId=39 grid=OK fields=2
SceneSnapshot: Instances=0, Fields=2, Geometry=54, FieldParams=16, FieldTLASNodes=1, GeometryTLASNodes=31, MetricModel(GRIN=2, GordonMetric=0), CurvatureGrid: OK dim=32x16x32 cell=1, FirstFields=[0:(rInner=0.12, rOuter=4.5, amp=0.151, curveType=1, shapeType=0), 1:(rInner=1.305, rOuter=1.8449999, amp=0.03, curveType=2, shapeType=0)]
[FrameReset] reason=completed prevRow=45 frame=5
[RenderTestRunner][Live] fixture=blackhole_minimal run=baseline_prune_off probe=baseline budget_mode=na budget_n=na renderstep_calls=42 rows_advanced_total=6 trust_window=1/0/na geomPixProcessedRaw=1160 geomRayTestsTotalRaw=358565 budget_exit_reason=none
[RenderTestLive] name=baseline_prune_off frame=41/80 lastRow=6 rowsAdv=6 bands=1 geomPixProcessed=1160 geomRayTestsTotal=358565 geomTrusted=1 geomHealthPartial=0 geomTrustReason=ok hitRate=0 budgetStop=none
[BUS SET] frameId=47 grid=OK fields=2
SceneSnapshot: Instances=0, Fields=2, Geometry=54, FieldParams=16, FieldTLASNodes=1, GeometryTLASNodes=31, MetricModel(GRIN=2, GordonMetric=0), CurvatureGrid: OK dim=32x16x32 cell=1, FirstFields=[0:(rInner=0.12, rOuter=4.5, amp=0.151, curveType=1, shapeType=0), 1:(rInner=1.305, rOuter=1.8449999, amp=0.03, curveType=2, shapeType=0)]
[RenderTestRunner][Live] fixture=blackhole_minimal run=baseline_prune_off probe=baseline budget_mode=na budget_n=na renderstep_calls=48 rows_advanced_total=6 trust_window=1/0/na geomPixProcessedRaw=1160 geomRayTestsTotalRaw=358565 budget_exit_reason=none
[RenderTestLive] name=baseline_prune_off frame=47/80 lastRow=42 rowsAdv=6 bands=1 geomPixProcessed=1160 geomRayTestsTotal=358565 geomTrusted=1 geomHealthPartial=0 geomTrustReason=ok hitRate=0 budgetStop=none
[FrameReset] reason=completed prevRow=45 frame=6
[BUS SET] frameId=54 grid=OK fields=2
SceneSnapshot: Instances=0, Fields=2, Geometry=54, FieldParams=16, FieldTLASNodes=1, GeometryTLASNodes=31, MetricModel(GRIN=2, GordonMetric=0), CurvatureGrid: OK dim=32x16x32 cell=1, FirstFields=[0:(rInner=0.12, rOuter=4.5, amp=0.151, curveType=1, shapeType=0), 1:(rInner=1.305, rOuter=1.8449999, amp=0.03, curveType=2, shapeType=0)]
[RenderTestRunner][Live] fixture=blackhole_minimal run=baseline_prune_off probe=baseline budget_mode=na budget_n=na renderstep_calls=55 rows_advanced_total=6 trust_window=1/0/na geomPixProcessedRaw=1160 geomRayTestsTotalRaw=358565 budget_exit_reason=none
[RenderTestLive] name=baseline_prune_off frame=54/80 lastRow=36 rowsAdv=6 bands=1 geomPixProcessed=1160 geomRayTestsTotal=358565 geomTrusted=1 geomHealthPartial=0 geomTrustReason=ok hitRate=0 budgetStop=none
[FrameReset] reason=completed prevRow=45 frame=7
[RenderHealth] step=60 lastRow=24 rowsAdv=6 bands=1 stalledSteps=0 exit=none topExit=none hitRate=0 avgSteps=0 qray0=0 hybridFallback=0 hybridFallbackHit=0 hybridFallbackMiss=0 noCandidates=0 geomCandAvg=na geomSegQueried=na geomSegWithCandidates=na geomSegZero=na geomSegZeroRatePct=na geomPixProcessed=na geomPixHadAnyCandidates=na geomPixNoCand=na geomPixNoCandRatePct=na geomHitOk=0 geomHitReject=0 geomPrune=off geomPruneRequested=0 geomPruneEffective=off geomRayTestsTotal=357975 geomRayTestsAccepted=0 geomRayTestsRejected=0 geomRayTestsPerPxOn=na geomRayTestsPerPxOff=308.599 geomRayTestsSavedPct=na geomPruneSwitched=0 geomTrusted=1 geomHealthPartial=0 geomHealthModeSamples=10 geomTrustReason=ok geomRejectSampleMissing=0 geomRejectSampleInList=0 geomRejectSampleCandHit=0 geomRejectSampleDominant=none p2Samp=44746 radAvg=0.01 radMax=0.01 envDiagAvg=0.152 envDiagMax=0.17 envInflAvg=0.01 envInflMax=0.01 cand0=na cand1to2=na cand3to8=na cand9to32=na cand33p=na geomPruneAuditSamp=na geomPruneAuditFalseNeg=na geomPruneAuditFalsePos=na geomPruneAuditCand0Hit=na geomPruneAuditFalseNegRate=na
[RenderHealth][GeomCoverage] step=60 geomPrune=off geomPixProcessedRaw=1160 geomRayTestsTotalRaw=357975 geomSegQueriedRaw=0 pass2PixelsRaw=1160 geomPixHadAnyCandidatesRaw=0 geomPixNoCandRaw=0 geomRayTestsEligibleRaw=0 p2SampRaw=44746
[RenderHealth][TrustGateDebug] geomPixProcessedRaw=1160 geomRayTestsTotalRaw=357975 geomRayTestsEligibleRaw=0 trustGeomPixMet=1 trustRayTestsMet=1 minGeomPix=1024 minRayTests=4096
[RenderHealth][TrustCfg] p2SampleEveryNSeg=8 minP2SamplesForTrust=8
[RenderTestRunner][Live] fixture=blackhole_minimal run=baseline_prune_off probe=baseline budget_mode=na budget_n=na renderstep_calls=62 rows_advanced_total=6 trust_window=1/0/na geomPixProcessedRaw=1160 geomRayTestsTotalRaw=357975 budget_exit_reason=none
[RenderTestLive] name=baseline_prune_off frame=61/80 lastRow=30 rowsAdv=6 bands=1 geomPixProcessed=1160 geomRayTestsTotal=357975 geomTrusted=1 geomHealthPartial=0 geomTrustReason=ok hitRate=0 budgetStop=none
[BUS SET] frameId=62 grid=OK fields=2
SceneSnapshot: Instances=0, Fields=2, Geometry=54, FieldParams=16, FieldTLASNodes=1, GeometryTLASNodes=31, MetricModel(GRIN=2, GordonMetric=0), CurvatureGrid: OK dim=32x16x32 cell=1, FirstFields=[0:(rInner=0.12, rOuter=4.5, amp=0.151, curveType=1, shapeType=0), 1:(rInner=1.305, rOuter=1.8449999, amp=0.03, curveType=2, shapeType=0)]
[FrameReset] reason=completed prevRow=45 frame=8
[RenderTestRunner][Live] fixture=blackhole_minimal run=baseline_prune_off probe=baseline budget_mode=na budget_n=na renderstep_calls=69 rows_advanced_total=6 trust_window=1/0/na geomPixProcessedRaw=1160 geomRayTestsTotalRaw=357975 budget_exit_reason=none
[RenderTestLive] name=baseline_prune_off frame=68/80 lastRow=24 rowsAdv=6 bands=1 geomPixProcessed=1160 geomRayTestsTotal=357975 geomTrusted=1 geomHealthPartial=0 geomTrustReason=ok hitRate=0 budgetStop=none
[BUS SET] frameId=69 grid=OK fields=2
SceneSnapshot: Instances=0, Fields=2, Geometry=54, FieldParams=16, FieldTLASNodes=1, GeometryTLASNodes=31, MetricModel(GRIN=2, GordonMetric=0), CurvatureGrid: OK dim=32x16x32 cell=1, FirstFields=[0:(rInner=0.12, rOuter=4.5, amp=0.151, curveType=1, shapeType=0), 1:(rInner=1.305, rOuter=1.8449999, amp=0.03, curveType=2, shapeType=0)]
[FrameReset] reason=completed prevRow=45 frame=9
[RenderTestRunner][Live] fixture=blackhole_minimal run=baseline_prune_off probe=baseline budget_mode=na budget_n=na renderstep_calls=76 rows_advanced_total=6 trust_window=1/0/na geomPixProcessedRaw=1160 geomRayTestsTotalRaw=357975 budget_exit_reason=none
[RenderTestLive] name=baseline_prune_off frame=75/80 lastRow=18 rowsAdv=6 bands=1 geomPixProcessed=1160 geomRayTestsTotal=357975 geomTrusted=1 geomHealthPartial=0 geomTrustReason=ok hitRate=0 budgetStop=none
[BUS SET] frameId=77 grid=OK fields=2
SceneSnapshot: Instances=0, Fields=2, Geometry=54, FieldParams=16, FieldTLASNodes=1, GeometryTLASNodes=31, MetricModel(GRIN=2, GordonMetric=0), CurvatureGrid: OK dim=32x16x32 cell=1, FirstFields=[0:(rInner=0.12, rOuter=4.5, amp=0.151, curveType=1, shapeType=0), 1:(rInner=1.305, rOuter=1.8449999, amp=0.03, curveType=2, shapeType=0)]
[FrameReset] reason=completed prevRow=45 frame=10
[RenderTest][RUN SUMMARY] matrix=1772989075 idx=1/2 name=baseline_prune_off samples=70 meanMsPerFrame=156.735 p95MsPerFrame=179.629 meanSegsPerPixel=na geomTrusted=1 geomTrustReason=ok geomRayTestsSavedPct=na
[RenderTest][RUN END] matrix=1772989075 idx=1/2 name=baseline_prune_off run_id=1 frames=80 warmup=10 samples=70
[RUN END] name=baseline_prune_off run_id=1 frames=80 samples=70 meanMs=156.735 p95Ms=179.629
[RenderTest][RUN START] matrix=1772989075 idx=2/2 name=prune_on_default frames=80 warmup=10 prune=on
[RUN START] name=prune_on_default prune=on stride=on(inherit->inherit) envScale=inherit aabbExpand=inherit updateEveryFrame=on
[RenderTestRunner] Trust enforcement (mode=default): scaledFilm=80x45 minGeomPix=1024 minRayTests=4096 minP2=8 p2Every=8 rollingSec=10
[RenderHealth][StatsMode] scaledFilm=80x45 rowsPerStep=6 fullFrameEveryNSteps<=8
[EffectiveCfg] broadphase=Policy(policy) policy=OverlapOnly quick=0 overlap=1 softgate=1 score=0 minSeg=0.1 attempts=600 sub=1000 stride=2 resScale=0.25 rows=8 stepLen=0.05 collRad=0.03 mask=0x0000FFFF envRadScale=1.02 envAabbExpand=0.01 geomPrune=1 maxDist=50
[Cfg] Pass2SoftGateEnableQuickRayMiss=1 Pass2SoftGateScoringEnabled=0 Pass2SoftGateMinSegmentLength=0.1 Pass2SoftGateScoreThreshold=1 Pass2SoftGateScoreTurnAngleWeight=1 Pass2SoftGateScorePrevHitLostBonus=0.75 Pass2SoftGateRandomProbeChance=0.01 Pass2SoftGateScoreBudgetPerFrame=256 Pass2SoftGateMaxAttemptsPerPixel=4 Pass2SoftGateMaxAttemptsPerFrame=600 Pass2SoftGateMaxSubdividedCallsPerFrame=1000 UpdateEveryFrame=1
[RenderTestRunner][Live] fixture=blackhole_minimal run=prune_on_default probe=baseline budget_mode=na budget_n=na renderstep_calls=82 rows_advanced_total=6 trust_window=na/na/na geomPixProcessedRaw=1160 geomRayTestsTotalRaw=357975 budget_exit_reason=none
[RenderTestLive] name=prune_on_default frame=1/80 lastRow=6 rowsAdv=6 bands=1 geomPixProcessed=1160 geomRayTestsTotal=357975 geomTrusted=0 geomHealthPartial=1 geomTrustReason=warming_up hitRate=0 budgetStop=none
[FrameReset] reason=completed prevRow=45 frame=11
[RenderHealth] step=90 lastRow=12 rowsAdv=6 bands=1 stalledSteps=0 exit=none topExit=none hitRate=0 avgSteps=0 qray0=0 hybridFallback=0 hybridFallbackHit=0 hybridFallbackMiss=0 noCandidates=0 geomCandAvg=0.038 geomSegQueried=359035 geomSegWithCandidates=4601 geomSegZero=354434 geomSegZeroRatePct=98.72 geomPixProcessed=1160 geomPixHadAnyCandidates=1160 geomPixNoCand=0 geomPixNoCandRatePct=0.00 geomHitOk=0 geomHitReject=0 geomPrune=on geomPruneRequested=1 geomPruneEffective=on geomRayTestsTotal=4856 geomRayTestsAccepted=0 geomRayTestsRejected=0 geomRayTestsPerPxOn=4.186 geomRayTestsPerPxOff=694.396 geomRayTestsSavedPct=99.4 geomPruneSwitched=0 geomTrusted=1 geomHealthPartial=0 geomHealthModeSamples=10 geomTrustReason=ok geomRejectSampleMissing=0 geomRejectSampleInList=0 geomRejectSampleCandHit=0 geomRejectSampleDominant=none p2Samp=44880 radAvg=0.01 radMax=0.01 envDiagAvg=0.152 envDiagMax=0.17 envInflAvg=0.01 envInflMax=0.01 cand0=44305 cand1to2=0 cand3to8=575 cand9to32=0 cand33p=0 geomPruneAuditSamp=256 geomPruneAuditFalseNeg=0 geomPruneAuditFalsePos=0 geomPruneAuditCand0Hit=0 geomPruneAuditFalseNegRate=0
[RenderHealth][GeomCoverage] step=90 geomPrune=on geomPixProcessedRaw=1160 geomRayTestsTotalRaw=4856 geomSegQueriedRaw=359035 pass2PixelsRaw=1160 geomPixHadAnyCandidatesRaw=1160 geomPixNoCandRaw=0 geomRayTestsEligibleRaw=1160 p2SampRaw=44880
[RenderHealth][TrustGateDebug] geomPixProcessedRaw=1160 geomRayTestsTotalRaw=4856 geomRayTestsEligibleRaw=1160 trustGeomPixMet=1 trustRayTestsMet=1 minGeomPix=1024 minRayTests=4096
[RenderHealth][TrustCfg] p2SampleEveryNSeg=8 minP2SamplesForTrust=8
[RenderTestRunner] RenderHealth snapshot ready at step=90 frame=10
[FrameReset] reason=completed prevRow=45 frame=12
[BUS SET] frameId=102 grid=OK fields=2
SceneSnapshot: Instances=0, Fields=2, Geometry=54, FieldParams=16, FieldTLASNodes=1, GeometryTLASNodes=31, MetricModel(GRIN=2, GordonMetric=0), CurvatureGrid: OK dim=32x16x32 cell=1, FirstFields=[0:(rInner=0.12, rOuter=4.5, amp=0.151, curveType=1, shapeType=0), 1:(rInner=1.305, rOuter=1.8449999, amp=0.03, curveType=2, shapeType=0)]
[FrameReset] reason=completed prevRow=45 frame=13
[FrameReset] reason=completed prevRow=45 frame=14
[FrameReset] reason=completed prevRow=45 frame=15
[RenderHealth] step=120 lastRow=0 rowsAdv=3 bands=1 stalledSteps=0 exit=none topExit=none hitRate=0 avgSteps=0 qray0=0 hybridFallback=0 hybridFallbackHit=0 hybridFallbackMiss=0 noCandidates=0 geomCandAvg=0.037 geomSegQueried=348295 geomSegWithCandidates=4277 geomSegZero=344018 geomSegZeroRatePct=98.77 geomPixProcessed=1120 geomPixHadAnyCandidates=1120 geomPixNoCand=0 geomPixNoCandRatePct=0.00 geomHitOk=0 geomHitReject=0 geomPrune=on geomPruneRequested=1 geomPruneEffective=on geomRayTestsTotal=4277 geomRayTestsAccepted=0 geomRayTestsRejected=0 geomRayTestsPerPxOn=3.819 geomRayTestsPerPxOff=694.396 geomRayTestsSavedPct=99.45 geomPruneSwitched=0 geomTrusted=1 geomHealthPartial=0 geomHealthModeSamples=10 geomTrustReason=ok geomRejectSampleMissing=0 geomRejectSampleInList=0 geomRejectSampleCandHit=0 geomRejectSampleDominant=none p2Samp=43537 radAvg=0.01 radMax=0.01 envDiagAvg=0.152 envDiagMax=0.17 envInflAvg=0.01 envInflMax=0.01 cand0=43002 cand1to2=0 cand3to8=535 cand9to32=0 cand33p=0 geomPruneAuditSamp=0 geomPruneAuditFalseNeg=0 geomPruneAuditFalsePos=0 geomPruneAuditCand0Hit=0 geomPruneAuditFalseNegRate=0
[RenderHealth][GeomCoverage] step=120 geomPrune=on geomPixProcessedRaw=1120 geomRayTestsTotalRaw=4277 geomSegQueriedRaw=348295 pass2PixelsRaw=1120 geomPixHadAnyCandidatesRaw=1120 geomPixNoCandRaw=0 geomRayTestsEligibleRaw=1120 p2SampRaw=43537
[RenderHealth][TrustGateDebug] geomPixProcessedRaw=1120 geomRayTestsTotalRaw=4277 geomRayTestsEligibleRaw=1120 trustGeomPixMet=1 trustRayTestsMet=1 minGeomPix=1024 minRayTests=4096
[RenderHealth][TrustCfg] p2SampleEveryNSeg=8 minP2SamplesForTrust=8
[RenderTestRunner][Live] fixture=blackhole_minimal run=prune_on_default probe=baseline budget_mode=na budget_n=na renderstep_calls=121 rows_advanced_total=3 trust_window=1/0/na geomPixProcessedRaw=1120 geomRayTestsTotalRaw=4277 budget_exit_reason=none
[RenderTestLive] name=prune_on_default frame=40/80 lastRow=0 rowsAdv=3 bands=1 geomPixProcessed=1120 geomRayTestsTotal=4277 geomTrusted=1 geomHealthPartial=0 geomTrustReason=ok hitRate=0 budgetStop=none
[FrameReset] reason=completed prevRow=45 frame=16
[FrameReset] reason=completed prevRow=45 frame=17
[BUS SET] frameId=140 grid=OK fields=2
SceneSnapshot: Instances=0, Fields=2, Geometry=54, FieldParams=16, FieldTLASNodes=1, GeometryTLASNodes=31, MetricModel(GRIN=2, GordonMetric=0), CurvatureGrid: OK dim=32x16x32 cell=1, FirstFields=[0:(rInner=0.12, rOuter=4.5, amp=0.151, curveType=1, shapeType=0), 1:(rInner=1.305, rOuter=1.8449999, amp=0.03, curveType=2, shapeType=0)]
[FrameReset] reason=completed prevRow=45 frame=18
[RenderHealth] step=150 lastRow=36 rowsAdv=6 bands=1 stalledSteps=0 exit=none topExit=none hitRate=0 avgSteps=0 qray0=0 hybridFallback=0 hybridFallbackHit=0 hybridFallbackMiss=0 noCandidates=0 geomCandAvg=0.037 geomSegQueried=358565 geomSegWithCandidates=4453 geomSegZero=354112 geomSegZeroRatePct=98.76 geomPixProcessed=1160 geomPixHadAnyCandidates=1160 geomPixNoCand=0 geomPixNoCandRatePct=0.00 geomHitOk=0 geomHitReject=0 geomPrune=on geomPruneRequested=1 geomPruneEffective=on geomRayTestsTotal=4453 geomRayTestsAccepted=0 geomRayTestsRejected=0 geomRayTestsPerPxOn=3.839 geomRayTestsPerPxOff=694.396 geomRayTestsSavedPct=99.45 geomPruneSwitched=0 geomTrusted=1 geomHealthPartial=0 geomHealthModeSamples=10 geomTrustReason=ok geomRejectSampleMissing=0 geomRejectSampleInList=0 geomRejectSampleCandHit=0 geomRejectSampleDominant=none p2Samp=44821 radAvg=0.01 radMax=0.01 envDiagAvg=0.152 envDiagMax=0.17 envInflAvg=0.01 envInflMax=0.01 cand0=44264 cand1to2=0 cand3to8=557 cand9to32=0 cand33p=0 geomPruneAuditSamp=0 geomPruneAuditFalseNeg=0 geomPruneAuditFalsePos=0 geomPruneAuditCand0Hit=0 geomPruneAuditFalseNegRate=0
[RenderHealth][GeomCoverage] step=150 geomPrune=on geomPixProcessedRaw=1160 geomRayTestsTotalRaw=4453 geomSegQueriedRaw=358565 pass2PixelsRaw=1160 geomPixHadAnyCandidatesRaw=1160 geomPixNoCandRaw=0 geomRayTestsEligibleRaw=1160 p2SampRaw=44821
[RenderHealth][TrustGateDebug] geomPixProcessedRaw=1160 geomRayTestsTotalRaw=4453 geomRayTestsEligibleRaw=1160 trustGeomPixMet=1 trustRayTestsMet=1 minGeomPix=1024 minRayTests=4096
[RenderHealth][TrustCfg] p2SampleEveryNSeg=8 minP2SamplesForTrust=8
[FrameReset] reason=completed prevRow=45 frame=19
[RenderTestRunner][Live] fixture=blackhole_minimal run=prune_on_default probe=baseline budget_mode=na budget_n=na renderstep_calls=160 rows_advanced_total=6 trust_window=1/0/na geomPixProcessedRaw=1160 geomRayTestsTotalRaw=4453 budget_exit_reason=none
[RenderTestLive] name=prune_on_default frame=79/80 lastRow=42 rowsAdv=6 bands=1 geomPixProcessed=1160 geomRayTestsTotal=4453 geomTrusted=1 geomHealthPartial=0 geomTrustReason=ok hitRate=0 budgetStop=none
[FrameReset] reason=completed prevRow=45 frame=20
[RenderTest][RUN SUMMARY] matrix=1772989075 idx=2/2 name=prune_on_default samples=70 meanMsPerFrame=21.43 p95MsPerFrame=23.291 meanSegsPerPixel=na geomTrusted=1 geomTrustReason=ok geomRayTestsSavedPct=99.45
[RenderTest][RUN END] matrix=1772989075 idx=2/2 name=prune_on_default run_id=2 frames=80 warmup=10 samples=70
[RUN END] name=prune_on_default run_id=2 frames=80 samples=70 meanMs=21.43 p95Ms=23.291
[RenderTest][MATRIX END] id=1772989075 runs=2
[MATRIX END] totalRuns=2 elapsedMs=15328.538
[RenderTestRunner] Quitting (render-test mode).
[RenderTestRunner] Requesting deferred quit code=0
[RenderTestRunner][ExitCode] forced=0 reason=harness_success
