Godot Engine v4.5.1.stable.mono.official.f62fdbde1 - https://godotengine.org
OpenGL API 3.3.0 Core Profile Context 25.11.1.251104 - Compatibility - Using Device: ATI Technologies Inc. - AMD Radeon RX 6700 XT

[FieldSource3D] /root/TestEinsteinRingMinimalMetricHarness/FixtureEinsteinRingMinimal/FieldSource3D shape=SphereRadial curve=Power amp=0.151 a=8 b=0 c=0 r=[0.12,4.5] sigma=0 edge=0 beta=override(beta_scale=1) custom=n/a source=canonical
[FieldSource3D] /root/TestEinsteinRingMinimalMetricHarness/FixtureEinsteinRingMinimal/PhotonBandSource shape=SphereRadial curve=Polynomial amp=0.03 a=0 b=4 c=-4 r=[1.305,1.845] sigma=0 edge=0 beta=override(beta_scale=1) custom=n/a source=canonical
[DBG] dbgMesh inTree=True parent=RayBeamRenderer world=(0, 0, 0)
✅ GrinFilmCamera READY: /root/TestEinsteinRingMinimalMetricHarness/GrinFilmCamera
[RBRRef][Startup] configured path=../FixtureEinsteinRingMinimal/RayBeamRenderer
[RBRRef] resolved ok name=RayBeamRenderer
[RBRRef][Startup] resolved=True
RayBeamRenderer found? True
[BroadphaseEffective] mode=Policy policy=OverlapOnly quick=False overlap=True reason=policy
[SharedSnap] steps=400 stepLen=0.05 minStep=0.001 maxStep=0.3 collEvery=1 collRad=0.03 mask=0x0000FFFF debug=Off
[EffectiveCfg] broadphase=Policy(policy) policy=OverlapOnly quick=0 overlap=1 softgate=0 score=1 minSeg=0.1 attempts=5000 sub=10000 stride=1 resScale=0.5 rows=8 stepLen=0.05 collRad=0.03 mask=0x0000FFFF envRadScale=1.1 envAabbExpand=0 geomPrune=1 maxDist=50
FilmView found? True
[RBRRef][Startup] HasRenderer(after mirror)=True
✅ GrinFilmCamera ready. Rendering film.
[RenderTestRunner] _Ready reached.
[RenderTestRunner][CmdArgs] [--render-test, --render-test-fixture=einstein_ring_minimal, --render-test-profile=einstein_compare_fast, --einstein-transport-model=metric, --einstein-photon-band=off, --lifecycle-stress=0, --smartscale=0]
[RenderTestRunner][CLIFlags] autocal=0 shadow_eval=0 autocal_verbose=0 autocal_apply=0 lifecycle_stress=0 smartscale=0 smartscale_goal=none
[RenderTestRunner] TokenDetected=True shouldStart=True
[FixtureStartup] fixture=einstein_ring_minimal variant=test-einstein-ring-minimal-metric transport=Metric_NullGeodesic source=cmdline_user
[FixtureField] fixture=einstein_ring_minimal node=FieldSource3D label=mass source=cmdline_override transport=Metric_NullGeodesic curve=Power rInnerEnabled=1 rInner=0.12 rOuter=4.5 amp=0.151 betaMode=override betaScale=1 gamma=8 legacy=inactive
[FixtureField] fixture=einstein_ring_minimal node=PhotonBandSource label=photon_band source=cmdline_override transport=Metric_NullGeodesic curve=Polynomial rInnerEnabled=1 rInner=1.305 rOuter=1.845 amp=0.03 betaMode=override betaScale=1 a=0 b=4 c=-4 legacy=inactive
[EinsteinFixture][PhotonBandMode] mode=core_only source=cmdline_user authored_enabled=1 effective_enabled=0
[EinsteinFixture][DebugHitColor] enabled=1 source_group=fixture_source source_color=(1,1,0.75) background_color=(0.12,0.2,0.34) absorbed=(0,0,0) authority=1 trace=1
[EinsteinFixture][SourcePattern] mode=CrossXY count=49 spacing=(6,6) radius=1 originLocal=(0,0,-12) includeCenter=1 localSample=[(-72,0,-12)|(-66,0,-12)|(-60,0,-12)|(-54,0,-12)|(-48,0,-12)|(-42,0,-12)] worldSample=[(-72,0,-12)|(-66,0,-12)|(-60,0,-12)|(-54,0,-12)|(-48,0,-12)|(-42,0,-12)] checksum=324a4a4aadc42a88454df3ecfe60a74c9a9e9a01fa3c666d3df2648927866337
[EinsteinFixture][SourcePatternLayout] markers=49 overlap_exact=0 min_pair_dist=6 z_range=(-12,-12) center_z=0 behind_center=1 detector_z=-16
[EinsteinFixture][SourcePatternMarker] i=0 name=source_marker_000 local=(-72,0,-12) global=(-72,0,-12) groups=[raytrace_geometry,fixture_geometry,fixture_source] collision_enabled=1 visible=1
[EinsteinFixture][SourcePatternMarker] i=1 name=source_marker_001 local=(-66,0,-12) global=(-66,0,-12) groups=[raytrace_geometry,fixture_geometry,fixture_source] collision_enabled=1 visible=1
[EinsteinFixture][SourcePatternMarker] i=2 name=source_marker_002 local=(-60,0,-12) global=(-60,0,-12) groups=[raytrace_geometry,fixture_geometry,fixture_source] collision_enabled=1 visible=1
[EinsteinFixture][SourcePatternMarker] i=3 name=source_marker_003 local=(-54,0,-12) global=(-54,0,-12) groups=[raytrace_geometry,fixture_geometry,fixture_source] collision_enabled=1 visible=1
[EinsteinFixture][SourcePatternMarker] i=4 name=source_marker_004 local=(-48,0,-12) global=(-48,0,-12) groups=[raytrace_geometry,fixture_geometry,fixture_source] collision_enabled=1 visible=1
[EinsteinFixture][SourcePatternMarker] i=5 name=source_marker_005 local=(-42,0,-12) global=(-42,0,-12) groups=[raytrace_geometry,fixture_geometry,fixture_source] collision_enabled=1 visible=1
[EinsteinFixture][SourcePatternMarker] i=6 name=source_marker_006 local=(-36,0,-12) global=(-36,0,-12) groups=[raytrace_geometry,fixture_geometry,fixture_source] collision_enabled=1 visible=1
[EinsteinFixture][SourcePatternMarker] i=7 name=source_marker_007 local=(-30,0,-12) global=(-30,0,-12) groups=[raytrace_geometry,fixture_geometry,fixture_source] collision_enabled=1 visible=1
[EinsteinFixture][SourcePatternMarker] i=8 name=source_marker_008 local=(-24,0,-12) global=(-24,0,-12) groups=[raytrace_geometry,fixture_geometry,fixture_source] collision_enabled=1 visible=1
[EinsteinFixture][SourcePatternMarker] i=9 name=source_marker_009 local=(-18,0,-12) global=(-18,0,-12) groups=[raytrace_geometry,fixture_geometry,fixture_source] collision_enabled=1 visible=1
[EinsteinFixture][SourcePatternMarker] i=10 name=source_marker_010 local=(-12,0,-12) global=(-12,0,-12) groups=[raytrace_geometry,fixture_geometry,fixture_source] collision_enabled=1 visible=1
[EinsteinFixture][SourcePatternMarker] i=11 name=source_marker_011 local=(-6,0,-12) global=(-6,0,-12) groups=[raytrace_geometry,fixture_geometry,fixture_source] collision_enabled=1 visible=1
[EinsteinFixture][SourcePatternMarker] i=12 name=source_marker_012 local=(0,0,-12) global=(0,0,-12) groups=[raytrace_geometry,fixture_geometry,fixture_source] collision_enabled=1 visible=1
[EinsteinFixture][SourcePatternMarker] i=13 name=source_marker_013 local=(6,0,-12) global=(6,0,-12) groups=[raytrace_geometry,fixture_geometry,fixture_source] collision_enabled=1 visible=1
[EinsteinFixture][SourcePatternMarker] i=14 name=source_marker_014 local=(12,0,-12) global=(12,0,-12) groups=[raytrace_geometry,fixture_geometry,fixture_source] collision_enabled=1 visible=1
[EinsteinFixture][SourcePatternMarker] i=15 name=source_marker_015 local=(18,0,-12) global=(18,0,-12) groups=[raytrace_geometry,fixture_geometry,fixture_source] collision_enabled=1 visible=1
[EinsteinFixture][SourcePatternMarker] i=16 name=source_marker_016 local=(24,0,-12) global=(24,0,-12) groups=[raytrace_geometry,fixture_geometry,fixture_source] collision_enabled=1 visible=1
[EinsteinFixture][SourcePatternMarker] i=17 name=source_marker_017 local=(30,0,-12) global=(30,0,-12) groups=[raytrace_geometry,fixture_geometry,fixture_source] collision_enabled=1 visible=1
[EinsteinFixture][SourcePatternMarker] i=18 name=source_marker_018 local=(36,0,-12) global=(36,0,-12) groups=[raytrace_geometry,fixture_geometry,fixture_source] collision_enabled=1 visible=1
[EinsteinFixture][SourcePatternMarker] i=19 name=source_marker_019 local=(42,0,-12) global=(42,0,-12) groups=[raytrace_geometry,fixture_geometry,fixture_source] collision_enabled=1 visible=1
[EinsteinFixture][SourcePatternMarker] i=20 name=source_marker_020 local=(48,0,-12) global=(48,0,-12) groups=[raytrace_geometry,fixture_geometry,fixture_source] collision_enabled=1 visible=1
[EinsteinFixture][SourcePatternMarker] i=21 name=source_marker_021 local=(54,0,-12) global=(54,0,-12) groups=[raytrace_geometry,fixture_geometry,fixture_source] collision_enabled=1 visible=1
[EinsteinFixture][SourcePatternMarker] i=22 name=source_marker_022 local=(60,0,-12) global=(60,0,-12) groups=[raytrace_geometry,fixture_geometry,fixture_source] collision_enabled=1 visible=1
[EinsteinFixture][SourcePatternMarker] i=23 name=source_marker_023 local=(66,0,-12) global=(66,0,-12) groups=[raytrace_geometry,fixture_geometry,fixture_source] collision_enabled=1 visible=1
[EinsteinFixture][SourcePatternMarker] i=24 name=source_marker_024 local=(72,0,-12) global=(72,0,-12) groups=[raytrace_geometry,fixture_geometry,fixture_source] collision_enabled=1 visible=1
[EinsteinFixture][SourcePatternMarker] i=25 name=source_marker_025 local=(0,-72,-12) global=(0,-72,-12) groups=[raytrace_geometry,fixture_geometry,fixture_source] collision_enabled=1 visible=1
[EinsteinFixture][SourcePatternMarker] i=26 name=source_marker_026 local=(0,-66,-12) global=(0,-66,-12) groups=[raytrace_geometry,fixture_geometry,fixture_source] collision_enabled=1 visible=1
[EinsteinFixture][SourcePatternMarker] i=27 name=source_marker_027 local=(0,-60,-12) global=(0,-60,-12) groups=[raytrace_geometry,fixture_geometry,fixture_source] collision_enabled=1 visible=1
[EinsteinFixture][SourcePatternMarker] i=28 name=source_marker_028 local=(0,-54,-12) global=(0,-54,-12) groups=[raytrace_geometry,fixture_geometry,fixture_source] collision_enabled=1 visible=1
[EinsteinFixture][SourcePatternMarker] i=29 name=source_marker_029 local=(0,-48,-12) global=(0,-48,-12) groups=[raytrace_geometry,fixture_geometry,fixture_source] collision_enabled=1 visible=1
[EinsteinFixture][SourcePatternMarker] i=30 name=source_marker_030 local=(0,-42,-12) global=(0,-42,-12) groups=[raytrace_geometry,fixture_geometry,fixture_source] collision_enabled=1 visible=1
[EinsteinFixture][SourcePatternMarker] i=31 name=source_marker_031 local=(0,-36,-12) global=(0,-36,-12) groups=[raytrace_geometry,fixture_geometry,fixture_source] collision_enabled=1 visible=1
[EinsteinFixture][SourcePatternMarker] i=32 name=source_marker_032 local=(0,-30,-12) global=(0,-30,-12) groups=[raytrace_geometry,fixture_geometry,fixture_source] collision_enabled=1 visible=1
[EinsteinFixture][SourcePatternMarker] i=33 name=source_marker_033 local=(0,-24,-12) global=(0,-24,-12) groups=[raytrace_geometry,fixture_geometry,fixture_source] collision_enabled=1 visible=1
[EinsteinFixture][SourcePatternMarker] i=34 name=source_marker_034 local=(0,-18,-12) global=(0,-18,-12) groups=[raytrace_geometry,fixture_geometry,fixture_source] collision_enabled=1 visible=1
[EinsteinFixture][SourcePatternMarker] i=35 name=source_marker_035 local=(0,-12,-12) global=(0,-12,-12) groups=[raytrace_geometry,fixture_geometry,fixture_source] collision_enabled=1 visible=1
[EinsteinFixture][SourcePatternMarker] i=36 name=source_marker_036 local=(0,-6,-12) global=(0,-6,-12) groups=[raytrace_geometry,fixture_geometry,fixture_source] collision_enabled=1 visible=1
[EinsteinFixture][SourcePatternMarker] i=37 name=source_marker_037 local=(0,6,-12) global=(0,6,-12) groups=[raytrace_geometry,fixture_geometry,fixture_source] collision_enabled=1 visible=1
[EinsteinFixture][SourcePatternMarker] i=38 name=source_marker_038 local=(0,12,-12) global=(0,12,-12) groups=[raytrace_geometry,fixture_geometry,fixture_source] collision_enabled=1 visible=1
[EinsteinFixture][SourcePatternMarker] i=39 name=source_marker_039 local=(0,18,-12) global=(0,18,-12) groups=[raytrace_geometry,fixture_geometry,fixture_source] collision_enabled=1 visible=1
[EinsteinFixture][SourcePatternMarker] i=40 name=source_marker_040 local=(0,24,-12) global=(0,24,-12) groups=[raytrace_geometry,fixture_geometry,fixture_source] collision_enabled=1 visible=1
[EinsteinFixture][SourcePatternMarker] i=41 name=source_marker_041 local=(0,30,-12) global=(0,30,-12) groups=[raytrace_geometry,fixture_geometry,fixture_source] collision_enabled=1 visible=1
[EinsteinFixture][SourcePatternMarker] i=42 name=source_marker_042 local=(0,36,-12) global=(0,36,-12) groups=[raytrace_geometry,fixture_geometry,fixture_source] collision_enabled=1 visible=1
[EinsteinFixture][SourcePatternMarker] i=43 name=source_marker_043 local=(0,42,-12) global=(0,42,-12) groups=[raytrace_geometry,fixture_geometry,fixture_source] collision_enabled=1 visible=1
[EinsteinFixture][SourcePatternMarker] i=44 name=source_marker_044 local=(0,48,-12) global=(0,48,-12) groups=[raytrace_geometry,fixture_geometry,fixture_source] collision_enabled=1 visible=1
[EinsteinFixture][SourcePatternMarker] i=45 name=source_marker_045 local=(0,54,-12) global=(0,54,-12) groups=[raytrace_geometry,fixture_geometry,fixture_source] collision_enabled=1 visible=1
[EinsteinFixture][SourcePatternMarker] i=46 name=source_marker_046 local=(0,60,-12) global=(0,60,-12) groups=[raytrace_geometry,fixture_geometry,fixture_source] collision_enabled=1 visible=1
[EinsteinFixture][SourcePatternMarker] i=47 name=source_marker_047 local=(0,66,-12) global=(0,66,-12) groups=[raytrace_geometry,fixture_geometry,fixture_source] collision_enabled=1 visible=1
[EinsteinFixture][SourcePatternMarker] i=48 name=source_marker_048 local=(0,72,-12) global=(0,72,-12) groups=[raytrace_geometry,fixture_geometry,fixture_source] collision_enabled=1 visible=1
[Transport] active=Metric_NullGeodesic fixture=einstein_ring_minimal effectiveMetricScalar=0.151
[EinsteinFixture][CurvatureEngaged] mass_match=1 band_match=1 probe_any=1 band_noticeable=1 mass_primary=1 far_accel=0 transport=1 probe_mass=[0.031352,0.012257,0.010145,0.016328] probe_band=[0,0,0,0] probe_total=[0.031352,0.012257,0.010145,0.016328]
[EinsteinFixture][CurvatureApplied] deviated_rays=16/16 max_dev=0.668924 dev_sum=10.12669 min_dev_threshold=0.001
[EinsteinFixture][Absorption] transportModel=Metric_NullGeodesic effectiveMetricScalar=0.151 absorbed_rays=0/16 rate=0
Einstein_Ring_Minimal invalid: absorption out of range | absorbed_rays=0/16 rate=0 expected=[0.1,0.4]
ERROR: Einstein_Ring_Minimal invalid: absorption out of range | absorbed_rays=0/16 rate=0 expected=[0.1,0.4]
   at: void EinsteinRingMinimalFingerprint.FailInvalid(string, string) (res://Fixtures/EinsteinRingMinimalFingerprint.cs:1510)
   C# backtrace (most recent call first):
       [0] void Godot.GD.PushError(string) (/root/godot/modules/mono/glue/GodotSharp/GodotSharp/Core/GD.cs:366)
       [1] void EinsteinRingMinimalFingerprint.FailInvalid(string, string) (C:\godot\godot_xPRIMEray\Fixtures\EinsteinRingMinimalFingerprint.cs:1510)
       [2] void EinsteinRingMinimalFingerprint._Ready() (C:\godot\godot_xPRIMEray\Fixtures\EinsteinRingMinimalFingerprint.cs:456)
       [3] bool Godot.Node.InvokeGodotClassMethod(Godot.NativeInterop.godot_string_name&, Godot.NativeInterop.NativeVariantPtrArgs, Godot.NativeInterop.godot_variant&) (/root/godot/modules/mono/glue/GodotSharp/GodotSharp/Generated/GodotObjects/Node.cs:2660)
       [4] bool Godot.Node3D.InvokeGodotClassMethod(Godot.NativeInterop.godot_string_name&, Godot.NativeInterop.NativeVariantPtrArgs, Godot.NativeInterop.godot_variant&) (/root/godot/modules/mono/glue/GodotSharp/GodotSharp/Generated/GodotObjects/Node3D.cs:1126)
       [5] bool EinsteinRingMinimalFingerprint.InvokeGodotClassMethod(Godot.NativeInterop.godot_string_name&, Godot.NativeInterop.NativeVariantPtrArgs, Godot.NativeInterop.godot_variant&) (C:\godot\godot_xPRIMEray\.godot\mono\temp\obj\Debug\Godot.SourceGenerators\Godot.SourceGenerators.ScriptMethodsGenerator\EinsteinRingMinimalFingerprint_ScriptMethods.generated.cs:418)
       [6] Godot.NativeInterop.godot_bool Godot.Bridge.CSharpInstanceBridge.Call(nint, Godot.NativeInterop.godot_string_name*, Godot.NativeInterop.godot_variant**, int, Godot.NativeInterop.godot_variant_call_error*, Godot.NativeInterop.godot_variant*) (/root/godot/modules/mono/glue/GodotSharp/GodotSharp/Core/Bridge/CSharpInstanceBridge.cs:24)
[RenderTestRunner] RenderHealth overrides: p2Every=8 minP2=8
[RenderTestRunner] Render-test baseline: scaledFilmPx=3600 rowsPerStep=6 minGeomPix=1024 minRayTests=4096 trustEnforcement=on
[RenderTestRunner] Trust target (render-test): scaledFilm=80x45 scaledPixels=3600 minGeomPix=1024 minRayTests=4096
[RenderTestRunner] Applied bbNew baseline profile (render-test mode).
[RenderTestRunner] Captured camera transform for deterministic tests.
[RenderTestRunner] Applied scoped render-test profile profile=einstein_compare_fast fixture=EinsteinRingMinimal runs=2 framesPerRun=80 warmup=10
[EinsteinFixture][FAIL] Requesting quit code=1 due to fixture invariant failure.
Rebuild ENTER
Rebuild on node: /root/TestEinsteinRingMinimalMetricHarness/FixtureEinsteinRingMinimal/RayBeamRenderer  TerminateTrailOnHit=True StopOnHit=False RequireHitToRender=False
READY node: /root/TestEinsteinRingMinimalMetricHarness/FixtureEinsteinRingMinimal/RayBeamRenderer  Script=<CSharpScript#-9223372011336628869>  TerminateTrailOnHit=True
RayBeamRenderer: field sources in group = 2
[Transport] active=Metric_NullGeodesic
[PresetApply] reason=process quality=1 perf=0 user=1 scene=1 preset=Walk perfPreset=None quality=Barebones resScale=0.25 stride=2 rows=8 broadphaseMode=Policy broadphasePolicy=QuickRayOnly
[BroadphaseEffective] mode=Policy policy=QuickRayOnly quick=True overlap=False reason=policy
[RenderTestRunner][INIT] mode=render-test startupDelayFrames=2 scene=res://test-einstein-ring-minimal-metric.tscn
