Godot Engine v4.5.1.stable.mono.official.f62fdbde1 - https://godotengine.org
OpenGL API 3.3.0 Core Profile Context 25.11.1.251104 - Compatibility - Using Device: ATI Technologies Inc. - AMD Radeon RX 6700 XT

[FieldSource3D] /root/TestGrinBasicVisualOffAxisHarness/FixtureGrinBasicVisual/FieldSource3D shape=SphereRadial curve=Power amp=1.35 a=2.4 b=0 c=0 r=[0,6.5] sigma=0 edge=0 beta=override(beta_scale=1) custom=n/a source=canonical
[DBG] dbgMesh inTree=True parent=RayBeamRenderer world=(0, 0, 0)
✅ GrinFilmCamera READY: /root/TestGrinBasicVisualOffAxisHarness/GrinFilmCamera
[RBRRef][Startup] configured path=../FixtureGrinBasicVisual/RayBeamRenderer
[RBRRef] resolved ok name=RayBeamRenderer
[RBRRef][Startup] resolved=True
RayBeamRenderer found? True
[BroadphaseEffective] mode=Policy policy=OverlapOnly quick=False overlap=True reason=policy
[SharedSnap] steps=500 stepLen=0.05 minStep=0.002 maxStep=0.2 collEvery=1 collRad=0.03 mask=0x0000FFFF debug=Off
[EffectiveCfg] broadphase=Policy(policy) policy=OverlapOnly quick=0 overlap=1 softgate=0 score=1 minSeg=0.1 attempts=5000 sub=10000 stride=1 resScale=0.75 rows=8 stepLen=0.05 collRad=0.03 mask=0x0000FFFF envRadScale=1.1 envAabbExpand=0 geomPrune=1 maxDist=50
FilmView found? True
[RBRRef][Startup] HasRenderer(after mirror)=True
✅ GrinFilmCamera ready. Rendering film.
[GrinBasicVisual][SourceGroup] fixture=grin_basic_visual_offaxis group=fixture_source taggedDots=15
[LaunchAudit] requested_launcher=run_grin_basic_visual_offaxis actual_scene=res://test-grin-basic-visual-offaxis.tscn actual_fixture=grin_basic_visual_offaxis mode=FULL_RENDER expected_scene=res://test-grin-basic-visual-offaxis.tscn expected_fixture=grin_basic_visual_offaxis scene_match=1 fixture_match=1 status=ok
[GrinBasicVisual] fixture=grin_basic_visual_offaxis enabled=1 resolve=canonical transport=GRIN_Optical curve=Power rInner=0 rOuter=6.5 amp=1.35 gamma=2.4 betaMode=override betaScale=1
[GrinBasicVisual][Renderer] fixture=grin_basic_visual_offaxis transport=GRIN_Optical useFieldGrid=0 researchEnabled=0 stepsPerRay=500 stepLength=0.05 minStepLength=0.002 maxStepLength=0.2 bendScale=1 fieldStrength=1 metricGain=1 metricGainActive=0
[GrinBasicVisual][CaptureConfig] fixture=grin_basic_visual_offaxis path=c:\godot\godot_xPRIMEray\screenshots\basic_visual_offaxis\2026-03-15\grin_stronger_offaxis.png settleFrames=12 timeoutFrames=240 minRhStep=20 minRows=64 filmOpacity=1 compareGrid=1 compareCrosshair=1 exitAfterCapture=1
[GrinBasicVisual][Startup] fixture=grin_basic_visual_offaxis delaying_full_render=1 physicsFrames=2
Rebuild ENTER
Rebuild on node: /root/TestGrinBasicVisualOffAxisHarness/FixtureGrinBasicVisual/RayBeamRenderer  TerminateTrailOnHit=True StopOnHit=False RequireHitToRender=False
READY node: /root/TestGrinBasicVisualOffAxisHarness/FixtureGrinBasicVisual/RayBeamRenderer  Script=<CSharpScript#-9223372011336628869>  TerminateTrailOnHit=True
RayBeamRenderer: field sources in group = 1
[Transport] active=GRIN_Optical
[GrinBasicVisual][Startup] fixture=grin_basic_visual_offaxis full_render_enabled=1 physicsFrames=2
Toggles: AdaptiveSubsteps=0 SingleProbeSubdivide=0 BandHitSkip=0 RequireHit=0 StopOnHit=0 TerminateTrailOnHit=1 UpdateEveryFrame=1
[Cfg] Pass2SoftGateEnableQuickRayMiss=0 Pass2SoftGateScoringEnabled=1 Pass2SoftGateMinSegmentLength=0.1 Pass2SoftGateScoreThreshold=1 Pass2SoftGateScoreTurnAngleWeight=1 Pass2SoftGateScorePrevHitLostBonus=0.75 Pass2SoftGateRandomProbeChance=0.01 Pass2SoftGateScoreBudgetPerFrame=32 Pass2SoftGateMaxAttemptsPerPixel=2 Pass2SoftGateMaxAttemptsPerFrame=5000 Pass2SoftGateMaxSubdividedCallsPerFrame=10000 UpdateEveryFrame=1
[RenderStep][Yield] reason=max_ms_after_pass1 frame=1 rowStart=0 bandH=8 committed=0 pendingPass2=1 ms=1457
[RenderStep][Finalize] reason=max_ms_after_pass1 phase=enter y=[0,8) rowCursor=0->8 elapsedMs=1458 attempts=0/5000 sub=0/10000 hits=0 pendingPass2=1
[HUDMeta] fixture=grin_basic_visual_offaxis transport=GRIN_Optical sourcePattern=dot_grid MODE=FULL_RENDER FILM_ACCUM=ON
[RuntimeMode] scene=test-grin-basic-visual-offaxis fixture=grin_basic_visual_offaxis transport=GRIN_Optical mode=FULL_RENDER filmAccum=ON
[BudgetExit] frame=1 row=6 reason=update_every_frame_budget elapsedMs=505 rowsDoneThisStep=0 hitsThisBand=952 attempts=0/5000 subdiv=0/10000 px=3840/2000000
[RenderStep][Yield] reason=update_every_frame_budget frame=1 rowCursor=6 rowsDone=6 pendingPass2=1 bandH=8 pass1RerunAvoided=1 ms=506 p1ms=0.00 p2ms=505.57 p2SegTestedStep=35939 softGate{attemptUsed=0 subdivUsed=0}
[RenderStep][Yield] reason=max_ms_after_pass1 frame=1 rowStart=8 bandH=4 committed=0 pendingPass2=1 ms=618
[RenderStep][Finalize] reason=max_ms_after_pass1 phase=enter y=[8,12) rowCursor=8->12 elapsedMs=619 attempts=0/5000 sub=0/10000 hits=0 pendingPass2=1
[BudgetExit] frame=1 row=16 reason=guard_progress elapsedMs=312 rowsDoneThisStep=4 hitsThisBand=504 attempts=0/5000 subdiv=0/10000 px=1920/2000000
[RenderStep][YieldAbort] reason=end startRow=12 endRow=16 forcedAdvance=1 elapsedMs=312 budgetStop=0 hitsInBand=504
[RenderStep][Yield] reason=max_ms_after_pass1 frame=1 rowStart=16 bandH=4 committed=0 pendingPass2=1 ms=698
[RenderStep][Finalize] reason=max_ms_after_pass1 phase=enter y=[16,20) rowCursor=16->20 elapsedMs=698 attempts=0/5000 sub=0/10000 hits=0 pendingPass2=1
[BudgetExit] frame=1 row=24 reason=guard_progress elapsedMs=334 rowsDoneThisStep=4 hitsThisBand=418 attempts=0/5000 subdiv=0/10000 px=1920/2000000
[RenderStep][YieldAbort] reason=end startRow=20 endRow=24 forcedAdvance=1 elapsedMs=335 budgetStop=0 hitsInBand=418
[RenderStep][Yield] reason=max_ms_after_pass1 frame=1 rowStart=24 bandH=4 committed=0 pendingPass2=1 ms=571
[RenderStep][Finalize] reason=max_ms_after_pass1 phase=enter y=[24,28) rowCursor=24->28 elapsedMs=571 attempts=0/5000 sub=0/10000 hits=0 pendingPass2=1
[BUS SET] frameId=8 grid=OK fields=1
SceneSnapshot: Instances=0, Fields=1, Geometry=18, FieldParams=8, FieldTLASNodes=1, GeometryTLASNodes=11, MetricModel(GRIN=1, GordonMetric=0), CurvatureGrid: OK dim=32x16x32 cell=1, FirstFields=[0:(rInner=0, rOuter=6.5, amp=1.35, curveType=1, shapeType=0)]
[BudgetExit] frame=1 row=32 reason=guard_progress elapsedMs=413 rowsDoneThisStep=4 hitsThisBand=389 attempts=0/5000 subdiv=0/10000 px=1920/2000000
[RenderStep][YieldAbort] reason=end startRow=28 endRow=32 forcedAdvance=1 elapsedMs=414 budgetStop=0 hitsInBand=389
[RenderStep][Yield] reason=max_ms_after_pass1 frame=1 rowStart=32 bandH=4 committed=0 pendingPass2=1 ms=526
[RenderStep][Finalize] reason=max_ms_after_pass1 phase=enter y=[32,36) rowCursor=32->36 elapsedMs=526 attempts=0/5000 sub=0/10000 hits=0 pendingPass2=1
[BudgetExit] frame=1 row=40 reason=guard_progress elapsedMs=467 rowsDoneThisStep=4 hitsThisBand=381 attempts=0/5000 subdiv=0/10000 px=1920/2000000
[RenderStep][YieldAbort] reason=end startRow=36 endRow=40 forcedAdvance=1 elapsedMs=467 budgetStop=0 hitsInBand=381
[RenderStep][Yield] reason=max_ms_after_pass1 frame=1 rowStart=40 bandH=4 committed=0 pendingPass2=1 ms=513
[RenderStep][Finalize] reason=max_ms_after_pass1 phase=enter y=[40,44) rowCursor=40->44 elapsedMs=513 attempts=0/5000 sub=0/10000 hits=0 pendingPass2=1
[BudgetExit] frame=1 row=48 reason=guard_progress elapsedMs=426 rowsDoneThisStep=4 hitsThisBand=380 attempts=0/5000 subdiv=0/10000 px=1920/2000000
[RenderStep][YieldAbort] reason=end startRow=44 endRow=48 forcedAdvance=1 elapsedMs=426 budgetStop=0 hitsInBand=380
[RenderStep][Yield] reason=max_ms_after_pass1 frame=1 rowStart=48 bandH=4 committed=0 pendingPass2=1 ms=520
[RenderStep][Finalize] reason=max_ms_after_pass1 phase=enter y=[48,52) rowCursor=48->52 elapsedMs=520 attempts=0/5000 sub=0/10000 hits=0 pendingPass2=1
[BudgetExit] frame=1 row=56 reason=guard_progress elapsedMs=406 rowsDoneThisStep=4 hitsThisBand=456 attempts=0/5000 subdiv=0/10000 px=1920/2000000
[RenderStep][YieldAbort] reason=end startRow=52 endRow=56 forcedAdvance=1 elapsedMs=406 budgetStop=0 hitsInBand=456
[RenderStep][Yield] reason=max_ms_after_pass1 frame=1 rowStart=56 bandH=4 committed=0 pendingPass2=1 ms=534
[RenderStep][Finalize] reason=max_ms_after_pass1 phase=enter y=[56,60) rowCursor=56->60 elapsedMs=534 attempts=0/5000 sub=0/10000 hits=0 pendingPass2=1
[BUS SET] frameId=16 grid=OK fields=1
SceneSnapshot: Instances=0, Fields=1, Geometry=18, FieldParams=8, FieldTLASNodes=1, GeometryTLASNodes=11, MetricModel(GRIN=1, GordonMetric=0), CurvatureGrid: OK dim=32x16x32 cell=1, FirstFields=[0:(rInner=0, rOuter=6.5, amp=1.35, curveType=1, shapeType=0)]
[BudgetExit] frame=1 row=64 reason=guard_progress elapsedMs=364 rowsDoneThisStep=4 hitsThisBand=426 attempts=0/5000 subdiv=0/10000 px=1920/2000000
[RenderStep][YieldAbort] reason=end startRow=60 endRow=64 forcedAdvance=1 elapsedMs=364 budgetStop=0 hitsInBand=426
[RenderStep][Yield] reason=max_ms_after_pass1 frame=1 rowStart=64 bandH=4 committed=0 pendingPass2=1 ms=614
[RenderStep][Finalize] reason=max_ms_after_pass1 phase=enter y=[64,68) rowCursor=64->68 elapsedMs=615 attempts=0/5000 sub=0/10000 hits=0 pendingPass2=1
[BudgetExit] frame=1 row=72 reason=guard_progress elapsedMs=376 rowsDoneThisStep=4 hitsThisBand=394 attempts=0/5000 subdiv=0/10000 px=1920/2000000
[RenderStep][YieldAbort] reason=end startRow=68 endRow=72 forcedAdvance=1 elapsedMs=376 budgetStop=0 hitsInBand=394
[RenderStep][Yield] reason=max_ms_after_pass1 frame=1 rowStart=72 bandH=4 committed=0 pendingPass2=1 ms=567
[RenderStep][Finalize] reason=max_ms_after_pass1 phase=enter y=[72,76) rowCursor=72->76 elapsedMs=567 attempts=0/5000 sub=0/10000 hits=0 pendingPass2=1
[BudgetExit] frame=1 row=80 reason=guard_progress elapsedMs=432 rowsDoneThisStep=4 hitsThisBand=369 attempts=0/5000 subdiv=0/10000 px=1920/2000000
[RenderStep][YieldAbort] reason=end startRow=76 endRow=80 forcedAdvance=1 elapsedMs=432 budgetStop=0 hitsInBand=369
[RenderStep][Yield] reason=max_ms_after_pass1 frame=1 rowStart=80 bandH=4 committed=0 pendingPass2=1 ms=584
[RenderStep][Finalize] reason=max_ms_after_pass1 phase=enter y=[80,84) rowCursor=80->84 elapsedMs=584 attempts=0/5000 sub=0/10000 hits=0 pendingPass2=1
[BudgetExit] frame=1 row=88 reason=guard_progress elapsedMs=444 rowsDoneThisStep=4 hitsThisBand=345 attempts=0/5000 subdiv=0/10000 px=1920/2000000
[RenderStep][YieldAbort] reason=end startRow=84 endRow=88 forcedAdvance=1 elapsedMs=444 budgetStop=0 hitsInBand=345
[BUS SET] frameId=23 grid=OK fields=1
SceneSnapshot: Instances=0, Fields=1, Geometry=18, FieldParams=8, FieldTLASNodes=1, GeometryTLASNodes=11, MetricModel(GRIN=1, GordonMetric=0), CurvatureGrid: OK dim=32x16x32 cell=1, FirstFields=[0:(rInner=0, rOuter=6.5, amp=1.35, curveType=1, shapeType=0)]
[RenderStep][Yield] reason=max_ms_after_pass1 frame=1 rowStart=88 bandH=4 committed=0 pendingPass2=1 ms=610
[RenderStep][Finalize] reason=max_ms_after_pass1 phase=enter y=[88,92) rowCursor=88->92 elapsedMs=610 attempts=0/5000 sub=0/10000 hits=0 pendingPass2=1
[BudgetExit] frame=1 row=96 reason=guard_progress elapsedMs=414 rowsDoneThisStep=4 hitsThisBand=327 attempts=0/5000 subdiv=0/10000 px=1920/2000000
[RenderStep][YieldAbort] reason=end startRow=92 endRow=96 forcedAdvance=1 elapsedMs=414 budgetStop=0 hitsInBand=327
[RenderStep][Yield] reason=max_ms_after_pass1 frame=1 rowStart=96 bandH=4 committed=0 pendingPass2=1 ms=568
[RenderStep][Finalize] reason=max_ms_after_pass1 phase=enter y=[96,100) rowCursor=96->100 elapsedMs=568 attempts=0/5000 sub=0/10000 hits=0 pendingPass2=1
[BudgetExit] frame=1 row=104 reason=guard_progress elapsedMs=405 rowsDoneThisStep=4 hitsThisBand=313 attempts=0/5000 subdiv=0/10000 px=1920/2000000
[RenderStep][YieldAbort] reason=end startRow=100 endRow=104 forcedAdvance=1 elapsedMs=406 budgetStop=0 hitsInBand=313
[RenderStep][Yield] reason=max_ms_after_pass1 frame=1 rowStart=104 bandH=4 committed=0 pendingPass2=1 ms=657
[RenderStep][Finalize] reason=max_ms_after_pass1 phase=enter y=[104,108) rowCursor=104->108 elapsedMs=658 attempts=0/5000 sub=0/10000 hits=0 pendingPass2=1
[BudgetExit] frame=1 row=112 reason=guard_progress elapsedMs=407 rowsDoneThisStep=4 hitsThisBand=301 attempts=0/5000 subdiv=0/10000 px=1920/2000000
[RenderStep][YieldAbort] reason=end startRow=108 endRow=112 forcedAdvance=1 elapsedMs=407 budgetStop=0 hitsInBand=301
[RenderStep][Yield] reason=max_ms_after_pass1 frame=1 rowStart=112 bandH=4 committed=0 pendingPass2=1 ms=631
[RenderStep][Finalize] reason=max_ms_after_pass1 phase=enter y=[112,116) rowCursor=112->116 elapsedMs=631 attempts=0/5000 sub=0/10000 hits=0 pendingPass2=1
[BUS SET] frameId=30 grid=OK fields=1
SceneSnapshot: Instances=0, Fields=1, Geometry=18, FieldParams=8, FieldTLASNodes=1, GeometryTLASNodes=11, MetricModel(GRIN=1, GordonMetric=0), CurvatureGrid: OK dim=32x16x32 cell=1, FirstFields=[0:(rInner=0, rOuter=6.5, amp=1.35, curveType=1, shapeType=0)]
[BudgetExit] frame=1 row=120 reason=guard_progress elapsedMs=407 rowsDoneThisStep=4 hitsThisBand=296 attempts=0/5000 subdiv=0/10000 px=1920/2000000
[RenderStep][YieldAbort] reason=end startRow=116 endRow=120 forcedAdvance=1 elapsedMs=407 budgetStop=0 hitsInBand=296
[RenderHealth] step=30 lastRow=120 rowsAdv=4 bands=1 stalledSteps=0 exit=none topExit=none hitRate=0.165 avgSteps=0 qray0=0 hybridFallback=0 hybridFallbackHit=0 hybridFallbackMiss=0 noCandidates=0 geomCandAvg=0.281 geomSegQueried=4006609 geomSegWithCandidates=410507 geomSegZero=3596102 geomSegZeroRatePct=89.75 geomPixProcessed=9600 geomPixHadAnyCandidates=8126 geomPixNoCand=1474 geomPixNoCandRatePct=15.35 geomHitOk=1582 geomHitReject=0 geomPrune=on geomPruneRequested=1 geomPruneEffective=on geomRayTestsTotal=410507 geomRayTestsAccepted=1582 geomRayTestsRejected=0 geomRayTestsPerPxOn=42.761 geomRayTestsPerPxOff=na geomRayTestsSavedPct=na geomPruneSwitched=0 geomTrusted=1 geomHealthPartial=0 geomHealthModeSamples=10 geomTrustReason=ok geomRejectSampleMissing=0 geomRejectSampleInList=0 geomRejectSampleCandHit=0 geomRejectSampleDominant=none p2Samp=978 radAvg=0.013 radMax=0.022 envDiagAvg=0.124 envDiagMax=0.177 envInflAvg=0.001 envInflMax=0.002 cand0=873 cand1to2=27 cand3to8=78 cand9to32=0 cand33p=0 geomPruneAuditSamp=0 geomPruneAuditFalseNeg=0 geomPruneAuditFalsePos=0 geomPruneAuditCand0Hit=0 geomPruneAuditFalseNegRate=0
[RenderStep][Yield] reason=max_ms_after_pass1 frame=1 rowStart=120 bandH=4 committed=0 pendingPass2=1 ms=627
[RenderStep][Finalize] reason=max_ms_after_pass1 phase=enter y=[120,124) rowCursor=120->124 elapsedMs=627 attempts=0/5000 sub=0/10000 hits=0 pendingPass2=1
[BudgetExit] frame=1 row=128 reason=guard_progress elapsedMs=408 rowsDoneThisStep=4 hitsThisBand=292 attempts=0/5000 subdiv=0/10000 px=1920/2000000
[RenderStep][YieldAbort] reason=end startRow=124 endRow=128 forcedAdvance=1 elapsedMs=408 budgetStop=0 hitsInBand=292
[RenderStep][Yield] reason=max_ms_after_pass1 frame=1 rowStart=128 bandH=4 committed=0 pendingPass2=1 ms=605
[RenderStep][Finalize] reason=max_ms_after_pass1 phase=enter y=[128,132) rowCursor=128->132 elapsedMs=605 attempts=0/5000 sub=0/10000 hits=0 pendingPass2=1
[BudgetExit] frame=1 row=136 reason=guard_progress elapsedMs=416 rowsDoneThisStep=4 hitsThisBand=329 attempts=0/5000 subdiv=0/10000 px=1920/2000000
[RenderStep][YieldAbort] reason=end startRow=132 endRow=136 forcedAdvance=1 elapsedMs=416 budgetStop=0 hitsInBand=329
[RenderStep][Yield] reason=max_ms_after_pass1 frame=1 rowStart=136 bandH=4 committed=0 pendingPass2=1 ms=627
[RenderStep][Finalize] reason=max_ms_after_pass1 phase=enter y=[136,140) rowCursor=136->140 elapsedMs=627 attempts=0/5000 sub=0/10000 hits=0 pendingPass2=1
[BudgetExit] frame=1 row=139 reason=update_every_frame_budget elapsedMs=501 rowsDoneThisStep=0 hitsThisBand=312 attempts=0/5000 subdiv=0/10000 px=1920/2000000
[RenderStep][Yield] reason=update_every_frame_budget frame=1 rowCursor=139 rowsDone=3 pendingPass2=1 bandH=4 pass1RerunAvoided=1 ms=501 p1ms=0.00 p2ms=501.06 p2SegTestedStep=131534 softGate{attemptUsed=0 subdivUsed=0}
[BudgetExit] frame=1 row=140 reason=update_every_frame_budget elapsedMs=504 rowsDoneThisStep=0 hitsThisBand=0 attempts=0/5000 subdiv=0/10000 px=1920/2000000
[RenderStep][Yield] reason=update_every_frame_budget frame=1 rowCursor=140 rowsDone=0 pendingPass2=0 bandH=4 pass1RerunAvoided=0 ms=504 p1ms=498.00 p2ms=6.83 p2SegTestedStep=631 softGate{attemptUsed=0 subdivUsed=0}
[BUS SET] frameId=38 grid=OK fields=1
SceneSnapshot: Instances=0, Fields=1, Geometry=18, FieldParams=8, FieldTLASNodes=1, GeometryTLASNodes=11, MetricModel(GRIN=1, GordonMetric=0), CurvatureGrid: OK dim=32x16x32 cell=1, FirstFields=[0:(rInner=0, rOuter=6.5, amp=1.35, curveType=1, shapeType=0)]
[RenderStep][Yield] reason=max_ms_after_pass1 frame=1 rowStart=144 bandH=4 committed=0 pendingPass2=1 ms=564
[RenderStep][Finalize] reason=max_ms_after_pass1 phase=enter y=[144,148) rowCursor=144->148 elapsedMs=564 attempts=0/5000 sub=0/10000 hits=0 pendingPass2=1
[BudgetExit] frame=1 row=147 reason=update_every_frame_budget elapsedMs=501 rowsDoneThisStep=0 hitsThisBand=249 attempts=0/5000 subdiv=0/10000 px=1920/2000000
[RenderStep][Yield] reason=update_every_frame_budget frame=1 rowCursor=147 rowsDone=3 pendingPass2=1 bandH=4 pass1RerunAvoided=1 ms=501 p1ms=0.00 p2ms=501.23 p2SegTestedStep=122982 softGate{attemptUsed=0 subdivUsed=0}
[RenderStep][Yield] reason=max_ms_after_pass1 frame=1 rowStart=148 bandH=4 committed=0 pendingPass2=1 ms=596
[RenderStep][Finalize] reason=max_ms_after_pass1 phase=enter y=[148,152) rowCursor=148->152 elapsedMs=596 attempts=0/5000 sub=0/10000 hits=0 pendingPass2=1
[BudgetExit] frame=1 row=151 reason=update_every_frame_budget elapsedMs=508 rowsDoneThisStep=0 hitsThisBand=295 attempts=0/5000 subdiv=0/10000 px=1920/2000000
[RenderStep][Yield] reason=update_every_frame_budget frame=1 rowCursor=151 rowsDone=3 pendingPass2=1 bandH=4 pass1RerunAvoided=1 ms=508 p1ms=0.00 p2ms=508.20 p2SegTestedStep=136580 softGate{attemptUsed=0 subdivUsed=0}
[GrinBasicVisual][Capture] fixture=grin_basic_visual_offaxis path=c:\godot\godot_xPRIMEray\screenshots\basic_visual_offaxis\2026-03-15\grin_stronger_offaxis.png tracedPixels=39296 sourceHits=1160 backgroundHits=6568 absorbedHits=0 missHits=31568 readyFrames=12 rhStep=41 processedRows=152
[HUDMeta] fixture=grin_basic_visual_offaxis transport=GRIN_Optical sourcePattern=dot_grid MODE=FIXTURE_PROBE FILM_ACCUM=OFF
[RuntimeMode] scene=test-grin-basic-visual-offaxis fixture=grin_basic_visual_offaxis transport=GRIN_Optical mode=FIXTURE_PROBE filmAccum=OFF

WARNING: [FieldSource3D][Warn] canonical+legacy both set; using canonical. (legacy ignored, reason=legacy Strength)
   at: void FieldSource3D.WarnIfCanonicalAndLegacyBothSet() (C:/godot/godot_xPRIMEray/FieldSource3D.cs:887)
   C# backtrace (most recent call first):
       [0] void Godot.GD.PushWarning(string) (/root/godot/modules/mono/glue/GodotSharp/GodotSharp/Core/GD.cs:396)
       [1] void FieldSource3D.WarnIfCanonicalAndLegacyBothSet() (C:\godot\godot_xPRIMEray\FieldSource3D.cs:887)
       [2] void FieldSource3D._Ready() (C:\godot\godot_xPRIMEray\FieldSource3D.cs:373)
       [3] bool Godot.Node.InvokeGodotClassMethod(Godot.NativeInterop.godot_string_name&, Godot.NativeInterop.NativeVariantPtrArgs, Godot.NativeInterop.godot_variant&) (/root/godot/modules/mono/glue/GodotSharp/GodotSharp/Generated/GodotObjects/Node.cs:2660)
       [4] bool Godot.Node3D.InvokeGodotClassMethod(Godot.NativeInterop.godot_string_name&, Godot.NativeInterop.NativeVariantPtrArgs, Godot.NativeInterop.godot_variant&) (/root/godot/modules/mono/glue/GodotSharp/GodotSharp/Generated/GodotObjects/Node3D.cs:1126)
       [5] bool FieldSource3D.InvokeGodotClassMethod(Godot.NativeInterop.godot_string_name&, Godot.NativeInterop.NativeVariantPtrArgs, Godot.NativeInterop.godot_variant&) (C:\godot\godot_xPRIMEray\.godot\mono\temp\obj\Debug\Godot.SourceGenerators\Godot.SourceGenerators.ScriptMethodsGenerator\FieldSource3D_ScriptMethods.generated.cs:388)
       [6] Godot.NativeInterop.godot_bool Godot.Bridge.CSharpInstanceBridge.Call(nint, Godot.NativeInterop.godot_string_name*, Godot.NativeInterop.godot_variant**, int, Godot.NativeInterop.godot_variant_call_error*, Godot.NativeInterop.godot_variant*) (/root/godot/modules/mono/glue/GodotSharp/GodotSharp/Core/Bridge/CSharpInstanceBridge.cs:24)
[RenderStep][STOP] reason=max_ms_after_pass1 phase=enter y=[0,8) rowCursor=0 elapsedMs=1458 attempts=0/5000 sub=0/10000 hits=0
[RenderStep][STOP] reason=update_every_frame_budget phase=enter y=[0,8) rowCursor=8 elapsedMs=505 attempts=0/5000 sub=0/10000 hits=952
[RenderStep][STOP] reason=max_ms_after_pass1 phase=enter y=[8,12) rowCursor=8 elapsedMs=619 attempts=0/5000 sub=0/10000 hits=0
[RenderStep][WARN] progress-guard forced advance reason=end startRow=12 endRow=16 bandH=4 rowsPerFrame=4 ms=312
[RenderStep][STOP] reason=max_ms_after_pass1 phase=enter y=[16,20) rowCursor=16 elapsedMs=698 attempts=0/5000 sub=0/10000 hits=0
[RenderStep][WARN] progress-guard forced advance reason=end startRow=20 endRow=24 bandH=4 rowsPerFrame=4 ms=335
[RenderStep][STOP] reason=max_ms_after_pass1 phase=enter y=[24,28) rowCursor=24 elapsedMs=571 attempts=0/5000 sub=0/10000 hits=0
[RenderStep][WARN] progress-guard forced advance reason=end startRow=28 endRow=32 bandH=4 rowsPerFrame=4 ms=414
[RenderStep][STOP] reason=max_ms_after_pass1 phase=enter y=[32,36) rowCursor=32 elapsedMs=526 attempts=0/5000 sub=0/10000 hits=0
[RenderStep][WARN] progress-guard forced advance reason=end startRow=36 endRow=40 bandH=4 rowsPerFrame=4 ms=467
[RenderStep][STOP] reason=max_ms_after_pass1 phase=enter y=[40,44) rowCursor=40 elapsedMs=513 attempts=0/5000 sub=0/10000 hits=0
[RenderStep][WARN] progress-guard forced advance reason=end startRow=44 endRow=48 bandH=4 rowsPerFrame=4 ms=426
[RenderStep][STOP] reason=max_ms_after_pass1 phase=enter y=[48,52) rowCursor=48 elapsedMs=520 attempts=0/5000 sub=0/10000 hits=0
[RenderStep][WARN] progress-guard forced advance reason=end startRow=52 endRow=56 bandH=4 rowsPerFrame=4 ms=406
[RenderStep][STOP] reason=max_ms_after_pass1 phase=enter y=[56,60) rowCursor=56 elapsedMs=534 attempts=0/5000 sub=0/10000 hits=0
[RenderStep][WARN] progress-guard forced advance reason=end startRow=60 endRow=64 bandH=4 rowsPerFrame=4 ms=364
[RenderStep][STOP] reason=max_ms_after_pass1 phase=enter y=[64,68) rowCursor=64 elapsedMs=615 attempts=0/5000 sub=0/10000 hits=0
[RenderStep][WARN] progress-guard forced advance reason=end startRow=68 endRow=72 bandH=4 rowsPerFrame=4 ms=376
[RenderStep][STOP] reason=max_ms_after_pass1 phase=enter y=[72,76) rowCursor=72 elapsedMs=567 attempts=0/5000 sub=0/10000 hits=0
[RenderStep][WARN] progress-guard forced advance reason=end startRow=76 endRow=80 bandH=4 rowsPerFrame=4 ms=432
[RenderStep][STOP] reason=max_ms_after_pass1 phase=enter y=[80,84) rowCursor=80 elapsedMs=584 attempts=0/5000 sub=0/10000 hits=0
[RenderStep][WARN] progress-guard forced advance reason=end startRow=84 endRow=88 bandH=4 rowsPerFrame=4 ms=444
[RenderStep][STOP] reason=max_ms_after_pass1 phase=enter y=[88,92) rowCursor=88 elapsedMs=610 attempts=0/5000 sub=0/10000 hits=0
[RenderStep][WARN] progress-guard forced advance reason=end startRow=92 endRow=96 bandH=4 rowsPerFrame=4 ms=414
[RenderStep][STOP] reason=max_ms_after_pass1 phase=enter y=[96,100) rowCursor=96 elapsedMs=568 attempts=0/5000 sub=0/10000 hits=0
[RenderStep][WARN] progress-guard forced advance reason=end startRow=100 endRow=104 bandH=4 rowsPerFrame=4 ms=406
[RenderStep][STOP] reason=max_ms_after_pass1 phase=enter y=[104,108) rowCursor=104 elapsedMs=658 attempts=0/5000 sub=0/10000 hits=0
[RenderStep][WARN] progress-guard forced advance reason=end startRow=108 endRow=112 bandH=4 rowsPerFrame=4 ms=407
[RenderStep][STOP] reason=max_ms_after_pass1 phase=enter y=[112,116) rowCursor=112 elapsedMs=631 attempts=0/5000 sub=0/10000 hits=0
[RenderStep][WARN] progress-guard forced advance reason=end startRow=116 endRow=120 bandH=4 rowsPerFrame=4 ms=407
[RenderStep][STOP] reason=max_ms_after_pass1 phase=enter y=[120,124) rowCursor=120 elapsedMs=627 attempts=0/5000 sub=0/10000 hits=0
[RenderStep][WARN] progress-guard forced advance reason=end startRow=124 endRow=128 bandH=4 rowsPerFrame=4 ms=408
[RenderStep][STOP] reason=max_ms_after_pass1 phase=enter y=[128,132) rowCursor=128 elapsedMs=605 attempts=0/5000 sub=0/10000 hits=0
[RenderStep][WARN] progress-guard forced advance reason=end startRow=132 endRow=136 bandH=4 rowsPerFrame=4 ms=416
[RenderStep][STOP] reason=max_ms_after_pass1 phase=enter y=[136,140) rowCursor=136 elapsedMs=627 attempts=0/5000 sub=0/10000 hits=0
[RenderStep][STOP] reason=update_every_frame_budget phase=enter y=[136,140) rowCursor=140 elapsedMs=501 attempts=0/5000 sub=0/10000 hits=312
[RenderStep][STOP] reason=update_every_frame_budget phase=enter y=[140,144) rowCursor=140 elapsedMs=504 attempts=0/5000 sub=0/10000 hits=0
[RenderStep][STOP] reason=max_ms_after_pass1 phase=enter y=[144,148) rowCursor=144 elapsedMs=564 attempts=0/5000 sub=0/10000 hits=0
[RenderStep][STOP] reason=update_every_frame_budget phase=enter y=[144,148) rowCursor=148 elapsedMs=501 attempts=0/5000 sub=0/10000 hits=249
[RenderStep][STOP] reason=max_ms_after_pass1 phase=enter y=[148,152) rowCursor=148 elapsedMs=596 attempts=0/5000 sub=0/10000 hits=0
[RenderStep][STOP] reason=update_every_frame_budget phase=enter y=[148,152) rowCursor=152 elapsedMs=508 attempts=0/5000 sub=0/10000 hits=295
