Godot Engine v4.5.1.stable.mono.official.f62fdbde1 - https://godotengine.org
OpenGL API 3.3.0 Core Profile Context 25.11.1.251104 - Compatibility - Using Device: ATI Technologies Inc. - AMD Radeon RX 6700 XT

[FieldSource3D] /root/TestBlackholeMinimalMetricHarness/FixtureBlackholeMinimal/FieldSource3D shape=SphereRadial curve=Power amp=0.151 a=8 b=0 c=0 r=[0.12,4.5] sigma=0 edge=0 beta=override(beta_scale=1) custom=n/a source=canonical
[FieldSource3D] /root/TestBlackholeMinimalMetricHarness/FixtureBlackholeMinimal/PhotonBandSource shape=SphereRadial curve=Polynomial amp=0.03 a=0 b=4 c=-4 r=[1.305,1.845] sigma=0 edge=0 beta=override(beta_scale=1) custom=n/a source=canonical
[DBG] dbgMesh inTree=True parent=RayBeamRenderer world=(0, 0, 0)
✅ GrinFilmCamera READY: /root/TestBlackholeMinimalMetricHarness/GrinFilmCamera
[RBRRef][Startup] configured path=../FixtureBlackholeMinimal/RayBeamRenderer
[RBRRef] resolved ok name=RayBeamRenderer
[RBRRef][Startup] resolved=True
RayBeamRenderer found? True
[BroadphaseEffective] mode=Policy policy=OverlapOnly quick=False overlap=True reason=policy
[SharedSnap] steps=400 stepLen=0.05 minStep=0.001 maxStep=0.3 collEvery=1 collRad=0.03 mask=0x0000FFFF debug=Off
[EffectiveCfg] broadphase=Policy(policy) policy=OverlapOnly quick=0 overlap=1 softgate=0 score=1 minSeg=0.1 attempts=5000 sub=10000 stride=1 resScale=0.5 rows=8 stepLen=0.05 collRad=0.03 mask=0x0000FFFF envRadScale=1.1 envAabbExpand=0 geomPrune=1 maxDist=50
FilmView found? True
[RBRRef][Startup] HasRenderer(after mirror)=True
✅ GrinFilmCamera ready. Rendering film.
[RenderTestRunner] _Ready reached.
[RenderTestRunner][CmdArgs] [--render-test, --render-test-fixture=blackhole_minimal, --render-test-profile=blackhole_compare_fast, --blackhole-transport-model=metric, --lifecycle-stress=0, --smartscale=0, --blackhole-photon-band-r-inner=1.305, --blackhole-photon-band-r-outer=1.845, --blackhole-photon-band-amp=0.06]
[RenderTestRunner][CLIFlags] autocal=0 shadow_eval=0 autocal_verbose=0 autocal_apply=0 lifecycle_stress=0 smartscale=0 smartscale_goal=none
[RenderTestRunner] TokenDetected=True shouldStart=True
[FixtureStartup] fixture=blackhole_minimal variant=test-blackhole-minimal-metric transport=Metric_NullGeodesic source=cmdline_user
[FixtureField] fixture=blackhole_minimal node=FieldSource3D label=mass source=cmdline_override transport=Metric_NullGeodesic curve=Power rInnerEnabled=1 rInner=0.12 rOuter=4.5 amp=0.151 betaMode=override betaScale=1 gamma=8 legacy=inactive
[FixtureField] fixture=blackhole_minimal node=PhotonBandSource label=photon_band source=cmdline_override transport=Metric_NullGeodesic curve=Polynomial rInnerEnabled=1 rInner=1.305 rOuter=1.845 amp=0.03 betaMode=override betaScale=1 a=0 b=4 c=-4 legacy=inactive
[BlackHoleFixture][PhotonBandMode] mode=core_plus_band source=scene_authored authored_enabled=1 effective_enabled=1
[Transport] active=Metric_NullGeodesic fixture=blackhole_minimal effectiveMetricScalar=0.151
[BlackHoleFixture][CurvatureEngaged] mass_match=1 band_match=1 probe_any=1 band_noticeable=1 require_band_noticeable=0 mass_primary=1 far_accel=0 transport=1 probe_mass=[0.031352,0.012257,0.010145,0.016328] probe_band=[0,0,0.027003,0] probe_total=[0.031352,0.012257,0.037148,0.016328]
[BlackHoleFixture][CurvatureApplied] deviated_rays=16/16 max_dev=0.733204 dev_sum=10.79778 min_dev_threshold=0.001
[BlackHoleFixture][CurvatureMetric] accel_sum_total=0.097085 accel_sum_mass=0.070081 accel_sum_band=0.027003 curvature_energy=0.097085 max_probe_accel=0.037148 far_accel=0
[BlackHoleFixture][SourcePattern] mode=CrossXY count=49 spacing=(4.5,4.5) radius=0.6 originLocal=(0,0,-12) includeCenter=1 localSample=[(-54,0,-12)|(-49.5,0,-12)|(-45,0,-12)|(-40.5,0,-12)|(-36,0,-12)|(-31.5,0,-12)] worldSample=[(-54,0,-12)|(-49.5,0,-12)|(-45,0,-12)|(-40.5,0,-12)|(-36,0,-12)|(-31.5,0,-12)] checksum=d2dc5d7f5c2ff5db8947386ab147590f02b7ac52680c9ddbf4171def12339e5d
[BlackHoleFixture][SourcePatternLayout] markers=49 overlap_exact=0 min_pair_dist=4.5 z_range=(-12,-12) center_z=0 behind_center=1
[BlackHoleFixture][SourcePatternMarker] i=0 name=source_marker_000 local=(-54,0,-12) global=(-54,0,-12) groups=[raytrace_geometry,fixture_geometry,fixture_source] collision_enabled=1 visible=1
[BlackHoleFixture][SourcePatternMarker] i=1 name=source_marker_001 local=(-49.5,0,-12) global=(-49.5,0,-12) groups=[raytrace_geometry,fixture_geometry,fixture_source] collision_enabled=1 visible=1
[BlackHoleFixture][SourcePatternMarker] i=2 name=source_marker_002 local=(-45,0,-12) global=(-45,0,-12) groups=[raytrace_geometry,fixture_geometry,fixture_source] collision_enabled=1 visible=1
[BlackHoleFixture][SourcePatternMarker] i=3 name=source_marker_003 local=(-40.5,0,-12) global=(-40.5,0,-12) groups=[raytrace_geometry,fixture_geometry,fixture_source] collision_enabled=1 visible=1
[BlackHoleFixture][SourcePatternMarker] i=4 name=source_marker_004 local=(-36,0,-12) global=(-36,0,-12) groups=[raytrace_geometry,fixture_geometry,fixture_source] collision_enabled=1 visible=1
[BlackHoleFixture][SourcePatternMarker] i=5 name=source_marker_005 local=(-31.5,0,-12) global=(-31.5,0,-12) groups=[raytrace_geometry,fixture_geometry,fixture_source] collision_enabled=1 visible=1
[BlackHoleFixture][SourcePatternMarker] i=6 name=source_marker_006 local=(-27,0,-12) global=(-27,0,-12) groups=[raytrace_geometry,fixture_geometry,fixture_source] collision_enabled=1 visible=1
[BlackHoleFixture][SourcePatternMarker] i=7 name=source_marker_007 local=(-22.5,0,-12) global=(-22.5,0,-12) groups=[raytrace_geometry,fixture_geometry,fixture_source] collision_enabled=1 visible=1
[BlackHoleFixture][SourcePatternMarker] i=8 name=source_marker_008 local=(-18,0,-12) global=(-18,0,-12) groups=[raytrace_geometry,fixture_geometry,fixture_source] collision_enabled=1 visible=1
[BlackHoleFixture][SourcePatternMarker] i=9 name=source_marker_009 local=(-13.5,0,-12) global=(-13.5,0,-12) groups=[raytrace_geometry,fixture_geometry,fixture_source] collision_enabled=1 visible=1
[BlackHoleFixture][SourcePatternMarker] i=10 name=source_marker_010 local=(-9,0,-12) global=(-9,0,-12) groups=[raytrace_geometry,fixture_geometry,fixture_source] collision_enabled=1 visible=1
[BlackHoleFixture][SourcePatternMarker] i=11 name=source_marker_011 local=(-4.5,0,-12) global=(-4.5,0,-12) groups=[raytrace_geometry,fixture_geometry,fixture_source] collision_enabled=1 visible=1
[BlackHoleFixture][SourcePatternMarker] i=12 name=source_marker_012 local=(0,0,-12) global=(0,0,-12) groups=[raytrace_geometry,fixture_geometry,fixture_source] collision_enabled=1 visible=1
[BlackHoleFixture][SourcePatternMarker] i=13 name=source_marker_013 local=(4.5,0,-12) global=(4.5,0,-12) groups=[raytrace_geometry,fixture_geometry,fixture_source] collision_enabled=1 visible=1
[BlackHoleFixture][SourcePatternMarker] i=14 name=source_marker_014 local=(9,0,-12) global=(9,0,-12) groups=[raytrace_geometry,fixture_geometry,fixture_source] collision_enabled=1 visible=1
[BlackHoleFixture][SourcePatternMarker] i=15 name=source_marker_015 local=(13.5,0,-12) global=(13.5,0,-12) groups=[raytrace_geometry,fixture_geometry,fixture_source] collision_enabled=1 visible=1
[BlackHoleFixture][SourcePatternMarker] i=16 name=source_marker_016 local=(18,0,-12) global=(18,0,-12) groups=[raytrace_geometry,fixture_geometry,fixture_source] collision_enabled=1 visible=1
[BlackHoleFixture][SourcePatternMarker] i=17 name=source_marker_017 local=(22.5,0,-12) global=(22.5,0,-12) groups=[raytrace_geometry,fixture_geometry,fixture_source] collision_enabled=1 visible=1
[BlackHoleFixture][SourcePatternMarker] i=18 name=source_marker_018 local=(27,0,-12) global=(27,0,-12) groups=[raytrace_geometry,fixture_geometry,fixture_source] collision_enabled=1 visible=1
[BlackHoleFixture][SourcePatternMarker] i=19 name=source_marker_019 local=(31.5,0,-12) global=(31.5,0,-12) groups=[raytrace_geometry,fixture_geometry,fixture_source] collision_enabled=1 visible=1
[BlackHoleFixture][SourcePatternMarker] i=20 name=source_marker_020 local=(36,0,-12) global=(36,0,-12) groups=[raytrace_geometry,fixture_geometry,fixture_source] collision_enabled=1 visible=1
[BlackHoleFixture][SourcePatternMarker] i=21 name=source_marker_021 local=(40.5,0,-12) global=(40.5,0,-12) groups=[raytrace_geometry,fixture_geometry,fixture_source] collision_enabled=1 visible=1
[BlackHoleFixture][SourcePatternMarker] i=22 name=source_marker_022 local=(45,0,-12) global=(45,0,-12) groups=[raytrace_geometry,fixture_geometry,fixture_source] collision_enabled=1 visible=1
[BlackHoleFixture][SourcePatternMarker] i=23 name=source_marker_023 local=(49.5,0,-12) global=(49.5,0,-12) groups=[raytrace_geometry,fixture_geometry,fixture_source] collision_enabled=1 visible=1
[BlackHoleFixture][SourcePatternMarker] i=24 name=source_marker_024 local=(54,0,-12) global=(54,0,-12) groups=[raytrace_geometry,fixture_geometry,fixture_source] collision_enabled=1 visible=1
[BlackHoleFixture][SourcePatternMarker] i=25 name=source_marker_025 local=(0,-54,-12) global=(0,-54,-12) groups=[raytrace_geometry,fixture_geometry,fixture_source] collision_enabled=1 visible=1
[BlackHoleFixture][SourcePatternMarker] i=26 name=source_marker_026 local=(0,-49.5,-12) global=(0,-49.5,-12) groups=[raytrace_geometry,fixture_geometry,fixture_source] collision_enabled=1 visible=1
[BlackHoleFixture][SourcePatternMarker] i=27 name=source_marker_027 local=(0,-45,-12) global=(0,-45,-12) groups=[raytrace_geometry,fixture_geometry,fixture_source] collision_enabled=1 visible=1
[BlackHoleFixture][SourcePatternMarker] i=28 name=source_marker_028 local=(0,-40.5,-12) global=(0,-40.5,-12) groups=[raytrace_geometry,fixture_geometry,fixture_source] collision_enabled=1 visible=1
[BlackHoleFixture][SourcePatternMarker] i=29 name=source_marker_029 local=(0,-36,-12) global=(0,-36,-12) groups=[raytrace_geometry,fixture_geometry,fixture_source] collision_enabled=1 visible=1
[BlackHoleFixture][SourcePatternMarker] i=30 name=source_marker_030 local=(0,-31.5,-12) global=(0,-31.5,-12) groups=[raytrace_geometry,fixture_geometry,fixture_source] collision_enabled=1 visible=1
[BlackHoleFixture][SourcePatternMarker] i=31 name=source_marker_031 local=(0,-27,-12) global=(0,-27,-12) groups=[raytrace_geometry,fixture_geometry,fixture_source] collision_enabled=1 visible=1
[BlackHoleFixture][SourcePatternMarker] i=32 name=source_marker_032 local=(0,-22.5,-12) global=(0,-22.5,-12) groups=[raytrace_geometry,fixture_geometry,fixture_source] collision_enabled=1 visible=1
[BlackHoleFixture][SourcePatternMarker] i=33 name=source_marker_033 local=(0,-18,-12) global=(0,-18,-12) groups=[raytrace_geometry,fixture_geometry,fixture_source] collision_enabled=1 visible=1
[BlackHoleFixture][SourcePatternMarker] i=34 name=source_marker_034 local=(0,-13.5,-12) global=(0,-13.5,-12) groups=[raytrace_geometry,fixture_geometry,fixture_source] collision_enabled=1 visible=1
[BlackHoleFixture][SourcePatternMarker] i=35 name=source_marker_035 local=(0,-9,-12) global=(0,-9,-12) groups=[raytrace_geometry,fixture_geometry,fixture_source] collision_enabled=1 visible=1
[BlackHoleFixture][SourcePatternMarker] i=36 name=source_marker_036 local=(0,-4.5,-12) global=(0,-4.5,-12) groups=[raytrace_geometry,fixture_geometry,fixture_source] collision_enabled=1 visible=1
[BlackHoleFixture][SourcePatternMarker] i=37 name=source_marker_037 local=(0,4.5,-12) global=(0,4.5,-12) groups=[raytrace_geometry,fixture_geometry,fixture_source] collision_enabled=1 visible=1
[BlackHoleFixture][SourcePatternMarker] i=38 name=source_marker_038 local=(0,9,-12) global=(0,9,-12) groups=[raytrace_geometry,fixture_geometry,fixture_source] collision_enabled=1 visible=1
[BlackHoleFixture][SourcePatternMarker] i=39 name=source_marker_039 local=(0,13.5,-12) global=(0,13.5,-12) groups=[raytrace_geometry,fixture_geometry,fixture_source] collision_enabled=1 visible=1
[BlackHoleFixture][SourcePatternMarker] i=40 name=source_marker_040 local=(0,18,-12) global=(0,18,-12) groups=[raytrace_geometry,fixture_geometry,fixture_source] collision_enabled=1 visible=1
[BlackHoleFixture][SourcePatternMarker] i=41 name=source_marker_041 local=(0,22.5,-12) global=(0,22.5,-12) groups=[raytrace_geometry,fixture_geometry,fixture_source] collision_enabled=1 visible=1
[BlackHoleFixture][SourcePatternMarker] i=42 name=source_marker_042 local=(0,27,-12) global=(0,27,-12) groups=[raytrace_geometry,fixture_geometry,fixture_source] collision_enabled=1 visible=1
[BlackHoleFixture][SourcePatternMarker] i=43 name=source_marker_043 local=(0,31.5,-12) global=(0,31.5,-12) groups=[raytrace_geometry,fixture_geometry,fixture_source] collision_enabled=1 visible=1
[BlackHoleFixture][SourcePatternMarker] i=44 name=source_marker_044 local=(0,36,-12) global=(0,36,-12) groups=[raytrace_geometry,fixture_geometry,fixture_source] collision_enabled=1 visible=1
[BlackHoleFixture][SourcePatternMarker] i=45 name=source_marker_045 local=(0,40.5,-12) global=(0,40.5,-12) groups=[raytrace_geometry,fixture_geometry,fixture_source] collision_enabled=1 visible=1
[BlackHoleFixture][SourcePatternMarker] i=46 name=source_marker_046 local=(0,45,-12) global=(0,45,-12) groups=[raytrace_geometry,fixture_geometry,fixture_source] collision_enabled=1 visible=1
[BlackHoleFixture][SourcePatternMarker] i=47 name=source_marker_047 local=(0,49.5,-12) global=(0,49.5,-12) groups=[raytrace_geometry,fixture_geometry,fixture_source] collision_enabled=1 visible=1
[BlackHoleFixture][SourcePatternMarker] i=48 name=source_marker_048 local=(0,54,-12) global=(0,54,-12) groups=[raytrace_geometry,fixture_geometry,fixture_source] collision_enabled=1 visible=1
[Transport][MetricDiagSample] eval=1 status=nonzero reason=none radiusFlag=r_ok r=2.28217 bendPerp=0.167313 dTheta=0.006561
[Transport][MetricLaw] active=MetricLaw_CurrentEnvelope transport=Metric_NullGeodesic
[Transport] Metric_NullGeodesic weak-field scaffold active. effectiveMetricScalar=0.151 (mapped=0.151, grinAccelMag=0.000653, metricScalarOverride=1, metricLaw=MetricLaw_CurrentEnvelope, formula=weakFieldScalar*step*boundedLensingWeight).
[Transport][MetricScalarMap] sourceIndex=0 amp=0.151 betaScaleEff=1 betaMode=override bendScaleEff=1 fieldStrengthEff=1 rOuter=4.5 mappedWeakField=0.151 grinAccelMag=0.000653 effectiveMetricScalar=0.151 curveIndirect=Power note=gamma/a/b/c/sigma/rInner/curve-shape only via grinFloorOrFallback
[Transport][MetricDiagSample] eval=2 status=nonzero reason=none radiusFlag=r_ok r=2.233157 bendPerp=0.164415 dTheta=0.006234
[Transport][MetricDiagSample] eval=3 status=nonzero reason=none radiusFlag=r_ok r=2.184108 bendPerp=0.161856 dTheta=0.00592
[Transport][MetricDiagSample] eval=4 status=nonzero reason=none radiusFlag=r_ok r=2.135025 bendPerp=0.159633 dTheta=0.005619
[Transport][MetricDiagSample] eval=5 status=nonzero reason=none radiusFlag=r_ok r=2.085912 bendPerp=0.157743 dTheta=0.005331
[Transport][MetricDiagSample] eval=6 status=nonzero reason=none radiusFlag=r_ok r=2.036774 bendPerp=0.156184 dTheta=0.005055
[BlackHoleFixture][Absorption] transportModel=Metric_NullGeodesic effectiveMetricScalar=0.151 absorbed_rays=4/16 absorb_rate=0.25
[BlackHoleFixture][MetricDiagnostics] metricLaw=MetricLaw_CurrentEnvelope metricDeltaZeroCount=0 metricDeltaNonzeroCount=2576 metricFallbackCount=0 metricContributionRatio=1 zeroReasons=none
[MetricIsolation] metricLaw=MetricLaw_CurrentEnvelope metricDirectSteps=2576 gridBypassSteps=0 grinFallbackSteps=0 grinScalarDominatedSteps=0
[TransportSteering] transportModel=Metric_NullGeodesic metricLaw=MetricLaw_CurrentEnvelope meanTurn=0.010719 maxTurn=0.024177 radialBins=[r<0.5R:0.001618@1252,0.5R-1R:0.014293@600,1R-2R:0.023497@724,2R-4R:0@0,4R-8R:0@0,r>=8R:0@0]
[BlackHoleFixture][PhotonBandContribution] mode=core_plus_band source=scene_authored enabled=1 probeAccelSum=0.027003 probeAccelShare=0.278143 farAccel=0
[BlackHoleFixture][ComparisonSummary] transportModel=Metric_NullGeodesic metricLaw=MetricLaw_CurrentEnvelope effectiveMetricScalar=0.151 photonBandMode=core_plus_band photonBandModeSource=scene_authored photonBandEnabled=1 photonBandRInner=1.305 photonBandROuter=1.845 photonBandAmp=0.06 photonBandProbeAccelSum=0.027003 photonBandProbeAccelShare=0.278143 sourcePatternSummary=mode=CrossXY|count=49|spacingX=4.500000|spacingY=4.500000|radius=0.600000|origin=(0,0,-12)|includeCenter=1|checksum=d2dc5d7f5c2ff5db8947386ab147590f02b7ac52680c9ddbf4171def12339e5d probeN=16 absorbCount=4 absorbRate=0.25 hitRate=0 sourceHits=0 backgroundHits=0 detectorHits=0 absorbedHits=4 missHits=12 offscreenDetectorHits=0 noPlaneIntersect=12 closestApproachMean=0.251519 projectedRadiusMean=0 detectorScale=1 silhouetteRadiusMean=0.141421 silhouetteRadiusStdDev=0 silhouetteRadiusRange=0 metricDeltaZeroCount=0 metricDeltaNonzeroCount=2576 metricFallbackCount=0 metricContributionRatio=1 silhouetteHistogram=[4,0,0,0,0,0]
[BlackHoleMetricTrajectory] absorbed=4 noPlaneIntersect=12 finalDirMean=(0,-0,0.996) finalDirSpread=(0.064,0.064,0) planeDistMean=45.831 planeDistSpread=0.005 halfSpaceFacing=12/12 exited=0 closestApproachMean=0.296476 finalPosMean=(0,-0,7.831) altPlaneHits=rearFar:0/12,angledSide:0/12
[BlackHoleFixture] mass_strength=0.151 mass_radius=4.5 band_strength=0.06 band_r_inner=1.305 band_r_outer=1.845 mass_node_path=/root/TestBlackholeMinimalMetricHarness/FixtureBlackholeMinimal/FieldSource3D band_node_path=/root/TestBlackholeMinimalMetricHarness/FixtureBlackholeMinimal/PhotonBandSource sphere_global_pos=(0,0,0) sphere_scale=(1,1,1) cam_fov=70 camera_global_pos=(0,9.409,23.912) cam_to_sphere=25.697
[BlackHoleFixture][ResolvedMass] source=canonical curve=Power modeFlags=2 rInner=0.12 rOuter=4.5 amp=0.151 gamma=8 beta_mode=override beta_scale=1
[BlackHoleFixture][ResolvedPhotonBand] source=compare_override(cmdline_user) mode=core_plus_band enabled=1 curve=Polynomial modeFlags=0 rInner=1.305 rOuter=1.845 amp=0.06 A=0 B=4 C=-4 beta_mode=override beta_scale=1
[BlackHoleFixture][Renderer] useIntegrated=1 bendScale=1 fieldStrength=1
BlackHoleMinimalFingerprintRaw: transportModel=Metric_NullGeodesic metricLaw=MetricLaw_CurrentEnvelope effectiveMetricScalar=0.151 sourcePatternSummary=mode=CrossXY|count=49|spacingX=4.500000|spacingY=4.500000|radius=0.600000|origin=(0,0,-12)|includeCenter=1|checksum=d2dc5d7f5c2ff5db8947386ab147590f02b7ac52680c9ddbf4171def12339e5d sourceHits=0 backgroundHits=0 detectorHits=0 absorbedHits=4 missHits=12 offscreenDetectorHits=0 noPlaneIntersect=12 closestApproachMean=0.251519 projectedRadiusMean=0 detectorScale=1 absorbCount=4 absorbRate=0.25 hitRate=0 silhouetteRadiusMean=0.141421 silhouetteRadiusStdDev=0 silhouetteRadiusRange=0 silhouetteHistogram=[4,0,0,0,0,0] accelMass=[0.130296,0.012257,0.012024,0.006997,0.001981] accelBand=[0.000000,0.000000,0.001181,0.057191,0.000000] accelTotal=[0.130296,0.012257,0.013205,0.064187,0.001981] rayEndpoints=[-0.290042,-0.290042,0.210895|-0.081041,-0.283642,0.217530|0.121974,-0.284606,0.216634|0.283642,-0.081041,0.217530|0.284606,0.121974,0.216634|0.081041,0.283642,0.217530|-0.121974,0.284606,0.216634|-0.283642,0.081041,0.217530] rayChecksum=23465c1d6ece668ab08ad5921f81a196c0e286d774f51bc34743d7e913a231ae
BlackHoleMinimalFingerprint: v=4;sourceCount=2;bandMode=core_plus_band;bandModeSource=scene_authored;massCanonical=1;bandCanonical=1;massSource=canonical;massCurve=Power;massRInner=0.120000;massROuter=4.500000;massAmp=0.151000;massGamma=8.000000;massA=8.000000;massB=0.000000;massC=0.000000;massModeFlags=2;massTransport=Metric_NullGeodesic;massBetaMode=override;massBetaScale=1.000000;bandEnabled=1;bandSource=compare_override(cmdline_user);bandCurve=Polynomial;bandRInner=1.305000;bandROuter=1.845000;bandAmp=0.060000;bandA=0.000000;bandB=4.000000;bandC=-4.000000;bandModeFlags=0;bandTransport=Metric_NullGeodesic;bandBetaMode=override;bandBetaScale=1.000000;useIntegrated=1;bendScale=1.000000;fieldStrength=1.000000;stepLength=0.050000;minStep=0.001000;maxStep=0.300000;stepAdaptGain=0.050000;maxSteps=400;transportModel=Metric_NullGeodesic;metricLaw=MetricLaw_CurrentEnvelope;effectiveMetricScalar=0.151000;sourcePatternSummary=mode=CrossXY|count=49|spacingX=4.500000|spacingY=4.500000|radius=0.600000|origin=(0,0,-12)|includeCenter=1|checksum=d2dc5d7f5c2ff5db8947386ab147590f02b7ac52680c9ddbf4171def12339e5d;sourcePatternMode=CrossXY;sourcePatternCount=49;sourceSpacingX=4.500000;sourceSpacingY=4.500000;sourceMarkerRadius=0.600000;probeN=16;absorbCount=4;absorbRate=0.250000;hitRate=0.000000;sourceHits=0;backgroundHits=0;detectorHits=0;absorbedHits=4;missHits=12;offscreenDetectorHits=0;noPlaneIntersect=12;closestApproachMean=0.251519;projectedRadiusMean=0.000000;detectorScale=1.000000;silhouetteRadiusMean=0.141421;silhouetteRadiusStdDev=0.000000;silhouetteRadiusRange=0.000000;silhouetteHistogram=[4,0,0,0,0,0];rayK=48;accelMass=[0.130296,0.012257,0.012024,0.006997,0.001981];accelBand=[0.000000,0.000000,0.001181,0.057191,0.000000];accelTotal=[0.130296,0.012257,0.013205,0.064187,0.001981];rayChecksum=23465c1d6ece668ab08ad5921f81a196c0e286d774f51bc34743d7e913a231ae;sha256=1bf8f3124f6c881ae966d444960b95173d5a76721faac550962ab13567fbddda
[FixtureCompare] fixture=blackhole_minimal transport=Metric_NullGeodesic photonBand=ON photonBandMode=core_plus_band photonBandRInner=1.305 photonBandROuter=1.845 photonBandAmp=0.06 absorbCount=4 absorbRate=0.25 hitRate=0 sourceHits=0 backgroundHits=0 absorbedHits=4 missHits=12 silhouetteRadiusMean=0.141421 silhouetteRadiusStdDev=0 silhouetteRadiusRange=0 metricContributionRatio=1 sourcePatternMode=CrossXY sourcePatternCount=49 fingerprint=1bf8f3124f6c881ae966d444960b95173d5a76721faac550962ab13567fbddda
[RenderTestRunner] RenderHealth overrides: p2Every=8 minP2=8
[RenderTestRunner] Render-test baseline: scaledFilmPx=3600 rowsPerStep=6 minGeomPix=1024 minRayTests=4096 trustEnforcement=on
[RenderTestRunner] Trust target (render-test): scaledFilm=80x45 scaledPixels=3600 minGeomPix=1024 minRayTests=4096
[RenderTestRunner] Applied bbNew baseline profile (render-test mode).
[RenderTestRunner] Captured camera transform for deterministic tests.
[RenderTestRunner] Applied scoped render-test profile profile=blackhole_compare_fast fixture=BlackholeMinimal runs=2 framesPerRun=80 warmup=10
Rebuild ENTER
Rebuild on node: /root/TestBlackholeMinimalMetricHarness/FixtureBlackholeMinimal/RayBeamRenderer  TerminateTrailOnHit=True StopOnHit=False RequireHitToRender=False
READY node: /root/TestBlackholeMinimalMetricHarness/FixtureBlackholeMinimal/RayBeamRenderer  Script=<CSharpScript#-9223372011336628869>  TerminateTrailOnHit=True
RayBeamRenderer: field sources in group = 2
[Transport] active=Metric_NullGeodesic
[PresetApply] reason=process quality=1 perf=0 user=1 scene=1 preset=Walk perfPreset=None quality=Barebones resScale=0.25 stride=2 rows=8 broadphaseMode=Policy broadphasePolicy=QuickRayOnly
[BroadphaseEffective] mode=Policy policy=QuickRayOnly quick=True overlap=False reason=policy
[HUDMeta] fixture=blackhole_minimal transport=Metric_NullGeodesic profile=blackhole_compare_fast metricLaw=MetricLaw_CurrentEnvelope sourcePattern=CrossXY MODE=RENDER_TEST_MATRIX FILM_ACCUM=ON
[RuntimeMode] scene=test-blackhole-minimal-metric fixture=blackhole_minimal transport=Metric_NullGeodesic mode=RENDER_TEST_MATRIX filmAccum=ON
[RenderTestRunner][INIT] mode=render-test startupDelayFrames=2 scene=res://test-blackhole-minimal-metric.tscn
[BlackHoleFixture][Broadphase] enforcing policy=OverlapOnly mode=Policy
[BroadphaseEffective] mode=Policy policy=OverlapOnly quick=False overlap=True reason=policy
[RenderTest][MATRIX START] id=1773352115 runs=2 framesPerRun=80 warmup=10
[MATRIX START] runs=2 framesPerRun=80 warmup=10 scene=res://test-blackhole-minimal-metric.tscn
[RenderTest][RUN START] matrix=1773352115 idx=1/2 name=baseline_prune_off frames=80 warmup=10 prune=off
[RUN START] name=baseline_prune_off prune=off stride=off envScale=inherit aabbExpand=inherit updateEveryFrame=on
[RenderTestRunner][RaySearch] run=baseline_prune_off steps=600 minStep=0.001 maxStep=0.3 stepAdaptGain=0.05
[RenderTestRunner] Trust enforcement (mode=default): scaledFilm=80x45 minGeomPix=1024 minRayTests=4096 minP2=8 p2Every=8 rollingSec=10
[RenderHealth][StatsMode] scaledFilm=80x45 rowsPerStep=6 fullFrameEveryNSteps<=8
[SharedSnap] steps=600 stepLen=0.05 minStep=0.001 maxStep=0.3 collEvery=1 collRad=0.03 mask=0x0000FFFF debug=Off
[EffectiveCfg] broadphase=Policy(policy) policy=OverlapOnly quick=0 overlap=1 softgate=0 score=0 minSeg=0.1 attempts=600 sub=1000 stride=2 resScale=0.25 rows=8 stepLen=0.05 collRad=0.03 mask=0x0000FFFF envRadScale=1.02 envAabbExpand=0.01 geomPrune=0 maxDist=50
Toggles: AdaptiveSubsteps=0 SingleProbeSubdivide=0 BandHitSkip=0 RequireHit=0 StopOnHit=0 TerminateTrailOnHit=1 UpdateEveryFrame=1
[Cfg] Pass2SoftGateEnableQuickRayMiss=0 Pass2SoftGateScoringEnabled=0 Pass2SoftGateMinSegmentLength=0.1 Pass2SoftGateScoreThreshold=1 Pass2SoftGateScoreTurnAngleWeight=1 Pass2SoftGateScorePrevHitLostBonus=0.75 Pass2SoftGateRandomProbeChance=0.01 Pass2SoftGateScoreBudgetPerFrame=256 Pass2SoftGateMaxAttemptsPerPixel=4 Pass2SoftGateMaxAttemptsPerFrame=600 Pass2SoftGateMaxSubdividedCallsPerFrame=1000 UpdateEveryFrame=1
[Transport][MetricDiagSample] eval=7 status=nonzero reason=none radiusFlag=r_hi r=25.69662 bendPerp=0.649751 dTheta=0.002684
[Transport][MetricDiagSample] eval=6 status=nonzero reason=none radiusFlag=r_hi r=25.69662 bendPerp=0.622322 dTheta=0.002674
[Transport][MetricDiagSample] eval=6 status=nonzero reason=none radiusFlag=r_hi r=25.69662 bendPerp=0.433046 dTheta=0.002573
[Transport][MetricDiagSample] eval=6 status=nonzero reason=none radiusFlag=r_hi r=25.69662 bendPerp=0.671332 dTheta=0.002691
[Transport][MetricLaw] active=MetricLaw_CurrentEnvelope transport=Metric_NullGeodesic
[Transport][MetricDiagSample] eval=6 status=nonzero reason=none radiusFlag=r_hi r=25.69662 bendPerp=0.793011 dTheta=0.002726
[Transport][MetricDiagSample] eval=6 status=nonzero reason=none radiusFlag=r_hi r=25.69662 bendPerp=0.788711 dTheta=0.002725
[RenderTestRunner][Live] fixture=blackhole_minimal run=baseline_prune_off probe=baseline budget_mode=na budget_n=na renderstep_calls=2 rows_advanced_total=0 trust_window=na/na/na geomPixProcessedRaw=1 geomRayTestsTotalRaw=0 budget_exit_reason=none
[RenderTestLive] name=baseline_prune_off frame=1/80 lastRow=0 rowsAdv=0 bands=1 geomPixProcessed=1 geomRayTestsTotal=0 geomTrusted=0 geomHealthPartial=1 geomTrustReason=warming_up hitRate=0 budgetStop=none
[BudgetExit] frame=6 row=0 reason=guard_no_row_progress elapsedMs=54 rowsDoneThisStep=0 hitsThisBand=0 attempts=0/600 subdiv=0/1000 px=480/2000000
[BudgetExit] frame=6 row=6 reason=guard_no_row_progress elapsedMs=54 rowsDoneThisStep=0 hitsThisBand=0 attempts=0/600 subdiv=0/1000 px=480/2000000
[BUS SET] frameId=16 grid=OK fields=2
SceneSnapshot: Instances=0, Fields=2, Geometry=54, FieldParams=16, FieldTLASNodes=1, GeometryTLASNodes=31, MetricModel(GRIN=2, GordonMetric=0), CurvatureGrid: OK dim=32x16x32 cell=1, FirstFields=[0:(rInner=0.12, rOuter=4.5, amp=0.151, curveType=1, shapeType=0), 1:(rInner=1.305, rOuter=1.845, amp=0.03, curveType=2, shapeType=0)]
[RenderTestRunner][Live] fixture=blackhole_minimal run=baseline_prune_off probe=baseline budget_mode=na budget_n=na renderstep_calls=18 rows_advanced_total=0 trust_window=na/na/na geomPixProcessedRaw=1 geomRayTestsTotalRaw=0 budget_exit_reason=none
[RenderTestLive] name=baseline_prune_off frame=17/80 lastRow=12 rowsAdv=0 bands=1 geomPixProcessed=1 geomRayTestsTotal=0 geomTrusted=0 geomHealthPartial=1 geomTrustReason=warming_up hitRate=0 budgetStop=none
[BudgetExit] frame=6 row=12 reason=guard_no_row_progress elapsedMs=56 rowsDoneThisStep=0 hitsThisBand=0 attempts=0/600 subdiv=0/1000 px=480/2000000
[BudgetExit] frame=6 row=18 reason=guard_no_row_progress elapsedMs=53 rowsDoneThisStep=0 hitsThisBand=0 attempts=0/600 subdiv=0/1000 px=480/2000000
[BudgetExit] frame=6 row=24 reason=guard_no_row_progress elapsedMs=56 rowsDoneThisStep=0 hitsThisBand=0 attempts=0/600 subdiv=0/1000 px=480/2000000
[RenderHealth] step=30 lastRow=30 rowsAdv=6 bands=1 stalledSteps=0 exit=none topExit=none hitRate=0 avgSteps=0 qray0=0 hybridFallback=0 hybridFallbackHit=0 hybridFallbackMiss=0 noCandidates=0 geomCandAvg=na geomSegQueried=na geomSegWithCandidates=na geomSegZero=na geomSegZeroRatePct=na geomPixProcessed=na geomPixHadAnyCandidates=na geomPixNoCand=na geomPixNoCandRatePct=na geomHitOk=na geomHitReject=na geomPrune=off geomPruneRequested=0 geomPruneEffective=off geomRayTestsTotal=na geomRayTestsAccepted=na geomRayTestsRejected=na geomRayTestsPerPxOn=na geomRayTestsPerPxOff=na geomRayTestsSavedPct=na geomPruneSwitched=0 geomTrusted=0 geomHealthPartial=1 geomHealthModeSamples=10 geomTrustReason=low_geom_pix geomRejectSampleMissing=0 geomRejectSampleInList=0 geomRejectSampleCandHit=0 geomRejectSampleDominant=none p2Samp=1 radAvg=0.01 radMax=0.01 envDiagAvg=0.167 envDiagMax=0.167 envInflAvg=0.01 envInflMax=0.01 cand0=na cand1to2=na cand3to8=na cand9to32=na cand33p=na geomPruneAuditSamp=na geomPruneAuditFalseNeg=na geomPruneAuditFalsePos=na geomPruneAuditCand0Hit=na geomPruneAuditFalseNegRate=na
[RenderHealth][GeomCoverage] step=30 geomPrune=off geomPixProcessedRaw=10 geomRayTestsTotalRaw=0 geomSegQueriedRaw=0 pass2PixelsRaw=10 geomPixHadAnyCandidatesRaw=0 geomPixNoCandRaw=0 geomRayTestsEligibleRaw=0 p2SampRaw=1
[RenderHealth][TrustGateDebug] geomPixProcessedRaw=10 geomRayTestsTotalRaw=0 geomRayTestsEligibleRaw=0 trustGeomPixMet=0 trustRayTestsMet=0 minGeomPix=1024 minRayTests=4096
[RenderHealth][TrustCfg] p2SampleEveryNSeg=8 minP2SamplesForTrust=8
[RenderTestRunner] RenderHealth snapshot ready at step=30 frame=30
[BUS SET] frameId=32 grid=OK fields=2
SceneSnapshot: Instances=0, Fields=2, Geometry=54, FieldParams=16, FieldTLASNodes=1, GeometryTLASNodes=31, MetricModel(GRIN=2, GordonMetric=0), CurvatureGrid: OK dim=32x16x32 cell=1, FirstFields=[0:(rInner=0.12, rOuter=4.5, amp=0.151, curveType=1, shapeType=0), 1:(rInner=1.305, rOuter=1.845, amp=0.03, curveType=2, shapeType=0)]
[RenderTestRunner][Live] fixture=blackhole_minimal run=baseline_prune_off probe=baseline budget_mode=na budget_n=na renderstep_calls=34 rows_advanced_total=0 trust_window=0/1/na geomPixProcessedRaw=10 geomRayTestsTotalRaw=0 budget_exit_reason=none
[RenderTestLive] name=baseline_prune_off frame=33/80 lastRow=30 rowsAdv=0 bands=1 geomPixProcessed=10 geomRayTestsTotal=0 geomTrusted=0 geomHealthPartial=1 geomTrustReason=low_geom_pix hitRate=0 budgetStop=none
[BudgetExit] frame=6 row=30 reason=guard_no_row_progress elapsedMs=55 rowsDoneThisStep=0 hitsThisBand=0 attempts=0/600 subdiv=0/1000 px=480/2000000
[BudgetExit] frame=6 row=36 reason=guard_no_row_progress elapsedMs=55 rowsDoneThisStep=0 hitsThisBand=0 attempts=0/600 subdiv=0/1000 px=480/2000000
[BudgetExit] frame=6 row=42 reason=guard_no_row_progress elapsedMs=36 rowsDoneThisStep=0 hitsThisBand=0 attempts=0/600 subdiv=0/1000 px=240/2000000
[BUS SET] frameId=49 grid=OK fields=2
SceneSnapshot: Instances=0, Fields=2, Geometry=54, FieldParams=16, FieldTLASNodes=1, GeometryTLASNodes=31, MetricModel(GRIN=2, GordonMetric=0), CurvatureGrid: OK dim=32x16x32 cell=1, FirstFields=[0:(rInner=0.12, rOuter=4.5, amp=0.151, curveType=1, shapeType=0), 1:(rInner=1.305, rOuter=1.845, amp=0.03, curveType=2, shapeType=0)]
[FrameReset] reason=completed prevRow=45 frame=6
[RenderTestRunner][Live] fixture=blackhole_minimal run=baseline_prune_off probe=baseline budget_mode=na budget_n=na renderstep_calls=52 rows_advanced_total=0 trust_window=0/1/na geomPixProcessedRaw=10 geomRayTestsTotalRaw=0 budget_exit_reason=none
[RenderTestLive] name=baseline_prune_off frame=51/80 lastRow=0 rowsAdv=0 bands=1 geomPixProcessed=10 geomRayTestsTotal=0 geomTrusted=0 geomHealthPartial=1 geomTrustReason=low_geom_pix hitRate=0 budgetStop=none
[BudgetExit] frame=12 row=0 reason=guard_no_row_progress elapsedMs=55 rowsDoneThisStep=0 hitsThisBand=0 attempts=0/600 subdiv=0/1000 px=480/2000000
[BudgetExit] frame=12 row=6 reason=guard_no_row_progress elapsedMs=54 rowsDoneThisStep=0 hitsThisBand=0 attempts=0/600 subdiv=0/1000 px=480/2000000
[RenderHealth] step=60 lastRow=12 rowsAdv=6 bands=1 stalledSteps=0 exit=none topExit=none hitRate=0 avgSteps=0 qray0=0 hybridFallback=0 hybridFallbackHit=0 hybridFallbackMiss=0 noCandidates=0 geomCandAvg=na geomSegQueried=na geomSegWithCandidates=na geomSegZero=na geomSegZeroRatePct=na geomPixProcessed=na geomPixHadAnyCandidates=na geomPixNoCand=na geomPixNoCandRatePct=na geomHitOk=na geomHitReject=na geomPrune=off geomPruneRequested=0 geomPruneEffective=off geomRayTestsTotal=na geomRayTestsAccepted=na geomRayTestsRejected=na geomRayTestsPerPxOn=na geomRayTestsPerPxOff=na geomRayTestsSavedPct=na geomPruneSwitched=0 geomTrusted=0 geomHealthPartial=1 geomHealthModeSamples=10 geomTrustReason=low_geom_pix geomRejectSampleMissing=0 geomRejectSampleInList=0 geomRejectSampleCandHit=0 geomRejectSampleDominant=none p2Samp=1 radAvg=0.01 radMax=0.01 envDiagAvg=0.162 envDiagMax=0.162 envInflAvg=0.01 envInflMax=0.01 cand0=na cand1to2=na cand3to8=na cand9to32=na cand33p=na geomPruneAuditSamp=na geomPruneAuditFalseNeg=na geomPruneAuditFalsePos=na geomPruneAuditCand0Hit=na geomPruneAuditFalseNegRate=na
[RenderHealth][GeomCoverage] step=60 geomPrune=off geomPixProcessedRaw=10 geomRayTestsTotalRaw=0 geomSegQueriedRaw=0 pass2PixelsRaw=10 geomPixHadAnyCandidatesRaw=0 geomPixNoCandRaw=0 geomRayTestsEligibleRaw=0 p2SampRaw=1
[RenderHealth][TrustGateDebug] geomPixProcessedRaw=10 geomRayTestsTotalRaw=0 geomRayTestsEligibleRaw=0 trustGeomPixMet=0 trustRayTestsMet=0 minGeomPix=1024 minRayTests=4096
[RenderHealth][TrustCfg] p2SampleEveryNSeg=8 minP2SamplesForTrust=8
[BUS SET] frameId=66 grid=OK fields=2
SceneSnapshot: Instances=0, Fields=2, Geometry=54, FieldParams=16, FieldTLASNodes=1, GeometryTLASNodes=31, MetricModel(GRIN=2, GordonMetric=0), CurvatureGrid: OK dim=32x16x32 cell=1, FirstFields=[0:(rInner=0.12, rOuter=4.5, amp=0.151, curveType=1, shapeType=0), 1:(rInner=1.305, rOuter=1.845, amp=0.03, curveType=2, shapeType=0)]
[BudgetExit] frame=12 row=12 reason=guard_no_row_progress elapsedMs=54 rowsDoneThisStep=0 hitsThisBand=0 attempts=0/600 subdiv=0/1000 px=480/2000000
[RenderTestRunner][Live] fixture=blackhole_minimal run=baseline_prune_off probe=baseline budget_mode=na budget_n=na renderstep_calls=69 rows_advanced_total=0 trust_window=0/1/na geomPixProcessedRaw=10 geomRayTestsTotalRaw=0 budget_exit_reason=none
[RenderTestLive] name=baseline_prune_off frame=68/80 lastRow=18 rowsAdv=0 bands=1 geomPixProcessed=10 geomRayTestsTotal=0 geomTrusted=0 geomHealthPartial=1 geomTrustReason=low_geom_pix hitRate=0 budgetStop=none
[BudgetExit] frame=12 row=18 reason=guard_no_row_progress elapsedMs=55 rowsDoneThisStep=0 hitsThisBand=0 attempts=0/600 subdiv=0/1000 px=480/2000000
[BudgetExit] frame=12 row=24 reason=guard_no_row_progress elapsedMs=52 rowsDoneThisStep=0 hitsThisBand=0 attempts=0/600 subdiv=0/1000 px=480/2000000
[RenderTest][RUN SUMMARY] matrix=1773352115 idx=1/2 name=baseline_prune_off samples=70 meanMsPerFrame=0 p95MsPerFrame=0 meanSegsPerPixel=na geomTrusted=0 geomTrustReason=low_geom_pix geomRayTestsSavedPct=na
[RenderTest][RUN END] matrix=1773352115 idx=1/2 name=baseline_prune_off run_id=1 frames=80 warmup=10 samples=70
[RUN END] name=baseline_prune_off run_id=1 frames=80 samples=70 meanMs=0 p95Ms=0
[RenderTest][RUN DETAIL] matrix=1773352115 idx=1/2 name=baseline_prune_off fixtureStatsKnown=0 sourceHits=0 backgroundHits=0 absorbedHits=0 missHits=0 traced=0 hitRate=na metricDiagKnown=1 metricDeltaZeroCount=0 metricDeltaNonzeroCount=2469249 metricFallbackCount=0 metricContributionRatio=1 steeringTurnCount=0 steeringMeanTurn=0 steeringMaxTurn=0 steeringRadial=r<0.5R:0@0,0.5R-1R:0@0,1R-2R:0@0,2R-4R:0@0,4R-8R:0@0,r>=8R:0@0 metricZeroReasons=parallel_raw=862735,parallel_recovered=23884
[RenderTest][RUN START] matrix=1773352115 idx=2/2 name=prune_on_default frames=80 warmup=10 prune=on
[RUN START] name=prune_on_default prune=on stride=on(inherit->inherit) envScale=inherit aabbExpand=inherit updateEveryFrame=on
[RenderTestRunner][RaySearch] run=prune_on_default steps=600 minStep=0.001 maxStep=0.3 stepAdaptGain=0.05
[RenderTestRunner] Trust enforcement (mode=default): scaledFilm=80x45 minGeomPix=1024 minRayTests=4096 minP2=8 p2Every=8 rollingSec=10
[RenderHealth][StatsMode] scaledFilm=80x45 rowsPerStep=6 fullFrameEveryNSteps<=8
[EffectiveCfg] broadphase=Policy(policy) policy=OverlapOnly quick=0 overlap=1 softgate=1 score=0 minSeg=0.1 attempts=600 sub=1000 stride=2 resScale=0.25 rows=8 stepLen=0.05 collRad=0.03 mask=0x0000FFFF envRadScale=1.02 envAabbExpand=0.01 geomPrune=1 maxDist=50
[Transport][MetricDiagSample] eval=2 status=nonzero reason=none radiusFlag=r_hi r=25.69662 bendPerp=0.790535 dTheta=0.002726
[Transport][MetricDiagSample] eval=3 status=nonzero reason=none radiusFlag=r_hi r=25.69662 bendPerp=0.585713 dTheta=0.002659
[Transport][MetricDiagSample] eval=5 status=nonzero reason=none radiusFlag=r_hi r=25.69662 bendPerp=0.801055 dTheta=0.002728
[Transport][MetricDiagSample] eval=7 status=nonzero reason=none radiusFlag=r_hi r=25.69662 bendPerp=0.701883 dTheta=0.002701
[Transport][MetricDiagSample] eval=4 status=nonzero reason=none radiusFlag=r_hi r=25.69662 bendPerp=0.588695 dTheta=0.00266
[Transport][MetricDiagSample] eval=3 status=nonzero reason=none radiusFlag=r_hi r=25.69662 bendPerp=0.795552 dTheta=0.002727
[Transport][MetricLaw] active=MetricLaw_CurrentEnvelope transport=Metric_NullGeodesic
[RenderTestRunner][Live] fixture=blackhole_minimal run=prune_on_default probe=baseline budget_mode=na budget_n=na renderstep_calls=82 rows_advanced_total=0 trust_window=na/na/na geomPixProcessedRaw=10 geomRayTestsTotalRaw=0 budget_exit_reason=none
[RenderTestLive] name=prune_on_default frame=1/80 lastRow=30 rowsAdv=0 bands=1 geomPixProcessed=10 geomRayTestsTotal=0 geomTrusted=0 geomHealthPartial=1 geomTrustReason=warming_up hitRate=0 budgetStop=none
[BUS SET] frameId=83 grid=OK fields=2
SceneSnapshot: Instances=0, Fields=2, Geometry=54, FieldParams=16, FieldTLASNodes=1, GeometryTLASNodes=31, MetricModel(GRIN=2, GordonMetric=0), CurvatureGrid: OK dim=32x16x32 cell=1, FirstFields=[0:(rInner=0.12, rOuter=4.5, amp=0.151, curveType=1, shapeType=0), 1:(rInner=1.305, rOuter=1.845, amp=0.03, curveType=2, shapeType=0)]
[BudgetExit] frame=12 row=30 reason=guard_no_row_progress elapsedMs=53 rowsDoneThisStep=0 hitsThisBand=0 attempts=0/600 subdiv=0/1000 px=480/2000000
[BudgetExit] frame=12 row=36 reason=guard_no_row_progress elapsedMs=53 rowsDoneThisStep=0 hitsThisBand=0 attempts=0/600 subdiv=0/1000 px=480/2000000
[RenderHealth] step=90 lastRow=42 rowsAdv=6 bands=1 stalledSteps=0 exit=none topExit=none hitRate=0 avgSteps=0 qray0=0 hybridFallback=0 hybridFallbackHit=0 hybridFallbackMiss=0 noCandidates=0 geomCandAvg=na geomSegQueried=na geomSegWithCandidates=na geomSegZero=na geomSegZeroRatePct=na geomPixProcessed=na geomPixHadAnyCandidates=na geomPixNoCand=na geomPixNoCandRatePct=na geomHitOk=na geomHitReject=na geomPrune=on geomPruneRequested=1 geomPruneEffective=on geomRayTestsTotal=na geomRayTestsAccepted=na geomRayTestsRejected=na geomRayTestsPerPxOn=na geomRayTestsPerPxOff=na geomRayTestsSavedPct=na geomPruneSwitched=0 geomTrusted=0 geomHealthPartial=1 geomHealthModeSamples=10 geomTrustReason=low_geom_pix geomRejectSampleMissing=0 geomRejectSampleInList=0 geomRejectSampleCandHit=0 geomRejectSampleDominant=none p2Samp=255 radAvg=0.01 radMax=0.01 envDiagAvg=0.165 envDiagMax=0.17 envInflAvg=0.01 envInflMax=0.01 cand0=na cand1to2=na cand3to8=na cand9to32=na cand33p=na geomPruneAuditSamp=na geomPruneAuditFalseNeg=na geomPruneAuditFalsePos=na geomPruneAuditCand0Hit=na geomPruneAuditFalseNegRate=na
[RenderHealth][GeomCoverage] step=90 geomPrune=on geomPixProcessedRaw=10 geomRayTestsTotalRaw=0 geomSegQueriedRaw=2038 pass2PixelsRaw=10 geomPixHadAnyCandidatesRaw=0 geomPixNoCandRaw=0 geomRayTestsEligibleRaw=0 p2SampRaw=255
[RenderHealth][TrustGateDebug] geomPixProcessedRaw=10 geomRayTestsTotalRaw=0 geomRayTestsEligibleRaw=0 trustGeomPixMet=0 trustRayTestsMet=0 minGeomPix=1024 minRayTests=4096
[RenderHealth][TrustCfg] p2SampleEveryNSeg=8 minP2SamplesForTrust=8
[RenderTestRunner] RenderHealth snapshot ready at step=90 frame=10
[BudgetExit] frame=12 row=42 reason=guard_no_row_progress elapsedMs=39 rowsDoneThisStep=0 hitsThisBand=0 attempts=0/600 subdiv=0/1000 px=240/2000000
[FrameReset] reason=completed prevRow=45 frame=12
[Cfg] Pass2SoftGateEnableQuickRayMiss=1 Pass2SoftGateScoringEnabled=0 Pass2SoftGateMinSegmentLength=0.1 Pass2SoftGateScoreThreshold=1 Pass2SoftGateScoreTurnAngleWeight=1 Pass2SoftGateScorePrevHitLostBonus=0.75 Pass2SoftGateRandomProbeChance=0.01 Pass2SoftGateScoreBudgetPerFrame=256 Pass2SoftGateMaxAttemptsPerPixel=4 Pass2SoftGateMaxAttemptsPerFrame=600 Pass2SoftGateMaxSubdividedCallsPerFrame=1000 UpdateEveryFrame=1
[RenderTestRunner][Live] fixture=blackhole_minimal run=prune_on_default probe=baseline budget_mode=na budget_n=na renderstep_calls=101 rows_advanced_total=0 trust_window=0/1/na geomPixProcessedRaw=10 geomRayTestsTotalRaw=0 budget_exit_reason=none
[RenderTestLive] name=prune_on_default frame=20/80 lastRow=0 rowsAdv=0 bands=1 geomPixProcessed=10 geomRayTestsTotal=0 geomTrusted=0 geomHealthPartial=1 geomTrustReason=low_geom_pix hitRate=0 budgetStop=none
[BUS SET] frameId=102 grid=OK fields=2
SceneSnapshot: Instances=0, Fields=2, Geometry=54, FieldParams=16, FieldTLASNodes=1, GeometryTLASNodes=31, MetricModel(GRIN=2, GordonMetric=0), CurvatureGrid: OK dim=32x16x32 cell=1, FirstFields=[0:(rInner=0.12, rOuter=4.5, amp=0.151, curveType=1, shapeType=0), 1:(rInner=1.305, rOuter=1.845, amp=0.03, curveType=2, shapeType=0)]
[BudgetExit] frame=18 row=0 reason=guard_no_row_progress elapsedMs=54 rowsDoneThisStep=0 hitsThisBand=0 attempts=0/600 subdiv=0/1000 px=480/2000000
[BudgetExit] frame=18 row=6 reason=guard_no_row_progress elapsedMs=53 rowsDoneThisStep=0 hitsThisBand=0 attempts=0/600 subdiv=0/1000 px=480/2000000
[BudgetExit] frame=18 row=12 reason=guard_no_row_progress elapsedMs=52 rowsDoneThisStep=0 hitsThisBand=0 attempts=0/600 subdiv=0/1000 px=480/2000000
[RenderTestRunner][Live] fixture=blackhole_minimal run=prune_on_default probe=baseline budget_mode=na budget_n=na renderstep_calls=119 rows_advanced_total=0 trust_window=0/1/na geomPixProcessedRaw=10 geomRayTestsTotalRaw=0 budget_exit_reason=none
[RenderTestLive] name=prune_on_default frame=38/80 lastRow=18 rowsAdv=0 bands=1 geomPixProcessed=10 geomRayTestsTotal=0 geomTrusted=0 geomHealthPartial=1 geomTrustReason=low_geom_pix hitRate=0 budgetStop=none
[BUS SET] frameId=119 grid=OK fields=2
SceneSnapshot: Instances=0, Fields=2, Geometry=54, FieldParams=16, FieldTLASNodes=1, GeometryTLASNodes=31, MetricModel(GRIN=2, GordonMetric=0), CurvatureGrid: OK dim=32x16x32 cell=1, FirstFields=[0:(rInner=0.12, rOuter=4.5, amp=0.151, curveType=1, shapeType=0), 1:(rInner=1.305, rOuter=1.845, amp=0.03, curveType=2, shapeType=0)]
[BudgetExit] frame=18 row=18 reason=guard_no_row_progress elapsedMs=48 rowsDoneThisStep=0 hitsThisBand=0 attempts=0/600 subdiv=0/1000 px=480/2000000
[RenderHealth] step=120 lastRow=24 rowsAdv=6 bands=1 stalledSteps=0 exit=none topExit=none hitRate=0 avgSteps=0 qray0=0 hybridFallback=0 hybridFallbackHit=0 hybridFallbackMiss=0 noCandidates=0 geomCandAvg=na geomSegQueried=na geomSegWithCandidates=na geomSegZero=na geomSegZeroRatePct=na geomPixProcessed=na geomPixHadAnyCandidates=na geomPixNoCand=na geomPixNoCandRatePct=na geomHitOk=na geomHitReject=na geomPrune=on geomPruneRequested=1 geomPruneEffective=on geomRayTestsTotal=na geomRayTestsAccepted=na geomRayTestsRejected=na geomRayTestsPerPxOn=na geomRayTestsPerPxOff=na geomRayTestsSavedPct=na geomPruneSwitched=0 geomTrusted=0 geomHealthPartial=1 geomHealthModeSamples=10 geomTrustReason=low_geom_pix geomRejectSampleMissing=0 geomRejectSampleInList=0 geomRejectSampleCandHit=0 geomRejectSampleDominant=none p2Samp=32 radAvg=0.01 radMax=0.01 envDiagAvg=0.166 envDiagMax=0.167 envInflAvg=0.01 envInflMax=0.01 cand0=na cand1to2=na cand3to8=na cand9to32=na cand33p=na geomPruneAuditSamp=na geomPruneAuditFalseNeg=na geomPruneAuditFalsePos=na geomPruneAuditCand0Hit=na geomPruneAuditFalseNegRate=na
[RenderHealth][GeomCoverage] step=120 geomPrune=on geomPixProcessedRaw=10 geomRayTestsTotalRaw=0 geomSegQueriedRaw=261 pass2PixelsRaw=10 geomPixHadAnyCandidatesRaw=0 geomPixNoCandRaw=0 geomRayTestsEligibleRaw=0 p2SampRaw=32
[RenderHealth][TrustGateDebug] geomPixProcessedRaw=10 geomRayTestsTotalRaw=0 geomRayTestsEligibleRaw=0 trustGeomPixMet=0 trustRayTestsMet=0 minGeomPix=1024 minRayTests=4096
[RenderHealth][TrustCfg] p2SampleEveryNSeg=8 minP2SamplesForTrust=8
[BudgetExit] frame=18 row=24 reason=guard_no_row_progress elapsedMs=51 rowsDoneThisStep=0 hitsThisBand=0 attempts=0/600 subdiv=0/1000 px=480/2000000
[BudgetExit] frame=18 row=30 reason=guard_no_row_progress elapsedMs=53 rowsDoneThisStep=0 hitsThisBand=0 attempts=0/600 subdiv=0/1000 px=480/2000000
[RenderTestRunner][Live] fixture=blackhole_minimal run=prune_on_default probe=baseline budget_mode=na budget_n=na renderstep_calls=136 rows_advanced_total=0 trust_window=0/1/na geomPixProcessedRaw=10 geomRayTestsTotalRaw=0 budget_exit_reason=none
[RenderTestLive] name=prune_on_default frame=55/80 lastRow=36 rowsAdv=0 bands=1 geomPixProcessed=10 geomRayTestsTotal=0 geomTrusted=0 geomHealthPartial=1 geomTrustReason=low_geom_pix hitRate=0 budgetStop=none
[BUS SET] frameId=136 grid=OK fields=2
SceneSnapshot: Instances=0, Fields=2, Geometry=54, FieldParams=16, FieldTLASNodes=1, GeometryTLASNodes=31, MetricModel(GRIN=2, GordonMetric=0), CurvatureGrid: OK dim=32x16x32 cell=1, FirstFields=[0:(rInner=0.12, rOuter=4.5, amp=0.151, curveType=1, shapeType=0), 1:(rInner=1.305, rOuter=1.845, amp=0.03, curveType=2, shapeType=0)]
[BudgetExit] frame=18 row=36 reason=guard_no_row_progress elapsedMs=56 rowsDoneThisStep=0 hitsThisBand=0 attempts=0/600 subdiv=0/1000 px=480/2000000
[BudgetExit] frame=18 row=42 reason=guard_no_row_progress elapsedMs=37 rowsDoneThisStep=0 hitsThisBand=0 attempts=0/600 subdiv=0/1000 px=240/2000000
[FrameReset] reason=completed prevRow=45 frame=18
[BudgetExit] frame=24 row=0 reason=guard_no_row_progress elapsedMs=54 rowsDoneThisStep=0 hitsThisBand=0 attempts=0/600 subdiv=0/1000 px=480/2000000
[RenderHealth] step=150 lastRow=6 rowsAdv=6 bands=1 stalledSteps=0 exit=none topExit=none hitRate=0 avgSteps=0 qray0=0 hybridFallback=0 hybridFallbackHit=0 hybridFallbackMiss=0 noCandidates=0 geomCandAvg=na geomSegQueried=na geomSegWithCandidates=na geomSegZero=na geomSegZeroRatePct=na geomPixProcessed=na geomPixHadAnyCandidates=na geomPixNoCand=na geomPixNoCandRatePct=na geomHitOk=na geomHitReject=na geomPrune=on geomPruneRequested=1 geomPruneEffective=on geomRayTestsTotal=na geomRayTestsAccepted=na geomRayTestsRejected=na geomRayTestsPerPxOn=na geomRayTestsPerPxOff=na geomRayTestsSavedPct=na geomPruneSwitched=0 geomTrusted=0 geomHealthPartial=1 geomHealthModeSamples=10 geomTrustReason=low_geom_pix geomRejectSampleMissing=0 geomRejectSampleInList=0 geomRejectSampleCandHit=0 geomRejectSampleDominant=none p2Samp=60 radAvg=0.01 radMax=0.01 envDiagAvg=0.165 envDiagMax=0.17 envInflAvg=0.01 envInflMax=0.01 cand0=na cand1to2=na cand3to8=na cand9to32=na cand33p=na geomPruneAuditSamp=na geomPruneAuditFalseNeg=na geomPruneAuditFalsePos=na geomPruneAuditCand0Hit=na geomPruneAuditFalseNegRate=na
[RenderHealth][GeomCoverage] step=150 geomPrune=on geomPixProcessedRaw=10 geomRayTestsTotalRaw=0 geomSegQueriedRaw=497 pass2PixelsRaw=10 geomPixHadAnyCandidatesRaw=0 geomPixNoCandRaw=0 geomRayTestsEligibleRaw=0 p2SampRaw=60
[RenderHealth][TrustGateDebug] geomPixProcessedRaw=10 geomRayTestsTotalRaw=0 geomRayTestsEligibleRaw=0 trustGeomPixMet=0 trustRayTestsMet=0 minGeomPix=1024 minRayTests=4096
[RenderHealth][TrustCfg] p2SampleEveryNSeg=8 minP2SamplesForTrust=8
[BUS SET] frameId=154 grid=OK fields=2
SceneSnapshot: Instances=0, Fields=2, Geometry=54, FieldParams=16, FieldTLASNodes=1, GeometryTLASNodes=31, MetricModel(GRIN=2, GordonMetric=0), CurvatureGrid: OK dim=32x16x32 cell=1, FirstFields=[0:(rInner=0.12, rOuter=4.5, amp=0.151, curveType=1, shapeType=0), 1:(rInner=1.305, rOuter=1.845, amp=0.03, curveType=2, shapeType=0)]
[RenderTestRunner][Live] fixture=blackhole_minimal run=prune_on_default probe=baseline budget_mode=na budget_n=na renderstep_calls=155 rows_advanced_total=0 trust_window=0/1/na geomPixProcessedRaw=10 geomRayTestsTotalRaw=0 budget_exit_reason=none
[RenderTestLive] name=prune_on_default frame=74/80 lastRow=6 rowsAdv=0 bands=1 geomPixProcessed=10 geomRayTestsTotal=0 geomTrusted=0 geomHealthPartial=1 geomTrustReason=low_geom_pix hitRate=0 budgetStop=none
[BudgetExit] frame=24 row=6 reason=guard_no_row_progress elapsedMs=51 rowsDoneThisStep=0 hitsThisBand=0 attempts=0/600 subdiv=0/1000 px=480/2000000
[RenderTest][RUN SUMMARY] matrix=1773352115 idx=2/2 name=prune_on_default samples=70 meanMsPerFrame=0 p95MsPerFrame=0 meanSegsPerPixel=na geomTrusted=0 geomTrustReason=low_geom_pix geomRayTestsSavedPct=na
[RenderTest][RUN END] matrix=1773352115 idx=2/2 name=prune_on_default run_id=2 frames=80 warmup=10 samples=70
[RUN END] name=prune_on_default run_id=2 frames=80 samples=70 meanMs=0 p95Ms=0
[RenderTest][RUN DETAIL] matrix=1773352115 idx=2/2 name=prune_on_default fixtureStatsKnown=0 sourceHits=0 backgroundHits=0 absorbedHits=0 missHits=0 traced=0 hitRate=na metricDiagKnown=1 metricDeltaZeroCount=0 metricDeltaNonzeroCount=2412470 metricFallbackCount=0 metricContributionRatio=1 steeringTurnCount=0 steeringMeanTurn=0 steeringMaxTurn=0 steeringRadial=r<0.5R:0@0,0.5R-1R:0@0,1R-2R:0@0,2R-4R:0@0,4R-8R:0@0,r>=8R:0@0 metricZeroReasons=parallel_raw=818979,parallel_recovered=22641
[RenderTest][MATRIX END] id=1773352115 runs=2
[MATRIX END] totalRuns=2 elapsedMs=9541.913
[RenderTestRunner] Quitting (render-test mode).
[RenderTestRunner] Requesting deferred quit code=0
[RenderTestRunner][ExitCode] forced=0 reason=harness_success
