Godot Engine v4.5.1.stable.mono.official.f62fdbde1 - https://godotengine.org
OpenGL API 3.3.0 Core Profile Context 25.11.1.251104 - Compatibility - Using Device: ATI Technologies Inc. - AMD Radeon RX 6700 XT

[FieldSource3D] /root/TestBlackholeMinimalMetricHarness/FixtureBlackholeMinimal/FieldSource3D shape=SphereRadial curve=Power amp=0.151 a=8 b=0 c=0 r=[0.12,4.5] sigma=0 edge=0 beta=override(beta_scale=1) custom=n/a source=canonical
[FieldSource3D] /root/TestBlackholeMinimalMetricHarness/FixtureBlackholeMinimal/PhotonBandSource shape=SphereRadial curve=Polynomial amp=0.03 a=0 b=4 c=-4 r=[1.305,1.845] sigma=0 edge=0 beta=override(beta_scale=1) custom=n/a source=canonical
[DBG] dbgMesh inTree=True parent=RayBeamRenderer world=(0, 0, 0)
✅ GrinFilmCamera READY: /root/TestBlackholeMinimalMetricHarness/GrinFilmCamera
[RBRRef][Startup] configured path=../FixtureBlackholeMinimal/RayBeamRenderer
[RBRRef] resolved ok name=RayBeamRenderer
[RBRRef][Startup] resolved=True
RayBeamRenderer found? True
[BroadphaseEffective] mode=Policy policy=OverlapOnly quick=False overlap=True reason=policy
[SharedSnap] steps=400 stepLen=0.05 minStep=0.001 maxStep=0.3 collEvery=1 collRad=0.03 mask=0x0000FFFF debug=Off
[EffectiveCfg] broadphase=Policy(policy) policy=OverlapOnly quick=0 overlap=1 softgate=0 score=1 minSeg=0.1 attempts=5000 sub=10000 stride=1 resScale=0.5 rows=8 stepLen=0.05 collRad=0.03 mask=0x0000FFFF envRadScale=1.1 envAabbExpand=0 geomPrune=1 maxDist=50
FilmView found? True
[RBRRef][Startup] HasRenderer(after mirror)=True
✅ GrinFilmCamera ready. Rendering film.
[RenderTestRunner] _Ready reached.
[RenderTestRunner][CmdArgs] [--render-test, --render-test-fixture=blackhole_minimal, --render-test-profile=blackhole_compare_fast, --blackhole-transport-model=grin, --lifecycle-stress=0, --smartscale=0, --blackhole-photon-band-r-inner=1.305, --blackhole-photon-band-r-outer=1.845, --blackhole-photon-band-amp=0.03]
[RenderTestRunner][CLIFlags] autocal=0 shadow_eval=0 autocal_verbose=0 autocal_apply=0 lifecycle_stress=0 smartscale=0 smartscale_goal=none
[RenderTestRunner] TokenDetected=True shouldStart=True
[RenderTestRunner] Switching to fixture scene: fixture=BlackholeMinimal path=res://test-blackhole-minimal-grin.tscn
[FixtureStartup] fixture=blackhole_minimal variant=test-blackhole-minimal-metric transport=GRIN_Optical source=cmdline_user
[FixtureStartup][TransportOverride] fixture=blackhole_minimal node=FieldSource3D from=Metric_NullGeodesic to=GRIN_Optical source=cmdline_user
[FixtureStartup][TransportOverride] fixture=blackhole_minimal node=PhotonBandSource from=Metric_NullGeodesic to=GRIN_Optical source=cmdline_user
[FixtureField] fixture=blackhole_minimal node=FieldSource3D label=mass source=cmdline_override transport=GRIN_Optical curve=Power rInnerEnabled=1 rInner=0.12 rOuter=4.5 amp=0.151 betaMode=override betaScale=1 gamma=8 legacy=inactive
[FixtureField] fixture=blackhole_minimal node=PhotonBandSource label=photon_band source=cmdline_override transport=GRIN_Optical curve=Polynomial rInnerEnabled=1 rInner=1.305 rOuter=1.845 amp=0.03 betaMode=override betaScale=1 a=0 b=4 c=-4 legacy=inactive
[BlackHoleFixture][PhotonBandMode] mode=core_plus_band source=scene_authored authored_enabled=1 effective_enabled=1
[Transport] active=GRIN_Optical fixture=blackhole_minimal effectiveMetricScalar=0.151
[BlackHoleFixture][CurvatureEngaged] mass_match=1 band_match=1 probe_any=1 band_noticeable=1 require_band_noticeable=0 mass_primary=1 far_accel=0 transport=1 probe_mass=[0.031352,0.012257,0.010145,0.016328] probe_band=[0,0,0.013502,0] probe_total=[0.031352,0.012257,0.023646,0.016328]
[BlackHoleFixture][CurvatureApplied] deviated_rays=16/16 max_dev=0.700204 dev_sum=10.45615 min_dev_threshold=0.001
[BlackHoleFixture][CurvatureMetric] accel_sum_total=0.083583 accel_sum_mass=0.070081 accel_sum_band=0.013502 curvature_energy=0.083583 max_probe_accel=0.031352 far_accel=0
[BlackHoleFixture][SourcePattern] mode=CrossXY count=49 spacing=(4.5,4.5) radius=0.6 originLocal=(0,0,-12) includeCenter=1 localSample=[(-54,0,-12)|(-49.5,0,-12)|(-45,0,-12)|(-40.5,0,-12)|(-36,0,-12)|(-31.5,0,-12)] worldSample=[(-54,0,-12)|(-49.5,0,-12)|(-45,0,-12)|(-40.5,0,-12)|(-36,0,-12)|(-31.5,0,-12)] checksum=d2dc5d7f5c2ff5db8947386ab147590f02b7ac52680c9ddbf4171def12339e5d
[BlackHoleFixture][SourcePatternLayout] markers=49 overlap_exact=0 min_pair_dist=4.5 z_range=(-12,-12) center_z=0 behind_center=1
[BlackHoleFixture][SourcePatternMarker] i=0 name=source_marker_000 local=(-54,0,-12) global=(-54,0,-12) groups=[raytrace_geometry,fixture_geometry,fixture_source] collision_enabled=1 visible=1
[BlackHoleFixture][SourcePatternMarker] i=1 name=source_marker_001 local=(-49.5,0,-12) global=(-49.5,0,-12) groups=[raytrace_geometry,fixture_geometry,fixture_source] collision_enabled=1 visible=1
[BlackHoleFixture][SourcePatternMarker] i=2 name=source_marker_002 local=(-45,0,-12) global=(-45,0,-12) groups=[raytrace_geometry,fixture_geometry,fixture_source] collision_enabled=1 visible=1
[BlackHoleFixture][SourcePatternMarker] i=3 name=source_marker_003 local=(-40.5,0,-12) global=(-40.5,0,-12) groups=[raytrace_geometry,fixture_geometry,fixture_source] collision_enabled=1 visible=1
[BlackHoleFixture][SourcePatternMarker] i=4 name=source_marker_004 local=(-36,0,-12) global=(-36,0,-12) groups=[raytrace_geometry,fixture_geometry,fixture_source] collision_enabled=1 visible=1
[BlackHoleFixture][SourcePatternMarker] i=5 name=source_marker_005 local=(-31.5,0,-12) global=(-31.5,0,-12) groups=[raytrace_geometry,fixture_geometry,fixture_source] collision_enabled=1 visible=1
[BlackHoleFixture][SourcePatternMarker] i=6 name=source_marker_006 local=(-27,0,-12) global=(-27,0,-12) groups=[raytrace_geometry,fixture_geometry,fixture_source] collision_enabled=1 visible=1
[BlackHoleFixture][SourcePatternMarker] i=7 name=source_marker_007 local=(-22.5,0,-12) global=(-22.5,0,-12) groups=[raytrace_geometry,fixture_geometry,fixture_source] collision_enabled=1 visible=1
[BlackHoleFixture][SourcePatternMarker] i=8 name=source_marker_008 local=(-18,0,-12) global=(-18,0,-12) groups=[raytrace_geometry,fixture_geometry,fixture_source] collision_enabled=1 visible=1
[BlackHoleFixture][SourcePatternMarker] i=9 name=source_marker_009 local=(-13.5,0,-12) global=(-13.5,0,-12) groups=[raytrace_geometry,fixture_geometry,fixture_source] collision_enabled=1 visible=1
[BlackHoleFixture][SourcePatternMarker] i=10 name=source_marker_010 local=(-9,0,-12) global=(-9,0,-12) groups=[raytrace_geometry,fixture_geometry,fixture_source] collision_enabled=1 visible=1
[BlackHoleFixture][SourcePatternMarker] i=11 name=source_marker_011 local=(-4.5,0,-12) global=(-4.5,0,-12) groups=[raytrace_geometry,fixture_geometry,fixture_source] collision_enabled=1 visible=1
[BlackHoleFixture][SourcePatternMarker] i=12 name=source_marker_012 local=(0,0,-12) global=(0,0,-12) groups=[raytrace_geometry,fixture_geometry,fixture_source] collision_enabled=1 visible=1
[BlackHoleFixture][SourcePatternMarker] i=13 name=source_marker_013 local=(4.5,0,-12) global=(4.5,0,-12) groups=[raytrace_geometry,fixture_geometry,fixture_source] collision_enabled=1 visible=1
[BlackHoleFixture][SourcePatternMarker] i=14 name=source_marker_014 local=(9,0,-12) global=(9,0,-12) groups=[raytrace_geometry,fixture_geometry,fixture_source] collision_enabled=1 visible=1
[BlackHoleFixture][SourcePatternMarker] i=15 name=source_marker_015 local=(13.5,0,-12) global=(13.5,0,-12) groups=[raytrace_geometry,fixture_geometry,fixture_source] collision_enabled=1 visible=1
[BlackHoleFixture][SourcePatternMarker] i=16 name=source_marker_016 local=(18,0,-12) global=(18,0,-12) groups=[raytrace_geometry,fixture_geometry,fixture_source] collision_enabled=1 visible=1
[BlackHoleFixture][SourcePatternMarker] i=17 name=source_marker_017 local=(22.5,0,-12) global=(22.5,0,-12) groups=[raytrace_geometry,fixture_geometry,fixture_source] collision_enabled=1 visible=1
[BlackHoleFixture][SourcePatternMarker] i=18 name=source_marker_018 local=(27,0,-12) global=(27,0,-12) groups=[raytrace_geometry,fixture_geometry,fixture_source] collision_enabled=1 visible=1
[BlackHoleFixture][SourcePatternMarker] i=19 name=source_marker_019 local=(31.5,0,-12) global=(31.5,0,-12) groups=[raytrace_geometry,fixture_geometry,fixture_source] collision_enabled=1 visible=1
[BlackHoleFixture][SourcePatternMarker] i=20 name=source_marker_020 local=(36,0,-12) global=(36,0,-12) groups=[raytrace_geometry,fixture_geometry,fixture_source] collision_enabled=1 visible=1
[BlackHoleFixture][SourcePatternMarker] i=21 name=source_marker_021 local=(40.5,0,-12) global=(40.5,0,-12) groups=[raytrace_geometry,fixture_geometry,fixture_source] collision_enabled=1 visible=1
[BlackHoleFixture][SourcePatternMarker] i=22 name=source_marker_022 local=(45,0,-12) global=(45,0,-12) groups=[raytrace_geometry,fixture_geometry,fixture_source] collision_enabled=1 visible=1
[BlackHoleFixture][SourcePatternMarker] i=23 name=source_marker_023 local=(49.5,0,-12) global=(49.5,0,-12) groups=[raytrace_geometry,fixture_geometry,fixture_source] collision_enabled=1 visible=1
[BlackHoleFixture][SourcePatternMarker] i=24 name=source_marker_024 local=(54,0,-12) global=(54,0,-12) groups=[raytrace_geometry,fixture_geometry,fixture_source] collision_enabled=1 visible=1
[BlackHoleFixture][SourcePatternMarker] i=25 name=source_marker_025 local=(0,-54,-12) global=(0,-54,-12) groups=[raytrace_geometry,fixture_geometry,fixture_source] collision_enabled=1 visible=1
[BlackHoleFixture][SourcePatternMarker] i=26 name=source_marker_026 local=(0,-49.5,-12) global=(0,-49.5,-12) groups=[raytrace_geometry,fixture_geometry,fixture_source] collision_enabled=1 visible=1
[BlackHoleFixture][SourcePatternMarker] i=27 name=source_marker_027 local=(0,-45,-12) global=(0,-45,-12) groups=[raytrace_geometry,fixture_geometry,fixture_source] collision_enabled=1 visible=1
[BlackHoleFixture][SourcePatternMarker] i=28 name=source_marker_028 local=(0,-40.5,-12) global=(0,-40.5,-12) groups=[raytrace_geometry,fixture_geometry,fixture_source] collision_enabled=1 visible=1
[BlackHoleFixture][SourcePatternMarker] i=29 name=source_marker_029 local=(0,-36,-12) global=(0,-36,-12) groups=[raytrace_geometry,fixture_geometry,fixture_source] collision_enabled=1 visible=1
[BlackHoleFixture][SourcePatternMarker] i=30 name=source_marker_030 local=(0,-31.5,-12) global=(0,-31.5,-12) groups=[raytrace_geometry,fixture_geometry,fixture_source] collision_enabled=1 visible=1
[BlackHoleFixture][SourcePatternMarker] i=31 name=source_marker_031 local=(0,-27,-12) global=(0,-27,-12) groups=[raytrace_geometry,fixture_geometry,fixture_source] collision_enabled=1 visible=1
[BlackHoleFixture][SourcePatternMarker] i=32 name=source_marker_032 local=(0,-22.5,-12) global=(0,-22.5,-12) groups=[raytrace_geometry,fixture_geometry,fixture_source] collision_enabled=1 visible=1
[BlackHoleFixture][SourcePatternMarker] i=33 name=source_marker_033 local=(0,-18,-12) global=(0,-18,-12) groups=[raytrace_geometry,fixture_geometry,fixture_source] collision_enabled=1 visible=1
[BlackHoleFixture][SourcePatternMarker] i=34 name=source_marker_034 local=(0,-13.5,-12) global=(0,-13.5,-12) groups=[raytrace_geometry,fixture_geometry,fixture_source] collision_enabled=1 visible=1
[BlackHoleFixture][SourcePatternMarker] i=35 name=source_marker_035 local=(0,-9,-12) global=(0,-9,-12) groups=[raytrace_geometry,fixture_geometry,fixture_source] collision_enabled=1 visible=1
[BlackHoleFixture][SourcePatternMarker] i=36 name=source_marker_036 local=(0,-4.5,-12) global=(0,-4.5,-12) groups=[raytrace_geometry,fixture_geometry,fixture_source] collision_enabled=1 visible=1
[BlackHoleFixture][SourcePatternMarker] i=37 name=source_marker_037 local=(0,4.5,-12) global=(0,4.5,-12) groups=[raytrace_geometry,fixture_geometry,fixture_source] collision_enabled=1 visible=1
[BlackHoleFixture][SourcePatternMarker] i=38 name=source_marker_038 local=(0,9,-12) global=(0,9,-12) groups=[raytrace_geometry,fixture_geometry,fixture_source] collision_enabled=1 visible=1
[BlackHoleFixture][SourcePatternMarker] i=39 name=source_marker_039 local=(0,13.5,-12) global=(0,13.5,-12) groups=[raytrace_geometry,fixture_geometry,fixture_source] collision_enabled=1 visible=1
[BlackHoleFixture][SourcePatternMarker] i=40 name=source_marker_040 local=(0,18,-12) global=(0,18,-12) groups=[raytrace_geometry,fixture_geometry,fixture_source] collision_enabled=1 visible=1
[BlackHoleFixture][SourcePatternMarker] i=41 name=source_marker_041 local=(0,22.5,-12) global=(0,22.5,-12) groups=[raytrace_geometry,fixture_geometry,fixture_source] collision_enabled=1 visible=1
[BlackHoleFixture][SourcePatternMarker] i=42 name=source_marker_042 local=(0,27,-12) global=(0,27,-12) groups=[raytrace_geometry,fixture_geometry,fixture_source] collision_enabled=1 visible=1
[BlackHoleFixture][SourcePatternMarker] i=43 name=source_marker_043 local=(0,31.5,-12) global=(0,31.5,-12) groups=[raytrace_geometry,fixture_geometry,fixture_source] collision_enabled=1 visible=1
[BlackHoleFixture][SourcePatternMarker] i=44 name=source_marker_044 local=(0,36,-12) global=(0,36,-12) groups=[raytrace_geometry,fixture_geometry,fixture_source] collision_enabled=1 visible=1
[BlackHoleFixture][SourcePatternMarker] i=45 name=source_marker_045 local=(0,40.5,-12) global=(0,40.5,-12) groups=[raytrace_geometry,fixture_geometry,fixture_source] collision_enabled=1 visible=1
[BlackHoleFixture][SourcePatternMarker] i=46 name=source_marker_046 local=(0,45,-12) global=(0,45,-12) groups=[raytrace_geometry,fixture_geometry,fixture_source] collision_enabled=1 visible=1
[BlackHoleFixture][SourcePatternMarker] i=47 name=source_marker_047 local=(0,49.5,-12) global=(0,49.5,-12) groups=[raytrace_geometry,fixture_geometry,fixture_source] collision_enabled=1 visible=1
[BlackHoleFixture][SourcePatternMarker] i=48 name=source_marker_048 local=(0,54,-12) global=(0,54,-12) groups=[raytrace_geometry,fixture_geometry,fixture_source] collision_enabled=1 visible=1
[BlackHoleFixture][Absorption] transportModel=GRIN_Optical effectiveMetricScalar=0.151 absorbed_rays=4/16 absorb_rate=0.25
[BlackHoleFixture][MetricDiagnostics] metricLaw=MetricLaw_CurrentEnvelope metricDeltaZeroCount=0 metricDeltaNonzeroCount=0 metricFallbackCount=0 metricContributionRatio=0 zeroReasons=none
[MetricIsolation] metricLaw=MetricLaw_CurrentEnvelope metricDirectSteps=0 gridBypassSteps=0 grinFallbackSteps=0 grinScalarDominatedSteps=0
[TransportSteering] transportModel=GRIN_Optical metricLaw=MetricLaw_CurrentEnvelope meanTurn=0.000501 maxTurn=0.006579 radialBins=[r<0.5R:0.001028@1256,0.5R-1R:0.000001@556,1R-2R:0@768,2R-4R:0@0,4R-8R:0@0,r>=8R:0@0]
[BlackHoleFixture][PhotonBandContribution] mode=core_plus_band source=scene_authored enabled=1 probeAccelSum=0.013502 probeAccelShare=0.161537 farAccel=0
[BlackHoleFixture][ComparisonSummary] transportModel=GRIN_Optical metricLaw=MetricLaw_CurrentEnvelope effectiveMetricScalar=0.151 photonBandMode=core_plus_band photonBandModeSource=scene_authored photonBandEnabled=1 photonBandRInner=1.305 photonBandROuter=1.845 photonBandAmp=0.03 photonBandProbeAccelSum=0.013502 photonBandProbeAccelShare=0.161537 sourcePatternSummary=mode=CrossXY|count=49|spacingX=4.500000|spacingY=4.500000|radius=0.600000|origin=(0,0,-12)|includeCenter=1|checksum=d2dc5d7f5c2ff5db8947386ab147590f02b7ac52680c9ddbf4171def12339e5d probeN=16 absorbCount=4 absorbRate=0.25 hitRate=0 sourceHits=0 backgroundHits=0 detectorHits=0 absorbedHits=4 missHits=12 offscreenDetectorHits=0 noPlaneIntersect=12 closestApproachMean=0.254028 projectedRadiusMean=0 detectorScale=1 silhouetteRadiusMean=0.141421 silhouetteRadiusStdDev=0 silhouetteRadiusRange=0 metricDeltaZeroCount=0 metricDeltaNonzeroCount=0 metricFallbackCount=0 metricContributionRatio=0 silhouetteHistogram=[4,0,0,0,0,0]
[BlackHoleFixture] mass_strength=0.151 mass_radius=4.5 band_strength=0.03 band_r_inner=1.305 band_r_outer=1.845 mass_node_path=/root/TestBlackholeMinimalMetricHarness/FixtureBlackholeMinimal/FieldSource3D band_node_path=/root/TestBlackholeMinimalMetricHarness/FixtureBlackholeMinimal/PhotonBandSource sphere_global_pos=(0,0,0) sphere_scale=(1,1,1) cam_fov=70 camera_global_pos=(0,9.409,23.912) cam_to_sphere=25.697
[BlackHoleFixture][ResolvedMass] source=canonical curve=Power modeFlags=2 rInner=0.12 rOuter=4.5 amp=0.151 gamma=8 beta_mode=override beta_scale=1
[BlackHoleFixture][ResolvedPhotonBand] source=compare_override(cmdline_user) mode=core_plus_band enabled=1 curve=Polynomial modeFlags=0 rInner=1.305 rOuter=1.845 amp=0.03 A=0 B=4 C=-4 beta_mode=override beta_scale=1
[BlackHoleFixture][Renderer] useIntegrated=1 bendScale=1 fieldStrength=1
BlackHoleMinimalFingerprintRaw: transportModel=GRIN_Optical metricLaw=MetricLaw_CurrentEnvelope effectiveMetricScalar=0.151 sourcePatternSummary=mode=CrossXY|count=49|spacingX=4.500000|spacingY=4.500000|radius=0.600000|origin=(0,0,-12)|includeCenter=1|checksum=d2dc5d7f5c2ff5db8947386ab147590f02b7ac52680c9ddbf4171def12339e5d sourceHits=0 backgroundHits=0 detectorHits=0 absorbedHits=4 missHits=12 offscreenDetectorHits=0 noPlaneIntersect=12 closestApproachMean=0.254028 projectedRadiusMean=0 detectorScale=1 absorbCount=4 absorbRate=0.25 hitRate=0 silhouetteRadiusMean=0.141421 silhouetteRadiusStdDev=0 silhouetteRadiusRange=0 silhouetteHistogram=[4,0,0,0,0,0] accelMass=[0.130296,0.012257,0.012024,0.006997,0.001981] accelBand=[0.000000,0.000000,0.000590,0.028595,0.000000] accelTotal=[0.130296,0.012257,0.012614,0.035592,0.001981] rayEndpoints=[-0.294049,-0.294049,0.193827|-0.082239,-0.287837,0.200091|0.123758,-0.288768,0.199247|0.287837,-0.082239,0.200091|0.288768,0.123758,0.199247|0.082239,0.287837,0.200091|-0.123758,0.288768,0.199247|-0.287837,0.082239,0.200091] rayChecksum=f9dcece68cc35848c3e63929ff7fb9a3b9a9cba85fabbd9aa205a95f8a851e83
BlackHoleMinimalFingerprint: v=4;sourceCount=2;bandMode=core_plus_band;bandModeSource=scene_authored;massCanonical=1;bandCanonical=1;massSource=canonical;massCurve=Power;massRInner=0.120000;massROuter=4.500000;massAmp=0.151000;massGamma=8.000000;massA=8.000000;massB=0.000000;massC=0.000000;massModeFlags=2;massTransport=GRIN_Optical;massBetaMode=override;massBetaScale=1.000000;bandEnabled=1;bandSource=compare_override(cmdline_user);bandCurve=Polynomial;bandRInner=1.305000;bandROuter=1.845000;bandAmp=0.030000;bandA=0.000000;bandB=4.000000;bandC=-4.000000;bandModeFlags=0;bandTransport=GRIN_Optical;bandBetaMode=override;bandBetaScale=1.000000;useIntegrated=1;bendScale=1.000000;fieldStrength=1.000000;stepLength=0.050000;minStep=0.001000;maxStep=0.300000;stepAdaptGain=0.050000;maxSteps=400;transportModel=GRIN_Optical;metricLaw=MetricLaw_CurrentEnvelope;effectiveMetricScalar=0.151000;sourcePatternSummary=mode=CrossXY|count=49|spacingX=4.500000|spacingY=4.500000|radius=0.600000|origin=(0,0,-12)|includeCenter=1|checksum=d2dc5d7f5c2ff5db8947386ab147590f02b7ac52680c9ddbf4171def12339e5d;sourcePatternMode=CrossXY;sourcePatternCount=49;sourceSpacingX=4.500000;sourceSpacingY=4.500000;sourceMarkerRadius=0.600000;probeN=16;absorbCount=4;absorbRate=0.250000;hitRate=0.000000;sourceHits=0;backgroundHits=0;detectorHits=0;absorbedHits=4;missHits=12;offscreenDetectorHits=0;noPlaneIntersect=12;closestApproachMean=0.254028;projectedRadiusMean=0.000000;detectorScale=1.000000;silhouetteRadiusMean=0.141421;silhouetteRadiusStdDev=0.000000;silhouetteRadiusRange=0.000000;silhouetteHistogram=[4,0,0,0,0,0];rayK=48;accelMass=[0.130296,0.012257,0.012024,0.006997,0.001981];accelBand=[0.000000,0.000000,0.000590,0.028595,0.000000];accelTotal=[0.130296,0.012257,0.012614,0.035592,0.001981];rayChecksum=f9dcece68cc35848c3e63929ff7fb9a3b9a9cba85fabbd9aa205a95f8a851e83;sha256=0de3950efc60b606123cc73add80085be8c56b00f1385a4b309fa052e3c3ae3e
[FixtureCompare] fixture=blackhole_minimal transport=GRIN_Optical photonBand=ON photonBandMode=core_plus_band photonBandRInner=1.305 photonBandROuter=1.845 photonBandAmp=0.03 absorbCount=4 absorbRate=0.25 hitRate=0 sourceHits=0 backgroundHits=0 absorbedHits=4 missHits=12 silhouetteRadiusMean=0.141421 silhouetteRadiusStdDev=0 silhouetteRadiusRange=0 metricContributionRatio=0 sourcePatternMode=CrossXY sourcePatternCount=49 fingerprint=0de3950efc60b606123cc73add80085be8c56b00f1385a4b309fa052e3c3ae3e
[FieldSource3D] /root/TestBlackholeMinimalGrinHarness/FixtureBlackholeMinimal/FieldSource3D shape=SphereRadial curve=Power amp=0.151 a=8 b=0 c=0 r=[0.12,4.5] sigma=0 edge=0 beta=override(beta_scale=1) custom=n/a source=canonical
[FieldSource3D] /root/TestBlackholeMinimalGrinHarness/FixtureBlackholeMinimal/PhotonBandSource shape=SphereRadial curve=Polynomial amp=0.03 a=0 b=4 c=-4 r=[1.305,1.845] sigma=0 edge=0 beta=override(beta_scale=1) custom=n/a source=canonical
[DBG] dbgMesh inTree=True parent=RayBeamRenderer world=(0, 0, 0)
✅ GrinFilmCamera READY: /root/TestBlackholeMinimalGrinHarness/GrinFilmCamera
[RBRRef][Startup] configured path=../FixtureBlackholeMinimal/RayBeamRenderer
[RBRRef] resolved ok name=RayBeamRenderer
[RBRRef][Startup] resolved=True
RayBeamRenderer found? True
[BroadphaseEffective] mode=Policy policy=OverlapOnly quick=False overlap=True reason=policy
[SharedSnap] steps=400 stepLen=0.05 minStep=0.001 maxStep=0.3 collEvery=1 collRad=0.03 mask=0x0000FFFF debug=Off
[EffectiveCfg] broadphase=Policy(policy) policy=OverlapOnly quick=0 overlap=1 softgate=0 score=1 minSeg=0.1 attempts=5000 sub=10000 stride=1 resScale=0.5 rows=8 stepLen=0.05 collRad=0.03 mask=0x0000FFFF envRadScale=1.1 envAabbExpand=0 geomPrune=1 maxDist=50
FilmView found? True
[RBRRef][Startup] HasRenderer(after mirror)=True
✅ GrinFilmCamera ready. Rendering film.
[RenderTestRunner] _Ready reached.
[RenderTestRunner][CmdArgs] [--render-test, --render-test-fixture=blackhole_minimal, --render-test-profile=blackhole_compare_fast, --blackhole-transport-model=grin, --lifecycle-stress=0, --smartscale=0, --blackhole-photon-band-r-inner=1.305, --blackhole-photon-band-r-outer=1.845, --blackhole-photon-band-amp=0.03]
[RenderTestRunner][CLIFlags] autocal=0 shadow_eval=0 autocal_verbose=0 autocal_apply=0 lifecycle_stress=0 smartscale=0 smartscale_goal=none
[RenderTestRunner] TokenDetected=True shouldStart=True
[FixtureStartup] fixture=blackhole_minimal variant=test-blackhole-minimal-grin transport=GRIN_Optical source=cmdline_user
[FixtureField] fixture=blackhole_minimal node=FieldSource3D label=mass source=cmdline_override transport=GRIN_Optical curve=Power rInnerEnabled=1 rInner=0.12 rOuter=4.5 amp=0.151 betaMode=override betaScale=1 gamma=8 legacy=inactive
[FixtureField] fixture=blackhole_minimal node=PhotonBandSource label=photon_band source=cmdline_override transport=GRIN_Optical curve=Polynomial rInnerEnabled=1 rInner=1.305 rOuter=1.845 amp=0.03 betaMode=override betaScale=1 a=0 b=4 c=-4 legacy=inactive
[BlackHoleFixture][PhotonBandMode] mode=core_plus_band source=scene_authored authored_enabled=1 effective_enabled=1
[Transport] active=GRIN_Optical fixture=blackhole_minimal effectiveMetricScalar=0.151
[BlackHoleFixture][CurvatureEngaged] mass_match=1 band_match=1 probe_any=1 band_noticeable=1 require_band_noticeable=0 mass_primary=1 far_accel=0 transport=1 probe_mass=[0.031352,0.012257,0.010145,0.016328] probe_band=[0,0,0.013502,0] probe_total=[0.031352,0.012257,0.023646,0.016328]
[BlackHoleFixture][CurvatureApplied] deviated_rays=16/16 max_dev=0.700204 dev_sum=10.45615 min_dev_threshold=0.001
[BlackHoleFixture][CurvatureMetric] accel_sum_total=0.083583 accel_sum_mass=0.070081 accel_sum_band=0.013502 curvature_energy=0.083583 max_probe_accel=0.031352 far_accel=0
[BlackHoleFixture][SourcePattern] mode=CrossXY count=49 spacing=(4.5,4.5) radius=0.6 originLocal=(0,0,-12) includeCenter=1 localSample=[(-54,0,-12)|(-49.5,0,-12)|(-45,0,-12)|(-40.5,0,-12)|(-36,0,-12)|(-31.5,0,-12)] worldSample=[(-54,0,-12)|(-49.5,0,-12)|(-45,0,-12)|(-40.5,0,-12)|(-36,0,-12)|(-31.5,0,-12)] checksum=d2dc5d7f5c2ff5db8947386ab147590f02b7ac52680c9ddbf4171def12339e5d
[BlackHoleFixture][SourcePatternLayout] markers=49 overlap_exact=0 min_pair_dist=4.5 z_range=(-12,-12) center_z=0 behind_center=1
[BlackHoleFixture][SourcePatternMarker] i=0 name=source_marker_000 local=(-54,0,-12) global=(-54,0,-12) groups=[raytrace_geometry,fixture_geometry,fixture_source] collision_enabled=1 visible=1
[BlackHoleFixture][SourcePatternMarker] i=1 name=source_marker_001 local=(-49.5,0,-12) global=(-49.5,0,-12) groups=[raytrace_geometry,fixture_geometry,fixture_source] collision_enabled=1 visible=1
[BlackHoleFixture][SourcePatternMarker] i=2 name=source_marker_002 local=(-45,0,-12) global=(-45,0,-12) groups=[raytrace_geometry,fixture_geometry,fixture_source] collision_enabled=1 visible=1
[BlackHoleFixture][SourcePatternMarker] i=3 name=source_marker_003 local=(-40.5,0,-12) global=(-40.5,0,-12) groups=[raytrace_geometry,fixture_geometry,fixture_source] collision_enabled=1 visible=1
[BlackHoleFixture][SourcePatternMarker] i=4 name=source_marker_004 local=(-36,0,-12) global=(-36,0,-12) groups=[raytrace_geometry,fixture_geometry,fixture_source] collision_enabled=1 visible=1
[BlackHoleFixture][SourcePatternMarker] i=5 name=source_marker_005 local=(-31.5,0,-12) global=(-31.5,0,-12) groups=[raytrace_geometry,fixture_geometry,fixture_source] collision_enabled=1 visible=1
[BlackHoleFixture][SourcePatternMarker] i=6 name=source_marker_006 local=(-27,0,-12) global=(-27,0,-12) groups=[raytrace_geometry,fixture_geometry,fixture_source] collision_enabled=1 visible=1
[BlackHoleFixture][SourcePatternMarker] i=7 name=source_marker_007 local=(-22.5,0,-12) global=(-22.5,0,-12) groups=[raytrace_geometry,fixture_geometry,fixture_source] collision_enabled=1 visible=1
[BlackHoleFixture][SourcePatternMarker] i=8 name=source_marker_008 local=(-18,0,-12) global=(-18,0,-12) groups=[raytrace_geometry,fixture_geometry,fixture_source] collision_enabled=1 visible=1
[BlackHoleFixture][SourcePatternMarker] i=9 name=source_marker_009 local=(-13.5,0,-12) global=(-13.5,0,-12) groups=[raytrace_geometry,fixture_geometry,fixture_source] collision_enabled=1 visible=1
[BlackHoleFixture][SourcePatternMarker] i=10 name=source_marker_010 local=(-9,0,-12) global=(-9,0,-12) groups=[raytrace_geometry,fixture_geometry,fixture_source] collision_enabled=1 visible=1
[BlackHoleFixture][SourcePatternMarker] i=11 name=source_marker_011 local=(-4.5,0,-12) global=(-4.5,0,-12) groups=[raytrace_geometry,fixture_geometry,fixture_source] collision_enabled=1 visible=1
[BlackHoleFixture][SourcePatternMarker] i=12 name=source_marker_012 local=(0,0,-12) global=(0,0,-12) groups=[raytrace_geometry,fixture_geometry,fixture_source] collision_enabled=1 visible=1
[BlackHoleFixture][SourcePatternMarker] i=13 name=source_marker_013 local=(4.5,0,-12) global=(4.5,0,-12) groups=[raytrace_geometry,fixture_geometry,fixture_source] collision_enabled=1 visible=1
[BlackHoleFixture][SourcePatternMarker] i=14 name=source_marker_014 local=(9,0,-12) global=(9,0,-12) groups=[raytrace_geometry,fixture_geometry,fixture_source] collision_enabled=1 visible=1
[BlackHoleFixture][SourcePatternMarker] i=15 name=source_marker_015 local=(13.5,0,-12) global=(13.5,0,-12) groups=[raytrace_geometry,fixture_geometry,fixture_source] collision_enabled=1 visible=1
[BlackHoleFixture][SourcePatternMarker] i=16 name=source_marker_016 local=(18,0,-12) global=(18,0,-12) groups=[raytrace_geometry,fixture_geometry,fixture_source] collision_enabled=1 visible=1
[BlackHoleFixture][SourcePatternMarker] i=17 name=source_marker_017 local=(22.5,0,-12) global=(22.5,0,-12) groups=[raytrace_geometry,fixture_geometry,fixture_source] collision_enabled=1 visible=1
[BlackHoleFixture][SourcePatternMarker] i=18 name=source_marker_018 local=(27,0,-12) global=(27,0,-12) groups=[raytrace_geometry,fixture_geometry,fixture_source] collision_enabled=1 visible=1
[BlackHoleFixture][SourcePatternMarker] i=19 name=source_marker_019 local=(31.5,0,-12) global=(31.5,0,-12) groups=[raytrace_geometry,fixture_geometry,fixture_source] collision_enabled=1 visible=1
[BlackHoleFixture][SourcePatternMarker] i=20 name=source_marker_020 local=(36,0,-12) global=(36,0,-12) groups=[raytrace_geometry,fixture_geometry,fixture_source] collision_enabled=1 visible=1
[BlackHoleFixture][SourcePatternMarker] i=21 name=source_marker_021 local=(40.5,0,-12) global=(40.5,0,-12) groups=[raytrace_geometry,fixture_geometry,fixture_source] collision_enabled=1 visible=1
[BlackHoleFixture][SourcePatternMarker] i=22 name=source_marker_022 local=(45,0,-12) global=(45,0,-12) groups=[raytrace_geometry,fixture_geometry,fixture_source] collision_enabled=1 visible=1
[BlackHoleFixture][SourcePatternMarker] i=23 name=source_marker_023 local=(49.5,0,-12) global=(49.5,0,-12) groups=[raytrace_geometry,fixture_geometry,fixture_source] collision_enabled=1 visible=1
[BlackHoleFixture][SourcePatternMarker] i=24 name=source_marker_024 local=(54,0,-12) global=(54,0,-12) groups=[raytrace_geometry,fixture_geometry,fixture_source] collision_enabled=1 visible=1
[BlackHoleFixture][SourcePatternMarker] i=25 name=source_marker_025 local=(0,-54,-12) global=(0,-54,-12) groups=[raytrace_geometry,fixture_geometry,fixture_source] collision_enabled=1 visible=1
[BlackHoleFixture][SourcePatternMarker] i=26 name=source_marker_026 local=(0,-49.5,-12) global=(0,-49.5,-12) groups=[raytrace_geometry,fixture_geometry,fixture_source] collision_enabled=1 visible=1
[BlackHoleFixture][SourcePatternMarker] i=27 name=source_marker_027 local=(0,-45,-12) global=(0,-45,-12) groups=[raytrace_geometry,fixture_geometry,fixture_source] collision_enabled=1 visible=1
[BlackHoleFixture][SourcePatternMarker] i=28 name=source_marker_028 local=(0,-40.5,-12) global=(0,-40.5,-12) groups=[raytrace_geometry,fixture_geometry,fixture_source] collision_enabled=1 visible=1
[BlackHoleFixture][SourcePatternMarker] i=29 name=source_marker_029 local=(0,-36,-12) global=(0,-36,-12) groups=[raytrace_geometry,fixture_geometry,fixture_source] collision_enabled=1 visible=1
[BlackHoleFixture][SourcePatternMarker] i=30 name=source_marker_030 local=(0,-31.5,-12) global=(0,-31.5,-12) groups=[raytrace_geometry,fixture_geometry,fixture_source] collision_enabled=1 visible=1
[BlackHoleFixture][SourcePatternMarker] i=31 name=source_marker_031 local=(0,-27,-12) global=(0,-27,-12) groups=[raytrace_geometry,fixture_geometry,fixture_source] collision_enabled=1 visible=1
[BlackHoleFixture][SourcePatternMarker] i=32 name=source_marker_032 local=(0,-22.5,-12) global=(0,-22.5,-12) groups=[raytrace_geometry,fixture_geometry,fixture_source] collision_enabled=1 visible=1
[BlackHoleFixture][SourcePatternMarker] i=33 name=source_marker_033 local=(0,-18,-12) global=(0,-18,-12) groups=[raytrace_geometry,fixture_geometry,fixture_source] collision_enabled=1 visible=1
[BlackHoleFixture][SourcePatternMarker] i=34 name=source_marker_034 local=(0,-13.5,-12) global=(0,-13.5,-12) groups=[raytrace_geometry,fixture_geometry,fixture_source] collision_enabled=1 visible=1
[BlackHoleFixture][SourcePatternMarker] i=35 name=source_marker_035 local=(0,-9,-12) global=(0,-9,-12) groups=[raytrace_geometry,fixture_geometry,fixture_source] collision_enabled=1 visible=1
[BlackHoleFixture][SourcePatternMarker] i=36 name=source_marker_036 local=(0,-4.5,-12) global=(0,-4.5,-12) groups=[raytrace_geometry,fixture_geometry,fixture_source] collision_enabled=1 visible=1
[BlackHoleFixture][SourcePatternMarker] i=37 name=source_marker_037 local=(0,4.5,-12) global=(0,4.5,-12) groups=[raytrace_geometry,fixture_geometry,fixture_source] collision_enabled=1 visible=1
[BlackHoleFixture][SourcePatternMarker] i=38 name=source_marker_038 local=(0,9,-12) global=(0,9,-12) groups=[raytrace_geometry,fixture_geometry,fixture_source] collision_enabled=1 visible=1
[BlackHoleFixture][SourcePatternMarker] i=39 name=source_marker_039 local=(0,13.5,-12) global=(0,13.5,-12) groups=[raytrace_geometry,fixture_geometry,fixture_source] collision_enabled=1 visible=1
[BlackHoleFixture][SourcePatternMarker] i=40 name=source_marker_040 local=(0,18,-12) global=(0,18,-12) groups=[raytrace_geometry,fixture_geometry,fixture_source] collision_enabled=1 visible=1
[BlackHoleFixture][SourcePatternMarker] i=41 name=source_marker_041 local=(0,22.5,-12) global=(0,22.5,-12) groups=[raytrace_geometry,fixture_geometry,fixture_source] collision_enabled=1 visible=1
[BlackHoleFixture][SourcePatternMarker] i=42 name=source_marker_042 local=(0,27,-12) global=(0,27,-12) groups=[raytrace_geometry,fixture_geometry,fixture_source] collision_enabled=1 visible=1
[BlackHoleFixture][SourcePatternMarker] i=43 name=source_marker_043 local=(0,31.5,-12) global=(0,31.5,-12) groups=[raytrace_geometry,fixture_geometry,fixture_source] collision_enabled=1 visible=1
[BlackHoleFixture][SourcePatternMarker] i=44 name=source_marker_044 local=(0,36,-12) global=(0,36,-12) groups=[raytrace_geometry,fixture_geometry,fixture_source] collision_enabled=1 visible=1
[BlackHoleFixture][SourcePatternMarker] i=45 name=source_marker_045 local=(0,40.5,-12) global=(0,40.5,-12) groups=[raytrace_geometry,fixture_geometry,fixture_source] collision_enabled=1 visible=1
[BlackHoleFixture][SourcePatternMarker] i=46 name=source_marker_046 local=(0,45,-12) global=(0,45,-12) groups=[raytrace_geometry,fixture_geometry,fixture_source] collision_enabled=1 visible=1
[BlackHoleFixture][SourcePatternMarker] i=47 name=source_marker_047 local=(0,49.5,-12) global=(0,49.5,-12) groups=[raytrace_geometry,fixture_geometry,fixture_source] collision_enabled=1 visible=1
[BlackHoleFixture][SourcePatternMarker] i=48 name=source_marker_048 local=(0,54,-12) global=(0,54,-12) groups=[raytrace_geometry,fixture_geometry,fixture_source] collision_enabled=1 visible=1
[BlackHoleFixture][Absorption] transportModel=GRIN_Optical effectiveMetricScalar=0.151 absorbed_rays=4/16 absorb_rate=0.25
[BlackHoleFixture][MetricDiagnostics] metricLaw=MetricLaw_CurrentEnvelope metricDeltaZeroCount=0 metricDeltaNonzeroCount=0 metricFallbackCount=0 metricContributionRatio=0 zeroReasons=none
[MetricIsolation] metricLaw=MetricLaw_CurrentEnvelope metricDirectSteps=0 gridBypassSteps=0 grinFallbackSteps=0 grinScalarDominatedSteps=0
[TransportSteering] transportModel=GRIN_Optical metricLaw=MetricLaw_CurrentEnvelope meanTurn=0.000501 maxTurn=0.006579 radialBins=[r<0.5R:0.001028@1256,0.5R-1R:0.000001@556,1R-2R:0@768,2R-4R:0@0,4R-8R:0@0,r>=8R:0@0]
[BlackHoleFixture][PhotonBandContribution] mode=core_plus_band source=scene_authored enabled=1 probeAccelSum=0.013502 probeAccelShare=0.161537 farAccel=0
[BlackHoleFixture][ComparisonSummary] transportModel=GRIN_Optical metricLaw=MetricLaw_CurrentEnvelope effectiveMetricScalar=0.151 photonBandMode=core_plus_band photonBandModeSource=scene_authored photonBandEnabled=1 photonBandRInner=1.305 photonBandROuter=1.845 photonBandAmp=0.03 photonBandProbeAccelSum=0.013502 photonBandProbeAccelShare=0.161537 sourcePatternSummary=mode=CrossXY|count=49|spacingX=4.500000|spacingY=4.500000|radius=0.600000|origin=(0,0,-12)|includeCenter=1|checksum=d2dc5d7f5c2ff5db8947386ab147590f02b7ac52680c9ddbf4171def12339e5d probeN=16 absorbCount=4 absorbRate=0.25 hitRate=0 sourceHits=0 backgroundHits=0 detectorHits=0 absorbedHits=4 missHits=12 offscreenDetectorHits=0 noPlaneIntersect=12 closestApproachMean=0.254028 projectedRadiusMean=0 detectorScale=1 silhouetteRadiusMean=0.141421 silhouetteRadiusStdDev=0 silhouetteRadiusRange=0 metricDeltaZeroCount=0 metricDeltaNonzeroCount=0 metricFallbackCount=0 metricContributionRatio=0 silhouetteHistogram=[4,0,0,0,0,0]
[BlackHoleFixture] mass_strength=0.151 mass_radius=4.5 band_strength=0.03 band_r_inner=1.305 band_r_outer=1.845 mass_node_path=/root/TestBlackholeMinimalGrinHarness/FixtureBlackholeMinimal/FieldSource3D band_node_path=/root/TestBlackholeMinimalGrinHarness/FixtureBlackholeMinimal/PhotonBandSource sphere_global_pos=(0,0,0) sphere_scale=(1,1,1) cam_fov=70 camera_global_pos=(0,9.409,23.912) cam_to_sphere=25.697
[BlackHoleFixture][ResolvedMass] source=canonical curve=Power modeFlags=2 rInner=0.12 rOuter=4.5 amp=0.151 gamma=8 beta_mode=override beta_scale=1
[BlackHoleFixture][ResolvedPhotonBand] source=compare_override(cmdline_user) mode=core_plus_band enabled=1 curve=Polynomial modeFlags=0 rInner=1.305 rOuter=1.845 amp=0.03 A=0 B=4 C=-4 beta_mode=override beta_scale=1
[BlackHoleFixture][Renderer] useIntegrated=1 bendScale=1 fieldStrength=1
BlackHoleMinimalFingerprintRaw: transportModel=GRIN_Optical metricLaw=MetricLaw_CurrentEnvelope effectiveMetricScalar=0.151 sourcePatternSummary=mode=CrossXY|count=49|spacingX=4.500000|spacingY=4.500000|radius=0.600000|origin=(0,0,-12)|includeCenter=1|checksum=d2dc5d7f5c2ff5db8947386ab147590f02b7ac52680c9ddbf4171def12339e5d sourceHits=0 backgroundHits=0 detectorHits=0 absorbedHits=4 missHits=12 offscreenDetectorHits=0 noPlaneIntersect=12 closestApproachMean=0.254028 projectedRadiusMean=0 detectorScale=1 absorbCount=4 absorbRate=0.25 hitRate=0 silhouetteRadiusMean=0.141421 silhouetteRadiusStdDev=0 silhouetteRadiusRange=0 silhouetteHistogram=[4,0,0,0,0,0] accelMass=[0.130296,0.012257,0.012024,0.006997,0.001981] accelBand=[0.000000,0.000000,0.000590,0.028595,0.000000] accelTotal=[0.130296,0.012257,0.012614,0.035592,0.001981] rayEndpoints=[-0.294049,-0.294049,0.193827|-0.082239,-0.287837,0.200091|0.123758,-0.288768,0.199247|0.287837,-0.082239,0.200091|0.288768,0.123758,0.199247|0.082239,0.287837,0.200091|-0.123758,0.288768,0.199247|-0.287837,0.082239,0.200091] rayChecksum=f9dcece68cc35848c3e63929ff7fb9a3b9a9cba85fabbd9aa205a95f8a851e83
BlackHoleMinimalFingerprint: v=4;sourceCount=2;bandMode=core_plus_band;bandModeSource=scene_authored;massCanonical=1;bandCanonical=1;massSource=canonical;massCurve=Power;massRInner=0.120000;massROuter=4.500000;massAmp=0.151000;massGamma=8.000000;massA=8.000000;massB=0.000000;massC=0.000000;massModeFlags=2;massTransport=GRIN_Optical;massBetaMode=override;massBetaScale=1.000000;bandEnabled=1;bandSource=compare_override(cmdline_user);bandCurve=Polynomial;bandRInner=1.305000;bandROuter=1.845000;bandAmp=0.030000;bandA=0.000000;bandB=4.000000;bandC=-4.000000;bandModeFlags=0;bandTransport=GRIN_Optical;bandBetaMode=override;bandBetaScale=1.000000;useIntegrated=1;bendScale=1.000000;fieldStrength=1.000000;stepLength=0.050000;minStep=0.001000;maxStep=0.300000;stepAdaptGain=0.050000;maxSteps=400;transportModel=GRIN_Optical;metricLaw=MetricLaw_CurrentEnvelope;effectiveMetricScalar=0.151000;sourcePatternSummary=mode=CrossXY|count=49|spacingX=4.500000|spacingY=4.500000|radius=0.600000|origin=(0,0,-12)|includeCenter=1|checksum=d2dc5d7f5c2ff5db8947386ab147590f02b7ac52680c9ddbf4171def12339e5d;sourcePatternMode=CrossXY;sourcePatternCount=49;sourceSpacingX=4.500000;sourceSpacingY=4.500000;sourceMarkerRadius=0.600000;probeN=16;absorbCount=4;absorbRate=0.250000;hitRate=0.000000;sourceHits=0;backgroundHits=0;detectorHits=0;absorbedHits=4;missHits=12;offscreenDetectorHits=0;noPlaneIntersect=12;closestApproachMean=0.254028;projectedRadiusMean=0.000000;detectorScale=1.000000;silhouetteRadiusMean=0.141421;silhouetteRadiusStdDev=0.000000;silhouetteRadiusRange=0.000000;silhouetteHistogram=[4,0,0,0,0,0];rayK=48;accelMass=[0.130296,0.012257,0.012024,0.006997,0.001981];accelBand=[0.000000,0.000000,0.000590,0.028595,0.000000];accelTotal=[0.130296,0.012257,0.012614,0.035592,0.001981];rayChecksum=f9dcece68cc35848c3e63929ff7fb9a3b9a9cba85fabbd9aa205a95f8a851e83;sha256=0de3950efc60b606123cc73add80085be8c56b00f1385a4b309fa052e3c3ae3e
[FixtureCompare] fixture=blackhole_minimal transport=GRIN_Optical photonBand=ON photonBandMode=core_plus_band photonBandRInner=1.305 photonBandROuter=1.845 photonBandAmp=0.03 absorbCount=4 absorbRate=0.25 hitRate=0 sourceHits=0 backgroundHits=0 absorbedHits=4 missHits=12 silhouetteRadiusMean=0.141421 silhouetteRadiusStdDev=0 silhouetteRadiusRange=0 metricContributionRatio=0 sourcePatternMode=CrossXY sourcePatternCount=49 fingerprint=0de3950efc60b606123cc73add80085be8c56b00f1385a4b309fa052e3c3ae3e
[RenderTestRunner] RenderHealth overrides: p2Every=8 minP2=8
[RenderTestRunner] Render-test baseline: scaledFilmPx=3600 rowsPerStep=6 minGeomPix=1024 minRayTests=4096 trustEnforcement=on
[RenderTestRunner] Trust target (render-test): scaledFilm=80x45 scaledPixels=3600 minGeomPix=1024 minRayTests=4096
[RenderTestRunner] Applied bbNew baseline profile (render-test mode).
[RenderTestRunner] Captured camera transform for deterministic tests.
[RenderTestRunner] Applied scoped render-test profile profile=blackhole_compare_fast fixture=BlackholeMinimal runs=2 framesPerRun=80 warmup=10
Rebuild ENTER
Rebuild on node: /root/TestBlackholeMinimalGrinHarness/FixtureBlackholeMinimal/RayBeamRenderer  TerminateTrailOnHit=True StopOnHit=False RequireHitToRender=False
READY node: /root/TestBlackholeMinimalGrinHarness/FixtureBlackholeMinimal/RayBeamRenderer  Script=<CSharpScript#-9223372011336628869>  TerminateTrailOnHit=True
RayBeamRenderer: field sources in group = 2
[Transport] active=GRIN_Optical
[PresetApply] reason=process quality=1 perf=0 user=1 scene=1 preset=Walk perfPreset=None quality=Barebones resScale=0.25 stride=2 rows=8 broadphaseMode=Policy broadphasePolicy=QuickRayOnly
[BroadphaseEffective] mode=Policy policy=QuickRayOnly quick=True overlap=False reason=policy
[HUDMeta] fixture=blackhole_minimal transport=GRIN_Optical profile=blackhole_compare_fast metricLaw=MetricLaw_CurrentEnvelope sourcePattern=CrossXY MODE=RENDER_TEST_MATRIX FILM_ACCUM=ON
[RuntimeMode] scene=test-blackhole-minimal-grin fixture=blackhole_minimal transport=GRIN_Optical mode=RENDER_TEST_MATRIX filmAccum=ON
[RenderTestRunner][INIT] mode=render-test startupDelayFrames=2 scene=res://test-blackhole-minimal-grin.tscn
[BlackHoleFixture][Broadphase] enforcing policy=OverlapOnly mode=Policy
[BroadphaseEffective] mode=Policy policy=OverlapOnly quick=False overlap=True reason=policy
[RenderTest][MATRIX START] id=1773352028 runs=2 framesPerRun=80 warmup=10
[MATRIX START] runs=2 framesPerRun=80 warmup=10 scene=res://test-blackhole-minimal-grin.tscn
[RenderTest][RUN START] matrix=1773352028 idx=1/2 name=baseline_prune_off frames=80 warmup=10 prune=off
[RUN START] name=baseline_prune_off prune=off stride=off envScale=inherit aabbExpand=inherit updateEveryFrame=on
[RenderTestRunner][RaySearch] run=baseline_prune_off steps=600 minStep=0.001 maxStep=0.3 stepAdaptGain=0.05
[RenderTestRunner] Trust enforcement (mode=default): scaledFilm=80x45 minGeomPix=1024 minRayTests=4096 minP2=8 p2Every=8 rollingSec=10
[RenderHealth][StatsMode] scaledFilm=80x45 rowsPerStep=6 fullFrameEveryNSteps<=8
[SharedSnap] steps=600 stepLen=0.05 minStep=0.001 maxStep=0.3 collEvery=1 collRad=0.03 mask=0x0000FFFF debug=Off
[EffectiveCfg] broadphase=Policy(policy) policy=OverlapOnly quick=0 overlap=1 softgate=0 score=0 minSeg=0.1 attempts=600 sub=1000 stride=2 resScale=0.25 rows=8 stepLen=0.05 collRad=0.03 mask=0x0000FFFF envRadScale=1.02 envAabbExpand=0.01 geomPrune=0 maxDist=50
Toggles: AdaptiveSubsteps=0 SingleProbeSubdivide=0 BandHitSkip=0 RequireHit=0 StopOnHit=0 TerminateTrailOnHit=1 UpdateEveryFrame=1
[Cfg] Pass2SoftGateEnableQuickRayMiss=0 Pass2SoftGateScoringEnabled=0 Pass2SoftGateMinSegmentLength=0.1 Pass2SoftGateScoreThreshold=1 Pass2SoftGateScoreTurnAngleWeight=1 Pass2SoftGateScorePrevHitLostBonus=0.75 Pass2SoftGateRandomProbeChance=0.01 Pass2SoftGateScoreBudgetPerFrame=256 Pass2SoftGateMaxAttemptsPerPixel=4 Pass2SoftGateMaxAttemptsPerFrame=600 Pass2SoftGateMaxSubdividedCallsPerFrame=1000 UpdateEveryFrame=1
[RenderTestRunner][Live] fixture=blackhole_minimal run=baseline_prune_off probe=baseline budget_mode=na budget_n=na renderstep_calls=2 rows_advanced_total=0 trust_window=na/na/na geomPixProcessedRaw=1 geomRayTestsTotalRaw=0 budget_exit_reason=none
[RenderTestLive] name=baseline_prune_off frame=1/80 lastRow=0 rowsAdv=0 bands=1 geomPixProcessed=1 geomRayTestsTotal=0 geomTrusted=0 geomHealthPartial=1 geomTrustReason=warming_up hitRate=0 budgetStop=none
[BudgetExit] frame=6 row=0 reason=guard_no_row_progress elapsedMs=9 rowsDoneThisStep=0 hitsThisBand=0 attempts=0/600 subdiv=0/1000 px=480/2000000
[BudgetExit] frame=6 row=6 reason=guard_no_row_progress elapsedMs=8 rowsDoneThisStep=0 hitsThisBand=0 attempts=0/600 subdiv=0/1000 px=480/2000000
[BudgetExit] frame=6 row=12 reason=guard_no_row_progress elapsedMs=8 rowsDoneThisStep=0 hitsThisBand=0 attempts=0/600 subdiv=0/1000 px=480/2000000
[BudgetExit] frame=6 row=18 reason=guard_no_row_progress elapsedMs=8 rowsDoneThisStep=0 hitsThisBand=0 attempts=0/600 subdiv=0/1000 px=480/2000000
[BudgetExit] frame=6 row=24 reason=guard_no_row_progress elapsedMs=8 rowsDoneThisStep=0 hitsThisBand=0 attempts=0/600 subdiv=0/1000 px=480/2000000
[RenderHealth] step=30 lastRow=30 rowsAdv=6 bands=1 stalledSteps=0 exit=none topExit=none hitRate=0 avgSteps=0 qray0=0 hybridFallback=0 hybridFallbackHit=0 hybridFallbackMiss=0 noCandidates=0 geomCandAvg=na geomSegQueried=na geomSegWithCandidates=na geomSegZero=na geomSegZeroRatePct=na geomPixProcessed=na geomPixHadAnyCandidates=na geomPixNoCand=na geomPixNoCandRatePct=na geomHitOk=na geomHitReject=na geomPrune=off geomPruneRequested=0 geomPruneEffective=off geomRayTestsTotal=na geomRayTestsAccepted=na geomRayTestsRejected=na geomRayTestsPerPxOn=na geomRayTestsPerPxOff=na geomRayTestsSavedPct=na geomPruneSwitched=0 geomTrusted=0 geomHealthPartial=1 geomHealthModeSamples=10 geomTrustReason=low_geom_pix geomRejectSampleMissing=0 geomRejectSampleInList=0 geomRejectSampleCandHit=0 geomRejectSampleDominant=none p2Samp=1 radAvg=0.01 radMax=0.01 envDiagAvg=0.168 envDiagMax=0.168 envInflAvg=0.01 envInflMax=0.01 cand0=na cand1to2=na cand3to8=na cand9to32=na cand33p=na geomPruneAuditSamp=na geomPruneAuditFalseNeg=na geomPruneAuditFalsePos=na geomPruneAuditCand0Hit=na geomPruneAuditFalseNegRate=na
[RenderHealth][GeomCoverage] step=30 geomPrune=off geomPixProcessedRaw=10 geomRayTestsTotalRaw=0 geomSegQueriedRaw=0 pass2PixelsRaw=10 geomPixHadAnyCandidatesRaw=0 geomPixNoCandRaw=0 geomRayTestsEligibleRaw=0 p2SampRaw=1
[RenderHealth][TrustGateDebug] geomPixProcessedRaw=10 geomRayTestsTotalRaw=0 geomRayTestsEligibleRaw=0 trustGeomPixMet=0 trustRayTestsMet=0 minGeomPix=1024 minRayTests=4096
[RenderHealth][TrustCfg] p2SampleEveryNSeg=8 minP2SamplesForTrust=8
[RenderTestRunner] RenderHealth snapshot ready at step=30 frame=30
[BudgetExit] frame=6 row=30 reason=guard_no_row_progress elapsedMs=8 rowsDoneThisStep=0 hitsThisBand=0 attempts=0/600 subdiv=0/1000 px=480/2000000
[BudgetExit] frame=6 row=36 reason=guard_no_row_progress elapsedMs=8 rowsDoneThisStep=0 hitsThisBand=0 attempts=0/600 subdiv=0/1000 px=480/2000000
[BudgetExit] frame=6 row=42 reason=guard_no_row_progress elapsedMs=7 rowsDoneThisStep=0 hitsThisBand=0 attempts=0/600 subdiv=0/1000 px=240/2000000
[FrameReset] reason=completed prevRow=45 frame=6
[BudgetExit] frame=12 row=0 reason=guard_no_row_progress elapsedMs=9 rowsDoneThisStep=0 hitsThisBand=0 attempts=0/600 subdiv=0/1000 px=480/2000000
[BUS SET] frameId=59 grid=OK fields=2
SceneSnapshot: Instances=0, Fields=2, Geometry=54, FieldParams=16, FieldTLASNodes=1, GeometryTLASNodes=31, MetricModel(GRIN=2, GordonMetric=0), CurvatureGrid: OK dim=32x16x32 cell=1, FirstFields=[0:(rInner=0.12, rOuter=4.5, amp=0.151, curveType=1, shapeType=0), 1:(rInner=1.305, rOuter=1.845, amp=0.03, curveType=2, shapeType=0)]
[BudgetExit] frame=12 row=6 reason=guard_no_row_progress elapsedMs=8 rowsDoneThisStep=0 hitsThisBand=0 attempts=0/600 subdiv=0/1000 px=480/2000000
[RenderHealth] step=60 lastRow=12 rowsAdv=6 bands=1 stalledSteps=0 exit=none topExit=none hitRate=0 avgSteps=0 qray0=0 hybridFallback=0 hybridFallbackHit=0 hybridFallbackMiss=0 noCandidates=0 geomCandAvg=na geomSegQueried=na geomSegWithCandidates=na geomSegZero=na geomSegZeroRatePct=na geomPixProcessed=na geomPixHadAnyCandidates=na geomPixNoCand=na geomPixNoCandRatePct=na geomHitOk=na geomHitReject=na geomPrune=off geomPruneRequested=0 geomPruneEffective=off geomRayTestsTotal=na geomRayTestsAccepted=na geomRayTestsRejected=na geomRayTestsPerPxOn=na geomRayTestsPerPxOff=na geomRayTestsSavedPct=na geomPruneSwitched=0 geomTrusted=0 geomHealthPartial=1 geomHealthModeSamples=10 geomTrustReason=low_geom_pix geomRejectSampleMissing=0 geomRejectSampleInList=0 geomRejectSampleCandHit=0 geomRejectSampleDominant=none p2Samp=1 radAvg=0.01 radMax=0.01 envDiagAvg=0.163 envDiagMax=0.163 envInflAvg=0.01 envInflMax=0.01 cand0=na cand1to2=na cand3to8=na cand9to32=na cand33p=na geomPruneAuditSamp=na geomPruneAuditFalseNeg=na geomPruneAuditFalsePos=na geomPruneAuditCand0Hit=na geomPruneAuditFalseNegRate=na
[RenderHealth][GeomCoverage] step=60 geomPrune=off geomPixProcessedRaw=10 geomRayTestsTotalRaw=0 geomSegQueriedRaw=0 pass2PixelsRaw=10 geomPixHadAnyCandidatesRaw=0 geomPixNoCandRaw=0 geomRayTestsEligibleRaw=0 p2SampRaw=1
[RenderHealth][TrustGateDebug] geomPixProcessedRaw=10 geomRayTestsTotalRaw=0 geomRayTestsEligibleRaw=0 trustGeomPixMet=0 trustRayTestsMet=0 minGeomPix=1024 minRayTests=4096
[RenderHealth][TrustCfg] p2SampleEveryNSeg=8 minP2SamplesForTrust=8
[RenderTestRunner][Live] fixture=blackhole_minimal run=baseline_prune_off probe=baseline budget_mode=na budget_n=na renderstep_calls=63 rows_advanced_total=0 trust_window=0/1/na geomPixProcessedRaw=10 geomRayTestsTotalRaw=0 budget_exit_reason=none
[RenderTestLive] name=baseline_prune_off frame=62/80 lastRow=12 rowsAdv=0 bands=1 geomPixProcessed=10 geomRayTestsTotal=0 geomTrusted=0 geomHealthPartial=1 geomTrustReason=low_geom_pix hitRate=0 budgetStop=none
[BudgetExit] frame=12 row=12 reason=guard_no_row_progress elapsedMs=8 rowsDoneThisStep=0 hitsThisBand=0 attempts=0/600 subdiv=0/1000 px=480/2000000
[BudgetExit] frame=12 row=18 reason=guard_no_row_progress elapsedMs=8 rowsDoneThisStep=0 hitsThisBand=0 attempts=0/600 subdiv=0/1000 px=480/2000000
[BudgetExit] frame=12 row=24 reason=guard_no_row_progress elapsedMs=8 rowsDoneThisStep=0 hitsThisBand=0 attempts=0/600 subdiv=0/1000 px=480/2000000
[RenderTest][RUN SUMMARY] matrix=1773352028 idx=1/2 name=baseline_prune_off samples=70 meanMsPerFrame=0 p95MsPerFrame=0 meanSegsPerPixel=na geomTrusted=0 geomTrustReason=low_geom_pix geomRayTestsSavedPct=na
[RenderTest][RUN END] matrix=1773352028 idx=1/2 name=baseline_prune_off run_id=1 frames=80 warmup=10 samples=70
[RUN END] name=baseline_prune_off run_id=1 frames=80 samples=70 meanMs=0 p95Ms=0
[RenderTest][RUN DETAIL] matrix=1773352028 idx=1/2 name=baseline_prune_off fixtureStatsKnown=0 sourceHits=0 backgroundHits=0 absorbedHits=0 missHits=0 traced=0 hitRate=na metricDiagKnown=1 metricDeltaZeroCount=0 metricDeltaNonzeroCount=0 metricFallbackCount=0 metricContributionRatio=0 steeringTurnCount=0 steeringMeanTurn=0 steeringMaxTurn=0 steeringRadial=r<0.5R:0@0,0.5R-1R:0@0,1R-2R:0@0,2R-4R:0@0,4R-8R:0@0,r>=8R:0@0 metricZeroReasons=none
[RenderTest][RUN START] matrix=1773352028 idx=2/2 name=prune_on_default frames=80 warmup=10 prune=on
[RUN START] name=prune_on_default prune=on stride=on(inherit->inherit) envScale=inherit aabbExpand=inherit updateEveryFrame=on
[RenderTestRunner][RaySearch] run=prune_on_default steps=600 minStep=0.001 maxStep=0.3 stepAdaptGain=0.05
[RenderTestRunner] Trust enforcement (mode=default): scaledFilm=80x45 minGeomPix=1024 minRayTests=4096 minP2=8 p2Every=8 rollingSec=10
[RenderHealth][StatsMode] scaledFilm=80x45 rowsPerStep=6 fullFrameEveryNSteps<=8
[EffectiveCfg] broadphase=Policy(policy) policy=OverlapOnly quick=0 overlap=1 softgate=1 score=0 minSeg=0.1 attempts=600 sub=1000 stride=2 resScale=0.25 rows=8 stepLen=0.05 collRad=0.03 mask=0x0000FFFF envRadScale=1.02 envAabbExpand=0.01 geomPrune=1 maxDist=50
[RenderTestRunner][Live] fixture=blackhole_minimal run=prune_on_default probe=baseline budget_mode=na budget_n=na renderstep_calls=82 rows_advanced_total=0 trust_window=na/na/na geomPixProcessedRaw=10 geomRayTestsTotalRaw=0 budget_exit_reason=none
[RenderTestLive] name=prune_on_default frame=1/80 lastRow=30 rowsAdv=0 bands=1 geomPixProcessed=10 geomRayTestsTotal=0 geomTrusted=0 geomHealthPartial=1 geomTrustReason=warming_up hitRate=0 budgetStop=none
[BudgetExit] frame=12 row=30 reason=guard_no_row_progress elapsedMs=12 rowsDoneThisStep=0 hitsThisBand=0 attempts=0/600 subdiv=0/1000 px=480/2000000
[FrameReset] reason=completed prevRow=45 frame=12
[Cfg] Pass2SoftGateEnableQuickRayMiss=1 Pass2SoftGateScoringEnabled=0 Pass2SoftGateMinSegmentLength=0.1 Pass2SoftGateScoreThreshold=1 Pass2SoftGateScoreTurnAngleWeight=1 Pass2SoftGateScorePrevHitLostBonus=0.75 Pass2SoftGateRandomProbeChance=0.01 Pass2SoftGateScoreBudgetPerFrame=256 Pass2SoftGateMaxAttemptsPerPixel=4 Pass2SoftGateMaxAttemptsPerFrame=600 Pass2SoftGateMaxSubdividedCallsPerFrame=1000 UpdateEveryFrame=1
[RenderHealth] step=90 lastRow=0 rowsAdv=0 bands=1 stalledSteps=0 exit=none topExit=none hitRate=0 avgSteps=0 qray0=0 hybridFallback=0 hybridFallbackHit=0 hybridFallbackMiss=0 noCandidates=0 geomCandAvg=na geomSegQueried=na geomSegWithCandidates=na geomSegZero=na geomSegZeroRatePct=na geomPixProcessed=na geomPixHadAnyCandidates=na geomPixNoCand=na geomPixNoCandRatePct=na geomHitOk=na geomHitReject=na geomPrune=on geomPruneRequested=1 geomPruneEffective=on geomRayTestsTotal=na geomRayTestsAccepted=na geomRayTestsRejected=na geomRayTestsPerPxOn=na geomRayTestsPerPxOff=na geomRayTestsSavedPct=na geomPruneSwitched=0 geomTrusted=0 geomHealthPartial=1 geomHealthModeSamples=10 geomTrustReason=low_geom_pix geomRejectSampleMissing=0 geomRejectSampleInList=0 geomRejectSampleCandHit=0 geomRejectSampleDominant=none p2Samp=16140 radAvg=0.01 radMax=0.01 envDiagAvg=0.168 envDiagMax=0.17 envInflAvg=0.01 envInflMax=0.01 cand0=na cand1to2=na cand3to8=na cand9to32=na cand33p=na geomPruneAuditSamp=na geomPruneAuditFalseNeg=na geomPruneAuditFalsePos=na geomPruneAuditCand0Hit=na geomPruneAuditFalseNegRate=na
[RenderHealth][GeomCoverage] step=90 geomPrune=on geomPixProcessedRaw=261 geomRayTestsTotalRaw=0 geomSegQueriedRaw=129115 pass2PixelsRaw=261 geomPixHadAnyCandidatesRaw=0 geomPixNoCandRaw=253 geomRayTestsEligibleRaw=0 p2SampRaw=16140
[RenderHealth][TrustGateDebug] geomPixProcessedRaw=261 geomRayTestsTotalRaw=0 geomRayTestsEligibleRaw=0 trustGeomPixMet=0 trustRayTestsMet=0 minGeomPix=1024 minRayTests=4096
[RenderHealth][TrustCfg] p2SampleEveryNSeg=8 minP2SamplesForTrust=8
[RenderTestRunner] RenderHealth snapshot ready at step=90 frame=10
[BudgetExit] frame=18 row=0 reason=guard_no_row_progress elapsedMs=8 rowsDoneThisStep=0 hitsThisBand=0 attempts=0/600 subdiv=0/1000 px=480/2000000
[BudgetExit] frame=18 row=6 reason=guard_no_row_progress elapsedMs=8 rowsDoneThisStep=0 hitsThisBand=0 attempts=0/600 subdiv=0/1000 px=480/2000000
[BudgetExit] frame=18 row=12 reason=guard_no_row_progress elapsedMs=9 rowsDoneThisStep=0 hitsThisBand=0 attempts=0/600 subdiv=0/1000 px=480/2000000
[BudgetExit] frame=18 row=18 reason=guard_no_row_progress elapsedMs=24 rowsDoneThisStep=0 hitsThisBand=0 attempts=0/600 subdiv=0/1000 px=480/2000000
[BUS SET] frameId=113 grid=OK fields=2
SceneSnapshot: Instances=0, Fields=2, Geometry=54, FieldParams=16, FieldTLASNodes=1, GeometryTLASNodes=31, MetricModel(GRIN=2, GordonMetric=0), CurvatureGrid: OK dim=32x16x32 cell=1, FirstFields=[0:(rInner=0.12, rOuter=4.5, amp=0.151, curveType=1, shapeType=0), 1:(rInner=1.305, rOuter=1.845, amp=0.03, curveType=2, shapeType=0)]
[BudgetExit] frame=18 row=24 reason=guard_no_row_progress elapsedMs=9 rowsDoneThisStep=0 hitsThisBand=0 attempts=0/600 subdiv=0/1000 px=480/2000000
[RenderHealth] step=120 lastRow=30 rowsAdv=0 bands=1 stalledSteps=0 exit=none topExit=none hitRate=0 avgSteps=0 qray0=0 hybridFallback=0 hybridFallbackHit=0 hybridFallbackMiss=0 noCandidates=0 geomCandAvg=na geomSegQueried=na geomSegWithCandidates=na geomSegZero=na geomSegZeroRatePct=na geomPixProcessed=na geomPixHadAnyCandidates=na geomPixNoCand=na geomPixNoCandRatePct=na geomHitOk=na geomHitReject=na geomPrune=on geomPruneRequested=1 geomPruneEffective=on geomRayTestsTotal=na geomRayTestsAccepted=na geomRayTestsRejected=na geomRayTestsPerPxOn=na geomRayTestsPerPxOff=na geomRayTestsSavedPct=na geomPruneSwitched=0 geomTrusted=0 geomHealthPartial=1 geomHealthModeSamples=10 geomTrustReason=low_geom_pix geomRejectSampleMissing=0 geomRejectSampleInList=0 geomRejectSampleCandHit=0 geomRejectSampleDominant=none p2Samp=60 radAvg=0.01 radMax=0.01 envDiagAvg=0.168 envDiagMax=0.168 envInflAvg=0.01 envInflMax=0.01 cand0=na cand1to2=na cand3to8=na cand9to32=na cand33p=na geomPruneAuditSamp=na geomPruneAuditFalseNeg=na geomPruneAuditFalsePos=na geomPruneAuditCand0Hit=na geomPruneAuditFalseNegRate=na
[RenderHealth][GeomCoverage] step=120 geomPrune=on geomPixProcessedRaw=10 geomRayTestsTotalRaw=0 geomSegQueriedRaw=481 pass2PixelsRaw=10 geomPixHadAnyCandidatesRaw=0 geomPixNoCandRaw=0 geomRayTestsEligibleRaw=0 p2SampRaw=60
[RenderHealth][TrustGateDebug] geomPixProcessedRaw=10 geomRayTestsTotalRaw=0 geomRayTestsEligibleRaw=0 trustGeomPixMet=0 trustRayTestsMet=0 minGeomPix=1024 minRayTests=4096
[RenderHealth][TrustCfg] p2SampleEveryNSeg=8 minP2SamplesForTrust=8
[BudgetExit] frame=18 row=30 reason=guard_no_row_progress elapsedMs=8 rowsDoneThisStep=0 hitsThisBand=0 attempts=0/600 subdiv=0/1000 px=480/2000000
[BudgetExit] frame=18 row=36 reason=guard_no_row_progress elapsedMs=8 rowsDoneThisStep=0 hitsThisBand=0 attempts=0/600 subdiv=0/1000 px=480/2000000
[BudgetExit] frame=18 row=42 reason=guard_no_row_progress elapsedMs=7 rowsDoneThisStep=0 hitsThisBand=0 attempts=0/600 subdiv=0/1000 px=240/2000000
[FrameReset] reason=completed prevRow=45 frame=18
[RenderTestRunner][Live] fixture=blackhole_minimal run=prune_on_default probe=baseline budget_mode=na budget_n=na renderstep_calls=138 rows_advanced_total=0 trust_window=0/1/na geomPixProcessedRaw=10 geomRayTestsTotalRaw=0 budget_exit_reason=none
[RenderTestLive] name=prune_on_default frame=57/80 lastRow=0 rowsAdv=0 bands=1 geomPixProcessed=10 geomRayTestsTotal=0 geomTrusted=0 geomHealthPartial=1 geomTrustReason=low_geom_pix hitRate=0 budgetStop=none
[BudgetExit] frame=24 row=0 reason=guard_no_row_progress elapsedMs=9 rowsDoneThisStep=0 hitsThisBand=0 attempts=0/600 subdiv=0/1000 px=480/2000000
[BudgetExit] frame=24 row=6 reason=guard_no_row_progress elapsedMs=8 rowsDoneThisStep=0 hitsThisBand=0 attempts=0/600 subdiv=0/1000 px=480/2000000
[RenderHealth] step=150 lastRow=12 rowsAdv=0 bands=1 stalledSteps=0 exit=none topExit=none hitRate=0 avgSteps=0 qray0=0 hybridFallback=0 hybridFallbackHit=0 hybridFallbackMiss=0 noCandidates=0 geomCandAvg=na geomSegQueried=na geomSegWithCandidates=na geomSegZero=na geomSegZeroRatePct=na geomPixProcessed=na geomPixHadAnyCandidates=na geomPixNoCand=na geomPixNoCandRatePct=na geomHitOk=na geomHitReject=na geomPrune=on geomPruneRequested=1 geomPruneEffective=on geomRayTestsTotal=na geomRayTestsAccepted=na geomRayTestsRejected=na geomRayTestsPerPxOn=na geomRayTestsPerPxOff=na geomRayTestsSavedPct=na geomPruneSwitched=0 geomTrusted=0 geomHealthPartial=1 geomHealthModeSamples=10 geomTrustReason=low_geom_pix geomRejectSampleMissing=0 geomRejectSampleInList=0 geomRejectSampleCandHit=0 geomRejectSampleDominant=none p2Samp=28 radAvg=0.01 radMax=0.01 envDiagAvg=0.163 envDiagMax=0.164 envInflAvg=0.01 envInflMax=0.01 cand0=na cand1to2=na cand3to8=na cand9to32=na cand33p=na geomPruneAuditSamp=na geomPruneAuditFalseNeg=na geomPruneAuditFalsePos=na geomPruneAuditCand0Hit=na geomPruneAuditFalseNegRate=na
[RenderHealth][GeomCoverage] step=150 geomPrune=on geomPixProcessedRaw=10 geomRayTestsTotalRaw=0 geomSegQueriedRaw=237 pass2PixelsRaw=10 geomPixHadAnyCandidatesRaw=0 geomPixNoCandRaw=0 geomRayTestsEligibleRaw=0 p2SampRaw=28
[RenderHealth][TrustGateDebug] geomPixProcessedRaw=10 geomRayTestsTotalRaw=0 geomRayTestsEligibleRaw=0 trustGeomPixMet=0 trustRayTestsMet=0 minGeomPix=1024 minRayTests=4096
[RenderHealth][TrustCfg] p2SampleEveryNSeg=8 minP2SamplesForTrust=8
[BudgetExit] frame=24 row=12 reason=guard_no_row_progress elapsedMs=8 rowsDoneThisStep=0 hitsThisBand=0 attempts=0/600 subdiv=0/1000 px=480/2000000
[BudgetExit] frame=24 row=18 reason=guard_no_row_progress elapsedMs=8 rowsDoneThisStep=0 hitsThisBand=0 attempts=0/600 subdiv=0/1000 px=480/2000000
[RenderTest][RUN SUMMARY] matrix=1773352028 idx=2/2 name=prune_on_default samples=70 meanMsPerFrame=26.386 p95MsPerFrame=26.386 meanSegsPerPixel=na geomTrusted=0 geomTrustReason=low_geom_pix geomRayTestsSavedPct=na
[RenderTest][RUN END] matrix=1773352028 idx=2/2 name=prune_on_default run_id=2 frames=80 warmup=10 samples=70
[RUN END] name=prune_on_default run_id=2 frames=80 samples=70 meanMs=26.386 p95Ms=26.386
[RenderTest][RUN DETAIL] matrix=1773352028 idx=2/2 name=prune_on_default fixtureStatsKnown=1 sourceHits=0 backgroundHits=0 absorbedHits=0 missHits=253 traced=253 hitRate=0 metricDiagKnown=1 metricDeltaZeroCount=0 metricDeltaNonzeroCount=0 metricFallbackCount=0 metricContributionRatio=0 steeringTurnCount=0 steeringMeanTurn=0 steeringMaxTurn=0 steeringRadial=r<0.5R:0@0,0.5R-1R:0@0,1R-2R:0@0,2R-4R:0@0,4R-8R:0@0,r>=8R:0@0 metricZeroReasons=none
[RenderTest][MATRIX END] id=1773352028 runs=2
[MATRIX END] totalRuns=2 elapsedMs=2868.204
[RenderTestRunner] Quitting (render-test mode).
[RenderTestRunner] Requesting deferred quit code=0
[RenderTestRunner][ExitCode] forced=0 reason=harness_success
