Godot Engine v4.5.1.stable.mono.official.f62fdbde1 - https://godotengine.org
OpenGL API 3.3.0 Core Profile Context 25.11.1.251104 - Compatibility - Using Device: ATI Technologies Inc. - AMD Radeon RX 6700 XT

[FieldSource3D] /root/TestGrinBasicVisualOffAxisObserveHarness/FixtureGrinBasicVisual/FieldSource3D shape=SphereRadial curve=Power amp=1.35 a=2.4 b=0 c=0 r=[0,6.5] sigma=0 edge=0 beta=override(beta_scale=1) custom=n/a source=canonical
[DBG] dbgMesh inTree=True parent=RayBeamRenderer world=(0, 0, 0)
✅ GrinFilmCamera READY: /root/TestGrinBasicVisualOffAxisObserveHarness/GrinFilmCamera
[RBRRef][Startup] configured path=../FixtureGrinBasicVisual/RayBeamRenderer
[RBRRef] resolved ok name=RayBeamRenderer
[RBRRef][Startup] resolved=True
RayBeamRenderer found? True
[BroadphaseEffective] mode=Policy policy=OverlapOnly quick=False overlap=True reason=policy
[SharedSnap] steps=500 stepLen=0.05 minStep=0.002 maxStep=0.2 collEvery=1 collRad=0.03 mask=0x0000FFFF debug=Off
[EffectiveCfg] broadphase=Policy(policy) policy=OverlapOnly quick=0 overlap=1 softgate=0 score=1 minSeg=0.1 attempts=5000 sub=10000 stride=1 resScale=0.75 rows=8 stepLen=0.05 collRad=0.03 mask=0x0000FFFF envRadScale=1.1 envAabbExpand=0 geomPrune=1 maxDist=50
FilmView found? True
[RBRRef][Startup] HasRenderer(after mirror)=True
✅ GrinFilmCamera ready. Rendering film.
[GrinBasicVisual][SourceGroup] fixture=grin_basic_visual_offaxis group=fixture_source taggedDots=22
[LaunchAudit] requested_launcher=run_grin_basic_visual_offaxis_observe actual_scene=res://test-grin-basic-visual-offaxis-observe.tscn actual_fixture=grin_basic_visual_offaxis mode=FULL_RENDER expected_scene=res://test-grin-basic-visual-offaxis.tscn expected_fixture=grin_basic_visual_offaxis scene_match=1 fixture_match=1 status=ok
[GrinBasicVisual] fixture=grin_basic_visual_offaxis enabled=1 resolve=canonical transport=GRIN_Optical curve=Power rInner=0 rOuter=6.5 amp=1.35 gamma=2.4 betaMode=override betaScale=1
[GrinBasicVisual][Renderer] fixture=grin_basic_visual_offaxis transport=GRIN_Optical useFieldGrid=0 researchEnabled=0 stepsPerRay=500 stepLength=0.05 minStepLength=0.002 maxStepLength=0.2 bendScale=1 fieldStrength=1 metricGain=1 metricGainActive=0
[GrinBasicVisual][CaptureConfig] fixture=grin_basic_visual_offaxis path=C:\godot\godot_xPRIMEray\screenshots\basic_visual_offaxis_observe\2026-03-15\grin_stronger_offaxis_observe.png settleFrames=12 timeoutFrames=900 minRhStep=20 minRows=64 filmOpacity=1 compareGrid=1 compareCrosshair=1 exitAfterCapture=1
[GrinBasicVisual][Startup] fixture=grin_basic_visual_offaxis delaying_full_render=1 physicsFrames=2
Rebuild ENTER
Rebuild on node: /root/TestGrinBasicVisualOffAxisObserveHarness/FixtureGrinBasicVisual/RayBeamRenderer  TerminateTrailOnHit=True StopOnHit=False RequireHitToRender=False
READY node: /root/TestGrinBasicVisualOffAxisObserveHarness/FixtureGrinBasicVisual/RayBeamRenderer  Script=<CSharpScript#-9223372011336628869>  TerminateTrailOnHit=True
RayBeamRenderer: field sources in group = 1
[Transport] active=GRIN_Optical
[GrinBasicVisual][Startup] fixture=grin_basic_visual_offaxis full_render_enabled=1 physicsFrames=2
Toggles: AdaptiveSubsteps=0 SingleProbeSubdivide=0 BandHitSkip=0 RequireHit=0 StopOnHit=0 TerminateTrailOnHit=1 UpdateEveryFrame=1
[Cfg] Pass2SoftGateEnableQuickRayMiss=0 Pass2SoftGateScoringEnabled=1 Pass2SoftGateMinSegmentLength=0.1 Pass2SoftGateScoreThreshold=1 Pass2SoftGateScoreTurnAngleWeight=1 Pass2SoftGateScorePrevHitLostBonus=0.75 Pass2SoftGateRandomProbeChance=0.01 Pass2SoftGateScoreBudgetPerFrame=32 Pass2SoftGateMaxAttemptsPerPixel=2 Pass2SoftGateMaxAttemptsPerFrame=5000 Pass2SoftGateMaxSubdividedCallsPerFrame=10000 UpdateEveryFrame=1
[RenderStep][Yield] reason=max_ms_after_pass1 frame=1 rowStart=0 bandH=8 committed=0 pendingPass2=1 ms=1276
[RenderStep][Finalize] reason=max_ms_after_pass1 phase=enter y=[0,8) rowCursor=0->8 elapsedMs=1277 attempts=0/5000 sub=0/10000 hits=0 pendingPass2=1
[HUDMeta] fixture=grin_basic_visual_offaxis transport=GRIN_Optical sourcePattern=dot_grid MODE=FULL_RENDER FILM_ACCUM=ON
[RuntimeMode] scene=test-grin-basic-visual-offaxis-observe fixture=grin_basic_visual_offaxis transport=GRIN_Optical mode=FULL_RENDER filmAccum=ON
[BudgetExit] frame=1 row=5 reason=update_every_frame_budget elapsedMs=502 rowsDoneThisStep=0 hitsThisBand=1111 attempts=0/5000 subdiv=0/10000 px=3840/2000000
[RenderStep][Yield] reason=update_every_frame_budget frame=1 rowCursor=5 rowsDone=5 pendingPass2=1 bandH=8 pass1RerunAvoided=1 ms=503 p1ms=0.00 p2ms=502.50 p2SegTestedStep=145277 softGate{attemptUsed=0 subdivUsed=0}
[BudgetExit] frame=1 row=8 reason=update_every_frame_budget elapsedMs=508 rowsDoneThisStep=0 hitsThisBand=0 attempts=0/5000 subdiv=0/10000 px=1920/2000000
[RenderStep][Yield] reason=update_every_frame_budget frame=1 rowCursor=8 rowsDone=0 pendingPass2=0 bandH=4 pass1RerunAvoided=0 ms=508 p1ms=498.04 p2ms=10.11 p2SegTestedStep=3239 softGate{attemptUsed=0 subdivUsed=0}
[RenderStep][Yield] reason=max_ms_after_pass1 frame=1 rowStart=12 bandH=4 committed=0 pendingPass2=1 ms=670
[RenderStep][Finalize] reason=max_ms_after_pass1 phase=enter y=[12,16) rowCursor=12->16 elapsedMs=671 attempts=0/5000 sub=0/10000 hits=0 pendingPass2=1
[BudgetExit] frame=1 row=20 reason=guard_progress elapsedMs=224 rowsDoneThisStep=4 hitsThisBand=1337 attempts=0/5000 subdiv=0/10000 px=1920/2000000
[RenderStep][YieldAbort] reason=end startRow=16 endRow=20 forcedAdvance=1 elapsedMs=225 budgetStop=0 hitsInBand=1337
[BudgetExit] frame=1 row=20 reason=update_every_frame_budget elapsedMs=556 rowsDoneThisStep=0 hitsThisBand=0 attempts=0/5000 subdiv=0/10000 px=1920/2000000
[RenderStep][Yield] reason=update_every_frame_budget frame=1 rowCursor=20 rowsDone=0 pendingPass2=0 bandH=4 pass1RerunAvoided=0 ms=557 p1ms=497.98 p2ms=58.85 p2SegTestedStep=3217 softGate{attemptUsed=0 subdivUsed=0}
[RenderStep][Yield] reason=max_ms_after_pass1 frame=1 rowStart=24 bandH=4 committed=0 pendingPass2=1 ms=556
[RenderStep][Finalize] reason=max_ms_after_pass1 phase=enter y=[24,28) rowCursor=24->28 elapsedMs=556 attempts=0/5000 sub=0/10000 hits=0 pendingPass2=1
[BUS SET] frameId=8 grid=OK fields=1
SceneSnapshot: Instances=0, Fields=1, Geometry=40, FieldParams=8, FieldTLASNodes=1, GeometryTLASNodes=31, MetricModel(GRIN=1, GordonMetric=0), CurvatureGrid: OK dim=32x16x32 cell=1, FirstFields=[0:(rInner=0, rOuter=6.5, amp=1.35, curveType=1, shapeType=0)]
[BudgetExit] frame=1 row=32 reason=guard_progress elapsedMs=265 rowsDoneThisStep=4 hitsThisBand=1066 attempts=0/5000 subdiv=0/10000 px=1920/2000000
[RenderStep][YieldAbort] reason=end startRow=28 endRow=32 forcedAdvance=1 elapsedMs=265 budgetStop=0 hitsInBand=1066
[RenderStep][Yield] reason=max_ms_after_pass1 frame=1 rowStart=32 bandH=4 committed=0 pendingPass2=1 ms=581
[RenderStep][Finalize] reason=max_ms_after_pass1 phase=enter y=[32,36) rowCursor=32->36 elapsedMs=581 attempts=0/5000 sub=0/10000 hits=0 pendingPass2=1
[BudgetExit] frame=1 row=40 reason=guard_progress elapsedMs=285 rowsDoneThisStep=4 hitsThisBand=977 attempts=0/5000 subdiv=0/10000 px=1920/2000000
[RenderStep][YieldAbort] reason=end startRow=36 endRow=40 forcedAdvance=1 elapsedMs=285 budgetStop=0 hitsInBand=977
[RenderStep][Yield] reason=max_ms_after_pass1 frame=1 rowStart=40 bandH=4 committed=0 pendingPass2=1 ms=551
[RenderStep][Finalize] reason=max_ms_after_pass1 phase=enter y=[40,44) rowCursor=40->44 elapsedMs=551 attempts=0/5000 sub=0/10000 hits=0 pendingPass2=1
[BudgetExit] frame=1 row=48 reason=guard_progress elapsedMs=351 rowsDoneThisStep=4 hitsThisBand=906 attempts=0/5000 subdiv=0/10000 px=1920/2000000
[RenderStep][YieldAbort] reason=end startRow=44 endRow=48 forcedAdvance=1 elapsedMs=351 budgetStop=0 hitsInBand=906
[RenderStep][Yield] reason=max_ms_after_pass1 frame=1 rowStart=48 bandH=4 committed=0 pendingPass2=1 ms=540
[RenderStep][Finalize] reason=max_ms_after_pass1 phase=enter y=[48,52) rowCursor=48->52 elapsedMs=541 attempts=0/5000 sub=0/10000 hits=0 pendingPass2=1
[BudgetExit] frame=1 row=56 reason=guard_progress elapsedMs=365 rowsDoneThisStep=4 hitsThisBand=841 attempts=0/5000 subdiv=0/10000 px=1920/2000000
[RenderStep][YieldAbort] reason=end startRow=52 endRow=56 forcedAdvance=1 elapsedMs=365 budgetStop=0 hitsInBand=841
[BUS SET] frameId=15 grid=OK fields=1
SceneSnapshot: Instances=0, Fields=1, Geometry=40, FieldParams=8, FieldTLASNodes=1, GeometryTLASNodes=31, MetricModel(GRIN=1, GordonMetric=0), CurvatureGrid: OK dim=32x16x32 cell=1, FirstFields=[0:(rInner=0, rOuter=6.5, amp=1.35, curveType=1, shapeType=0)]
[BudgetExit] frame=1 row=56 reason=update_every_frame_budget elapsedMs=507 rowsDoneThisStep=0 hitsThisBand=4 attempts=0/5000 subdiv=0/10000 px=1920/2000000
[RenderStep][Yield] reason=update_every_frame_budget frame=1 rowCursor=56 rowsDone=0 pendingPass2=0 bandH=4 pass1RerunAvoided=0 ms=507 p1ms=498.33 p2ms=9.32 p2SegTestedStep=2735 softGate{attemptUsed=0 subdivUsed=0}
[RenderStep][Yield] reason=max_ms_after_pass1 frame=1 rowStart=60 bandH=4 committed=0 pendingPass2=1 ms=576
[RenderStep][Finalize] reason=max_ms_after_pass1 phase=enter y=[60,64) rowCursor=60->64 elapsedMs=576 attempts=0/5000 sub=0/10000 hits=0 pendingPass2=1
[BudgetExit] frame=1 row=68 reason=guard_progress elapsedMs=440 rowsDoneThisStep=4 hitsThisBand=770 attempts=0/5000 subdiv=0/10000 px=1920/2000000
[RenderStep][YieldAbort] reason=end startRow=64 endRow=68 forcedAdvance=1 elapsedMs=440 budgetStop=0 hitsInBand=770
[RenderStep][Yield] reason=max_ms_after_pass1 frame=1 rowStart=68 bandH=4 committed=0 pendingPass2=1 ms=505
[RenderStep][Finalize] reason=max_ms_after_pass1 phase=enter y=[68,72) rowCursor=68->72 elapsedMs=505 attempts=0/5000 sub=0/10000 hits=0 pendingPass2=1
[BudgetExit] frame=1 row=76 reason=guard_progress elapsedMs=399 rowsDoneThisStep=4 hitsThisBand=730 attempts=0/5000 subdiv=0/10000 px=1920/2000000
[RenderStep][YieldAbort] reason=end startRow=72 endRow=76 forcedAdvance=1 elapsedMs=399 budgetStop=0 hitsInBand=730
[RenderStep][Yield] reason=max_ms_after_pass1 frame=1 rowStart=76 bandH=4 committed=0 pendingPass2=1 ms=527
[RenderStep][Finalize] reason=max_ms_after_pass1 phase=enter y=[76,80) rowCursor=76->80 elapsedMs=527 attempts=0/5000 sub=0/10000 hits=0 pendingPass2=1
[BudgetExit] frame=1 row=84 reason=guard_progress elapsedMs=408 rowsDoneThisStep=4 hitsThisBand=697 attempts=0/5000 subdiv=0/10000 px=1920/2000000
[RenderStep][YieldAbort] reason=end startRow=80 endRow=84 forcedAdvance=1 elapsedMs=408 budgetStop=0 hitsInBand=697
[RenderStep][Yield] reason=max_ms_after_pass1 frame=1 rowStart=84 bandH=4 committed=0 pendingPass2=1 ms=565
[RenderStep][Finalize] reason=max_ms_after_pass1 phase=enter y=[84,88) rowCursor=84->88 elapsedMs=565 attempts=0/5000 sub=0/10000 hits=0 pendingPass2=1
[BUS SET] frameId=23 grid=OK fields=1
SceneSnapshot: Instances=0, Fields=1, Geometry=40, FieldParams=8, FieldTLASNodes=1, GeometryTLASNodes=31, MetricModel(GRIN=1, GordonMetric=0), CurvatureGrid: OK dim=32x16x32 cell=1, FirstFields=[0:(rInner=0, rOuter=6.5, amp=1.35, curveType=1, shapeType=0)]
[BudgetExit] frame=1 row=92 reason=guard_progress elapsedMs=410 rowsDoneThisStep=4 hitsThisBand=674 attempts=0/5000 subdiv=0/10000 px=1920/2000000
[RenderStep][YieldAbort] reason=end startRow=88 endRow=92 forcedAdvance=1 elapsedMs=410 budgetStop=0 hitsInBand=674
[RenderStep][Yield] reason=max_ms_after_pass1 frame=1 rowStart=92 bandH=4 committed=0 pendingPass2=1 ms=549
[RenderStep][Finalize] reason=max_ms_after_pass1 phase=enter y=[92,96) rowCursor=92->96 elapsedMs=549 attempts=0/5000 sub=0/10000 hits=0 pendingPass2=1
[BudgetExit] frame=1 row=100 reason=guard_progress elapsedMs=416 rowsDoneThisStep=4 hitsThisBand=654 attempts=0/5000 subdiv=0/10000 px=1920/2000000
[RenderStep][YieldAbort] reason=end startRow=96 endRow=100 forcedAdvance=1 elapsedMs=416 budgetStop=0 hitsInBand=654
[RenderStep][Yield] reason=max_ms_after_pass1 frame=1 rowStart=100 bandH=4 committed=0 pendingPass2=1 ms=548
[RenderStep][Finalize] reason=max_ms_after_pass1 phase=enter y=[100,104) rowCursor=100->104 elapsedMs=548 attempts=0/5000 sub=0/10000 hits=0 pendingPass2=1
[BudgetExit] frame=1 row=108 reason=guard_progress elapsedMs=417 rowsDoneThisStep=4 hitsThisBand=634 attempts=0/5000 subdiv=0/10000 px=1920/2000000
[RenderStep][YieldAbort] reason=end startRow=104 endRow=108 forcedAdvance=1 elapsedMs=417 budgetStop=0 hitsInBand=634
[RenderStep][Yield] reason=max_ms_after_pass1 frame=1 rowStart=108 bandH=4 committed=0 pendingPass2=1 ms=543
[RenderStep][Finalize] reason=max_ms_after_pass1 phase=enter y=[108,112) rowCursor=108->112 elapsedMs=543 attempts=0/5000 sub=0/10000 hits=0 pendingPass2=1
[BudgetExit] frame=1 row=116 reason=guard_progress elapsedMs=421 rowsDoneThisStep=4 hitsThisBand=618 attempts=0/5000 subdiv=0/10000 px=1920/2000000
[RenderStep][YieldAbort] reason=end startRow=112 endRow=116 forcedAdvance=1 elapsedMs=421 budgetStop=0 hitsInBand=618
[BUS SET] frameId=30 grid=OK fields=1
SceneSnapshot: Instances=0, Fields=1, Geometry=40, FieldParams=8, FieldTLASNodes=1, GeometryTLASNodes=31, MetricModel(GRIN=1, GordonMetric=0), CurvatureGrid: OK dim=32x16x32 cell=1, FirstFields=[0:(rInner=0, rOuter=6.5, amp=1.35, curveType=1, shapeType=0)]
[RenderStep][Yield] reason=max_ms_after_pass1 frame=1 rowStart=116 bandH=4 committed=0 pendingPass2=1 ms=556
[RenderStep][Finalize] reason=max_ms_after_pass1 phase=enter y=[116,120) rowCursor=116->120 elapsedMs=556 attempts=0/5000 sub=0/10000 hits=0 pendingPass2=1
[RenderHealth] step=30 lastRow=120 rowsAdv=4 bands=0 stalledSteps=0 exit=none topExit=none hitRate=0.341 avgSteps=0 qray0=0 hybridFallback=0 hybridFallbackHit=0 hybridFallbackMiss=0 noCandidates=0 geomCandAvg=0.408 geomSegQueried=3172106 geomSegWithCandidates=428936 geomSegZero=2743170 geomSegZeroRatePct=86.48 geomPixProcessed=9600 geomPixHadAnyCandidates=9509 geomPixNoCand=91 geomPixNoCandRatePct=0.95 geomHitOk=3277 geomHitReject=0 geomPrune=on geomPruneRequested=1 geomPruneEffective=on geomRayTestsTotal=428936 geomRayTestsAccepted=3277 geomRayTestsRejected=0 geomRayTestsPerPxOn=44.681 geomRayTestsPerPxOff=na geomRayTestsSavedPct=na geomPruneSwitched=0 geomTrusted=1 geomHealthPartial=0 geomHealthModeSamples=10 geomTrustReason=ok geomRejectSampleMissing=0 geomRejectSampleInList=0 geomRejectSampleCandHit=0 geomRejectSampleDominant=none p2Samp=775 radAvg=0.013 radMax=0.022 envDiagAvg=0.119 envDiagMax=0.176 envInflAvg=0.001 envInflMax=0.002 cand0=674 cand1to2=0 cand3to8=101 cand9to32=0 cand33p=0 geomPruneAuditSamp=0 geomPruneAuditFalseNeg=0 geomPruneAuditFalsePos=0 geomPruneAuditCand0Hit=0 geomPruneAuditFalseNegRate=0
[BudgetExit] frame=1 row=124 reason=guard_progress elapsedMs=443 rowsDoneThisStep=4 hitsThisBand=609 attempts=0/5000 subdiv=0/10000 px=1920/2000000
[RenderStep][YieldAbort] reason=end startRow=120 endRow=124 forcedAdvance=1 elapsedMs=443 budgetStop=0 hitsInBand=609
[RenderStep][Yield] reason=max_ms_after_pass1 frame=1 rowStart=124 bandH=4 committed=0 pendingPass2=1 ms=523
[RenderStep][Finalize] reason=max_ms_after_pass1 phase=enter y=[124,128) rowCursor=124->128 elapsedMs=523 attempts=0/5000 sub=0/10000 hits=0 pendingPass2=1
[BudgetExit] frame=1 row=132 reason=guard_progress elapsedMs=442 rowsDoneThisStep=4 hitsThisBand=609 attempts=0/5000 subdiv=0/10000 px=1920/2000000
[RenderStep][YieldAbort] reason=end startRow=128 endRow=132 forcedAdvance=1 elapsedMs=442 budgetStop=0 hitsInBand=609
[RenderStep][Yield] reason=max_ms_after_pass1 frame=1 rowStart=132 bandH=4 committed=0 pendingPass2=1 ms=533
[RenderStep][Finalize] reason=max_ms_after_pass1 phase=enter y=[132,136) rowCursor=132->136 elapsedMs=533 attempts=0/5000 sub=0/10000 hits=0 pendingPass2=1
[BudgetExit] frame=1 row=140 reason=guard_progress elapsedMs=464 rowsDoneThisStep=4 hitsThisBand=688 attempts=0/5000 subdiv=0/10000 px=1920/2000000
[RenderStep][YieldAbort] reason=end startRow=136 endRow=140 forcedAdvance=1 elapsedMs=464 budgetStop=0 hitsInBand=688
[RenderStep][Yield] reason=max_ms_after_pass1 frame=1 rowStart=140 bandH=4 committed=0 pendingPass2=1 ms=517
[RenderStep][Finalize] reason=max_ms_after_pass1 phase=enter y=[140,144) rowCursor=140->144 elapsedMs=517 attempts=0/5000 sub=0/10000 hits=0 pendingPass2=1
[BudgetExit] frame=1 row=148 reason=guard_progress elapsedMs=470 rowsDoneThisStep=4 hitsThisBand=647 attempts=0/5000 subdiv=0/10000 px=1920/2000000
[RenderStep][YieldAbort] reason=end startRow=144 endRow=148 forcedAdvance=1 elapsedMs=470 budgetStop=0 hitsInBand=647
[BUS SET] frameId=38 grid=OK fields=1
SceneSnapshot: Instances=0, Fields=1, Geometry=40, FieldParams=8, FieldTLASNodes=1, GeometryTLASNodes=31, MetricModel(GRIN=1, GordonMetric=0), CurvatureGrid: OK dim=32x16x32 cell=1, FirstFields=[0:(rInner=0, rOuter=6.5, amp=1.35, curveType=1, shapeType=0)]
[RenderStep][Yield] reason=max_ms_after_pass1 frame=1 rowStart=148 bandH=4 committed=0 pendingPass2=1 ms=572
[RenderStep][Finalize] reason=max_ms_after_pass1 phase=enter y=[148,152) rowCursor=148->152 elapsedMs=572 attempts=0/5000 sub=0/10000 hits=0 pendingPass2=1
[BudgetExit] frame=1 row=156 reason=guard_progress elapsedMs=486 rowsDoneThisStep=4 hitsThisBand=608 attempts=0/5000 subdiv=0/10000 px=1920/2000000
[RenderStep][YieldAbort] reason=end startRow=152 endRow=156 forcedAdvance=1 elapsedMs=486 budgetStop=0 hitsInBand=608
[BudgetExit] frame=1 row=156 reason=update_every_frame_budget elapsedMs=508 rowsDoneThisStep=0 hitsThisBand=53 attempts=0/5000 subdiv=0/10000 px=1920/2000000
[RenderStep][Yield] reason=update_every_frame_budget frame=1 rowCursor=156 rowsDone=0 pendingPass2=0 bandH=4 pass1RerunAvoided=0 ms=508 p1ms=471.79 p2ms=36.36 p2SegTestedStep=4211 softGate{attemptUsed=0 subdivUsed=0}
[RenderStep][Yield] reason=max_ms_after_pass1 frame=1 rowStart=160 bandH=4 committed=0 pendingPass2=1 ms=687
[RenderStep][Finalize] reason=max_ms_after_pass1 phase=enter y=[160,164) rowCursor=160->164 elapsedMs=687 attempts=0/5000 sub=0/10000 hits=0 pendingPass2=1
[GrinBasicVisual][Capture] fixture=grin_basic_visual_offaxis path=C:\godot\godot_xPRIMEray\screenshots\basic_visual_offaxis_observe\2026-03-15\grin_stronger_offaxis_observe.png tracedPixels=35360 sourceHits=1856 backgroundHits=12377 absorbedHits=0 missHits=21127 readyFrames=12 rhStep=41 processedRows=164
[HUDMeta] fixture=grin_basic_visual_offaxis transport=GRIN_Optical sourcePattern=dot_grid MODE=FIXTURE_PROBE FILM_ACCUM=OFF
[RuntimeMode] scene=test-grin-basic-visual-offaxis-observe fixture=grin_basic_visual_offaxis transport=GRIN_Optical mode=FIXTURE_PROBE filmAccum=OFF

WARNING: [FieldSource3D][Warn] canonical+legacy both set; using canonical. (legacy ignored, reason=legacy Strength)
   at: void FieldSource3D.WarnIfCanonicalAndLegacyBothSet() (res://FieldSource3D.cs:887)
   C# backtrace (most recent call first):
       [0] void Godot.GD.PushWarning(string) (/root/godot/modules/mono/glue/GodotSharp/GodotSharp/Core/GD.cs:396)
       [1] void FieldSource3D.WarnIfCanonicalAndLegacyBothSet() (C:\godot\godot_xPRIMEray\FieldSource3D.cs:887)
       [2] void FieldSource3D._Ready() (C:\godot\godot_xPRIMEray\FieldSource3D.cs:373)
       [3] bool Godot.Node.InvokeGodotClassMethod(Godot.NativeInterop.godot_string_name&, Godot.NativeInterop.NativeVariantPtrArgs, Godot.NativeInterop.godot_variant&) (/root/godot/modules/mono/glue/GodotSharp/GodotSharp/Generated/GodotObjects/Node.cs:2660)
       [4] bool Godot.Node3D.InvokeGodotClassMethod(Godot.NativeInterop.godot_string_name&, Godot.NativeInterop.NativeVariantPtrArgs, Godot.NativeInterop.godot_variant&) (/root/godot/modules/mono/glue/GodotSharp/GodotSharp/Generated/GodotObjects/Node3D.cs:1126)
       [5] bool FieldSource3D.InvokeGodotClassMethod(Godot.NativeInterop.godot_string_name&, Godot.NativeInterop.NativeVariantPtrArgs, Godot.NativeInterop.godot_variant&) (C:\godot\godot_xPRIMEray\.godot\mono\temp\obj\Debug\Godot.SourceGenerators\Godot.SourceGenerators.ScriptMethodsGenerator\FieldSource3D_ScriptMethods.generated.cs:388)
       [6] Godot.NativeInterop.godot_bool Godot.Bridge.CSharpInstanceBridge.Call(nint, Godot.NativeInterop.godot_string_name*, Godot.NativeInterop.godot_variant**, int, Godot.NativeInterop.godot_variant_call_error*, Godot.NativeInterop.godot_variant*) (/root/godot/modules/mono/glue/GodotSharp/GodotSharp/Core/Bridge/CSharpInstanceBridge.cs:24)
[RenderStep][STOP] reason=max_ms_after_pass1 phase=enter y=[0,8) rowCursor=0 elapsedMs=1276 attempts=0/5000 sub=0/10000 hits=0
[RenderStep][STOP] reason=update_every_frame_budget phase=enter y=[0,8) rowCursor=8 elapsedMs=502 attempts=0/5000 sub=0/10000 hits=1111
[RenderStep][STOP] reason=update_every_frame_budget phase=enter y=[8,12) rowCursor=8 elapsedMs=508 attempts=0/5000 sub=0/10000 hits=0
[RenderStep][STOP] reason=max_ms_after_pass1 phase=enter y=[12,16) rowCursor=12 elapsedMs=670 attempts=0/5000 sub=0/10000 hits=0
[RenderStep][WARN] progress-guard forced advance reason=end startRow=16 endRow=20 bandH=4 rowsPerFrame=4 ms=224
[RenderStep][STOP] reason=update_every_frame_budget phase=enter y=[20,24) rowCursor=20 elapsedMs=556 attempts=0/5000 sub=0/10000 hits=0
[RenderStep][STOP] reason=max_ms_after_pass1 phase=enter y=[24,28) rowCursor=24 elapsedMs=556 attempts=0/5000 sub=0/10000 hits=0
[RenderStep][WARN] progress-guard forced advance reason=end startRow=28 endRow=32 bandH=4 rowsPerFrame=4 ms=265
[RenderStep][STOP] reason=max_ms_after_pass1 phase=enter y=[32,36) rowCursor=32 elapsedMs=581 attempts=0/5000 sub=0/10000 hits=0
[RenderStep][WARN] progress-guard forced advance reason=end startRow=36 endRow=40 bandH=4 rowsPerFrame=4 ms=285
[RenderStep][STOP] reason=max_ms_after_pass1 phase=enter y=[40,44) rowCursor=40 elapsedMs=551 attempts=0/5000 sub=0/10000 hits=0
[RenderStep][WARN] progress-guard forced advance reason=end startRow=44 endRow=48 bandH=4 rowsPerFrame=4 ms=351
[RenderStep][STOP] reason=max_ms_after_pass1 phase=enter y=[48,52) rowCursor=48 elapsedMs=541 attempts=0/5000 sub=0/10000 hits=0
[RenderStep][WARN] progress-guard forced advance reason=end startRow=52 endRow=56 bandH=4 rowsPerFrame=4 ms=365
[RenderStep][STOP] reason=update_every_frame_budget phase=enter y=[56,60) rowCursor=56 elapsedMs=507 attempts=0/5000 sub=0/10000 hits=4
[RenderStep][STOP] reason=max_ms_after_pass1 phase=enter y=[60,64) rowCursor=60 elapsedMs=576 attempts=0/5000 sub=0/10000 hits=0
[RenderStep][WARN] progress-guard forced advance reason=end startRow=64 endRow=68 bandH=4 rowsPerFrame=4 ms=440
[RenderStep][STOP] reason=max_ms_after_pass1 phase=enter y=[68,72) rowCursor=68 elapsedMs=505 attempts=0/5000 sub=0/10000 hits=0
[RenderStep][WARN] progress-guard forced advance reason=end startRow=72 endRow=76 bandH=4 rowsPerFrame=4 ms=399
[RenderStep][STOP] reason=max_ms_after_pass1 phase=enter y=[76,80) rowCursor=76 elapsedMs=527 attempts=0/5000 sub=0/10000 hits=0
[RenderStep][WARN] progress-guard forced advance reason=end startRow=80 endRow=84 bandH=4 rowsPerFrame=4 ms=408
[RenderStep][STOP] reason=max_ms_after_pass1 phase=enter y=[84,88) rowCursor=84 elapsedMs=565 attempts=0/5000 sub=0/10000 hits=0
[RenderStep][WARN] progress-guard forced advance reason=end startRow=88 endRow=92 bandH=4 rowsPerFrame=4 ms=410
[RenderStep][STOP] reason=max_ms_after_pass1 phase=enter y=[92,96) rowCursor=92 elapsedMs=549 attempts=0/5000 sub=0/10000 hits=0
[RenderStep][WARN] progress-guard forced advance reason=end startRow=96 endRow=100 bandH=4 rowsPerFrame=4 ms=416
[RenderStep][STOP] reason=max_ms_after_pass1 phase=enter y=[100,104) rowCursor=100 elapsedMs=548 attempts=0/5000 sub=0/10000 hits=0
[RenderStep][WARN] progress-guard forced advance reason=end startRow=104 endRow=108 bandH=4 rowsPerFrame=4 ms=417
[RenderStep][STOP] reason=max_ms_after_pass1 phase=enter y=[108,112) rowCursor=108 elapsedMs=543 attempts=0/5000 sub=0/10000 hits=0
[RenderStep][WARN] progress-guard forced advance reason=end startRow=112 endRow=116 bandH=4 rowsPerFrame=4 ms=421
[RenderStep][STOP] reason=max_ms_after_pass1 phase=enter y=[116,120) rowCursor=116 elapsedMs=556 attempts=0/5000 sub=0/10000 hits=0
[RenderStep][WARN] progress-guard forced advance reason=end startRow=120 endRow=124 bandH=4 rowsPerFrame=4 ms=443
[RenderStep][STOP] reason=max_ms_after_pass1 phase=enter y=[124,128) rowCursor=124 elapsedMs=523 attempts=0/5000 sub=0/10000 hits=0
[RenderStep][WARN] progress-guard forced advance reason=end startRow=128 endRow=132 bandH=4 rowsPerFrame=4 ms=442
[RenderStep][STOP] reason=max_ms_after_pass1 phase=enter y=[132,136) rowCursor=132 elapsedMs=533 attempts=0/5000 sub=0/10000 hits=0
[RenderStep][WARN] progress-guard forced advance reason=end startRow=136 endRow=140 bandH=4 rowsPerFrame=4 ms=464
[RenderStep][STOP] reason=max_ms_after_pass1 phase=enter y=[140,144) rowCursor=140 elapsedMs=517 attempts=0/5000 sub=0/10000 hits=0
[RenderStep][WARN] progress-guard forced advance reason=end startRow=144 endRow=148 bandH=4 rowsPerFrame=4 ms=470
[RenderStep][STOP] reason=max_ms_after_pass1 phase=enter y=[148,152) rowCursor=148 elapsedMs=572 attempts=0/5000 sub=0/10000 hits=0
[RenderStep][WARN] progress-guard forced advance reason=end startRow=152 endRow=156 bandH=4 rowsPerFrame=4 ms=486
[RenderStep][STOP] reason=update_every_frame_budget phase=enter y=[156,160) rowCursor=156 elapsedMs=508 attempts=0/5000 sub=0/10000 hits=53
[RenderStep][STOP] reason=max_ms_after_pass1 phase=enter y=[160,164) rowCursor=160 elapsedMs=687 attempts=0/5000 sub=0/10000 hits=0
